Log file open, 05/06/17 19:25:59
LogInit:Display: Running engine for game: MRIDataVisual
LogPlatformFile: Not using cached read wrapper
LogInit:Display: RandInit(1849940717) SRandInit(1849940717).
LogTaskGraph: Started task graph with 5 named threads and 8 total threads with 1 sets of task threads.
LogStats: Stats thread started at 0.066317
LogPluginManager: Loaded Plugin Paper2D, From C:/Program Files (x86)/Epic Games/4.14/Engine/Plugins/2D/Paper2D/Paper2D.uplugin
LogPluginManager: Loaded Plugin LightPropagationVolume, From C:/Program Files (x86)/Epic Games/4.14/Engine/Plugins/Blendables/LightPropagationVolume/LightPropagationVolume.uplugin
LogPluginManager: Loaded Plugin BlankPlugin, From C:/Program Files (x86)/Epic Games/4.14/Engine/Plugins/Developer/BlankPlugin/BlankPlugin.uplugin
LogPluginManager: Loaded Plugin CodeLiteSourceCodeAccess, From C:/Program Files (x86)/Epic Games/4.14/Engine/Plugins/Developer/CodeLiteSourceCodeAccess/CodeLiteSourceCodeAccess.uplugin
LogPluginManager: Loaded Plugin GitSourceControl, From C:/Program Files (x86)/Epic Games/4.14/Engine/Plugins/Developer/GitSourceControl/GitSourceControl.uplugin
LogPluginManager: Loaded Plugin KDevelopSourceCodeAccess, From C:/Program Files (x86)/Epic Games/4.14/Engine/Plugins/Developer/KDevelopSourceCodeAccess/KDevelopSourceCodeAccess.uplugin
LogPluginManager: Loaded Plugin NullSourceCodeAccess, From C:/Program Files (x86)/Epic Games/4.14/Engine/Plugins/Developer/NullSourceCodeAccess/NullSourceCodeAccess.uplugin
LogPluginManager: Loaded Plugin OneSkyLocalizationService, From C:/Program Files (x86)/Epic Games/4.14/Engine/Plugins/Developer/OneSkyLocalizationService/OneSkyLocalizationService.uplugin
LogPluginManager: Loaded Plugin PerforceSourceControl, From C:/Program Files (x86)/Epic Games/4.14/Engine/Plugins/Developer/PerforceSourceControl/PerforceSourceControl.uplugin
LogPluginManager: Loaded Plugin SubversionSourceControl, From C:/Program Files (x86)/Epic Games/4.14/Engine/Plugins/Developer/SubversionSourceControl/SubversionSourceControl.uplugin
LogPluginManager: Loaded Plugin UObjectPlugin, From C:/Program Files (x86)/Epic Games/4.14/Engine/Plugins/Developer/UObjectPlugin/UObjectPlugin.uplugin
LogPluginManager: Loaded Plugin VisualStudioSourceCodeAccess, From C:/Program Files (x86)/Epic Games/4.14/Engine/Plugins/Developer/VisualStudioSourceCodeAccess/VisualStudioSourceCodeAccess.uplugin
LogPluginManager: Loaded Plugin XCodeSourceCodeAccess, From C:/Program Files (x86)/Epic Games/4.14/Engine/Plugins/Developer/XCodeSourceCodeAccess/XCodeSourceCodeAccess.uplugin
LogPluginManager: Loaded Plugin AudioCapture, From C:/Program Files (x86)/Epic Games/4.14/Engine/Plugins/Editor/AudioCapture/AudioCapture.uplugin
LogPluginManager: Loaded Plugin EpicSurvey, From C:/Program Files (x86)/Epic Games/4.14/Engine/Plugins/Editor/EpicSurvey/EpicSurvey.uplugin
LogPluginManager: Loaded Plugin MacGraphicsSwitching, From C:/Program Files (x86)/Epic Games/4.14/Engine/Plugins/Editor/MacGraphicsSwitching/MacGraphicsSwitching.uplugin
LogPluginManager: Loaded Plugin MobileLauncherProfileWizard, From C:/Program Files (x86)/Epic Games/4.14/Engine/Plugins/Editor/MobileLauncherProfileWizard/MobileLauncherProfileWizard.uplugin
LogPluginManager: Loaded Plugin PluginBrowser, From C:/Program Files (x86)/Epic Games/4.14/Engine/Plugins/Editor/PluginBrowser/PluginBrowser.uplugin
LogPluginManager: Loaded Plugin SpeedTreeImporter, From C:/Program Files (x86)/Epic Games/4.14/Engine/Plugins/Editor/SpeedTreeImporter/SpeedTreeImporter.uplugin
LogPluginManager: Loaded Plugin SuperSearchEditor, From C:/Program Files (x86)/Epic Games/4.14/Engine/Plugins/Editor/SuperSearchEditor/SuperSearchEditor.uplugin
LogPluginManager: Loaded Plugin AlembicImporter, From C:/Program Files (x86)/Epic Games/4.14/Engine/Plugins/Experimental/AlembicImporter/AlembicImporter.uplugin
LogPluginManager: Loaded Plugin BlueprintStats, From C:/Program Files (x86)/Epic Games/4.14/Engine/Plugins/Experimental/BlueprintStats/BlueprintStats.uplugin
LogPluginManager: Loaded Plugin CharacterAI, From C:/Program Files (x86)/Epic Games/4.14/Engine/Plugins/Experimental/CharacterAI/CharacterAI.uplugin
LogPluginManager: Loaded Plugin CodeEditor, From C:/Program Files (x86)/Epic Games/4.14/Engine/Plugins/Experimental/CodeEditor/CodeEditor.uplugin
LogPluginManager: Loaded Plugin CodeView, From C:/Program Files (x86)/Epic Games/4.14/Engine/Plugins/Experimental/CodeView/CodeView.uplugin
LogPluginManager: Loaded Plugin HTML5Networking, From C:/Program Files (x86)/Epic Games/4.14/Engine/Plugins/Experimental/HTML5Networking/HTML5Networking.uplugin
LogPluginManager: Loaded Plugin OSVR, From C:/Program Files (x86)/Epic Games/4.14/Engine/Plugins/Experimental/OSVR/OSVR.uplugin
LogPluginManager: Loaded Plugin Phya, From C:/Program Files (x86)/Epic Games/4.14/Engine/Plugins/Experimental/Phya/Phya.uplugin
LogPluginManager: Loaded Plugin SignificanceManager, From C:/Program Files (x86)/Epic Games/4.14/Engine/Plugins/Experimental/SignificanceManager/SignificanceManager.uplugin
LogPluginManager: Loaded Plugin SimpleHMD, From C:/Program Files (x86)/Epic Games/4.14/Engine/Plugins/Experimental/SimpleHMD/SimpleHMD.uplugin
LogPluginManager: Loaded Plugin StereoPanorama, From C:/Program Files (x86)/Epic Games/4.14/Engine/Plugins/Experimental/StereoPanorama/StereoPanorama.uplugin
LogPluginManager: Loaded Plugin StructBox, From C:/Program Files (x86)/Epic Games/4.14/Engine/Plugins/Experimental/StructBox/StructBox.uplugin
LogPluginManager: Loaded Plugin AndroidMedia, From C:/Program Files (x86)/Epic Games/4.14/Engine/Plugins/Media/AndroidMedia/AndroidMedia.uplugin
LogPluginManager: Loaded Plugin AvfMedia, From C:/Program Files (x86)/Epic Games/4.14/Engine/Plugins/Media/AvfMedia/AvfMedia.uplugin
LogPluginManager: Loaded Plugin MediaPlayerEditor, From C:/Program Files (x86)/Epic Games/4.14/Engine/Plugins/Media/MediaPlayerEditor/MediaPlayerEditor.uplugin
LogPluginManager: Loaded Plugin WmfMedia, From C:/Program Files (x86)/Epic Games/4.14/Engine/Plugins/Media/WmfMedia/WmfMedia.uplugin
LogPluginManager: Loaded Plugin MessagingDebugger, From C:/Program Files (x86)/Epic Games/4.14/Engine/Plugins/Messaging/MessagingDebugger/MessagingDebugger.uplugin
LogPluginManager: Loaded Plugin TcpMessaging, From C:/Program Files (x86)/Epic Games/4.14/Engine/Plugins/Messaging/TcpMessaging/TcpMessaging.uplugin
LogPluginManager: Loaded Plugin UdpMessaging, From C:/Program Files (x86)/Epic Games/4.14/Engine/Plugins/Messaging/UdpMessaging/UdpMessaging.uplugin
LogPluginManager: Loaded Plugin LevelSequenceEditor, From C:/Program Files (x86)/Epic Games/4.14/Engine/Plugins/MovieScene/LevelSequenceEditor/LevelSequenceEditor.uplugin
LogPluginManager: Loaded Plugin MatineeToLevelSequence, From C:/Program Files (x86)/Epic Games/4.14/Engine/Plugins/MovieScene/MatineeToLevelSequence/MatineeToLevelSequence.uplugin
LogPluginManager: Loaded Plugin NetcodeUnitTest, From C:/Program Files (x86)/Epic Games/4.14/Engine/Plugins/NetcodeUnitTest/NetcodeUnitTest/NetcodeUnitTest.uplugin
LogPluginManager: Loaded Plugin NUTUnrealEngine4, From C:/Program Files (x86)/Epic Games/4.14/Engine/Plugins/NetcodeUnitTest/NUTUnrealEngine4/NUTUnrealEngine4.uplugin
LogPluginManager: Loaded Plugin OnlineSubsystemGameCircle, From C:/Program Files (x86)/Epic Games/4.14/Engine/Plugins/Online/Android/OnlineSubsystemGameCircle/OnlineSubsystemGameCircle.uplugin
LogPluginManager: Loaded Plugin OnlineSubsystemGooglePlay, From C:/Program Files (x86)/Epic Games/4.14/Engine/Plugins/Online/Android/OnlineSubsystemGooglePlay/OnlineSubsystemGooglePlay.uplugin
LogPluginManager: Loaded Plugin OnlineSubsystemIOS, From C:/Program Files (x86)/Epic Games/4.14/Engine/Plugins/Online/IOS/OnlineSubsystemIOS/OnlineSubsystemIOS.uplugin
LogPluginManager: Loaded Plugin OnlineFramework, From C:/Program Files (x86)/Epic Games/4.14/Engine/Plugins/Online/OnlineFramework/OnlineFramework.uplugin
LogPluginManager: Loaded Plugin OnlineSubsystem, From C:/Program Files (x86)/Epic Games/4.14/Engine/Plugins/Online/OnlineSubsystem/OnlineSubsystem.uplugin
LogPluginManager: Loaded Plugin OnlineSubsystemAmazon, From C:/Program Files (x86)/Epic Games/4.14/Engine/Plugins/Online/OnlineSubsystemAmazon/OnlineSubsystemAmazon.uplugin
LogPluginManager: Loaded Plugin OnlineSubsystemFacebook, From C:/Program Files (x86)/Epic Games/4.14/Engine/Plugins/Online/OnlineSubsystemFacebook/OnlineSubsystemFacebook.uplugin
LogPluginManager: Loaded Plugin OnlineSubsystemNull, From C:/Program Files (x86)/Epic Games/4.14/Engine/Plugins/Online/OnlineSubsystemNull/OnlineSubsystemNull.uplugin
LogPluginManager: Loaded Plugin OnlineSubsystemOculus, From C:/Program Files (x86)/Epic Games/4.14/Engine/Plugins/Online/OnlineSubsystemOculus/OnlineSubsystemOculus.uplugin
LogPluginManager: Loaded Plugin OnlineSubsystemSteam, From C:/Program Files (x86)/Epic Games/4.14/Engine/Plugins/Online/OnlineSubsystemSteam/OnlineSubsystemSteam.uplugin
LogPluginManager: Loaded Plugin OnlineSubsystemUtils, From C:/Program Files (x86)/Epic Games/4.14/Engine/Plugins/Online/OnlineSubsystemUtils/OnlineSubsystemUtils.uplugin
LogPluginManager: Loaded Plugin IOSTapJoy, From C:/Program Files (x86)/Epic Games/4.14/Engine/Plugins/Runtime/Advertising/IOSTapJoy/IOSTapJoy.uplugin
LogPluginManager: Loaded Plugin AnalyticsBlueprintLibrary, From C:/Program Files (x86)/Epic Games/4.14/Engine/Plugins/Runtime/Analytics/AnalyticsBlueprintLibrary/AnalyticsBlueprintLibrary.uplugin
LogPluginManager: Loaded Plugin AnalyticsMulticast, From C:/Program Files (x86)/Epic Games/4.14/Engine/Plugins/Runtime/Analytics/AnalyticsMulticast/AnalyticsMulticast.uplugin
LogPluginManager: Loaded Plugin Apsalar, From C:/Program Files (x86)/Epic Games/4.14/Engine/Plugins/Runtime/Analytics/Apsalar/Apsalar.uplugin
LogPluginManager: Loaded Plugin FileLogging, From C:/Program Files (x86)/Epic Games/4.14/Engine/Plugins/Runtime/Analytics/FileLogging/FileLogging.uplugin
LogPluginManager: Loaded Plugin Flurry, From C:/Program Files (x86)/Epic Games/4.14/Engine/Plugins/Runtime/Analytics/Flurry/Flurry.uplugin
LogPluginManager: Loaded Plugin AndroidDeviceProfileSelector, From C:/Program Files (x86)/Epic Games/4.14/Engine/Plugins/Runtime/AndroidDeviceProfileSelector/AndroidDeviceProfileSelector.uplugin
LogPluginManager: Loaded Plugin AndroidMoviePlayer, From C:/Program Files (x86)/Epic Games/4.14/Engine/Plugins/Runtime/AndroidMoviePlayer/AndroidMoviePlayer.uplugin
LogPluginManager: Loaded Plugin AppleMoviePlayer, From C:/Program Files (x86)/Epic Games/4.14/Engine/Plugins/Runtime/AppleMoviePlayer/AppleMoviePlayer.uplugin
LogPluginManager: Loaded Plugin ArchVisCharacter, From C:/Program Files (x86)/Epic Games/4.14/Engine/Plugins/Runtime/ArchVisCharacter/ArchVisCharacter.uplugin
LogPluginManager: Loaded Plugin CableComponent, From C:/Program Files (x86)/Epic Games/4.14/Engine/Plugins/Runtime/CableComponent/CableComponent.uplugin
LogPluginManager: Loaded Plugin CustomMeshComponent, From C:/Program Files (x86)/Epic Games/4.14/Engine/Plugins/Runtime/CustomMeshComponent/CustomMeshComponent.uplugin
LogPluginManager: Loaded Plugin ExampleDeviceProfileSelector, From C:/Program Files (x86)/Epic Games/4.14/Engine/Plugins/Runtime/ExampleDeviceProfileSelector/ExampleDeviceProfileSelector.uplugin
LogPluginManager: Loaded Plugin GearVR, From C:/Program Files (x86)/Epic Games/4.14/Engine/Plugins/Runtime/GearVR/GearVR.uplugin
LogPluginManager: Loaded Plugin GoogleVRController, From C:/Program Files (x86)/Epic Games/4.14/Engine/Plugins/Runtime/GoogleVR/GoogleVRController/GoogleVRController.uplugin
LogPluginManager: Loaded Plugin GoogleVRHMD, From C:/Program Files (x86)/Epic Games/4.14/Engine/Plugins/Runtime/GoogleVR/GoogleVRHMD/GoogleVRHMD.uplugin
LogPluginManager: Loaded Plugin IOSDeviceProfileSelector, From C:/Program Files (x86)/Epic Games/4.14/Engine/Plugins/Runtime/IOSDeviceProfileSelector/IOSDeviceProfileSelector.uplugin
LogPluginManager: Loaded Plugin LeapMotion, From C:/Program Files (x86)/Epic Games/4.14/Engine/Plugins/Runtime/LeapMotion/LeapMotion.uplugin
LogPluginManager: Loaded Plugin LinuxDeviceProfileSelector, From C:/Program Files (x86)/Epic Games/4.14/Engine/Plugins/Runtime/LinuxDeviceProfileSelector/LinuxDeviceProfileSelector.uplugin
LogPluginManager: Loaded Plugin MIDIDevice, From C:/Program Files (x86)/Epic Games/4.14/Engine/Plugins/Runtime/MIDIDevice/MIDIDevice.uplugin
LogPluginManager: Loaded Plugin MobilePatchingUtils, From C:/Program Files (x86)/Epic Games/4.14/Engine/Plugins/Runtime/MobilePatchingUtils/MobilePatchingUtils.uplugin
LogPluginManager: Loaded Plugin Ansel, From C:/Program Files (x86)/Epic Games/4.14/Engine/Plugins/Runtime/Nvidia/Ansel/Ansel.uplugin
LogPluginManager: Loaded Plugin OculusAudio, From C:/Program Files (x86)/Epic Games/4.14/Engine/Plugins/Runtime/OculusAudio/OculusAudio.uplugin
LogPluginManager: Loaded Plugin OculusInput, From C:/Program Files (x86)/Epic Games/4.14/Engine/Plugins/Runtime/OculusInput/OculusInput.uplugin
LogPluginManager: Loaded Plugin OculusLibrary, From C:/Program Files (x86)/Epic Games/4.14/Engine/Plugins/Runtime/OculusLibrary/OculusLibrary.uplugin
LogPluginManager: Loaded Plugin OculusRift, From C:/Program Files (x86)/Epic Games/4.14/Engine/Plugins/Runtime/OculusRift/OculusRift.uplugin
LogPluginManager: Loaded Plugin Oodle, From C:/Program Files (x86)/Epic Games/4.14/Engine/Plugins/Runtime/PacketHandlers/CompressionComponents/Oodle/Oodle.uplugin
LogPluginManager: Loaded Plugin ProceduralMeshComponent, From C:/Program Files (x86)/Epic Games/4.14/Engine/Plugins/Runtime/ProceduralMeshComponent/ProceduralMeshComponent.uplugin
LogPluginManager: Loaded Plugin SoundMod, From C:/Program Files (x86)/Epic Games/4.14/Engine/Plugins/Runtime/SoundMod/SoundMod.uplugin
LogPluginManager: Loaded Plugin SoundVisualizations, From C:/Program Files (x86)/Epic Games/4.14/Engine/Plugins/Runtime/SoundVisualizations/SoundVisualizations.uplugin
LogPluginManager: Loaded Plugin SteamController, From C:/Program Files (x86)/Epic Games/4.14/Engine/Plugins/Runtime/Steam/SteamController/SteamController.uplugin
LogPluginManager: Loaded Plugin SteamVR, From C:/Program Files (x86)/Epic Games/4.14/Engine/Plugins/Runtime/Steam/SteamVR/SteamVR.uplugin
LogPluginManager: Loaded Plugin WebBrowserWidget, From C:/Program Files (x86)/Epic Games/4.14/Engine/Plugins/Runtime/WebBrowserWidget/WebBrowserWidget.uplugin
LogPluginManager: Loaded Plugin WindowsDeviceProfileSelector, From C:/Program Files (x86)/Epic Games/4.14/Engine/Plugins/Runtime/WindowsDeviceProfileSelector/WindowsDeviceProfileSelector.uplugin
LogPluginManager: Loaded Plugin WindowsMoviePlayer, From C:/Program Files (x86)/Epic Games/4.14/Engine/Plugins/Runtime/WindowsMoviePlayer/WindowsMoviePlayer.uplugin
LogPluginManager: Loaded Plugin ScriptPlugin, From C:/Program Files (x86)/Epic Games/4.14/Engine/Plugins/ScriptPlugin/ScriptPlugin.uplugin
LogPluginManager: Loaded Plugin SlateRemote, From C:/Program Files (x86)/Epic Games/4.14/Engine/Plugins/Slate/SlateRemote/SlateRemote.uplugin
LogPluginManager: Loaded Plugin EditorTests, From C:/Program Files (x86)/Epic Games/4.14/Engine/Plugins/Tests/EditorTests/EditorTests.uplugin
LogPluginManager: Loaded Plugin FbxAutomationTestBuilder, From C:/Program Files (x86)/Epic Games/4.14/Engine/Plugins/Tests/FbxAutomationTestBuilder/FbxAutomationTestBuilder.uplugin
LogPluginManager: Loaded Plugin FunctionalTestingEditor, From C:/Program Files (x86)/Epic Games/4.14/Engine/Plugins/Tests/FunctionalTestingEditor/FunctionalTestingEditor.uplugin
LogPluginManager: Loaded Plugin RuntimeTests, From C:/Program Files (x86)/Epic Games/4.14/Engine/Plugins/Tests/RuntimeTests/RuntimeTests.uplugin
LogPluginManager: Loaded Plugin ScreenshotTools, From C:/Program Files (x86)/Epic Games/4.14/Engine/Plugins/Tests/ScreenshotTools/ScreenshotTools.uplugin
LogInit:Warning: Incompatible or missing module: UE4Editor-MRIDataVisual.dll
Running C:/Program Files (x86)/Epic Games/4.14/Engine/Binaries/DotNET/UnrealBuildTool.exe MRIDataVisual Development Win64 -project="C:/Users/Nick Rinaldi/Documents/GitHub/senior-design/MRIDataVisual/MRIDataVisual.uproject" -editorrecompile -progress -noubtmakefiles -NoHotReloadFromIDE
@progress push 5%
Parsing headers for MRIDataVisualEditor
  Running UnrealHeaderTool "C:\Users\Nick Rinaldi\Documents\GitHub\senior-design\MRIDataVisual\MRIDataVisual.uproject" "C:\Users\Nick Rinaldi\Documents\GitHub\senior-design\MRIDataVisual\Intermediate\Build\Win64\MRIDataVisualEditor\Development\MRIDataVisualEditor.uhtmanifest" -LogCmds="loginit warning, logexit warning, logdatabase error" -Unattended -WarningsAsErrors -installed
Reflection code generated for MRIDataVisualEditor in 2.0753176 seconds
@progress pop
Performing 5 actions (4 in parallel)
PCH.MRIDataVisual.h.cpp
MRIDataVisual.generated.cpp
MRIDataVisual.cpp
MRIDataActor.cpp
[5/5] Link UE4Editor-MRIDataVisual.dll
   Creating library C:\Users\Nick Rinaldi\Documents\GitHub\senior-design\MRIDataVisual\Intermediate\Build\Win64\UE4Editor\Development\UE4Editor-MRIDataVisual.lib and object C:\Users\Nick Rinaldi\Documents\GitHub\senior-design\MRIDataVisual\Intermediate\Build\Win64\UE4Editor\Development\UE4Editor-MRIDataVisual.exp
Total build time: 26.53 seconds
LogInit: Using libcurl 7.47.1
LogInit:  - built for x86_64-pc-win32
LogInit:  - supports SSL with OpenSSL/1.0.2g
LogInit:  - supports HTTP deflate (compression) using libz 1.2.8
LogInit:  - other features:
LogInit:      CURL_VERSION_SSL
LogInit:      CURL_VERSION_LIBZ
LogInit:      CURL_VERSION_IPV6
LogInit:      CURL_VERSION_ASYNCHDNS
LogInit:      CURL_VERSION_LARGEFILE
LogInit:      CURL_VERSION_IDN
LogInit:  CurlRequestOptions (configurable via config and command line):
LogInit:  - bVerifyPeer = false  - Libcurl will NOT verify peer certificate
LogInit:  - bUseHttpProxy = false  - Libcurl will NOT use HTTP proxy
LogInit:  - bDontReuseConnections = false  - Libcurl will reuse connections
LogInit:  - CertBundlePath = nullptr  - Libcurl will use whatever was configured at build time.
LogInit: Build: ++UE4+Release-4.14-CL-3249277
LogInit: Engine Version: 4.14.3-3249277+++UE4+Release-4.14
LogInit: Compatible Engine Version: 4.14.0-3195953+++UE4+Release-4.14
LogInit: Net CL: 3195953
LogDevObjectVersion: Number of dev versions registered: 13
LogDevObjectVersion:   Dev-Blueprints (B0D832E4-1F89-4F0D-ACCF-7EB736FD4AA2): 7
LogDevObjectVersion:   Dev-Build (E1C64328-A22C-4D53-A36C-8E866417BD8C): 0
LogDevObjectVersion:   Dev-Core (375EC13C-06E4-48FB-B500-84F0262A717E): 1
LogDevObjectVersion:   Dev-Editor (E4B068ED-F494-42E9-A231-DA0B2E46BB41): 8
LogDevObjectVersion:   Dev-Framework (CFFC743F-43B0-4480-9391-14DF171D2073): 17
LogDevObjectVersion:   Dev-Mobile (B02B49B5-BB20-44E9-A304-32B752E40360): 0
LogDevObjectVersion:   Dev-Networking (A4E4105C-59A1-49B5-A7C5-40C4547EDFEE): 0
LogDevObjectVersion:   Dev-Online (39C831C9-5AE6-47DC-9A44-9C173E1C8E7C): 0
LogDevObjectVersion:   Dev-Physics (78F01B33-EBEA-4F98-B9B4-84EACCB95AA2): 0
LogDevObjectVersion:   Dev-Platform (6631380F-2D4D-43E0-8009-CF276956A95A): 0
LogDevObjectVersion:   Dev-Rendering (12F88B9F-8875-4AFC-A67C-D90C383ABD29): 12
LogDevObjectVersion:   Dev-Sequencer (7B5AE74C-D270-4C10-A958-57980B212A5A): 1
LogDevObjectVersion:   Dev-VR (D7296918-1DD6-4BDD-9DE2-64A83CC13884): 0
LogInit: Compiled (64-bit): Jan  6 2017 10:49:43
LogInit: Compiled with Visual C++: 19.00.23026.00
LogInit: Build Configuration: Development
LogInit: Branch Name: ++UE4+Release-4.14
LogInit: Command line:  
LogInit: Base directory: C:/Program Files (x86)/Epic Games/4.14/Engine/Binaries/Win64/
LogInit: Installed Engine Build: 1
LogInit: Presizing for max 8388607 objects, including 0 objects not considered by GC, pre-allocating 0 bytes for permanent pool.
LogInit: Object subsystem initialized
[2017.05.07-02.26.31:863][  0]LogInit: Selected Device Profile: [Windows]
[2017.05.07-02.26.31:863][  0]LogInit: Applying CVar settings loaded from the selected device profile: [Windows]
[2017.05.07-02.26.31:871][  0]LogInit: Computer: WIN-KL1VMU461IK
[2017.05.07-02.26.31:871][  0]LogInit: User: NickRinaldi
[2017.05.07-02.26.31:871][  0]LogInit: CPU Page size=65536, Cores=4
[2017.05.07-02.26.31:871][  0]LogInit: High frequency timer resolution =3.914065 MHz
[2017.05.07-02.26.31:871][  0]LogMemory: Memory total: Physical=32.0GB (32GB approx)
[2017.05.07-02.26.31:871][  0]LogMemory: Platform Memory Stats for Windows
[2017.05.07-02.26.31:871][  0]LogMemory: Process Physical Memory: 267.22 MB used, 267.22 MB peak
[2017.05.07-02.26.31:872][  0]LogMemory: Process Virtual Memory: 262.83 MB used, 262.83 MB peak
[2017.05.07-02.26.31:872][  0]LogMemory: Physical Memory: 6171.60 MB used,  26556.09 MB free, 32727.69 MB total
[2017.05.07-02.26.31:872][  0]LogMemory: Virtual Memory: 698.55 MB used,  26556.09 MB free, 134217728.00 MB total
[2017.05.07-02.26.31:893][  0]LogTextLocalizationManager: No specific translations for ('en-US') exist, so ('en') translations will be used.
[2017.05.07-02.26.32:312][  0]LogD3D11RHI: D3D11 adapters:
[2017.05.07-02.26.32:334][  0]LogD3D11RHI:    0. 'NVIDIA GeForce GTX 1070' (Feature Level 11_0)
[2017.05.07-02.26.32:334][  0]LogD3D11RHI:       8119/0/16363 MB DedicatedVideo/DedicatedSystem/SharedSystem, Outputs:1, VendorId:0x10de
[2017.05.07-02.26.32:335][  0]LogD3D11RHI:    1. 'Microsoft Basic Render Driver' (Feature Level 11_0)
[2017.05.07-02.26.32:335][  0]LogD3D11RHI:       0/0/16363 MB DedicatedVideo/DedicatedSystem/SharedSystem, Outputs:0, VendorId:0x1414
[2017.05.07-02.26.32:335][  0]LogD3D11RHI: Chosen D3D11 Adapter: 0
[2017.05.07-02.26.32:339][  0]LogD3D11RHI: Creating new Direct3DDevice
[2017.05.07-02.26.32:339][  0]LogD3D11RHI:     GPU DeviceId: 0x1b81 (for the marketing name, search the web for "GPU Device Id")
[2017.05.07-02.26.32:339][  0]LogWindows: EnumDisplayDevices:
[2017.05.07-02.26.32:339][  0]LogWindows:    0. 'NVIDIA GeForce GTX 1070' (P:1 D:1)
[2017.05.07-02.26.32:339][  0]LogWindows:    1. 'NVIDIA GeForce GTX 1070' (P:0 D:0)
[2017.05.07-02.26.32:339][  0]LogWindows:    2. 'NVIDIA GeForce GTX 1070' (P:0 D:0)
[2017.05.07-02.26.32:340][  0]LogWindows:    3. 'NVIDIA GeForce GTX 1070' (P:0 D:0)
[2017.05.07-02.26.32:340][  0]LogWindows: DebugString: FoundDriverCount:4 
[2017.05.07-02.26.32:340][  0]LogD3D11RHI:     Adapter Name: NVIDIA GeForce GTX 1070
[2017.05.07-02.26.32:340][  0]LogD3D11RHI:   Driver Version: 378.92 (internal:21.21.13.7892, unified:378.92)
[2017.05.07-02.26.32:340][  0]LogD3D11RHI:      Driver Date: 3-16-2017
[2017.05.07-02.26.32:340][  0]LogRHI: Texture pool is 1361 MB (70% of 1945 MB)
[2017.05.07-02.26.32:350][  0]LogD3D11RHI: Async texture creation enabled
[2017.05.07-02.26.32:359][  0]LogD3D11RHI: GPU Timing Frequency: 1000.000000 (Debug: 2 1)
[2017.05.07-02.26.32:359][  0]LogShaderCompilers: Guid format shader working directory is -27 characters bigger than the processId version (../../../../../../Users/Nick Rinaldi/Documents/GitHub/senior-design/MRIDataVisual/Intermediate/Shaders/WorkingDirectory/12248/).
[2017.05.07-02.26.32:359][  0]LogShaderCompilers: Cleaned the shader compiler working directory 'C:/Users/Nick Rinaldi/AppData/Local/Temp/1/UnrealShaderWorkingDir/B065A012430F510F2BA2098E70768315/'.
[2017.05.07-02.26.32:359][  0]LogShaderCompilers:Display: Using Local Shader Compiler.
[2017.05.07-02.26.32:974][  0]LogTemp:Display: Loaded TP AllDesktopTargetPlatform
[2017.05.07-02.26.33:012][  0]LogTemp:Display: Loaded TP MacClientTargetPlatform
[2017.05.07-02.26.33:051][  0]LogTemp:Display: Loaded TP MacNoEditorTargetPlatform
[2017.05.07-02.26.33:088][  0]LogTemp:Display: Loaded TP MacServerTargetPlatform
[2017.05.07-02.26.33:125][  0]LogTemp:Display: Loaded TP MacTargetPlatform
[2017.05.07-02.26.33:162][  0]LogTemp:Display: Loaded TP WindowsClientTargetPlatform
[2017.05.07-02.26.33:199][  0]LogTemp:Display: Loaded TP WindowsNoEditorTargetPlatform
[2017.05.07-02.26.33:237][  0]LogTemp:Display: Loaded TP WindowsServerTargetPlatform
[2017.05.07-02.26.33:267][  0]LogTemp:Display: Loaded TP WindowsTargetPlatform
[2017.05.07-02.26.33:303][  0]LogTemp:Display: Loaded TP AndroidTargetPlatform
[2017.05.07-02.26.33:341][  0]LogTemp:Display: Loaded TP Android_ASTCTargetPlatform
[2017.05.07-02.26.33:377][  0]LogTemp:Display: Loaded TP Android_ATCTargetPlatform
[2017.05.07-02.26.33:414][  0]LogTemp:Display: Loaded TP Android_DXTTargetPlatform
[2017.05.07-02.26.33:452][  0]LogTemp:Display: Loaded TP Android_ETC1TargetPlatform
[2017.05.07-02.26.33:487][  0]LogTemp:Display: Loaded TP Android_ETC2TargetPlatform
[2017.05.07-02.26.33:562][  0]LogTemp:Display: Loaded TP Android_MultiTargetPlatform
[2017.05.07-02.26.33:562][  0]LogTemp:Display: Loaded TP Android_PVRTCTargetPlatform
[2017.05.07-02.26.33:586][  0]LogTemp:Display: Loaded TP HTML5TargetPlatform
[2017.05.07-02.26.33:648][  0]LogTemp:Display: Loaded TP IOSTargetPlatform
[2017.05.07-02.26.33:673][  0]LogTemp:Display: Loaded TP TVOSTargetPlatform
[2017.05.07-02.26.33:708][  0]LogTemp:Display: Loaded TP LinuxClientTargetPlatform
[2017.05.07-02.26.33:745][  0]LogTemp:Display: Loaded TP LinuxNoEditorTargetPlatform
[2017.05.07-02.26.33:780][  0]LogTemp:Display: Loaded TP LinuxServerTargetPlatform
[2017.05.07-02.26.33:816][  0]LogTemp:Display: Loaded TP LinuxTargetPlatform
[2017.05.07-02.26.33:816][  0]LogTargetPlatformManager:Display: Building Assets For Windows
[2017.05.07-02.26.34:073][  0]LogDerivedDataCache:Display: Max Cache Size: 512 MB
[2017.05.07-02.26.34:110][  0]LogDerivedDataCache: Loaded boot cache 0.04s 51MB C:/Users/Nick Rinaldi/AppData/Local/UnrealEngine/4.14/DerivedDataCache/Boot.ddc.
[2017.05.07-02.26.34:110][  0]LogDerivedDataCache:Display: Loaded Boot cache: C:/Users/Nick Rinaldi/AppData/Local/UnrealEngine/4.14/DerivedDataCache/Boot.ddc
[2017.05.07-02.26.34:110][  0]LogDerivedDataCache: FDerivedDataBackendGraph:  Pak pak cache file ../../../../../../Users/Nick Rinaldi/Documents/GitHub/senior-design/MRIDataVisual/DerivedDataCache/DDC.ddp not found, will not use a pak cache.
[2017.05.07-02.26.34:110][  0]LogDerivedDataCache: Unable to find inner node Pak for hierarchical cache Hierarchy.
[2017.05.07-02.26.34:110][  0]LogDerivedDataCache: FDerivedDataBackendGraph:  CompressedPak pak cache file ../../../../../../Users/Nick Rinaldi/Documents/GitHub/senior-design/MRIDataVisual/DerivedDataCache/Compressed.ddp not found, will not use a pak cache.
[2017.05.07-02.26.34:110][  0]LogDerivedDataCache: Unable to find inner node CompressedPak for hierarchical cache Hierarchy.
[2017.05.07-02.26.34:123][  0]LogDerivedDataCache:Display: Pak cache opened for reading ../../../Engine/DerivedDataCache/Compressed.ddp.
[2017.05.07-02.26.34:135][  0]LogDerivedDataCache: Using Local data cache path C:/Users/Nick Rinaldi/AppData/Local/UnrealEngine/Common/DerivedDataCache: Writable
[2017.05.07-02.26.34:275][  0]LogInit: Selected Device Profile: [Windows]
[2017.05.07-02.26.34:277][  0]LogContentStreaming: Texture pool size is 0.00 MB
[2017.05.07-02.26.34:418][  0]LogMeshUtilities: Using QuadricMeshReduction for automatic static mesh reduction
[2017.05.07-02.26.34:445][  0]LogSimplygon: Simplygon DLL not present - disabling.
[2017.05.07-02.26.34:475][  0]LogMeshUtilities: Using SimplygonSwarm for distributed automatic mesh merging
[2017.05.07-02.26.34:475][  0]LogMeshUtilities: No automatic skeletal mesh reduction module available
[2017.05.07-02.26.34:475][  0]LogMeshUtilities: No automatic mesh merging module available
[2017.05.07-02.26.34:828][  0]LogNetVersion: GetLocalNetworkVersion: CL: 3195953, ProjectName: mridatavisual, ProjectVersion: , EngineNetworkVersion: 2, GameNetworkVersion: 0, NetworkChecksum: 919422106
[2017.05.07-02.26.34:871][  0]LogAssetRegistry: FAssetRegistry took 0.0211 seconds to start up
[2017.05.07-02.26.34:906][  0]LogPackageLocalizationCache: Processed 3 localized package path(s) for 2 prioritized culture(s) in 0.018538 seconds
[2017.05.07-02.26.34:910][  0]LogUObjectArray: 31946 objects as part of root set at end of initial load.
[2017.05.07-02.26.34:910][  0]LogUObjectAllocator: 6935848 out of 0 bytes used by permanent object pool.
[2017.05.07-02.26.34:910][  0]LogUObjectArray: CloseDisregardForGC: 0/0 objects in disregard for GC pool
[2017.05.07-02.26.34:950][  0]LogInit: WinSock: version 1.1 (2.2), MaxSocks=32767, MaxUdp=65467
[2017.05.07-02.26.35:420][  0]LogSlate: Using Freetype 2.6.0
[2017.05.07-02.26.35:421][  0]LogSlate: SlateFontCache - WITH_FREETYPE: 1, WITH_HARFBUZZ: 1
[2017.05.07-02.26.35:421][  0]LogSlate: SlateFontCache - WITH_FREETYPE: 1, WITH_HARFBUZZ: 1
[2017.05.07-02.26.35:953][  0]LogTcpMessaging: Initializing TcpMessaging bridge
[2017.05.07-02.26.35:983][  0]LogUdpMessaging: Initializing bridge on interface 0.0.0.0:0 to multicast group 230.0.0.1:6666.
[2017.05.07-02.26.36:790][  0]LogMaterial: Uniform references updated for custom material expression Custom.
[2017.05.07-02.26.37:038][  0]SourceControl: Info Source control is disabled
[2017.05.07-02.26.37:060][  0]SourceControl: Info Source control is disabled
[2017.05.07-02.26.37:090][  0]SourceControl: Info Source control is disabled
[2017.05.07-02.26.37:118][  0]SourceControl: Info Source control is disabled
[2017.05.07-02.26.37:899][  0]LogEngine: Initializing Engine...
[2017.05.07-02.26.37:919][  0]LogHMD: SteamVR initialized.  Driver: lighthouse  Display: LHR-B2E1C7C0
[2017.05.07-02.26.38:090][  0]LogAIModule: Creating AISystem for world Untitled
[2017.05.07-02.26.38:100][  0]LogInit: XAudio2 using 'Speakers (2- USB Audio Device)' : 2 channels at 44.1 kHz using 16 bits per sample (channel mask 0x3)
[2017.05.07-02.26.38:107][  0]LogInit: FAudioDevice initialized.
[2017.05.07-02.26.38:126][  0]LogDerivedDataCache: Saved boot cache 0.02s 51MB C:/Users/Nick Rinaldi/AppData/Local/UnrealEngine/4.14/DerivedDataCache/Boot.ddc.
[2017.05.07-02.26.38:133][  0]LogInit: Texture streaming: Enabled
[2017.05.07-02.26.38:251][  0]LogWindowsTextInputMethodSystem:Display: IME system now deactivated.
[2017.05.07-02.26.38:272][  0]LogInit: Transaction tracking system initialized
[2017.05.07-02.26.38:500][  0]BlueprintLog: New page: Editor Load
[2017.05.07-02.26.39:103][  0]LocalizationService: Info Localization service is disabled
[2017.05.07-02.26.39:563][  0]LogConsoleResponse:Display: 
[2017.05.07-02.26.39:669][  0]LogCook:Display: Max memory allowance for cook 16384mb min free memory 0mb
[2017.05.07-02.26.39:669][  0]LogCook:Display: Mobile HDR setting 1
[2017.05.07-02.26.40:021][  0]LogFileCache: Scanning file cache for directory 'C:/Users/Nick Rinaldi/Documents/GitHub/senior-design/MRIDataVisual/Content/' took 0.01s
[2017.05.07-02.26.40:342][  0]SourceControl: Info Source control is disabled
[2017.05.07-02.26.40:342][  0]Cmd: MAP LOAD FILE="../../../../../../Users/Nick Rinaldi/Documents/GitHub/senior-design/MRIDataVisual/Content/VirtualRealityBP/Maps/StartupMap.umap" TEMPLATE=0 SHOWPROGRESS=1 FEATURELEVEL=3
[2017.05.07-02.26.40:343][  0]LightingResults: New page: Lighting Build
[2017.05.07-02.26.40:372][  0]MapCheck: New page: Map Check
[2017.05.07-02.26.40:372][  0]LightingResults: New page: Lighting Build
[2017.05.07-02.26.40:382][  0]LogLinker:Warning: Can't find file '/Game/VirtualRealityBP/Maps/StartupMap_BuiltData'
[2017.05.07-02.26.40:382][  0]LogLinker:Warning: Can't find file for asset '/Game/VirtualRealityBP/Maps/StartupMap_BuiltData' while loading ../../../../../../Users/Nick Rinaldi/Documents/GitHub/senior-design/MRIDataVisual/Content/VirtualRealityBP/Maps/StartupMap.umap.
[2017.05.07-02.26.40:382][  0]LoadErrors:Error: Error /Game/VirtualRealityBP/Maps/StartupMap : Can't find file for asset. /Game/VirtualRealityBP/Maps/StartupMap_BuiltData
[2017.05.07-02.26.40:394][  0]LogLinker:Warning: Can't find file '/Game/VirtualRealityBP/Maps/StartupMap_BuiltData'
[2017.05.07-02.26.40:394][  0]LogLinker:Warning: Can't find file for asset '/Game/VirtualRealityBP/Maps/StartupMap_BuiltData' while loading ../../../../../../Users/Nick Rinaldi/Documents/GitHub/senior-design/MRIDataVisual/Content/VirtualRealityBP/Maps/StartupMap.umap.
[2017.05.07-02.26.40:394][  0]LoadErrors:Error: Error /Game/VirtualRealityBP/Maps/StartupMap : Can't find file for asset. /Game/VirtualRealityBP/Maps/StartupMap_BuiltData
[2017.05.07-02.26.40:403][  0]LogLinker:Warning: Can't find file '/Game/VirtualRealityBP/Maps/StartupMap_BuiltData'
[2017.05.07-02.26.40:404][  0]LoadErrors: Info Failed to load /Game/VirtualRealityBP/Maps/StartupMap_BuiltData.StartupMap_BuiltData Referenced by PersistentLevel
[2017.05.07-02.26.40:404][  0]LogLinker:Warning: Can't find file for asset '/Game/VirtualRealityBP/Maps/StartupMap_BuiltData' while loading NULL.
[2017.05.07-02.26.40:404][  0]LoadErrors: Info Failed to load /Game/VirtualRealityBP/Maps/StartupMap_BuiltData.StartupMap_BuiltData Referenced by PersistentLevel
[2017.05.07-02.26.40:420][  0]LogAIModule: Creating AISystem for world StartupMap
[2017.05.07-02.26.40:424][  0]LogEditorServer: Finished looking for orphan Actors (0.000 secs)
[2017.05.07-02.26.40:425][  0]Cmd: MAP CHECKDEP NOCLEARLOG
[2017.05.07-02.26.40:451][  0]MapCheck: Info Map check complete: 0 Error(s), 0 Warning(s), took 25.862ms to complete.
[2017.05.07-02.26.40:451][  0]LogFileHelpers: Loading map 'StartupMap' took 0.108
[2017.05.07-02.26.40:551][  0]LogCollectionManager: Loaded 0 collections in 0.001409 seconds
[2017.05.07-02.26.40:613][  0]LogFileCache: Scanning file cache for directory 'C:/Users/Nick Rinaldi/Documents/GitHub/senior-design/MRIDataVisual/Saved/Collections/' took 0.01s
[2017.05.07-02.26.40:613][  0]LogFileCache: Scanning file cache for directory 'C:/Users/Nick Rinaldi/Documents/GitHub/senior-design/MRIDataVisual/Content/Developers/NickRinaldi/Collections/' took 0.01s
[2017.05.07-02.26.40:613][  0]LogFileCache: Scanning file cache for directory 'C:/Users/Nick Rinaldi/Documents/GitHub/senior-design/MRIDataVisual/Content/Collections/' took 0.01s
[2017.05.07-02.26.40:613][  0]LogCollectionManager: Rebuilt the GUID cache for 0 collections in 0.000002 seconds
[2017.05.07-02.26.40:620][  0]LogContentBrowser: Native class hierarchy populated in 0.0068 seconds. Added 2191 classes and 430 folders.
[2017.05.07-02.26.40:649][  0]LogStats: UGameplayTagsManager::ConstructGameplayTagTree: Construct from data asset -  0.000 s
[2017.05.07-02.26.40:649][  0]LogStats: UGameplayTagsManager::ConstructGameplayTagTree: GameplayTagTreeChangedEvent.Broadcast -  0.000 s
[2017.05.07-02.26.40:650][  0]LogContentBrowser: Native class hierarchy updated for 'GameplayTags' in 0.0009 seconds. Added 13 classes and 0 folders.
[2017.05.07-02.26.40:690][  0]LogContentBrowser: Native class hierarchy updated for 'WidgetCarousel' in 0.0007 seconds. Added 0 classes and 0 folders.
[2017.05.07-02.26.40:711][  0]LogContentBrowser: Native class hierarchy updated for 'AddContentDialog' in 0.0007 seconds. Added 0 classes and 0 folders.
[2017.05.07-02.26.40:740][  0]LogContentBrowser: Native class hierarchy updated for 'SceneOutliner' in 0.0007 seconds. Added 1 classes and 2 folders.
[2017.05.07-02.26.40:789][  0]LogCrashTracker: Crashtracker disabled due to settings.
[2017.05.07-02.26.40:794][  0]LogUObjectGlobals:Warning: Failed to find object 'Class None.'
[2017.05.07-02.26.40:843][  0]LogContentBrowser: Native class hierarchy updated for 'HierarchicalLODOutliner' in 0.0008 seconds. Added 1 classes and 2 folders.
[2017.05.07-02.26.40:843][  0]LogLoad: (Engine Initialization) Total time: 42.40 seconds
[2017.05.07-02.26.40:843][  0]LogLoad: (Engine Initialization) Total Blueprint compile time: 0.03 seconds
[2017.05.07-02.26.40:843][  0]LogExternalProfiler: No external profilers were discovered.  External profiling features will not be available.
[2017.05.07-02.26.40:852][  0]LogOcInput: OculusInput pre-init called
[2017.05.07-02.26.40:865][  0]LogAssetRegistry: Asset discovery search completed in 6.0154 seconds
[2017.05.07-02.26.40:865][  0]LogCollectionManager: Rebuilt the object cache for 0 collections in 0.000001 seconds (found 0 objects)
[2017.05.07-02.26.40:865][  0]LogCollectionManager: Fixed up redirectors for 0 collections in 0.000011 seconds (updated 0 objects)
[2017.05.07-02.26.40:868][  0]LogContentStreaming: Texture pool size now 1000 MB
[2017.05.07-02.26.41:003][  0]LogRenderer: Reallocating scene render targets to support 1616x644 NumSamples 1 (Frame:2).
[2017.05.07-02.29.09:057][713]LogAIModule: Creating AISystem for world MRIMap
[2017.05.07-02.29.11:459][998]Cmd: MAP LOAD FILE="../../../../../../Users/Nick Rinaldi/Documents/GitHub/senior-design/MRIDataVisual/Content/VirtualRealityBP/Maps/MRIMap.umap" TEMPLATE=0 SHOWPROGRESS=1 FEATURELEVEL=3
[2017.05.07-02.29.11:459][998]LightingResults: New page: Lighting Build
[2017.05.07-02.29.11:459][998]LoadErrors: New page: Loading map: MRIMap.umap
[2017.05.07-02.29.11:460][998]MapCheck: New page: Map Check
[2017.05.07-02.29.11:460][998]LightingResults: New page: Lighting Build
[2017.05.07-02.29.11:499][998]LogEditorServer: Finished looking for orphan Actors (0.000 secs)
[2017.05.07-02.29.11:517][998]Cmd: MAP CHECKDEP NOCLEARLOG
[2017.05.07-02.29.11:544][998]MapCheck: Info Map check complete: 0 Error(s), 0 Warning(s), took 27.637ms to complete.
[2017.05.07-02.29.11:545][998]LogFileHelpers: Loading map 'MRIMap' took 0.087
[2017.05.07-02.29.30:367][506]Running C:/Program Files (x86)/Epic Games/4.14/Engine/Binaries/DotNET/UnrealBuildTool.exe  -projectfiles -project="C:/Users/Nick Rinaldi/Documents/GitHub/senior-design/MRIDataVisual/MRIDataVisual.uproject" -game -rocket -progress
[2017.05.07-02.29.30:569][506]Discovering modules, targets and source code for project...
[2017.05.07-02.32.53:237][433]LogVSAccessor:Warning: Couldn't access Visual Studio
[2017.05.07-02.32.53:240][433]Recompiling MRIDataVisual...
[2017.05.07-02.32.53:241][433]Launching UnrealBuildTool... [C:/Program Files (x86)/Epic Games/4.14/Engine/Binaries/DotNET/UnrealBuildTool.exe MRIDataVisual -ModuleWithSuffix MRIDataVisual 801 Win64 Development -editorrecompile -canskiplink "C:/Users/Nick Rinaldi/Documents/GitHub/senior-design/MRIDataVisual/MRIDataVisual.uproject" ]
[2017.05.07-02.32.53:242][433]Warning: Starting HotReload took  0.0s.
[2017.05.07-02.32.54:776][617]CompilerResultsLog: New page: Compilation - May 6, 2017, 12:32:54 PM
[2017.05.07-02.32.54:776][617]CompilerResultsLog: Info Creating makefile for hot reloading MRIDataVisual (.uproject file is newer)
[2017.05.07-02.32.54:776][617]CompilerResultsLog: Info Compiling game modules for hot reload
[2017.05.07-02.32.54:776][617]CompilerResultsLog: Info Target is up to date
[2017.05.07-02.32.54:776][617]LogMainFrame: MainFrame: Module compiling took 1.539 seconds
[2017.05.07-02.32.54:793][617]LogContentBrowser: Native class hierarchy populated in 0.0074 seconds. Added 2193 classes and 434 folders.
[2017.05.07-02.32.54:793][617]Display: HotReload took  1.6s.
[2017.05.07-02.33.06:841][ 63]LogTemp: Repeting last play command: VR Preview
[2017.05.07-02.33.06:850][ 63]LogBlueprintUserMessages: Early PlayInEditor Detection: Level '/Game/VirtualRealityBP/Maps/MRIMap.MRIMap:PersistentLevel' has LevelScriptBlueprint '/Game/VirtualRealityBP/Maps/MRIMap.MRIMap:PersistentLevel.MRIMap' with GeneratedClass '/Game/VirtualRealityBP/Maps/MRIMap.MRIMap_C' with ClassGeneratedBy '/Game/VirtualRealityBP/Maps/MRIMap.MRIMap:PersistentLevel.MRIMap'
[2017.05.07-02.33.06:850][ 63]LogPlayLevel: PlayLevel: No blueprints needed recompiling
[2017.05.07-02.33.06:850][ 63]PIE: New page: PIE session: MRIMap (May 6, 2017, 12:33:06 PM)
[2017.05.07-02.33.06:850][ 63]LogPlayLevel: Creating play world package: /Game/VirtualRealityBP/Maps/UEDPIE_0_MRIMap
[2017.05.07-02.33.06:853][ 63]LogPlayLevel: PIE: StaticDuplicateObject took: (0.002846s)
[2017.05.07-02.33.06:854][ 63]LogAIModule: Creating AISystem for world MRIMap
[2017.05.07-02.33.06:854][ 63]LogPlayLevel: PIE: World Init took: (0.000467s)
[2017.05.07-02.33.06:854][ 63]LogPlayLevel: PIE: Created PIE world by copying editor world from /Game/VirtualRealityBP/Maps/MRIMap.MRIMap to /Game/VirtualRealityBP/Maps/UEDPIE_0_MRIMap.MRIMap (0.003445s)
[2017.05.07-02.33.06:866][ 63]LogInit: XAudio2 using 'Speakers (2- USB Audio Device)' : 2 channels at 44.1 kHz using 16 bits per sample (channel mask 0x3)
[2017.05.07-02.33.06:872][ 63]LogInit: FAudioDevice initialized.
[2017.05.07-02.33.06:954][ 63]LogUObjectGlobals:Warning: Failed to find object 'Class None.'
[2017.05.07-02.33.06:954][ 63]LogLoad: Game class is 'GameModeBase'
[2017.05.07-02.33.06:955][ 63]LogWorld: Bringing World /Game/VirtualRealityBP/Maps/UEDPIE_0_MRIMap.MRIMap up for play (max tick rate 0) at 2017.05.06-19.33.06
[2017.05.07-02.33.06:955][ 63]LogWorld: Bringing up level for play took: 0.000641
[2017.05.07-02.33.06:987][ 63]LogContentBrowser: Native class hierarchy updated for 'MovieSceneCapture' in 0.0008 seconds. Added 11 classes and 0 folders.
[2017.05.07-02.33.06:994][ 63]PIE: Info Play in editor start time for /Game/VirtualRealityBP/Maps/UEDPIE_0_MRIMap 1.01
[2017.05.07-02.33.06:994][ 63]LogBlueprintUserMessages: Late PlayInEditor Detection: Level '/Game/VirtualRealityBP/Maps/MRIMap.MRIMap:PersistentLevel' has LevelScriptBlueprint '/Game/VirtualRealityBP/Maps/MRIMap.MRIMap:PersistentLevel.MRIMap' with GeneratedClass '/Game/VirtualRealityBP/Maps/MRIMap.MRIMap_C' with ClassGeneratedBy '/Game/VirtualRealityBP/Maps/MRIMap.MRIMap:PersistentLevel.MRIMap'
[2017.05.07-02.33.07:035][ 64]LogRenderer: Reallocating scene render targets to support 3024x1680 NumSamples 1 (Frame:21068).
[2017.05.07-02.33.42:906][214]LogBlueprintUserMessages: Early EndPlayMap Detection: Level '/Game/VirtualRealityBP/Maps/MRIMap.MRIMap:PersistentLevel' has LevelScriptBlueprint '/Game/VirtualRealityBP/Maps/MRIMap.MRIMap:PersistentLevel.MRIMap' with GeneratedClass '/Game/VirtualRealityBP/Maps/MRIMap.MRIMap_C' with ClassGeneratedBy '/Game/VirtualRealityBP/Maps/MRIMap.MRIMap:PersistentLevel.MRIMap'
[2017.05.07-02.33.42:942][214]LogBlueprintUserMessages: Late EndPlayMap Detection: Level '/Game/VirtualRealityBP/Maps/MRIMap.MRIMap:PersistentLevel' has LevelScriptBlueprint '/Game/VirtualRealityBP/Maps/MRIMap.MRIMap:PersistentLevel.MRIMap' with GeneratedClass '/Game/VirtualRealityBP/Maps/MRIMap.MRIMap_C' with ClassGeneratedBy '/Game/VirtualRealityBP/Maps/MRIMap.MRIMap:PersistentLevel.MRIMap'
[2017.05.07-02.54.49:327][  1]LogBlueprintSupport:Warning: Editor config [EditoronlyBP] settings are DEPRECATED. You're not explicitly setting any, but they've been defaulting to off. If you are relying on this functionality, then please fix it up so your Blueprints don't break in a future release.
[2017.05.07-02.54.49:333][  1]LogSavePackage: Save=5.67ms
[2017.05.07-02.54.49:333][  1]LogSavePackage: Moving '../../../../../../Users/Nick Rinaldi/Documents/GitHub/senior-design/MRIDataVisual/Saved/Menu0E9ACDEB491D828BFE6017A1966BD47A.tmp' to '../../../../../../Users/Nick Rinaldi/Documents/GitHub/senior-design/MRIDataVisual/Content/VirtualRealityBP/Blueprints/Menu.uasset'
[2017.05.07-02.54.49:335][  1]LogSavePackage:Display: Finished SavePackage ../../../../../../Users/Nick Rinaldi/Documents/GitHub/senior-design/MRIDataVisual/Content/VirtualRealityBP/Blueprints/Menu.uasset
[2017.05.07-02.54.52:447][335]LogContentBrowser: Native class hierarchy updated for 'BlueprintGraph' in 0.0011 seconds. Added 111 classes and 0 folders.
[2017.05.07-02.58.09:853][932]LogSavePackage: Save=5.17ms
[2017.05.07-02.58.09:853][932]LogSavePackage: Moving '../../../../../../Users/Nick Rinaldi/Documents/GitHub/senior-design/MRIDataVisual/Saved/Menu9A0EC74B456C1B4A6FF706B724EB169D.tmp' to '../../../../../../Users/Nick Rinaldi/Documents/GitHub/senior-design/MRIDataVisual/Content/VirtualRealityBP/Blueprints/Menu.uasset'
[2017.05.07-02.58.09:854][932]LogSavePackage:Display: Finished SavePackage ../../../../../../Users/Nick Rinaldi/Documents/GitHub/senior-design/MRIDataVisual/Content/VirtualRealityBP/Blueprints/Menu.uasset
[2017.05.07-02.58.10:061][933]Cmd: QUIT_EDITOR
[2017.05.07-02.58.10:134][933]LogWindowsTextInputMethodSystem:Display: IME system now deactivated.
[2017.05.07-02.58.10:152][933]LogExit: Preparing to exit.
[2017.05.07-02.58.10:671][933]LogDirectoryWatcher: A directory notification for 'C:/Users/Nick Rinaldi/Documents/GitHub/senior-design/MRIDataVisual/Content/' was aborted.
[2017.05.07-02.58.10:694][933]LogExit: Editor shut down
[2017.05.07-02.58.10:694][933]LogExit: Transaction tracking system shut down
[2017.05.07-02.58.10:771][933]LogObj: Freed 0b from 0 cluster array pools.
[2017.05.07-02.58.10:771][933]LogExit: Object subsystem successfully closed.
[2017.05.07-02.58.10:779][933]LogD3D11RHI: Shutdown
[2017.05.07-02.58.10:779][933]LogD3D11RHI: CleanupD3DDevice
[2017.05.07-02.58.10:780][933]LogD3D11RHI: ~FD3D11DynamicRHI
[2017.05.07-02.58.10:791][933]LogHttp:Display: Http module shutting down, but needs to wait on 1 outstanding Http requests:
[2017.05.07-02.58.10:791][933]LogHttp:Display: 	verb=[POST] url=[https://datarouter.ol.epicgames.com/datarouter/api/v1/public/data?SessionID=%7B7CBDC1F8-462A-2689-01D7-E9BC610578A0%7D&AppID=UEEditor.Rocket.Release&AppVersion=4.14.3-3249277%2B%2B%2BUE4%2BRelease-4.14&UserID=11f80d614057dcc1fb0d7292a43ca22b%7C0a34f74345724195b9ac8b33fa1ec343%7Cc13d99e5-a762-4e10-a5b8-7d0efbe4d6d2&AppEnvironment=datacollector-binary&UploadType=eteventstream] status=Processing
[2017.05.07-02.58.10:804][933]LogModuleManager: Shutting down and abandoning module SequencerWidgets (246)
[2017.05.07-02.58.10:804][933]LogModuleManager: Shutting down and abandoning module BlueprintGraph (245)
[2017.05.07-02.58.10:804][933]LogModuleManager: Shutting down and abandoning module BlueprintProfiler (244)
[2017.05.07-02.58.10:805][933]LogModuleManager: Shutting down and abandoning module MovieSceneCapture (243)
[2017.05.07-02.58.10:805][933]LogModuleManager: Shutting down and abandoning module HierarchicalLODOutliner (242)
[2017.05.07-02.58.10:805][933]LogModuleManager: Shutting down and abandoning module CrashTracker (241)
[2017.05.07-02.58.10:805][933]LogModuleManager: Shutting down and abandoning module SceneOutliner (240)
[2017.05.07-02.58.10:805][933]LogModuleManager: Shutting down and abandoning module WidgetCarousel (239)
[2017.05.07-02.58.10:805][933]LogModuleManager: Shutting down and abandoning module AddContentDialog (238)
[2017.05.07-02.58.10:805][933]LogDirectoryWatcher: A directory notification for 'C:/Program Files (x86)/Epic Games/4.14/FeaturePacks/' was aborted.
[2017.05.07-02.58.10:812][933]LogModuleManager: Shutting down and abandoning module GameplayTags (237)
[2017.05.07-02.58.10:812][933]LogModuleManager: Shutting down and abandoning module EditorWidgets (236)
[2017.05.07-02.58.10:812][933]LogModuleManager: Shutting down and abandoning module CollectionManager (235)
[2017.05.07-02.58.10:812][933]LogDirectoryWatcher: A directory notification for 'C:/Users/Nick Rinaldi/Documents/GitHub/senior-design/MRIDataVisual/Content/Collections/' was aborted.
[2017.05.07-02.58.10:813][933]LogDirectoryWatcher: A directory notification for 'C:/Users/Nick Rinaldi/Documents/GitHub/senior-design/MRIDataVisual/Content/Developers/NickRinaldi/Collections/' was aborted.
[2017.05.07-02.58.10:813][933]LogDirectoryWatcher: A directory notification for 'C:/Users/Nick Rinaldi/Documents/GitHub/senior-design/MRIDataVisual/Saved/Collections/' was aborted.
[2017.05.07-02.58.10:813][933]LogModuleManager: Shutting down and abandoning module StatsViewer (234)
[2017.05.07-02.58.10:813][933]LogModuleManager: Shutting down and abandoning module FoliageEdit (233)
[2017.05.07-02.58.10:813][933]LogModuleManager: Shutting down and abandoning module LandscapeEditor (232)
[2017.05.07-02.58.10:813][933]LogModuleManager: Shutting down and abandoning module SceneDepthPickerMode (231)
[2017.05.07-02.58.10:813][933]LogModuleManager: Shutting down and abandoning module ActorPickerMode (230)
[2017.05.07-02.58.10:813][933]LogModuleManager: Shutting down and abandoning module GeometryMode (229)
[2017.05.07-02.58.10:813][933]LogModuleManager: Shutting down and abandoning module TextureAlignMode (228)
[2017.05.07-02.58.10:813][933]LogModuleManager: Shutting down and abandoning module BspMode (227)
[2017.05.07-02.58.10:813][933]LogModuleManager: Shutting down and abandoning module HardwareSurvey (226)
[2017.05.07-02.58.10:813][933]LogModuleManager: Shutting down and abandoning module SequenceRecorderSections (225)
[2017.05.07-02.58.10:813][933]LogModuleManager: Shutting down and abandoning module AutomationWorker (224)
[2017.05.07-02.58.10:813][933]LogModuleManager: Shutting down and abandoning module MatineeToLevelSequence (223)
[2017.05.07-02.58.10:813][933]LogModuleManager: Shutting down and abandoning module PlacementMode (222)
[2017.05.07-02.58.10:813][933]LogModuleManager: Shutting down and abandoning module LevelSequenceEditor (221)
[2017.05.07-02.58.10:813][933]LogModuleManager: Shutting down and abandoning module WmfMediaFactory (220)
[2017.05.07-02.58.10:813][933]LogModuleManager: Shutting down and abandoning module WmfMediaEditor (219)
[2017.05.07-02.58.10:813][933]LogModuleManager: Shutting down and abandoning module AvfMediaFactory (218)
[2017.05.07-02.58.10:813][933]LogModuleManager: Shutting down and abandoning module AvfMediaEditor (217)
[2017.05.07-02.58.10:813][933]LogModuleManager: Shutting down and abandoning module Media (216)
[2017.05.07-02.58.10:813][933]LogModuleManager: Shutting down and abandoning module AndroidMediaFactory (215)
[2017.05.07-02.58.10:813][933]LogModuleManager: Shutting down and abandoning module AndroidMediaEditor (214)
[2017.05.07-02.58.10:813][933]LogModuleManager: Shutting down and abandoning module CharacterAI (213)
[2017.05.07-02.58.10:813][933]LogModuleManager: Shutting down and abandoning module SequenceRecorder (212)
[2017.05.07-02.58.10:813][933]LogModuleManager: Shutting down and abandoning module AudioCapture (211)
[2017.05.07-02.58.10:813][933]LogModuleManager: Shutting down and abandoning module SmartSnapping (210)
[2017.05.07-02.58.10:813][933]LogModuleManager: Shutting down and abandoning module SessionServices (209)
[2017.05.07-02.58.10:813][933]LogModuleManager: Shutting down and abandoning module ViewportSnapping (208)
[2017.05.07-02.58.10:813][933]LogModuleManager: Shutting down and abandoning module ViewportInteraction (207)
[2017.05.07-02.58.10:813][933]LogModuleManager: Shutting down and abandoning module LogVisualizer (206)
[2017.05.07-02.58.10:813][933]LogModuleManager: Shutting down and abandoning module GameProjectGeneration (205)
[2017.05.07-02.58.10:813][933]LogModuleManager: Shutting down and abandoning module IntroTutorials (204)
[2017.05.07-02.58.10:814][933]LogModuleManager: Shutting down and abandoning module EditorLiveStreaming (203)
[2017.05.07-02.58.10:814][933]LogModuleManager: Shutting down and abandoning module IOSPlatformEditor (202)
[2017.05.07-02.58.10:814][933]LogModuleManager: Shutting down and abandoning module HTML5PlatformEditor (201)
[2017.05.07-02.58.10:814][933]LogModuleManager: Shutting down and abandoning module AndroidDeviceDetection (200)
[2017.05.07-02.58.10:993][933]LogModuleManager: Shutting down and abandoning module AndroidPlatformEditor (199)
[2017.05.07-02.58.10:994][933]LogModuleManager: Shutting down and abandoning module IOSRuntimeSettings (198)
[2017.05.07-02.58.10:994][933]LogModuleManager: Shutting down and abandoning module AndroidRuntimeSettings (197)
[2017.05.07-02.58.10:994][933]LogModuleManager: Shutting down and abandoning module InputBindingEditor (196)
[2017.05.07-02.58.10:994][933]LogModuleManager: Shutting down and abandoning module NiagaraEditor (195)
[2017.05.07-02.58.10:994][933]LogModuleManager: Shutting down and abandoning module MergeActors (194)
[2017.05.07-02.58.10:994][933]LogModuleManager: Shutting down and abandoning module SizeMap (193)
[2017.05.07-02.58.10:994][933]LogModuleManager: Shutting down and abandoning module TreeMap (192)
[2017.05.07-02.58.10:994][933]LogModuleManager: Shutting down and abandoning module ReferenceViewer (191)
[2017.05.07-02.58.10:994][933]LogModuleManager: Shutting down and abandoning module LocalizationService (190)
[2017.05.07-02.58.10:994][933]LogModuleManager: Shutting down and abandoning module LocalizationDashboard (189)
[2017.05.07-02.58.10:994][933]LogModuleManager: Shutting down and abandoning module HardwareTargeting (188)
[2017.05.07-02.58.10:994][933]LogModuleManager: Shutting down and abandoning module DeviceProfileEditor (187)
[2017.05.07-02.58.10:994][933]LogModuleManager: Shutting down and abandoning module UndoHistory (186)
[2017.05.07-02.58.10:994][933]LogModuleManager: Shutting down and abandoning module UserFeedback (185)
[2017.05.07-02.58.10:994][933]LogModuleManager: Shutting down and abandoning module XmlParser (184)
[2017.05.07-02.58.10:994][933]LogModuleManager: Shutting down and abandoning module Blutility (183)
[2017.05.07-02.58.10:994][933]LogModuleManager: Shutting down and abandoning module ProjectTargetPlatformEditor (182)
[2017.05.07-02.58.10:994][933]LogModuleManager: Shutting down and abandoning module ProjectSettingsViewer (181)
[2017.05.07-02.58.10:994][933]LogModuleManager: Shutting down and abandoning module EditorSettingsViewer (180)
[2017.05.07-02.58.10:994][933]LogModuleManager: Shutting down and abandoning module SettingsEditor (179)
[2017.05.07-02.58.10:994][933]LogModuleManager: Shutting down and abandoning module ProjectLauncher (178)
[2017.05.07-02.58.10:994][933]LogModuleManager: Shutting down and abandoning module SessionFrontend (177)
[2017.05.07-02.58.10:994][933]LogModuleManager: Shutting down and abandoning module ProfilerClient (176)
[2017.05.07-02.58.10:994][933]LogModuleManager: Shutting down and abandoning module TargetDeviceServices (175)
[2017.05.07-02.58.10:994][933]LogModuleManager: Shutting down and abandoning module DeviceManager (174)
[2017.05.07-02.58.11:035][933]LogModuleManager: Shutting down and abandoning module AutomationController (173)
[2017.05.07-02.58.11:035][933]LogModuleManager: Shutting down and abandoning module AutomationWindow (172)
[2017.05.07-02.58.11:035][933]LogModuleManager: Shutting down and abandoning module Layers (171)
[2017.05.07-02.58.11:035][933]LogModuleManager: Shutting down and abandoning module ComponentVisualizers (170)
[2017.05.07-02.58.11:035][933]LogModuleManager: Shutting down and abandoning module DetailCustomizations (169)
[2017.05.07-02.58.11:035][933]LogModuleManager: Shutting down and abandoning module PackagesDialog (168)
[2017.05.07-02.58.11:035][933]LogModuleManager: Shutting down and abandoning module AnimGraph (167)
[2017.05.07-02.58.11:035][933]LogModuleManager: Shutting down and abandoning module Persona (166)
[2017.05.07-02.58.11:035][933]LogModuleManager: Shutting down and abandoning module Kismet (165)
[2017.05.07-02.58.11:039][933]LogModuleManager: Shutting down and abandoning module GraphEditor (164)
[2017.05.07-02.58.11:039][933]LogModuleManager: Shutting down and abandoning module ClassViewer (163)
[2017.05.07-02.58.11:040][933]LogModuleManager: Shutting down and abandoning module Toolbox (162)
[2017.05.07-02.58.11:040][933]LogModuleManager: Shutting down and abandoning module ModuleUI (161)
[2017.05.07-02.58.11:040][933]LogModuleManager: Shutting down and abandoning module MovieSceneTools (160)
[2017.05.07-02.58.11:040][933]LogModuleManager: Shutting down and abandoning module OutputLog (159)
[2017.05.07-02.58.11:040][933]LogModuleManager: Shutting down and abandoning module GammaUI (158)
[2017.05.07-02.58.11:040][933]LogModuleManager: Shutting down and abandoning module Documentation (157)
[2017.05.07-02.58.11:040][933]LogModuleManager: Shutting down and abandoning module Niagara (156)
[2017.05.07-02.58.11:040][933]LogModuleManager: Shutting down and abandoning module StreamingPauseRendering (155)
[2017.05.07-02.58.11:040][933]LogModuleManager: Shutting down and abandoning module AnalyticsET (154)
[2017.05.07-02.58.11:040][933]LogModuleManager: Shutting down and abandoning module PortalServices (153)
[2017.05.07-02.58.11:040][933]LogModuleManager: Shutting down and abandoning module PortalRpc (152)
[2017.05.07-02.58.11:040][933]LogModuleManager: Shutting down and abandoning module MessagingRpc (151)
[2017.05.07-02.58.11:040][933]LogModuleManager: Shutting down and abandoning module GameplayDebugger (150)
[2017.05.07-02.58.11:040][933]LogModuleManager: Shutting down and abandoning module AITestSuite (149)
[2017.05.07-02.58.11:040][933]LogModuleManager: Shutting down and abandoning module AIModule (148)
[2017.05.07-02.58.11:040][933]LogModuleManager: Shutting down and abandoning module ProfilerService (147)
[2017.05.07-02.58.11:252][933]LogModuleManager: Shutting down and abandoning module TaskGraph (146)
[2017.05.07-02.58.11:252][933]LogModuleManager: Shutting down and abandoning module SlateRemote (145)
[2017.05.07-02.58.11:252][933]LogModuleManager: Shutting down and abandoning module SteamVRController (144)
[2017.05.07-02.58.11:252][933]LogModuleManager: Shutting down and abandoning module SteamVR (143)
[2017.05.07-02.58.11:252][933]LogModuleManager: Shutting down and abandoning module ProceduralMeshComponentEditor (142)
[2017.05.07-02.58.11:252][933]LogModuleManager: Shutting down and abandoning module ProceduralMeshComponent (141)
[2017.05.07-02.58.11:252][933]LogModuleManager: Shutting down and abandoning module OculusLibrary (140)
[2017.05.07-02.58.11:252][933]LogModuleManager: Shutting down and abandoning module OculusInput (139)
[2017.05.07-02.58.11:252][933]LogModuleManager: Shutting down and abandoning module MobilePatchingUtils (138)
[2017.05.07-02.58.11:252][933]LogModuleManager: Shutting down and abandoning module CustomMeshComponent (137)
[2017.05.07-02.58.11:252][933]LogModuleManager: Shutting down and abandoning module CableComponent (136)
[2017.05.07-02.58.11:252][933]LogModuleManager: Shutting down and abandoning module ArchVisCharacter (135)
[2017.05.07-02.58.11:252][933]LogModuleManager: Shutting down and abandoning module MediaPlayerEditor (133)
[2017.05.07-02.58.11:252][933]LogModuleManager: Shutting down and abandoning module HTML5Networking (132)
[2017.05.07-02.58.11:252][933]LogModuleManager: Shutting down and abandoning module GeometryCacheEd (131)
[2017.05.07-02.58.11:252][933]LogModuleManager: Shutting down and abandoning module GeometryCache (130)
[2017.05.07-02.58.11:252][933]LogModuleManager: Shutting down and abandoning module AlembicLibrary (129)
[2017.05.07-02.58.11:252][933]LogModuleManager: Shutting down and abandoning module AlembicImporter (128)
[2017.05.07-02.58.11:252][933]LogModuleManager: Shutting down and abandoning module SuperSearch (127)
[2017.05.07-02.58.11:252][933]LogModuleManager: Shutting down and abandoning module SuperSearchEditor (126)
[2017.05.07-02.58.11:252][933]LogModuleManager: Shutting down and abandoning module SpeedTreeImporter (125)
[2017.05.07-02.58.11:252][933]LogModuleManager: Shutting down and abandoning module PluginBrowser (124)
[2017.05.07-02.58.11:252][933]LogModuleManager: Shutting down and abandoning module MobileLauncherProfileWizard (123)
[2017.05.07-02.58.11:252][933]LogModuleManager: Shutting down and abandoning module EpicSurvey (122)
[2017.05.07-02.58.11:252][933]LogModuleManager: Shutting down and abandoning module VisualStudioSourceCodeAccess (121)
[2017.05.07-02.58.11:252][933]LogModuleManager: Shutting down and abandoning module UObjectPlugin (120)
[2017.05.07-02.58.11:252][933]LogModuleManager: Shutting down and abandoning module SubversionSourceControl (119)
[2017.05.07-02.58.11:252][933]LogModuleManager: Shutting down and abandoning module PerforceSourceControl (118)
[2017.05.07-02.58.11:252][933]LogModuleManager: Shutting down and abandoning module SourceControl (117)
[2017.05.07-02.58.11:252][933]LogModuleManager: Shutting down and abandoning module GitSourceControl (116)
[2017.05.07-02.58.11:252][933]LogModuleManager: Shutting down and abandoning module LightPropagationVolumeEditor (115)
[2017.05.07-02.58.11:252][933]LogModuleManager: Shutting down and abandoning module PaperTiledImporter (114)
[2017.05.07-02.58.11:252][933]LogModuleManager: Shutting down and abandoning module PaperSpriteSheetImporter (113)
[2017.05.07-02.58.11:252][933]LogModuleManager: Shutting down and abandoning module MeshPaint (112)
[2017.05.07-02.58.11:252][933]LogModuleManager: Shutting down and abandoning module PixelInspectorModule (111)
[2017.05.07-02.58.11:252][933]LogModuleManager: Shutting down and abandoning module HotReload (110)
[2017.05.07-02.58.11:253][933]LogDirectoryWatcher: A directory notification for 'C:/Users/Nick Rinaldi/Documents/GitHub/senior-design/MRIDataVisual/Binaries/Win64' was aborted.
[2017.05.07-02.58.11:253][933]LogModuleManager: Shutting down and abandoning module MainFrame (109)
[2017.05.07-02.58.11:253][933]LogModuleManager: Shutting down and abandoning module LevelEditor (108)
[2017.05.07-02.58.11:253][933]LogModuleManager: Shutting down and abandoning module ContentBrowser (107)
[2017.05.07-02.58.11:254][933]LogModuleManager: Shutting down and abandoning module Paper2DEditor (106)
[2017.05.07-02.58.11:254][933]LogModuleManager: Shutting down and abandoning module MRIDataVisual (105)
[2017.05.07-02.58.11:254][933]LogModuleManager: Shutting down and abandoning module UdpMessaging (104)
[2017.05.07-02.58.11:354][933]LogModuleManager: Shutting down and abandoning module TcpMessaging (103)
[2017.05.07-02.58.11:455][933]LogModuleManager: Shutting down and abandoning module LightPropagationVolumeRuntime (102)
[2017.05.07-02.58.11:455][933]LogModuleManager: Shutting down and abandoning module Paper2D (101)
[2017.05.07-02.58.11:455][933]LogModuleManager: Shutting down and abandoning module WindowsMoviePlayer (100)
[2017.05.07-02.58.11:455][933]LogModuleManager: Shutting down and abandoning module WmfMedia (99)
[2017.05.07-02.58.11:455][933]LogModuleManager: Shutting down and abandoning module MediaAssets (98)
[2017.05.07-02.58.11:455][933]LogModuleManager: Shutting down and abandoning module GameLiveStreaming (97)
[2017.05.07-02.58.11:455][933]LogModuleManager: Shutting down and abandoning module GameplayTagsEditor (96)
[2017.05.07-02.58.11:455][933]LogModuleManager: Shutting down and abandoning module VREditor (95)
[2017.05.07-02.58.11:455][933]LogModuleManager: Shutting down and abandoning module GameplayTasksEditor (94)
[2017.05.07-02.58.11:455][933]LogModuleManager: Shutting down and abandoning module BehaviorTreeEditor (93)
[2017.05.07-02.58.11:455][933]LogModuleManager: Shutting down and abandoning module FunctionalTesting (92)
[2017.05.07-02.58.11:455][933]LogModuleManager: Shutting down and abandoning module CollisionAnalyzer (91)
[2017.05.07-02.58.11:455][933]LogModuleManager: Shutting down and abandoning module Sequencer (90)
[2017.05.07-02.58.11:455][933]LogModuleManager: Shutting down and abandoning module WorkspaceMenuStructure (89)
[2017.05.07-02.58.11:455][933]LogModuleManager: Shutting down and abandoning module MessageLog (88)
[2017.05.07-02.58.11:455][933]LogModuleManager: Shutting down and abandoning module AssetTools (87)
[2017.05.07-02.58.11:456][933]LogModuleManager: Shutting down and abandoning module UMGEditor (86)
[2017.05.07-02.58.11:456][933]LogModuleManager: Shutting down and abandoning module UMG (85)
[2017.05.07-02.58.11:456][933]LogModuleManager: Shutting down and abandoning module SlateReflector (84)
[2017.05.07-02.58.11:456][933]LogModuleManager: Shutting down and abandoning module Slate (83)
[2017.05.07-02.58.11:456][933]LogModuleManager: Shutting down and abandoning module EditorStyle (82)
[2017.05.07-02.58.11:457][933]LogModuleManager: Shutting down and abandoning module SourceCodeAccess (81)
[2017.05.07-02.58.11:457][933]LogModuleManager: Shutting down and abandoning module HeadMountedDisplay (80)
[2017.05.07-02.58.11:457][933]LogModuleManager: Shutting down and abandoning module XAudio2 (79)
[2017.05.07-02.58.11:457][933]LogModuleManager: Shutting down and abandoning module Networking (77)
[2017.05.07-02.58.11:457][933]LogModuleManager: Shutting down and abandoning module Core (76)
[2017.05.07-02.58.11:457][933]LogModuleManager: Shutting down and abandoning module DirectoryWatcher (75)
[2017.05.07-02.58.11:457][933]LogDirectoryWatcher: A directory notification for '../../../Engine/Content/' was aborted.
[2017.05.07-02.58.11:457][933]LogDirectoryWatcher: A directory notification for '../../../../../../Users/Nick Rinaldi/Documents/GitHub/senior-design/MRIDataVisual/Content/' was aborted.
[2017.05.07-02.58.11:457][933]LogDirectoryWatcher: A directory notification for '../../../Engine/Plugins/2D/Paper2D/Content/' was aborted.
[2017.05.07-02.58.11:458][933]LogModuleManager: Shutting down and abandoning module AssetRegistry (74)
[2017.05.07-02.58.11:568][933]LogModuleManager: Shutting down and abandoning module KismetCompiler (73)
[2017.05.07-02.58.11:568][933]LogModuleManager: Shutting down and abandoning module PhysXFormats (72)
[2017.05.07-02.58.11:568][933]LogModuleManager: Shutting down and abandoning module SimplygonSwarm (71)
[2017.05.07-02.58.11:568][933]LogModuleManager: Shutting down and abandoning module SimplygonMeshReduction (70)
[2017.05.07-02.58.11:568][933]LogModuleManager: Shutting down and abandoning module QuadricMeshReduction (69)
[2017.05.07-02.58.11:568][933]LogModuleManager: Shutting down and abandoning module PropertyEditor (68)
[2017.05.07-02.58.11:568][933]LogModuleManager: Shutting down and abandoning module MeshUtilities (67)
[2017.05.07-02.58.11:569][933]LogModuleManager: Shutting down and abandoning module DerivedDataCache (66)
[2017.05.07-02.58.11:607][933]LogDerivedDataCache: Shutdown
[2017.05.07-02.58.11:607][933]LogModuleManager: Shutting down and abandoning module VulkanShaderFormat (65)
[2017.05.07-02.58.11:607][933]LogModuleManager: Shutting down and abandoning module ShaderFormatOpenGL (64)
[2017.05.07-02.58.11:607][933]LogModuleManager: Shutting down and abandoning module ShaderFormatD3D (63)
[2017.05.07-02.58.11:607][933]LogModuleManager: Shutting down and abandoning module MetalShaderFormat (62)
[2017.05.07-02.58.11:607][933]LogModuleManager: Shutting down and abandoning module TextureFormatUncompressed (61)
[2017.05.07-02.58.11:607][933]LogModuleManager: Shutting down and abandoning module TextureFormatPVR (60)
[2017.05.07-02.58.11:607][933]LogModuleManager: Shutting down and abandoning module TextureFormatDXT (59)
[2017.05.07-02.58.11:607][933]LogModuleManager: Shutting down and abandoning module TextureFormatIntelISPCTexComp (58)
[2017.05.07-02.58.11:608][933]LogModuleManager: Shutting down and abandoning module ImageWrapper (57)
[2017.05.07-02.58.11:608][933]LogModuleManager: Shutting down and abandoning module TextureFormatASTC (56)
[2017.05.07-02.58.11:608][933]LogModuleManager: Shutting down and abandoning module TextureFormatAndroid (55)
[2017.05.07-02.58.11:608][933]LogModuleManager: Shutting down and abandoning module AudioFormatOpus (54)
[2017.05.07-02.58.11:608][933]LogModuleManager: Shutting down and abandoning module AudioFormatOgg (53)
[2017.05.07-02.58.11:608][933]LogModuleManager: Shutting down and abandoning module AudioFormatADPCM (52)
[2017.05.07-02.58.11:608][933]LogModuleManager: Shutting down and abandoning module LinuxTargetPlatform (51)
[2017.05.07-02.58.11:608][933]LogModuleManager: Shutting down and abandoning module LinuxServerTargetPlatform (50)
[2017.05.07-02.58.11:608][933]LogModuleManager: Shutting down and abandoning module LinuxNoEditorTargetPlatform (49)
[2017.05.07-02.58.11:608][933]LogModuleManager: Shutting down and abandoning module LinuxClientTargetPlatform (48)
[2017.05.07-02.58.11:608][933]LogModuleManager: Shutting down and abandoning module TVOSTargetPlatform (47)
[2017.05.07-02.58.11:608][933]LogModuleManager: Shutting down and abandoning module Messaging (46)
[2017.05.07-02.58.11:608][933]LogModuleManager: Shutting down and abandoning module IOSTargetPlatform (45)
[2017.05.07-02.58.11:608][933]LogModuleManager: Shutting down and abandoning module HTML5TargetPlatform (44)
[2017.05.07-02.58.11:608][933]LogModuleManager: Shutting down and abandoning module Android_PVRTCTargetPlatform (43)
[2017.05.07-02.58.11:608][933]LogModuleManager: Shutting down and abandoning module Android_MultiTargetPlatform (42)
[2017.05.07-02.58.11:608][933]LogModuleManager: Shutting down and abandoning module Android_ETC2TargetPlatform (41)
[2017.05.07-02.58.11:608][933]LogModuleManager: Shutting down and abandoning module Android_ETC1TargetPlatform (40)
[2017.05.07-02.58.11:608][933]LogModuleManager: Shutting down and abandoning module Android_DXTTargetPlatform (39)
[2017.05.07-02.58.11:608][933]LogModuleManager: Shutting down and abandoning module Android_ATCTargetPlatform (38)
[2017.05.07-02.58.11:608][933]LogModuleManager: Shutting down and abandoning module Android_ASTCTargetPlatform (37)
[2017.05.07-02.58.11:608][933]LogModuleManager: Shutting down and abandoning module AndroidTargetPlatform (36)
[2017.05.07-02.58.11:608][933]LogModuleManager: Shutting down and abandoning module WindowsTargetPlatform (35)
[2017.05.07-02.58.11:608][933]LogModuleManager: Shutting down and abandoning module WindowsServerTargetPlatform (34)
[2017.05.07-02.58.11:608][933]LogModuleManager: Shutting down and abandoning module WindowsNoEditorTargetPlatform (33)
[2017.05.07-02.58.11:608][933]LogModuleManager: Shutting down and abandoning module WindowsClientTargetPlatform (32)
[2017.05.07-02.58.11:608][933]LogModuleManager: Shutting down and abandoning module MacTargetPlatform (31)
[2017.05.07-02.58.11:608][933]LogModuleManager: Shutting down and abandoning module MacServerTargetPlatform (30)
[2017.05.07-02.58.11:608][933]LogModuleManager: Shutting down and abandoning module MacNoEditorTargetPlatform (29)
[2017.05.07-02.58.11:608][933]LogModuleManager: Shutting down and abandoning module MacClientTargetPlatform (28)
[2017.05.07-02.58.11:608][933]LogModuleManager: Shutting down and abandoning module AllDesktopTargetPlatform (27)
[2017.05.07-02.58.11:608][933]LogModuleManager: Shutting down and abandoning module TargetPlatform (26)
[2017.05.07-02.58.11:608][933]LogModuleManager: Shutting down and abandoning module InputCore (25)
[2017.05.07-02.58.11:608][933]LogModuleManager: Shutting down and abandoning module Settings (24)
[2017.05.07-02.58.11:608][933]LogModuleManager: Shutting down and abandoning module OculusRift (23)
[2017.05.07-02.58.11:608][933]LogModuleManager: Shutting down and abandoning module ExampleDeviceProfileSelector (22)
[2017.05.07-02.58.11:608][933]LogModuleManager: Shutting down and abandoning module OnlineBlueprintSupport (21)
[2017.05.07-02.58.11:608][933]LogModuleManager: Shutting down and abandoning module OnlineSubsystem (19)
[2017.05.07-02.58.11:608][933]LogOnline:Display: Unloading online subsystem: NULL
[2017.05.07-02.58.11:608][933]LogModuleManager: Shutting down and abandoning module SSL (18)
[2017.05.07-02.58.11:609][933]LogModuleManager: Shutting down and abandoning module HTTP (17)
[2017.05.07-02.58.11:609][933]LogModuleManager: Shutting down and abandoning module XMPP (16)
[2017.05.07-02.58.11:609][933]LogModuleManager: Shutting down and abandoning module DesktopPlatform (15)
[2017.05.07-02.58.11:609][933]LogModuleManager: Shutting down and abandoning module TextureCompressor (14)
[2017.05.07-02.58.11:609][933]LogModuleManager: Shutting down and abandoning module ShaderCore (13)
[2017.05.07-02.58.11:609][933]LogModuleManager: Shutting down and abandoning module Landscape (12)
[2017.05.07-02.58.11:609][933]LogModuleManager: Shutting down and abandoning module SlateRHIRenderer (11)
[2017.05.07-02.58.11:609][933]LogModuleManager: Shutting down and abandoning module OpenGLDrv (10)
[2017.05.07-02.58.11:609][933]LogModuleManager: Shutting down and abandoning module D3D11RHI (9)
[2017.05.07-02.58.11:609][933]LogModuleManager: Shutting down and abandoning module AnimGraphRuntime (8)
[2017.05.07-02.58.11:609][933]LogModuleManager: Shutting down and abandoning module Renderer (7)
[2017.05.07-02.58.11:609][933]LogModuleManager: Shutting down and abandoning module Engine (6)
[2017.05.07-02.58.11:609][933]LogModuleManager: Shutting down and abandoning module CoreUObject (5)
[2017.05.07-02.58.11:609][933]LogModuleManager: Shutting down and abandoning module NetworkFile (4)
[2017.05.07-02.58.11:609][933]LogModuleManager: Shutting down and abandoning module StreamingFile (3)
[2017.05.07-02.58.11:609][933]LogModuleManager: Shutting down and abandoning module SandboxFile (2)
[2017.05.07-02.58.11:609][933]LogModuleManager: Shutting down and abandoning module PakFile (1)
[2017.05.07-02.58.11:611][933]LogExit: Exiting.
[2017.05.07-02.58.11:620][933]Log file closed, 05/06/17 19:58:11
