Log file open, 03/30/17 08:51:47
LogInit:Display: Running engine for game: DicomVisual
LogPlatformFile: Not using cached read wrapper
LogInit:Display: RandInit(-837046532) SRandInit(-837046532).
LogTaskGraph: Started task graph with 5 named threads and 8 total threads with 1 sets of task threads.
LogStats: Stats thread started at 0.089269
LogPluginManager: Loaded Plugin Paper2D, From D:/Epic Games/4.14/Engine/Plugins/2D/Paper2D/Paper2D.uplugin
LogPluginManager: Loaded Plugin LightPropagationVolume, From D:/Epic Games/4.14/Engine/Plugins/Blendables/LightPropagationVolume/LightPropagationVolume.uplugin
LogPluginManager: Loaded Plugin BlankPlugin, From D:/Epic Games/4.14/Engine/Plugins/Developer/BlankPlugin/BlankPlugin.uplugin
LogPluginManager: Loaded Plugin CodeLiteSourceCodeAccess, From D:/Epic Games/4.14/Engine/Plugins/Developer/CodeLiteSourceCodeAccess/CodeLiteSourceCodeAccess.uplugin
LogPluginManager: Loaded Plugin GitSourceControl, From D:/Epic Games/4.14/Engine/Plugins/Developer/GitSourceControl/GitSourceControl.uplugin
LogPluginManager: Loaded Plugin KDevelopSourceCodeAccess, From D:/Epic Games/4.14/Engine/Plugins/Developer/KDevelopSourceCodeAccess/KDevelopSourceCodeAccess.uplugin
LogPluginManager: Loaded Plugin NullSourceCodeAccess, From D:/Epic Games/4.14/Engine/Plugins/Developer/NullSourceCodeAccess/NullSourceCodeAccess.uplugin
LogPluginManager: Loaded Plugin OneSkyLocalizationService, From D:/Epic Games/4.14/Engine/Plugins/Developer/OneSkyLocalizationService/OneSkyLocalizationService.uplugin
LogPluginManager: Loaded Plugin PerforceSourceControl, From D:/Epic Games/4.14/Engine/Plugins/Developer/PerforceSourceControl/PerforceSourceControl.uplugin
LogPluginManager: Loaded Plugin SubversionSourceControl, From D:/Epic Games/4.14/Engine/Plugins/Developer/SubversionSourceControl/SubversionSourceControl.uplugin
LogPluginManager: Loaded Plugin UObjectPlugin, From D:/Epic Games/4.14/Engine/Plugins/Developer/UObjectPlugin/UObjectPlugin.uplugin
LogPluginManager: Loaded Plugin VisualStudioSourceCodeAccess, From D:/Epic Games/4.14/Engine/Plugins/Developer/VisualStudioSourceCodeAccess/VisualStudioSourceCodeAccess.uplugin
LogPluginManager: Loaded Plugin XCodeSourceCodeAccess, From D:/Epic Games/4.14/Engine/Plugins/Developer/XCodeSourceCodeAccess/XCodeSourceCodeAccess.uplugin
LogPluginManager: Loaded Plugin AudioCapture, From D:/Epic Games/4.14/Engine/Plugins/Editor/AudioCapture/AudioCapture.uplugin
LogPluginManager: Loaded Plugin EpicSurvey, From D:/Epic Games/4.14/Engine/Plugins/Editor/EpicSurvey/EpicSurvey.uplugin
LogPluginManager: Loaded Plugin MacGraphicsSwitching, From D:/Epic Games/4.14/Engine/Plugins/Editor/MacGraphicsSwitching/MacGraphicsSwitching.uplugin
LogPluginManager: Loaded Plugin MobileLauncherProfileWizard, From D:/Epic Games/4.14/Engine/Plugins/Editor/MobileLauncherProfileWizard/MobileLauncherProfileWizard.uplugin
LogPluginManager: Loaded Plugin PluginBrowser, From D:/Epic Games/4.14/Engine/Plugins/Editor/PluginBrowser/PluginBrowser.uplugin
LogPluginManager: Loaded Plugin SpeedTreeImporter, From D:/Epic Games/4.14/Engine/Plugins/Editor/SpeedTreeImporter/SpeedTreeImporter.uplugin
LogPluginManager: Loaded Plugin SuperSearchEditor, From D:/Epic Games/4.14/Engine/Plugins/Editor/SuperSearchEditor/SuperSearchEditor.uplugin
LogPluginManager: Loaded Plugin AlembicImporter, From D:/Epic Games/4.14/Engine/Plugins/Experimental/AlembicImporter/AlembicImporter.uplugin
LogPluginManager: Loaded Plugin BlueprintStats, From D:/Epic Games/4.14/Engine/Plugins/Experimental/BlueprintStats/BlueprintStats.uplugin
LogPluginManager: Loaded Plugin CharacterAI, From D:/Epic Games/4.14/Engine/Plugins/Experimental/CharacterAI/CharacterAI.uplugin
LogPluginManager: Loaded Plugin CodeEditor, From D:/Epic Games/4.14/Engine/Plugins/Experimental/CodeEditor/CodeEditor.uplugin
LogPluginManager: Loaded Plugin CodeView, From D:/Epic Games/4.14/Engine/Plugins/Experimental/CodeView/CodeView.uplugin
LogPluginManager: Loaded Plugin HTML5Networking, From D:/Epic Games/4.14/Engine/Plugins/Experimental/HTML5Networking/HTML5Networking.uplugin
LogPluginManager: Loaded Plugin OSVR, From D:/Epic Games/4.14/Engine/Plugins/Experimental/OSVR/OSVR.uplugin
LogPluginManager: Loaded Plugin Phya, From D:/Epic Games/4.14/Engine/Plugins/Experimental/Phya/Phya.uplugin
LogPluginManager: Loaded Plugin SignificanceManager, From D:/Epic Games/4.14/Engine/Plugins/Experimental/SignificanceManager/SignificanceManager.uplugin
LogPluginManager: Loaded Plugin SimpleHMD, From D:/Epic Games/4.14/Engine/Plugins/Experimental/SimpleHMD/SimpleHMD.uplugin
LogPluginManager: Loaded Plugin StereoPanorama, From D:/Epic Games/4.14/Engine/Plugins/Experimental/StereoPanorama/StereoPanorama.uplugin
LogPluginManager: Loaded Plugin StructBox, From D:/Epic Games/4.14/Engine/Plugins/Experimental/StructBox/StructBox.uplugin
LogPluginManager: Loaded Plugin AndroidMedia, From D:/Epic Games/4.14/Engine/Plugins/Media/AndroidMedia/AndroidMedia.uplugin
LogPluginManager: Loaded Plugin AvfMedia, From D:/Epic Games/4.14/Engine/Plugins/Media/AvfMedia/AvfMedia.uplugin
LogPluginManager: Loaded Plugin MediaPlayerEditor, From D:/Epic Games/4.14/Engine/Plugins/Media/MediaPlayerEditor/MediaPlayerEditor.uplugin
LogPluginManager: Loaded Plugin WmfMedia, From D:/Epic Games/4.14/Engine/Plugins/Media/WmfMedia/WmfMedia.uplugin
LogPluginManager: Loaded Plugin MessagingDebugger, From D:/Epic Games/4.14/Engine/Plugins/Messaging/MessagingDebugger/MessagingDebugger.uplugin
LogPluginManager: Loaded Plugin TcpMessaging, From D:/Epic Games/4.14/Engine/Plugins/Messaging/TcpMessaging/TcpMessaging.uplugin
LogPluginManager: Loaded Plugin UdpMessaging, From D:/Epic Games/4.14/Engine/Plugins/Messaging/UdpMessaging/UdpMessaging.uplugin
LogPluginManager: Loaded Plugin LevelSequenceEditor, From D:/Epic Games/4.14/Engine/Plugins/MovieScene/LevelSequenceEditor/LevelSequenceEditor.uplugin
LogPluginManager: Loaded Plugin MatineeToLevelSequence, From D:/Epic Games/4.14/Engine/Plugins/MovieScene/MatineeToLevelSequence/MatineeToLevelSequence.uplugin
LogPluginManager: Loaded Plugin NetcodeUnitTest, From D:/Epic Games/4.14/Engine/Plugins/NetcodeUnitTest/NetcodeUnitTest/NetcodeUnitTest.uplugin
LogPluginManager: Loaded Plugin NUTUnrealEngine4, From D:/Epic Games/4.14/Engine/Plugins/NetcodeUnitTest/NUTUnrealEngine4/NUTUnrealEngine4.uplugin
LogPluginManager: Loaded Plugin OnlineSubsystemGameCircle, From D:/Epic Games/4.14/Engine/Plugins/Online/Android/OnlineSubsystemGameCircle/OnlineSubsystemGameCircle.uplugin
LogPluginManager: Loaded Plugin OnlineSubsystemGooglePlay, From D:/Epic Games/4.14/Engine/Plugins/Online/Android/OnlineSubsystemGooglePlay/OnlineSubsystemGooglePlay.uplugin
LogPluginManager: Loaded Plugin OnlineSubsystemIOS, From D:/Epic Games/4.14/Engine/Plugins/Online/IOS/OnlineSubsystemIOS/OnlineSubsystemIOS.uplugin
LogPluginManager: Loaded Plugin OnlineFramework, From D:/Epic Games/4.14/Engine/Plugins/Online/OnlineFramework/OnlineFramework.uplugin
LogPluginManager: Loaded Plugin OnlineSubsystem, From D:/Epic Games/4.14/Engine/Plugins/Online/OnlineSubsystem/OnlineSubsystem.uplugin
LogPluginManager: Loaded Plugin OnlineSubsystemAmazon, From D:/Epic Games/4.14/Engine/Plugins/Online/OnlineSubsystemAmazon/OnlineSubsystemAmazon.uplugin
LogPluginManager: Loaded Plugin OnlineSubsystemFacebook, From D:/Epic Games/4.14/Engine/Plugins/Online/OnlineSubsystemFacebook/OnlineSubsystemFacebook.uplugin
LogPluginManager: Loaded Plugin OnlineSubsystemNull, From D:/Epic Games/4.14/Engine/Plugins/Online/OnlineSubsystemNull/OnlineSubsystemNull.uplugin
LogPluginManager: Loaded Plugin OnlineSubsystemOculus, From D:/Epic Games/4.14/Engine/Plugins/Online/OnlineSubsystemOculus/OnlineSubsystemOculus.uplugin
LogPluginManager: Loaded Plugin OnlineSubsystemSteam, From D:/Epic Games/4.14/Engine/Plugins/Online/OnlineSubsystemSteam/OnlineSubsystemSteam.uplugin
LogPluginManager: Loaded Plugin OnlineSubsystemUtils, From D:/Epic Games/4.14/Engine/Plugins/Online/OnlineSubsystemUtils/OnlineSubsystemUtils.uplugin
LogPluginManager: Loaded Plugin IOSTapJoy, From D:/Epic Games/4.14/Engine/Plugins/Runtime/Advertising/IOSTapJoy/IOSTapJoy.uplugin
LogPluginManager: Loaded Plugin AnalyticsBlueprintLibrary, From D:/Epic Games/4.14/Engine/Plugins/Runtime/Analytics/AnalyticsBlueprintLibrary/AnalyticsBlueprintLibrary.uplugin
LogPluginManager: Loaded Plugin AnalyticsMulticast, From D:/Epic Games/4.14/Engine/Plugins/Runtime/Analytics/AnalyticsMulticast/AnalyticsMulticast.uplugin
LogPluginManager: Loaded Plugin Apsalar, From D:/Epic Games/4.14/Engine/Plugins/Runtime/Analytics/Apsalar/Apsalar.uplugin
LogPluginManager: Loaded Plugin FileLogging, From D:/Epic Games/4.14/Engine/Plugins/Runtime/Analytics/FileLogging/FileLogging.uplugin
LogPluginManager: Loaded Plugin Flurry, From D:/Epic Games/4.14/Engine/Plugins/Runtime/Analytics/Flurry/Flurry.uplugin
LogPluginManager: Loaded Plugin AndroidDeviceProfileSelector, From D:/Epic Games/4.14/Engine/Plugins/Runtime/AndroidDeviceProfileSelector/AndroidDeviceProfileSelector.uplugin
LogPluginManager: Loaded Plugin AndroidMoviePlayer, From D:/Epic Games/4.14/Engine/Plugins/Runtime/AndroidMoviePlayer/AndroidMoviePlayer.uplugin
LogPluginManager: Loaded Plugin AppleMoviePlayer, From D:/Epic Games/4.14/Engine/Plugins/Runtime/AppleMoviePlayer/AppleMoviePlayer.uplugin
LogPluginManager: Loaded Plugin ArchVisCharacter, From D:/Epic Games/4.14/Engine/Plugins/Runtime/ArchVisCharacter/ArchVisCharacter.uplugin
LogPluginManager: Loaded Plugin CableComponent, From D:/Epic Games/4.14/Engine/Plugins/Runtime/CableComponent/CableComponent.uplugin
LogPluginManager: Loaded Plugin CustomMeshComponent, From D:/Epic Games/4.14/Engine/Plugins/Runtime/CustomMeshComponent/CustomMeshComponent.uplugin
LogPluginManager: Loaded Plugin ExampleDeviceProfileSelector, From D:/Epic Games/4.14/Engine/Plugins/Runtime/ExampleDeviceProfileSelector/ExampleDeviceProfileSelector.uplugin
LogPluginManager: Loaded Plugin GearVR, From D:/Epic Games/4.14/Engine/Plugins/Runtime/GearVR/GearVR.uplugin
LogPluginManager: Loaded Plugin GoogleVRController, From D:/Epic Games/4.14/Engine/Plugins/Runtime/GoogleVR/GoogleVRController/GoogleVRController.uplugin
LogPluginManager: Loaded Plugin GoogleVRHMD, From D:/Epic Games/4.14/Engine/Plugins/Runtime/GoogleVR/GoogleVRHMD/GoogleVRHMD.uplugin
LogPluginManager: Loaded Plugin IOSDeviceProfileSelector, From D:/Epic Games/4.14/Engine/Plugins/Runtime/IOSDeviceProfileSelector/IOSDeviceProfileSelector.uplugin
LogPluginManager: Loaded Plugin LeapMotion, From D:/Epic Games/4.14/Engine/Plugins/Runtime/LeapMotion/LeapMotion.uplugin
LogPluginManager: Loaded Plugin LinuxDeviceProfileSelector, From D:/Epic Games/4.14/Engine/Plugins/Runtime/LinuxDeviceProfileSelector/LinuxDeviceProfileSelector.uplugin
LogPluginManager: Loaded Plugin MIDIDevice, From D:/Epic Games/4.14/Engine/Plugins/Runtime/MIDIDevice/MIDIDevice.uplugin
LogPluginManager: Loaded Plugin MobilePatchingUtils, From D:/Epic Games/4.14/Engine/Plugins/Runtime/MobilePatchingUtils/MobilePatchingUtils.uplugin
LogPluginManager: Loaded Plugin Ansel, From D:/Epic Games/4.14/Engine/Plugins/Runtime/Nvidia/Ansel/Ansel.uplugin
LogPluginManager: Loaded Plugin OculusAudio, From D:/Epic Games/4.14/Engine/Plugins/Runtime/OculusAudio/OculusAudio.uplugin
LogPluginManager: Loaded Plugin OculusInput, From D:/Epic Games/4.14/Engine/Plugins/Runtime/OculusInput/OculusInput.uplugin
LogPluginManager: Loaded Plugin OculusLibrary, From D:/Epic Games/4.14/Engine/Plugins/Runtime/OculusLibrary/OculusLibrary.uplugin
LogPluginManager: Loaded Plugin OculusRift, From D:/Epic Games/4.14/Engine/Plugins/Runtime/OculusRift/OculusRift.uplugin
LogPluginManager: Loaded Plugin Oodle, From D:/Epic Games/4.14/Engine/Plugins/Runtime/PacketHandlers/CompressionComponents/Oodle/Oodle.uplugin
LogPluginManager: Loaded Plugin ProceduralMeshComponent, From D:/Epic Games/4.14/Engine/Plugins/Runtime/ProceduralMeshComponent/ProceduralMeshComponent.uplugin
LogPluginManager: Loaded Plugin SoundMod, From D:/Epic Games/4.14/Engine/Plugins/Runtime/SoundMod/SoundMod.uplugin
LogPluginManager: Loaded Plugin SoundVisualizations, From D:/Epic Games/4.14/Engine/Plugins/Runtime/SoundVisualizations/SoundVisualizations.uplugin
LogPluginManager: Loaded Plugin SteamController, From D:/Epic Games/4.14/Engine/Plugins/Runtime/Steam/SteamController/SteamController.uplugin
LogPluginManager: Loaded Plugin SteamVR, From D:/Epic Games/4.14/Engine/Plugins/Runtime/Steam/SteamVR/SteamVR.uplugin
LogPluginManager: Loaded Plugin WebBrowserWidget, From D:/Epic Games/4.14/Engine/Plugins/Runtime/WebBrowserWidget/WebBrowserWidget.uplugin
LogPluginManager: Loaded Plugin WindowsDeviceProfileSelector, From D:/Epic Games/4.14/Engine/Plugins/Runtime/WindowsDeviceProfileSelector/WindowsDeviceProfileSelector.uplugin
LogPluginManager: Loaded Plugin WindowsMoviePlayer, From D:/Epic Games/4.14/Engine/Plugins/Runtime/WindowsMoviePlayer/WindowsMoviePlayer.uplugin
LogPluginManager: Loaded Plugin ScriptPlugin, From D:/Epic Games/4.14/Engine/Plugins/ScriptPlugin/ScriptPlugin.uplugin
LogPluginManager: Loaded Plugin SlateRemote, From D:/Epic Games/4.14/Engine/Plugins/Slate/SlateRemote/SlateRemote.uplugin
LogPluginManager: Loaded Plugin EditorTests, From D:/Epic Games/4.14/Engine/Plugins/Tests/EditorTests/EditorTests.uplugin
LogPluginManager: Loaded Plugin FbxAutomationTestBuilder, From D:/Epic Games/4.14/Engine/Plugins/Tests/FbxAutomationTestBuilder/FbxAutomationTestBuilder.uplugin
LogPluginManager: Loaded Plugin FunctionalTestingEditor, From D:/Epic Games/4.14/Engine/Plugins/Tests/FunctionalTestingEditor/FunctionalTestingEditor.uplugin
LogPluginManager: Loaded Plugin RuntimeTests, From D:/Epic Games/4.14/Engine/Plugins/Tests/RuntimeTests/RuntimeTests.uplugin
LogPluginManager: Loaded Plugin ScreenshotTools, From D:/Epic Games/4.14/Engine/Plugins/Tests/ScreenshotTools/ScreenshotTools.uplugin
LogInit: Using libcurl 7.47.1
LogInit:  - built for x86_64-pc-win32
LogInit:  - supports SSL with OpenSSL/1.0.2g
LogInit:  - supports HTTP deflate (compression) using libz 1.2.8
LogInit:  - other features:
LogInit:      CURL_VERSION_SSL
LogInit:      CURL_VERSION_LIBZ
LogInit:      CURL_VERSION_IPV6
LogInit:      CURL_VERSION_ASYNCHDNS
LogInit:      CURL_VERSION_LARGEFILE
LogInit:      CURL_VERSION_IDN
LogInit:  CurlRequestOptions (configurable via config and command line):
LogInit:  - bVerifyPeer = false  - Libcurl will NOT verify peer certificate
LogInit:  - bUseHttpProxy = false  - Libcurl will NOT use HTTP proxy
LogInit:  - bDontReuseConnections = false  - Libcurl will reuse connections
LogInit:  - CertBundlePath = nullptr  - Libcurl will use whatever was configured at build time.
LogInit: Build: ++UE4+Release-4.14-CL-3224400
LogInit: Engine Version: 4.14.1-3224400+++UE4+Release-4.14
LogInit: Compatible Engine Version: 4.14.0-3195953+++UE4+Release-4.14
LogInit: Net CL: 3195953
LogDevObjectVersion: Number of dev versions registered: 13
LogDevObjectVersion:   Dev-Blueprints (B0D832E4-1F89-4F0D-ACCF-7EB736FD4AA2): 7
LogDevObjectVersion:   Dev-Build (E1C64328-A22C-4D53-A36C-8E866417BD8C): 0
LogDevObjectVersion:   Dev-Core (375EC13C-06E4-48FB-B500-84F0262A717E): 1
LogDevObjectVersion:   Dev-Editor (E4B068ED-F494-42E9-A231-DA0B2E46BB41): 8
LogDevObjectVersion:   Dev-Framework (CFFC743F-43B0-4480-9391-14DF171D2073): 17
LogDevObjectVersion:   Dev-Mobile (B02B49B5-BB20-44E9-A304-32B752E40360): 0
LogDevObjectVersion:   Dev-Networking (A4E4105C-59A1-49B5-A7C5-40C4547EDFEE): 0
LogDevObjectVersion:   Dev-Online (39C831C9-5AE6-47DC-9A44-9C173E1C8E7C): 0
LogDevObjectVersion:   Dev-Physics (78F01B33-EBEA-4F98-B9B4-84EACCB95AA2): 0
LogDevObjectVersion:   Dev-Platform (6631380F-2D4D-43E0-8009-CF276956A95A): 0
LogDevObjectVersion:   Dev-Rendering (12F88B9F-8875-4AFC-A67C-D90C383ABD29): 12
LogDevObjectVersion:   Dev-Sequencer (7B5AE74C-D270-4C10-A958-57980B212A5A): 1
LogDevObjectVersion:   Dev-VR (D7296918-1DD6-4BDD-9DE2-64A83CC13884): 0
LogInit: Compiled (64-bit): Dec  7 2016 02:14:32
LogInit: Compiled with Visual C++: 19.00.23026.00
LogInit: Build Configuration: Development
LogInit: Branch Name: ++UE4+Release-4.14
LogInit: Command line:  
LogInit: Base directory: D:/Epic Games/4.14/Engine/Binaries/Win64/
LogInit: Installed Engine Build: 1
LogInit: Presizing for max 8388607 objects, including 0 objects not considered by GC, pre-allocating 0 bytes for permanent pool.
LogInit: Object subsystem initialized
[2017.03.30-16.51.48:305][  0]LogInit: Selected Device Profile: [Windows]
[2017.03.30-16.51.48:305][  0]LogInit: Applying CVar settings loaded from the selected device profile: [Windows]
[2017.03.30-16.51.48:369][  0]LogInit: Computer: DESKTOP-71PO0UI
[2017.03.30-16.51.48:369][  0]LogInit: User: jerry
[2017.03.30-16.51.48:369][  0]LogInit: CPU Page size=65536, Cores=4
[2017.03.30-16.51.48:369][  0]LogInit: High frequency timer resolution =3.914060 MHz
[2017.03.30-16.51.48:382][  0]LogMemory: Memory total: Physical=31.9GB (32GB approx)
[2017.03.30-16.51.48:390][  0]LogMemory: Platform Memory Stats for Windows
[2017.03.30-16.51.48:390][  0]LogMemory: Process Physical Memory: 264.77 MB used, 264.77 MB peak
[2017.03.30-16.51.48:390][  0]LogMemory: Process Virtual Memory: 262.74 MB used, 262.74 MB peak
[2017.03.30-16.51.48:390][  0]LogMemory: Physical Memory: 4912.95 MB used,  27770.54 MB free, 32683.49 MB total
[2017.03.30-16.51.48:390][  0]LogMemory: Virtual Memory: 676.63 MB used,  27770.54 MB free, 134217728.00 MB total
[2017.03.30-16.51.49:453][  0]LogTextLocalizationManager: No specific translations for ('en-US') exist, so ('en') translations will be used.
[2017.03.30-16.51.51:784][  0]LogD3D11RHI: D3D11 adapters:
[2017.03.30-16.51.51:810][  0]LogD3D11RHI:    0. 'NVIDIA GeForce GTX 1070' (Feature Level 11_0)
[2017.03.30-16.51.51:810][  0]LogD3D11RHI:       8144/0/16341 MB DedicatedVideo/DedicatedSystem/SharedSystem, Outputs:2, VendorId:0x10de
[2017.03.30-16.51.51:821][  0]LogD3D11RHI:    1. 'Intel(R) HD Graphics 530' (Feature Level 11_0)
[2017.03.30-16.51.51:821][  0]LogD3D11RHI:       128/0/16341 MB DedicatedVideo/DedicatedSystem/SharedSystem, Outputs:0, VendorId:0x8086
[2017.03.30-16.51.51:822][  0]LogD3D11RHI:    2. 'Microsoft Basic Render Driver' (Feature Level 11_0)
[2017.03.30-16.51.51:822][  0]LogD3D11RHI:       0/0/16341 MB DedicatedVideo/DedicatedSystem/SharedSystem, Outputs:0, VendorId:0x1414
[2017.03.30-16.51.51:822][  0]LogD3D11RHI: Chosen D3D11 Adapter: 0
[2017.03.30-16.51.51:826][  0]LogD3D11RHI: Creating new Direct3DDevice
[2017.03.30-16.51.51:826][  0]LogD3D11RHI:     GPU DeviceId: 0x1ba1 (for the marketing name, search the web for "GPU Device Id")
[2017.03.30-16.51.51:826][  0]LogWindows: EnumDisplayDevices:
[2017.03.30-16.51.51:826][  0]LogWindows:    0. 'NVIDIA GeForce GTX 1070' (P:0 D:1)
[2017.03.30-16.51.51:839][  0]LogWindows:    1. 'NVIDIA GeForce GTX 1070' (P:1 D:1)
[2017.03.30-16.51.51:839][  0]LogWindows:    2. 'NVIDIA GeForce GTX 1070' (P:0 D:0)
[2017.03.30-16.51.51:839][  0]LogWindows:    3. 'NVIDIA GeForce GTX 1070' (P:0 D:0)
[2017.03.30-16.51.51:839][  0]LogWindows:    4. 'Intel(R) HD Graphics 530' (P:0 D:0)
[2017.03.30-16.51.51:839][  0]LogWindows:    5. 'Intel(R) HD Graphics 530' (P:0 D:0)
[2017.03.30-16.51.51:839][  0]LogWindows:    6. 'Intel(R) HD Graphics 530' (P:0 D:0)
[2017.03.30-16.51.51:839][  0]LogWindows: DebugString: PrimaryIsNotTheChoosenAdapter PrimaryIsNotTheChoosenAdapter PrimaryIsNotTheChoosenAdapter FoundDriverCount:4 
[2017.03.30-16.51.51:839][  0]LogD3D11RHI:     Adapter Name: NVIDIA GeForce GTX 1070
[2017.03.30-16.51.51:840][  0]LogD3D11RHI:   Driver Version: 376.54 (internal:21.21.13.7654, unified:376.54)
[2017.03.30-16.51.51:840][  0]LogD3D11RHI:      Driver Date: 12-29-2016
[2017.03.30-16.51.51:840][  0]LogRHI: Texture pool is 1361 MB (70% of 1945 MB)
[2017.03.30-16.51.51:850][  0]LogD3D11RHI: Async texture creation enabled
[2017.03.30-16.51.52:138][  0]LogD3D11RHI: GPU Timing Frequency: 1000.000000 (Debug: 2 1)
[2017.03.30-16.51.52:265][  0]LogShaderCompilers: Guid format shader working directory is -11 characters bigger than the processId version (C:/Users/jerry/Documents/GitHub/senior-design/DicomVisual/Intermediate/Shaders/WorkingDirectory/7408/).
[2017.03.30-16.51.52:265][  0]LogShaderCompilers: Cleaned the shader compiler working directory 'C:/Users/jerry/AppData/Local/Temp/UnrealShaderWorkingDir/3A66DCAC417CAF96C2AA0AA50F57BE46/'.
[2017.03.30-16.51.52:285][  0]LogShaderCompilers:Display: Using Local Shader Compiler.
[2017.03.30-16.51.55:122][  0]LogTemp:Display: Loaded TP AllDesktopTargetPlatform
[2017.03.30-16.51.55:154][  0]LogTemp:Display: Loaded TP MacClientTargetPlatform
[2017.03.30-16.51.55:184][  0]LogTemp:Display: Loaded TP MacNoEditorTargetPlatform
[2017.03.30-16.51.55:214][  0]LogTemp:Display: Loaded TP MacServerTargetPlatform
[2017.03.30-16.51.55:251][  0]LogTemp:Display: Loaded TP MacTargetPlatform
[2017.03.30-16.51.55:283][  0]LogTemp:Display: Loaded TP WindowsClientTargetPlatform
[2017.03.30-16.51.55:315][  0]LogTemp:Display: Loaded TP WindowsNoEditorTargetPlatform
[2017.03.30-16.51.55:347][  0]LogTemp:Display: Loaded TP WindowsServerTargetPlatform
[2017.03.30-16.51.55:370][  0]LogTemp:Display: Loaded TP WindowsTargetPlatform
[2017.03.30-16.51.55:424][  0]LogTemp:Display: Loaded TP AndroidTargetPlatform
[2017.03.30-16.51.55:475][  0]LogTemp:Display: Loaded TP Android_ASTCTargetPlatform
[2017.03.30-16.51.55:515][  0]LogTemp:Display: Loaded TP Android_ATCTargetPlatform
[2017.03.30-16.51.55:552][  0]LogTemp:Display: Loaded TP Android_DXTTargetPlatform
[2017.03.30-16.51.55:590][  0]LogTemp:Display: Loaded TP Android_ETC1TargetPlatform
[2017.03.30-16.51.55:627][  0]LogTemp:Display: Loaded TP Android_ETC2TargetPlatform
[2017.03.30-16.51.55:705][  0]LogTemp:Display: Loaded TP Android_MultiTargetPlatform
[2017.03.30-16.51.55:705][  0]LogTemp:Display: Loaded TP Android_PVRTCTargetPlatform
[2017.03.30-16.51.55:723][  0]LogTemp:Display: Loaded TP HTML5TargetPlatform
[2017.03.30-16.51.55:849][  0]LogTemp:Display: Loaded TP IOSTargetPlatform
[2017.03.30-16.51.55:869][  0]LogTemp:Display: Loaded TP TVOSTargetPlatform
[2017.03.30-16.51.55:899][  0]LogTemp:Display: Loaded TP LinuxClientTargetPlatform
[2017.03.30-16.51.55:929][  0]LogTemp:Display: Loaded TP LinuxNoEditorTargetPlatform
[2017.03.30-16.51.55:960][  0]LogTemp:Display: Loaded TP LinuxServerTargetPlatform
[2017.03.30-16.51.55:993][  0]LogTemp:Display: Loaded TP LinuxTargetPlatform
[2017.03.30-16.51.55:993][  0]LogTargetPlatformManager:Display: Building Assets For Windows
[2017.03.30-16.51.56:754][  0]LogDerivedDataCache:Display: Max Cache Size: 512 MB
[2017.03.30-16.51.56:863][  0]LogDerivedDataCache: Loaded boot cache 0.11s 50MB C:/Users/jerry/AppData/Local/UnrealEngine/4.14/DerivedDataCache/Boot.ddc.
[2017.03.30-16.51.56:863][  0]LogDerivedDataCache:Display: Loaded Boot cache: C:/Users/jerry/AppData/Local/UnrealEngine/4.14/DerivedDataCache/Boot.ddc
[2017.03.30-16.51.56:863][  0]LogDerivedDataCache: FDerivedDataBackendGraph:  Pak pak cache file C:/Users/jerry/Documents/GitHub/senior-design/DicomVisual/DerivedDataCache/DDC.ddp not found, will not use a pak cache.
[2017.03.30-16.51.56:863][  0]LogDerivedDataCache: Unable to find inner node Pak for hierarchical cache Hierarchy.
[2017.03.30-16.51.56:863][  0]LogDerivedDataCache: FDerivedDataBackendGraph:  CompressedPak pak cache file C:/Users/jerry/Documents/GitHub/senior-design/DicomVisual/DerivedDataCache/Compressed.ddp not found, will not use a pak cache.
[2017.03.30-16.51.56:863][  0]LogDerivedDataCache: Unable to find inner node CompressedPak for hierarchical cache Hierarchy.
[2017.03.30-16.51.56:929][  0]LogDerivedDataCache:Display: Pak cache opened for reading ../../../Engine/DerivedDataCache/Compressed.ddp.
[2017.03.30-16.51.56:941][  0]LogDerivedDataCache: Using Local data cache path C:/Users/jerry/AppData/Local/UnrealEngine/Common/DerivedDataCache: Writable
[2017.03.30-16.52.03:970][  0]LogInit: Selected Device Profile: [Windows]
[2017.03.30-16.52.04:064][  0]LogContentStreaming: Texture pool size is 0.00 MB
[2017.03.30-16.52.04:815][  0]LogMeshUtilities: Using QuadricMeshReduction for automatic static mesh reduction
[2017.03.30-16.52.04:919][  0]LogSimplygon: Simplygon DLL not present - disabling.
[2017.03.30-16.52.04:962][  0]LogMeshUtilities: Using SimplygonSwarm for distributed automatic mesh merging
[2017.03.30-16.52.04:962][  0]LogMeshUtilities: No automatic skeletal mesh reduction module available
[2017.03.30-16.52.04:962][  0]LogMeshUtilities: No automatic mesh merging module available
[2017.03.30-16.52.09:881][  0]LogNetVersion: GetLocalNetworkVersion: CL: 3195953, ProjectName: dicomvisual, ProjectVersion: , EngineNetworkVersion: 2, GameNetworkVersion: 0, NetworkChecksum: 3438762601
[2017.03.30-16.52.10:072][  0]LogAssetRegistry: FAssetRegistry took 0.0258 seconds to start up
[2017.03.30-16.52.10:153][  0]LogPackageLocalizationCache: Processed 3 localized package path(s) for 2 prioritized culture(s) in 0.049145 seconds
[2017.03.30-16.52.10:164][  0]LogUObjectArray: 31946 objects as part of root set at end of initial load.
[2017.03.30-16.52.10:164][  0]LogUObjectAllocator: 6935840 out of 0 bytes used by permanent object pool.
[2017.03.30-16.52.10:164][  0]LogUObjectArray: CloseDisregardForGC: 0/0 objects in disregard for GC pool
[2017.03.30-16.52.10:214][  0]LogInit: WinSock: version 1.1 (2.2), MaxSocks=32767, MaxUdp=65467
[2017.03.30-16.52.11:524][  0]LogSlate: Using Freetype 2.6.0
[2017.03.30-16.52.11:591][  0]LogSlate: SlateFontCache - WITH_FREETYPE: 1, WITH_HARFBUZZ: 1
[2017.03.30-16.52.11:591][  0]LogSlate: SlateFontCache - WITH_FREETYPE: 1, WITH_HARFBUZZ: 1
[2017.03.30-16.52.16:098][  0]LogTcpMessaging: Initializing TcpMessaging bridge
[2017.03.30-16.52.16:137][  0]LogUdpMessaging: Initializing bridge on interface 0.0.0.0:0 to multicast group 230.0.0.1:6666.
[2017.03.30-16.52.16:895][  0]LogMaterial: Uniform references updated for custom material expression Custom.
[2017.03.30-16.52.17:534][  0]SourceControl: Info Source control is disabled
[2017.03.30-16.52.17:605][  0]SourceControl: Info Source control is disabled
[2017.03.30-16.52.17:669][  0]SourceControl: Info Source control is disabled
[2017.03.30-16.52.17:693][  0]SourceControl: Info Source control is disabled
[2017.03.30-16.52.19:323][  0]LogEngine: Initializing Engine...
[2017.03.30-16.52.21:922][  0]LogHMD: SteamVR initialized.  Driver: lighthouse  Display: LHR-F8B78CF2
[2017.03.30-16.52.22:701][  0]LogAIModule: Creating AISystem for world Untitled
[2017.03.30-16.52.22:932][  0]LogInit: XAudio2 using 'Speakers (2- USB Audio Device)' : 2 channels at 44.1 kHz using 16 bits per sample (channel mask 0x3)
[2017.03.30-16.52.22:942][  0]LogInit: FAudioDevice initialized.
[2017.03.30-16.52.22:959][  0]LogDerivedDataCache: Saved boot cache 0.02s 50MB C:/Users/jerry/AppData/Local/UnrealEngine/4.14/DerivedDataCache/Boot.ddc.
[2017.03.30-16.52.22:964][  0]LogInit: Texture streaming: Enabled
[2017.03.30-16.52.23:255][  0]LogInit: Transaction tracking system initialized
[2017.03.30-16.52.23:724][  0]BlueprintLog: New page: Editor Load
[2017.03.30-16.52.24:957][  0]LocalizationService: Info Localization service is disabled
[2017.03.30-16.52.25:751][  0]LogConsoleResponse:Display: 
[2017.03.30-16.52.27:268][  0]LogFileCache: Scanning file cache for directory 'C:/Users/jerry/Documents/GitHub/senior-design/DicomVisual/Content/' took 0.01s
[2017.03.30-16.52.27:268][  0]LogCook:Display: Max memory allowance for cook 16384mb min free memory 0mb
[2017.03.30-16.52.27:284][  0]LogCook:Display: Mobile HDR setting 0
[2017.03.30-16.52.29:087][  0]SourceControl: Info Source control is disabled
[2017.03.30-16.52.29:122][  0]Cmd: MAP LOAD FILE="C:/Users/jerry/Documents/GitHub/senior-design/DicomVisual/Content/FirstPersonBP/Maps/FirstPersonExampleMap.umap" TEMPLATE=0 SHOWPROGRESS=1 FEATURELEVEL=3
[2017.03.30-16.52.29:131][  0]LightingResults: New page: Lighting Build
[2017.03.30-16.52.29:272][  0]MapCheck: New page: Map Check
[2017.03.30-16.52.29:272][  0]LightingResults: New page: Lighting Build
[2017.03.30-16.52.30:387][  0]LogLinker:Warning: Can't find file '/Game/FirstPersonBP/Maps/FirstPersonExampleMap_BuiltData'
[2017.03.30-16.52.30:388][  0]LogLinker:Warning: Can't find file for asset '/Game/FirstPersonBP/Maps/FirstPersonExampleMap_BuiltData' while loading C:/Users/jerry/Documents/GitHub/senior-design/DicomVisual/Content/FirstPersonBP/Maps/FirstPersonExampleMap.umap.
[2017.03.30-16.52.30:388][  0]LoadErrors:Error: Error /Game/FirstPersonBP/Maps/FirstPersonExampleMap : Can't find file for asset. /Game/FirstPersonBP/Maps/FirstPersonExampleMap_BuiltData
[2017.03.30-16.52.30:402][  0]LogLinker:Warning: Can't find file '/Game/FirstPersonBP/Maps/FirstPersonExampleMap_BuiltData'
[2017.03.30-16.52.30:402][  0]LogLinker:Warning: Can't find file for asset '/Game/FirstPersonBP/Maps/FirstPersonExampleMap_BuiltData' while loading C:/Users/jerry/Documents/GitHub/senior-design/DicomVisual/Content/FirstPersonBP/Maps/FirstPersonExampleMap.umap.
[2017.03.30-16.52.30:402][  0]LoadErrors:Error: Error /Game/FirstPersonBP/Maps/FirstPersonExampleMap : Can't find file for asset. /Game/FirstPersonBP/Maps/FirstPersonExampleMap_BuiltData
[2017.03.30-16.52.30:410][  0]LogLinker:Warning: Can't find file '/Game/FirstPersonBP/Maps/FirstPersonExampleMap_BuiltData'
[2017.03.30-16.52.30:410][  0]LogLinker:Warning: Can't find file for asset '/Game/FirstPersonBP/Maps/FirstPersonExampleMap_BuiltData' while loading NULL.
[2017.03.30-16.52.30:410][  0]LogLinker:Warning: Can't find file '/Game/FirstPersonBP/Maps/FirstPersonExampleMap_BuiltData'
[2017.03.30-16.52.30:410][  0]LogLinker:Warning: Can't find file for asset '/Game/FirstPersonBP/Maps/FirstPersonExampleMap_BuiltData' while loading NULL.
[2017.03.30-16.52.30:468][  0]LogLinker:Warning: Can't find file '/Game/FirstPersonBP/Maps/FirstPersonExampleMap_BuiltData'
[2017.03.30-16.52.30:468][  0]LoadErrors: Info Failed to load /Game/FirstPersonBP/Maps/FirstPersonExampleMap_BuiltData.FirstPersonExampleMap_BuiltData Referenced by PersistentLevel
[2017.03.30-16.52.30:468][  0]LogLinker:Warning: Can't find file for asset '/Game/FirstPersonBP/Maps/FirstPersonExampleMap_BuiltData' while loading NULL.
[2017.03.30-16.52.30:468][  0]LoadErrors: Info Failed to load /Game/FirstPersonBP/Maps/FirstPersonExampleMap_BuiltData.FirstPersonExampleMap_BuiltData Referenced by PersistentLevel
[2017.03.30-16.52.30:847][  0]LogAIModule: Creating AISystem for world FirstPersonExampleMap
[2017.03.30-16.52.31:430][  0]LogEditorServer: Finished looking for orphan Actors (0.000 secs)
[2017.03.30-16.52.31:460][  0]Cmd: MAP CHECKDEP NOCLEARLOG
[2017.03.30-16.52.31:504][  0]MapCheck: Info Map check complete: 0 Error(s), 0 Warning(s), took 43.384ms to complete.
[2017.03.30-16.52.31:504][  0]LogFileHelpers: Loading map 'FirstPersonExampleMap' took 2.387
[2017.03.30-16.52.32:091][  0]LogWindowsTextInputMethodSystem:Display: IME system now deactivated.
[2017.03.30-16.52.32:685][  0]LogCollectionManager: Loaded 0 collections in 0.000701 seconds
[2017.03.30-16.52.32:816][  0]LogFileCache: Scanning file cache for directory 'C:/Users/jerry/Documents/GitHub/senior-design/DicomVisual/Saved/Collections/' took 0.01s
[2017.03.30-16.52.32:816][  0]LogFileCache: Scanning file cache for directory 'C:/Users/jerry/Documents/GitHub/senior-design/DicomVisual/Content/Developers/jerry/Collections/' took 0.01s
[2017.03.30-16.52.32:816][  0]LogFileCache: Scanning file cache for directory 'C:/Users/jerry/Documents/GitHub/senior-design/DicomVisual/Content/Collections/' took 0.01s
[2017.03.30-16.52.32:816][  0]LogCollectionManager: Rebuilt the GUID cache for 0 collections in 0.000002 seconds
[2017.03.30-16.52.32:840][  0]LogContentBrowser: Native class hierarchy populated in 0.0227 seconds. Added 2190 classes and 428 folders.
[2017.03.30-16.52.32:899][  0]LogStats: UGameplayTagsManager::ConstructGameplayTagTree: Construct from data asset -  0.000 s
[2017.03.30-16.52.32:899][  0]LogStats: UGameplayTagsManager::ConstructGameplayTagTree: GameplayTagTreeChangedEvent.Broadcast -  0.000 s
[2017.03.30-16.52.32:900][  0]LogContentBrowser: Native class hierarchy updated for 'GameplayTags' in 0.0004 seconds. Added 13 classes and 0 folders.
[2017.03.30-16.52.32:942][  0]LogContentBrowser: Native class hierarchy updated for 'WidgetCarousel' in 0.0003 seconds. Added 0 classes and 0 folders.
[2017.03.30-16.52.34:069][  0]LogContentBrowser: Native class hierarchy updated for 'AddContentDialog' in 0.0005 seconds. Added 0 classes and 0 folders.
[2017.03.30-16.52.34:133][  0]LogContentBrowser: Native class hierarchy updated for 'SceneOutliner' in 0.0004 seconds. Added 1 classes and 2 folders.
[2017.03.30-16.52.34:855][  0]LogCrashTracker: Crashtracker disabled due to settings.
[2017.03.30-16.52.34:945][  0]LogUObjectGlobals:Warning: Failed to find object 'Class None.'
[2017.03.30-16.52.35:040][  0]LogContentBrowser: Native class hierarchy updated for 'HierarchicalLODOutliner' in 0.0005 seconds. Added 1 classes and 2 folders.
[2017.03.30-16.52.35:040][  0]LogLoad: (Engine Initialization) Total time: 51.10 seconds
[2017.03.30-16.52.35:040][  0]LogLoad: (Engine Initialization) Total Blueprint compile time: 0.78 seconds
[2017.03.30-16.52.35:054][  0]LogExternalProfiler: Found external profiler: VSPerf
[2017.03.30-16.52.35:054][  0]LogExternalProfiler: Using external profiler: VSPerf
[2017.03.30-16.52.35:075][  0]LogOcInput: OculusInput pre-init called
[2017.03.30-16.52.35:224][  0]LogContentStreaming: Texture pool size now 1000 MB
[2017.03.30-16.52.35:861][  0]LogRenderer: Reallocating scene render targets to support 728x540 NumSamples 1 (Frame:2).
[2017.03.30-16.52.36:187][  2]LogAssetRegistry: Asset discovery search completed in 26.1378 seconds
[2017.03.30-16.52.36:192][  2]LogCollectionManager: Rebuilt the object cache for 0 collections in 0.000001 seconds (found 0 objects)
[2017.03.30-16.52.36:192][  2]LogCollectionManager: Fixed up redirectors for 0 collections in 0.005105 seconds (updated 0 objects)
[2017.03.30-16.53.04:434][263]LogAIModule: Creating AISystem for world VRMap
[2017.03.30-16.53.04:536][263]Cmd: MAP LOAD FILE="C:/Users/jerry/Documents/GitHub/senior-design/DicomVisual/Content/FirstPersonBP/Maps/VRMap.umap" TEMPLATE=0 SHOWPROGRESS=1 FEATURELEVEL=3
[2017.03.30-16.53.04:536][263]LightingResults: New page: Lighting Build
[2017.03.30-16.53.04:537][263]LoadErrors: New page: Loading map: VRMap.umap
[2017.03.30-16.53.04:537][263]MapCheck: New page: Map Check
[2017.03.30-16.53.04:538][263]LightingResults: New page: Lighting Build
[2017.03.30-16.53.04:603][263]LogEditorServer: Finished looking for orphan Actors (0.000 secs)
[2017.03.30-16.53.04:632][263]Cmd: MAP CHECKDEP NOCLEARLOG
[2017.03.30-16.53.04:657][263]MapCheck: Info Map check complete: 0 Error(s), 0 Warning(s), took 25.063ms to complete.
[2017.03.30-16.53.04:658][263]LogFileHelpers: Loading map 'VRMap' took 0.137
[2017.03.30-16.54.33:263][654]LogContentBrowser: Native class hierarchy updated for 'BlueprintGraph' in 0.0007 seconds. Added 111 classes and 0 folders.
[2017.03.30-16.55.21:601][ 84]BlueprintLog: New page: Compile FirstPersonCharacter
[2017.03.30-16.55.29:774][923]LogSavePackage: Save=63.95ms
[2017.03.30-16.55.29:774][923]LogSavePackage: Moving 'C:/Users/jerry/Documents/GitHub/senior-design/DicomVisual/Saved/FirstPersonCharacterE201277A44F5AA274150C3A42B19EE43.tmp' to 'C:/Users/jerry/Documents/GitHub/senior-design/DicomVisual/Content/FirstPersonBP/Blueprints/FirstPersonCharacter.uasset'
[2017.03.30-16.55.29:776][923]LogSavePackage:Display: Finished SavePackage C:/Users/jerry/Documents/GitHub/senior-design/DicomVisual/Content/FirstPersonBP/Blueprints/FirstPersonCharacter.uasset
[2017.03.30-16.55.31:219][ 76]LogSavePackage: Save=82.18ms
[2017.03.30-16.55.31:219][ 76]LogSavePackage: Moving 'C:/Users/jerry/Documents/GitHub/senior-design/DicomVisual/Saved/VRMap61D86AFB43312D09C04E8B9AF31FEC0A.tmp' to 'C:/Users/jerry/Documents/GitHub/senior-design/DicomVisual/Content/FirstPersonBP/Maps/VRMap.umap'
[2017.03.30-16.55.31:222][ 76]LogSavePackage:Display: Finished SavePackage C:/Users/jerry/Documents/GitHub/senior-design/DicomVisual/Content/FirstPersonBP/Maps/VRMap.umap
[2017.03.30-16.55.33:209][300]LogEditorViewport: Clicking on Actor (LMB): FirstPersonCharacter_C (FirstPersonCharacter)
[2017.03.30-16.55.34:248][408]Cmd: CAMERA ALIGN ACTIVEVIEWPORTONLY
[2017.03.30-16.55.37:546][770]LogEditorViewport: Clicking on Actor (LMB): StaticMeshActor (Floor)
[2017.03.30-16.55.55:984][975]LogEditorViewport: Clicking on Actor (LMB): StaticMeshActor (Floor)
[2017.03.30-16.55.57:268][129]LogEditorViewport: Clicking on Actor (LMB): FirstPersonCharacter_C (FirstPersonCharacter)
[2017.03.30-16.55.58:070][218]LogEditorViewport: Clicking on Actor (LMB): StaticMeshActor (Floor)
[2017.03.30-16.56.26:076][573]LogEditorViewport: Clicking on Actor (LMB): FirstPersonCharacter_C (FirstPersonCharacter)
[2017.03.30-16.56.26:885][663]LogEditorViewport: Clicking on Actor (LMB): FirstPersonCharacter_C (FirstPersonCharacter)
[2017.03.30-16.56.27:496][736]LogEditorViewport: Clicking on Actor (LMB): FirstPersonCharacter_C (FirstPersonCharacter)
[2017.03.30-17.00.43:394][896]BlueprintLog: New page: Compile Menu
[2017.03.30-17.00.44:294][994]Cmd: OBJ SAVEPACKAGE PACKAGE="/Game/FirstPerson/Menu/Menu" FILE="C:/Users/jerry/Documents/GitHub/senior-design/DicomVisual/Content/FirstPerson/Menu/Menu.uasset" SILENT=true
[2017.03.30-17.00.44:301][994]LogSavePackage: Save=5.54ms
[2017.03.30-17.00.44:301][994]LogSavePackage: Moving 'C:/Users/jerry/Documents/GitHub/senior-design/DicomVisual/Saved/Menu51380C184F0BF27BCCB23B936063A877.tmp' to 'C:/Users/jerry/Documents/GitHub/senior-design/DicomVisual/Content/FirstPerson/Menu/Menu.uasset'
[2017.03.30-17.00.44:302][994]LogSavePackage:Display: Finished SavePackage C:/Users/jerry/Documents/GitHub/senior-design/DicomVisual/Content/FirstPerson/Menu/Menu.uasset
[2017.03.30-17.06.19:921][ 23]Cmd: TRANSACTION UNDO
[2017.03.30-17.06.19:921][ 23]LogEditorTransaction: Undo Edit Content Color and Opacity
[2017.03.30-17.07.28:033][ 57]BlueprintLog: New page: Compile Menu
[2017.03.30-17.07.29:094][174]Cmd: OBJ SAVEPACKAGE PACKAGE="/Game/FirstPerson/Menu/Menu" FILE="C:/Users/jerry/Documents/GitHub/senior-design/DicomVisual/Content/FirstPerson/Menu/Menu.uasset" SILENT=true
[2017.03.30-17.07.29:111][174]LogSavePackage: Save=7.85ms
[2017.03.30-17.07.29:111][174]LogSavePackage: Moving 'C:/Users/jerry/Documents/GitHub/senior-design/DicomVisual/Saved/MenuD8CE98A44B3A1A4C4536388EE0CBC054.tmp' to 'C:/Users/jerry/Documents/GitHub/senior-design/DicomVisual/Content/FirstPerson/Menu/Menu.uasset'
[2017.03.30-17.07.29:113][174]LogSavePackage:Display: Finished SavePackage C:/Users/jerry/Documents/GitHub/senior-design/DicomVisual/Content/FirstPerson/Menu/Menu.uasset
[2017.03.30-17.12.16:719][284]LogRenderer: Reallocating scene render targets to support 760x668 NumSamples 1 (Frame:72629).
[2017.03.30-17.12.19:003][558]BlueprintLog: New page: Compile MenuWidget
[2017.03.30-17.12.19:636][619]Cmd: OBJ SAVEPACKAGE PACKAGE="/Game/FirstPerson/Menu/MenuWidget" FILE="C:/Users/jerry/Documents/GitHub/senior-design/DicomVisual/Content/FirstPerson/Menu/MenuWidget.uasset" SILENT=true
[2017.03.30-17.12.19:645][619]LogSavePackage: Save=7.14ms
[2017.03.30-17.12.19:645][619]LogSavePackage: Moving 'C:/Users/jerry/Documents/GitHub/senior-design/DicomVisual/Saved/MenuWidget46DA968B491A9A1FB37A1CB4375DFABB.tmp' to 'C:/Users/jerry/Documents/GitHub/senior-design/DicomVisual/Content/FirstPerson/Menu/MenuWidget.uasset'
[2017.03.30-17.12.19:646][619]LogSavePackage:Display: Finished SavePackage C:/Users/jerry/Documents/GitHub/senior-design/DicomVisual/Content/FirstPerson/Menu/MenuWidget.uasset
[2017.03.30-17.14.40:190][373]BlueprintLog: New page: Compile MenuWidget
[2017.03.30-17.14.40:940][439]Cmd: OBJ SAVEPACKAGE PACKAGE="/Game/FirstPerson/Menu/MenuWidget" FILE="C:/Users/jerry/Documents/GitHub/senior-design/DicomVisual/Content/FirstPerson/Menu/MenuWidget.uasset" SILENT=true
[2017.03.30-17.14.40:961][439]LogSavePackage: Save=13.77ms
[2017.03.30-17.14.40:961][439]LogSavePackage: Moving 'C:/Users/jerry/Documents/GitHub/senior-design/DicomVisual/Saved/MenuWidgetE6D28BB1483967F432B6519B4238FBF1.tmp' to 'C:/Users/jerry/Documents/GitHub/senior-design/DicomVisual/Content/FirstPerson/Menu/MenuWidget.uasset'
[2017.03.30-17.14.40:963][439]LogSavePackage:Display: Finished SavePackage C:/Users/jerry/Documents/GitHub/senior-design/DicomVisual/Content/FirstPerson/Menu/MenuWidget.uasset
[2017.03.30-17.15.34:883][844]BlueprintLog: New page: Compile Menu
[2017.03.30-17.15.35:710][933]Cmd: OBJ SAVEPACKAGE PACKAGE="/Game/FirstPerson/Menu/Menu" FILE="C:/Users/jerry/Documents/GitHub/senior-design/DicomVisual/Content/FirstPerson/Menu/Menu.uasset" SILENT=true
[2017.03.30-17.15.35:726][933]LogSavePackage: Save=9.48ms
[2017.03.30-17.15.35:726][933]LogSavePackage: Moving 'C:/Users/jerry/Documents/GitHub/senior-design/DicomVisual/Saved/MenuA2778682470015E57C29F588E0C51476.tmp' to 'C:/Users/jerry/Documents/GitHub/senior-design/DicomVisual/Content/FirstPerson/Menu/Menu.uasset'
[2017.03.30-17.15.35:728][933]LogSavePackage:Display: Finished SavePackage C:/Users/jerry/Documents/GitHub/senior-design/DicomVisual/Content/FirstPerson/Menu/Menu.uasset
[2017.03.30-17.19.32:855][146]BlueprintLog: New page: Compile MenuWidget
[2017.03.30-17.19.34:318][297]Cmd: OBJ SAVEPACKAGE PACKAGE="/Game/FirstPerson/Menu/MenuWidget" FILE="C:/Users/jerry/Documents/GitHub/senior-design/DicomVisual/Content/FirstPerson/Menu/MenuWidget.uasset" SILENT=true
[2017.03.30-17.19.34:336][297]LogSavePackage: Save=15.14ms
[2017.03.30-17.19.34:336][297]LogSavePackage: Moving 'C:/Users/jerry/Documents/GitHub/senior-design/DicomVisual/Saved/MenuWidgetE7918E5B45B2F60E76257C905AFA5DE8.tmp' to 'C:/Users/jerry/Documents/GitHub/senior-design/DicomVisual/Content/FirstPerson/Menu/MenuWidget.uasset'
[2017.03.30-17.19.34:338][297]LogSavePackage:Display: Finished SavePackage C:/Users/jerry/Documents/GitHub/senior-design/DicomVisual/Content/FirstPerson/Menu/MenuWidget.uasset
[2017.03.30-17.19.40:520][ 38]LogSlate:Warning: Prevented a slow task dialog from being summoned while a context menu was open
[2017.03.30-17.21.06:634][213]BlueprintLog: New page: Compile MenuWidget
[2017.03.30-17.21.07:297][279]Cmd: OBJ SAVEPACKAGE PACKAGE="/Game/FirstPerson/Menu/MenuWidget" FILE="C:/Users/jerry/Documents/GitHub/senior-design/DicomVisual/Content/FirstPerson/Menu/MenuWidget.uasset" SILENT=true
[2017.03.30-17.21.07:320][279]LogSavePackage: Save=16.90ms
[2017.03.30-17.21.07:320][279]LogSavePackage: Moving 'C:/Users/jerry/Documents/GitHub/senior-design/DicomVisual/Saved/MenuWidget5706760044894A3D4378D18ECD7B6876.tmp' to 'C:/Users/jerry/Documents/GitHub/senior-design/DicomVisual/Content/FirstPerson/Menu/MenuWidget.uasset'
[2017.03.30-17.21.07:322][279]LogSavePackage:Display: Finished SavePackage C:/Users/jerry/Documents/GitHub/senior-design/DicomVisual/Content/FirstPerson/Menu/MenuWidget.uasset
[2017.03.30-17.21.32:908][312]BlueprintLog: New page: Compile MenuWidget
[2017.03.30-17.21.33:424][361]Cmd: OBJ SAVEPACKAGE PACKAGE="/Game/FirstPerson/Menu/MenuWidget" FILE="C:/Users/jerry/Documents/GitHub/senior-design/DicomVisual/Content/FirstPerson/Menu/MenuWidget.uasset" SILENT=true
[2017.03.30-17.21.33:445][361]LogSavePackage: Save=18.70ms
[2017.03.30-17.21.33:445][361]LogSavePackage: Moving 'C:/Users/jerry/Documents/GitHub/senior-design/DicomVisual/Saved/MenuWidgetAFCFC87A473E792359D0C1A72D5CF6F0.tmp' to 'C:/Users/jerry/Documents/GitHub/senior-design/DicomVisual/Content/FirstPerson/Menu/MenuWidget.uasset'
[2017.03.30-17.21.33:447][361]LogSavePackage:Display: Finished SavePackage C:/Users/jerry/Documents/GitHub/senior-design/DicomVisual/Content/FirstPerson/Menu/MenuWidget.uasset
[2017.03.30-17.23.24:101][528]LogSavePackage: Save=78.47ms
[2017.03.30-17.23.24:101][528]LogSavePackage: Moving 'C:/Users/jerry/Documents/GitHub/senior-design/DicomVisual/Saved/VRMap_Auto144FB8F924B189C25DBA01185CD9256EF.tmp' to 'C:/Users/jerry/Documents/GitHub/senior-design/DicomVisual/Saved/Autosaves/Game/FirstPersonBP/Maps/VRMap_Auto1.umap'
[2017.03.30-17.23.24:102][528]LogSavePackage:Display: Finished SavePackage C:/Users/jerry/Documents/GitHub/senior-design/DicomVisual/Saved/Autosaves/Game/FirstPersonBP/Maps/VRMap_Auto1.umap
[2017.03.30-17.23.24:112][528]LogFileHelpers: Editor autosave (incl. sublevels) for '/Game/FirstPersonBP/Maps/VRMap' took 0.106
[2017.03.30-17.23.24:112][528]LogFileHelpers: Editor autosave (incl. sublevels) for all levels took 0.106
[2017.03.30-17.23.24:115][528]OBJ SavePackage: Generating thumbnails for [1] asset(s) in package [/Game/FirstPersonBP/Blueprints/FirstPersonCharacter] ([1] browsable assets)...
[2017.03.30-17.23.24:124][528]OBJ SavePackage:     Rendered thumbnail for [Blueprint /Game/FirstPersonBP/Blueprints/FirstPersonCharacter.FirstPersonCharacter]
[2017.03.30-17.23.24:124][528]OBJ SavePackage: Finished generating thumbnails for package [/Game/FirstPersonBP/Blueprints/FirstPersonCharacter]
[2017.03.30-17.23.24:173][528]LogSavePackage: Save=42.19ms
[2017.03.30-17.23.24:173][528]LogSavePackage: Moving 'C:/Users/jerry/Documents/GitHub/senior-design/DicomVisual/Saved/FirstPersonCharacter_Auto12BAECE1F4928B07E34ACE590F8059DB2.tmp' to 'C:/Users/jerry/Documents/GitHub/senior-design/DicomVisual/Saved/Autosaves/Game/FirstPersonBP/Blueprints/FirstPersonCharacter_Auto1.uasset'
[2017.03.30-17.23.24:174][528]LogSavePackage:Display: Finished SavePackage C:/Users/jerry/Documents/GitHub/senior-design/DicomVisual/Saved/Autosaves/Game/FirstPersonBP/Blueprints/FirstPersonCharacter_Auto1.uasset
[2017.03.30-17.23.24:174][528]LogFileHelpers: Auto-saving content packages took 0.062
[2017.03.30-17.23.34:877][763]BlueprintLog: New page: Compile FirstPersonCharacter
[2017.03.30-17.23.46:242][ 65]BlueprintLog: New page: Compile FirstPersonCharacter
[2017.03.30-17.23.47:164][142]LogSavePackage: Save=43.24ms
[2017.03.30-17.23.47:164][142]LogSavePackage: Moving 'C:/Users/jerry/Documents/GitHub/senior-design/DicomVisual/Saved/FirstPersonCharacter4757E4BE4E7F8ADA51062693085BD5E9.tmp' to 'C:/Users/jerry/Documents/GitHub/senior-design/DicomVisual/Content/FirstPersonBP/Blueprints/FirstPersonCharacter.uasset'
[2017.03.30-17.23.47:168][142]LogSavePackage:Display: Finished SavePackage C:/Users/jerry/Documents/GitHub/senior-design/DicomVisual/Content/FirstPersonBP/Blueprints/FirstPersonCharacter.uasset
[2017.03.30-17.23.48:939][340]LogSavePackage: Save=76.23ms
[2017.03.30-17.23.48:939][340]LogSavePackage: Moving 'C:/Users/jerry/Documents/GitHub/senior-design/DicomVisual/Saved/VRMap7066CA8B4ACAB4F5945AF8AB2FFB3221.tmp' to 'C:/Users/jerry/Documents/GitHub/senior-design/DicomVisual/Content/FirstPersonBP/Maps/VRMap.umap'
[2017.03.30-17.23.48:942][340]LogSavePackage:Display: Finished SavePackage C:/Users/jerry/Documents/GitHub/senior-design/DicomVisual/Content/FirstPersonBP/Maps/VRMap.umap
[2017.03.30-17.23.57:189][326]LogSlate:Warning: Prevented a slow task dialog from being summoned while a context menu was open
[2017.03.30-17.25.01:466][914]BlueprintLog: New page: Compile FirstPersonCharacter
[2017.03.30-17.25.02:156][959]LogSavePackage: Save=44.97ms
[2017.03.30-17.25.02:156][959]LogSavePackage: Moving 'C:/Users/jerry/Documents/GitHub/senior-design/DicomVisual/Saved/FirstPersonCharacterD4D32C9D46933935D9CBC482AFE6C976.tmp' to 'C:/Users/jerry/Documents/GitHub/senior-design/DicomVisual/Content/FirstPersonBP/Blueprints/FirstPersonCharacter.uasset'
[2017.03.30-17.25.02:157][959]LogSavePackage:Display: Finished SavePackage C:/Users/jerry/Documents/GitHub/senior-design/DicomVisual/Content/FirstPersonBP/Blueprints/FirstPersonCharacter.uasset
[2017.03.30-17.25.03:415][ 98]LogSavePackage: Save=75.79ms
[2017.03.30-17.25.03:415][ 98]LogSavePackage: Moving 'C:/Users/jerry/Documents/GitHub/senior-design/DicomVisual/Saved/VRMapABD0B9E94B204879C9B1D7AA72DA35D7.tmp' to 'C:/Users/jerry/Documents/GitHub/senior-design/DicomVisual/Content/FirstPersonBP/Maps/VRMap.umap'
[2017.03.30-17.25.03:417][ 98]LogSavePackage:Display: Finished SavePackage C:/Users/jerry/Documents/GitHub/senior-design/DicomVisual/Content/FirstPersonBP/Maps/VRMap.umap
[2017.03.30-17.25.25:611][715]LogActorComponent: UnregisterComponent: (/Engine/Transient.EditorFloorComp) Not registered. Aborting.
[2017.03.30-17.25.25:882][716]Cmd: QUIT_EDITOR
[2017.03.30-17.25.26:008][716]LogWindowsTextInputMethodSystem:Display: IME system now deactivated.
[2017.03.30-17.25.26:025][716]LogExit: Preparing to exit.
[2017.03.30-17.25.26:874][716]LogExit: Editor shut down
[2017.03.30-17.25.26:874][716]LogExit: Transaction tracking system shut down
[2017.03.30-17.25.27:207][716]LogObj: Freed 0b from 0 cluster array pools.
[2017.03.30-17.25.27:207][716]LogExit: Object subsystem successfully closed.
[2017.03.30-17.25.27:240][716]LogD3D11RHI: Shutdown
[2017.03.30-17.25.27:240][716]LogD3D11RHI: CleanupD3DDevice
[2017.03.30-17.25.27:296][716]LogD3D11RHI: ~FD3D11DynamicRHI
[2017.03.30-17.25.27:481][716]LogHttp:Display: Http module shutting down, but needs to wait on 1 outstanding Http requests:
[2017.03.30-17.25.27:481][716]LogHttp:Display: 	verb=[POST] url=[https://datarouter.ol.epicgames.com/datarouter/api/v1/public/data?SessionID=%7B6629C55D-4E30-5881-3C0C-02B2971B8BC2%7D&AppID=UEEditor.Rocket.Release&AppVersion=4.14.1-3224400%2B%2B%2BUE4%2BRelease-4.14&UserID=0f989e0444fadd651925079f0f42c72a%7C0a34f74345724195b9ac8b33fa1ec343%7Cb13f9ae6-cbd3-4741-a19b-77a273714184&AppEnvironment=datacollector-binary&UploadType=eteventstream] status=Processing
[2017.03.30-17.25.27:513][716]LogModuleManager: Shutting down and abandoning module SequencerWidgets (244)
[2017.03.30-17.25.27:513][716]LogModuleManager: Shutting down and abandoning module BlueprintGraph (243)
[2017.03.30-17.25.27:513][716]LogModuleManager: Shutting down and abandoning module BlueprintProfiler (242)
[2017.03.30-17.25.27:513][716]LogModuleManager: Shutting down and abandoning module HierarchicalLODOutliner (241)
[2017.03.30-17.25.27:514][716]LogModuleManager: Shutting down and abandoning module CrashTracker (240)
[2017.03.30-17.25.27:514][716]LogModuleManager: Shutting down and abandoning module SceneOutliner (239)
[2017.03.30-17.25.27:514][716]LogModuleManager: Shutting down and abandoning module WidgetCarousel (238)
[2017.03.30-17.25.27:514][716]LogModuleManager: Shutting down and abandoning module AddContentDialog (237)
[2017.03.30-17.25.27:514][716]LogDirectoryWatcher: A directory notification for 'D:/Epic Games/4.14/FeaturePacks/' was aborted.
[2017.03.30-17.25.27:514][716]LogModuleManager: Shutting down and abandoning module GameplayTags (236)
[2017.03.30-17.25.27:514][716]LogModuleManager: Shutting down and abandoning module EditorWidgets (235)
[2017.03.30-17.25.27:514][716]LogModuleManager: Shutting down and abandoning module CollectionManager (234)
[2017.03.30-17.25.27:514][716]LogDirectoryWatcher: A directory notification for 'C:/Users/jerry/Documents/GitHub/senior-design/DicomVisual/Content/Collections/' was aborted.
[2017.03.30-17.25.27:514][716]LogDirectoryWatcher: A directory notification for 'C:/Users/jerry/Documents/GitHub/senior-design/DicomVisual/Content/Developers/jerry/Collections/' was aborted.
[2017.03.30-17.25.27:514][716]LogDirectoryWatcher: A directory notification for 'C:/Users/jerry/Documents/GitHub/senior-design/DicomVisual/Saved/Collections/' was aborted.
[2017.03.30-17.25.27:514][716]LogModuleManager: Shutting down and abandoning module StatsViewer (233)
[2017.03.30-17.25.27:519][716]LogModuleManager: Shutting down and abandoning module FoliageEdit (232)
[2017.03.30-17.25.27:519][716]LogModuleManager: Shutting down and abandoning module LandscapeEditor (231)
[2017.03.30-17.25.27:524][716]LogModuleManager: Shutting down and abandoning module SceneDepthPickerMode (230)
[2017.03.30-17.25.27:524][716]LogModuleManager: Shutting down and abandoning module ActorPickerMode (229)
[2017.03.30-17.25.27:524][716]LogModuleManager: Shutting down and abandoning module GeometryMode (228)
[2017.03.30-17.25.27:524][716]LogModuleManager: Shutting down and abandoning module TextureAlignMode (227)
[2017.03.30-17.25.27:524][716]LogModuleManager: Shutting down and abandoning module BspMode (226)
[2017.03.30-17.25.27:524][716]LogModuleManager: Shutting down and abandoning module HardwareSurvey (225)
[2017.03.30-17.25.27:524][716]LogModuleManager: Shutting down and abandoning module SequenceRecorderSections (224)
[2017.03.30-17.25.27:524][716]LogModuleManager: Shutting down and abandoning module AutomationWorker (223)
[2017.03.30-17.25.27:524][716]LogModuleManager: Shutting down and abandoning module MatineeToLevelSequence (222)
[2017.03.30-17.25.27:524][716]LogModuleManager: Shutting down and abandoning module PlacementMode (221)
[2017.03.30-17.25.27:536][716]LogModuleManager: Shutting down and abandoning module LevelSequenceEditor (220)
[2017.03.30-17.25.27:543][716]LogModuleManager: Shutting down and abandoning module WmfMediaFactory (219)
[2017.03.30-17.25.27:543][716]LogModuleManager: Shutting down and abandoning module WmfMediaEditor (218)
[2017.03.30-17.25.27:543][716]LogModuleManager: Shutting down and abandoning module AvfMediaFactory (217)
[2017.03.30-17.25.27:543][716]LogModuleManager: Shutting down and abandoning module AvfMediaEditor (216)
[2017.03.30-17.25.27:543][716]LogModuleManager: Shutting down and abandoning module Media (215)
[2017.03.30-17.25.27:543][716]LogModuleManager: Shutting down and abandoning module AndroidMediaFactory (214)
[2017.03.30-17.25.27:543][716]LogModuleManager: Shutting down and abandoning module AndroidMediaEditor (213)
[2017.03.30-17.25.27:543][716]LogModuleManager: Shutting down and abandoning module CharacterAI (212)
[2017.03.30-17.25.27:543][716]LogModuleManager: Shutting down and abandoning module SequenceRecorder (211)
[2017.03.30-17.25.27:543][716]LogModuleManager: Shutting down and abandoning module AudioCapture (210)
[2017.03.30-17.25.27:543][716]LogModuleManager: Shutting down and abandoning module SmartSnapping (209)
[2017.03.30-17.25.27:543][716]LogModuleManager: Shutting down and abandoning module SessionServices (208)
[2017.03.30-17.25.27:543][716]LogModuleManager: Shutting down and abandoning module ViewportSnapping (207)
[2017.03.30-17.25.27:543][716]LogModuleManager: Shutting down and abandoning module ViewportInteraction (206)
[2017.03.30-17.25.27:543][716]LogModuleManager: Shutting down and abandoning module LogVisualizer (205)
[2017.03.30-17.25.27:551][716]LogModuleManager: Shutting down and abandoning module GameProjectGeneration (204)
[2017.03.30-17.25.27:562][716]LogModuleManager: Shutting down and abandoning module IntroTutorials (203)
[2017.03.30-17.25.27:573][716]LogModuleManager: Shutting down and abandoning module EditorLiveStreaming (202)
[2017.03.30-17.25.27:573][716]LogModuleManager: Shutting down and abandoning module IOSPlatformEditor (201)
[2017.03.30-17.25.27:573][716]LogModuleManager: Shutting down and abandoning module HTML5PlatformEditor (200)
[2017.03.30-17.25.27:573][716]LogModuleManager: Shutting down and abandoning module AndroidDeviceDetection (199)
[2017.03.30-17.25.27:872][716]LogModuleManager: Shutting down and abandoning module AndroidPlatformEditor (198)
[2017.03.30-17.25.27:872][716]LogModuleManager: Shutting down and abandoning module IOSRuntimeSettings (197)
[2017.03.30-17.25.27:872][716]LogModuleManager: Shutting down and abandoning module AndroidRuntimeSettings (196)
[2017.03.30-17.25.27:872][716]LogModuleManager: Shutting down and abandoning module InputBindingEditor (195)
[2017.03.30-17.25.27:872][716]LogModuleManager: Shutting down and abandoning module NiagaraEditor (194)
[2017.03.30-17.25.27:917][716]LogModuleManager: Shutting down and abandoning module MergeActors (193)
[2017.03.30-17.25.27:923][716]LogModuleManager: Shutting down and abandoning module SizeMap (192)
[2017.03.30-17.25.27:923][716]LogModuleManager: Shutting down and abandoning module TreeMap (191)
[2017.03.30-17.25.27:923][716]LogModuleManager: Shutting down and abandoning module ReferenceViewer (190)
[2017.03.30-17.25.27:923][716]LogModuleManager: Shutting down and abandoning module LocalizationService (189)
[2017.03.30-17.25.27:923][716]LogModuleManager: Shutting down and abandoning module LocalizationDashboard (188)
[2017.03.30-17.25.27:928][716]LogModuleManager: Shutting down and abandoning module HardwareTargeting (187)
[2017.03.30-17.25.27:928][716]LogModuleManager: Shutting down and abandoning module DeviceProfileEditor (186)
[2017.03.30-17.25.27:932][716]LogModuleManager: Shutting down and abandoning module UndoHistory (185)
[2017.03.30-17.25.27:945][716]LogModuleManager: Shutting down and abandoning module UserFeedback (184)
[2017.03.30-17.25.27:945][716]LogModuleManager: Shutting down and abandoning module XmlParser (183)
[2017.03.30-17.25.27:945][716]LogModuleManager: Shutting down and abandoning module Blutility (182)
[2017.03.30-17.25.27:945][716]LogModuleManager: Shutting down and abandoning module ProjectTargetPlatformEditor (181)
[2017.03.30-17.25.27:945][716]LogModuleManager: Shutting down and abandoning module ProjectSettingsViewer (180)
[2017.03.30-17.25.27:945][716]LogModuleManager: Shutting down and abandoning module EditorSettingsViewer (179)
[2017.03.30-17.25.27:945][716]LogModuleManager: Shutting down and abandoning module SettingsEditor (178)
[2017.03.30-17.25.27:952][716]LogModuleManager: Shutting down and abandoning module ProjectLauncher (177)
[2017.03.30-17.25.27:971][716]LogModuleManager: Shutting down and abandoning module SessionFrontend (176)
[2017.03.30-17.25.27:980][716]LogModuleManager: Shutting down and abandoning module ProfilerClient (175)
[2017.03.30-17.25.27:986][716]LogModuleManager: Shutting down and abandoning module TargetDeviceServices (174)
[2017.03.30-17.25.27:986][716]LogModuleManager: Shutting down and abandoning module DeviceManager (173)
[2017.03.30-17.25.28:031][716]LogModuleManager: Shutting down and abandoning module AutomationController (172)
[2017.03.30-17.25.28:031][716]LogModuleManager: Shutting down and abandoning module AutomationWindow (171)
[2017.03.30-17.25.28:043][716]LogModuleManager: Shutting down and abandoning module Layers (170)
[2017.03.30-17.25.28:055][716]LogModuleManager: Shutting down and abandoning module ComponentVisualizers (169)
[2017.03.30-17.25.28:055][716]LogModuleManager: Shutting down and abandoning module DetailCustomizations (168)
[2017.03.30-17.25.28:055][716]LogModuleManager: Shutting down and abandoning module PackagesDialog (167)
[2017.03.30-17.25.28:055][716]LogModuleManager: Shutting down and abandoning module AnimGraph (166)
[2017.03.30-17.25.28:055][716]LogModuleManager: Shutting down and abandoning module Persona (165)
[2017.03.30-17.25.28:063][716]LogModuleManager: Shutting down and abandoning module Kismet (164)
[2017.03.30-17.25.28:067][716]LogModuleManager: Shutting down and abandoning module GraphEditor (163)
[2017.03.30-17.25.28:067][716]LogModuleManager: Shutting down and abandoning module ClassViewer (162)
[2017.03.30-17.25.28:068][716]LogModuleManager: Shutting down and abandoning module Toolbox (161)
[2017.03.30-17.25.28:068][716]LogModuleManager: Shutting down and abandoning module ModuleUI (160)
[2017.03.30-17.25.28:074][716]LogModuleManager: Shutting down and abandoning module MovieSceneTools (159)
[2017.03.30-17.25.28:082][716]LogModuleManager: Shutting down and abandoning module OutputLog (158)
[2017.03.30-17.25.28:085][716]LogModuleManager: Shutting down and abandoning module GammaUI (157)
[2017.03.30-17.25.28:096][716]LogModuleManager: Shutting down and abandoning module Documentation (156)
[2017.03.30-17.25.28:096][716]LogModuleManager: Shutting down and abandoning module Niagara (155)
[2017.03.30-17.25.28:096][716]LogModuleManager: Shutting down and abandoning module StreamingPauseRendering (154)
[2017.03.30-17.25.28:096][716]LogModuleManager: Shutting down and abandoning module AnalyticsET (153)
[2017.03.30-17.25.28:096][716]LogModuleManager: Shutting down and abandoning module PortalServices (152)
[2017.03.30-17.25.28:096][716]LogModuleManager: Shutting down and abandoning module PortalRpc (151)
[2017.03.30-17.25.28:096][716]LogModuleManager: Shutting down and abandoning module MessagingRpc (150)
[2017.03.30-17.25.28:096][716]LogModuleManager: Shutting down and abandoning module GameplayDebugger (149)
[2017.03.30-17.25.28:096][716]LogModuleManager: Shutting down and abandoning module AITestSuite (148)
[2017.03.30-17.25.28:096][716]LogModuleManager: Shutting down and abandoning module AIModule (147)
[2017.03.30-17.25.28:096][716]LogModuleManager: Shutting down and abandoning module ProfilerService (146)
[2017.03.30-17.25.28:334][716]LogModuleManager: Shutting down and abandoning module TaskGraph (145)
[2017.03.30-17.25.28:390][716]LogModuleManager: Shutting down and abandoning module SlateRemote (144)
[2017.03.30-17.25.28:390][716]LogModuleManager: Shutting down and abandoning module SteamVRController (143)
[2017.03.30-17.25.28:390][716]LogModuleManager: Shutting down and abandoning module SteamVR (142)
[2017.03.30-17.25.28:390][716]LogModuleManager: Shutting down and abandoning module ProceduralMeshComponentEditor (141)
[2017.03.30-17.25.28:390][716]LogModuleManager: Shutting down and abandoning module ProceduralMeshComponent (140)
[2017.03.30-17.25.28:390][716]LogModuleManager: Shutting down and abandoning module OculusLibrary (139)
[2017.03.30-17.25.28:390][716]LogModuleManager: Shutting down and abandoning module OculusInput (138)
[2017.03.30-17.25.28:390][716]LogModuleManager: Shutting down and abandoning module MobilePatchingUtils (137)
[2017.03.30-17.25.28:390][716]LogModuleManager: Shutting down and abandoning module CustomMeshComponent (136)
[2017.03.30-17.25.28:390][716]LogModuleManager: Shutting down and abandoning module CableComponent (135)
[2017.03.30-17.25.28:390][716]LogModuleManager: Shutting down and abandoning module ArchVisCharacter (134)
[2017.03.30-17.25.28:390][716]LogModuleManager: Shutting down and abandoning module MediaPlayerEditor (132)
[2017.03.30-17.25.28:407][716]LogModuleManager: Shutting down and abandoning module HTML5Networking (131)
[2017.03.30-17.25.28:416][716]LogModuleManager: Shutting down and abandoning module GeometryCacheEd (130)
[2017.03.30-17.25.28:416][716]LogModuleManager: Shutting down and abandoning module GeometryCache (129)
[2017.03.30-17.25.28:416][716]LogModuleManager: Shutting down and abandoning module AlembicLibrary (128)
[2017.03.30-17.25.28:416][716]LogModuleManager: Shutting down and abandoning module AlembicImporter (127)
[2017.03.30-17.25.28:428][716]LogModuleManager: Shutting down and abandoning module SuperSearch (126)
[2017.03.30-17.25.28:428][716]LogModuleManager: Shutting down and abandoning module SuperSearchEditor (125)
[2017.03.30-17.25.28:428][716]LogModuleManager: Shutting down and abandoning module SpeedTreeImporter (124)
[2017.03.30-17.25.28:428][716]LogModuleManager: Shutting down and abandoning module PluginBrowser (123)
[2017.03.30-17.25.28:428][716]LogModuleManager: Shutting down and abandoning module MobileLauncherProfileWizard (122)
[2017.03.30-17.25.28:435][716]LogModuleManager: Shutting down and abandoning module EpicSurvey (121)
[2017.03.30-17.25.28:435][716]LogModuleManager: Shutting down and abandoning module DesktopPlatform (120)
[2017.03.30-17.25.28:435][716]LogModuleManager: Shutting down and abandoning module VisualStudioSourceCodeAccess (119)
[2017.03.30-17.25.28:435][716]LogModuleManager: Shutting down and abandoning module UObjectPlugin (118)
[2017.03.30-17.25.28:435][716]LogModuleManager: Shutting down and abandoning module SubversionSourceControl (117)
[2017.03.30-17.25.28:435][716]LogModuleManager: Shutting down and abandoning module PerforceSourceControl (116)
[2017.03.30-17.25.28:435][716]LogModuleManager: Shutting down and abandoning module SourceControl (115)
[2017.03.30-17.25.28:435][716]LogModuleManager: Shutting down and abandoning module GitSourceControl (114)
[2017.03.30-17.25.28:435][716]LogModuleManager: Shutting down and abandoning module LightPropagationVolumeEditor (113)
[2017.03.30-17.25.28:435][716]LogModuleManager: Shutting down and abandoning module PaperTiledImporter (112)
[2017.03.30-17.25.28:435][716]LogModuleManager: Shutting down and abandoning module PaperSpriteSheetImporter (111)
[2017.03.30-17.25.28:435][716]LogModuleManager: Shutting down and abandoning module MeshPaint (110)
[2017.03.30-17.25.28:435][716]LogModuleManager: Shutting down and abandoning module PixelInspectorModule (109)
[2017.03.30-17.25.28:435][716]LogModuleManager: Shutting down and abandoning module HotReload (108)
[2017.03.30-17.25.28:435][716]LogModuleManager: Shutting down and abandoning module MainFrame (107)
[2017.03.30-17.25.28:435][716]LogModuleManager: Shutting down and abandoning module LevelEditor (106)
[2017.03.30-17.25.28:436][716]LogModuleManager: Shutting down and abandoning module ContentBrowser (105)
[2017.03.30-17.25.28:436][716]LogModuleManager: Shutting down and abandoning module Paper2DEditor (104)
[2017.03.30-17.25.28:443][716]LogModuleManager: Shutting down and abandoning module UdpMessaging (103)
[2017.03.30-17.25.28:544][716]LogModuleManager: Shutting down and abandoning module TcpMessaging (102)
[2017.03.30-17.25.28:644][716]LogModuleManager: Shutting down and abandoning module LightPropagationVolumeRuntime (101)
[2017.03.30-17.25.28:644][716]LogModuleManager: Shutting down and abandoning module Paper2D (100)
[2017.03.30-17.25.28:644][716]LogModuleManager: Shutting down and abandoning module WindowsMoviePlayer (99)
[2017.03.30-17.25.28:644][716]LogModuleManager: Shutting down and abandoning module WmfMedia (98)
[2017.03.30-17.25.28:653][716]LogModuleManager: Shutting down and abandoning module MediaAssets (97)
[2017.03.30-17.25.28:653][716]LogModuleManager: Shutting down and abandoning module GameLiveStreaming (96)
[2017.03.30-17.25.28:653][716]LogModuleManager: Shutting down and abandoning module GameplayTagsEditor (95)
[2017.03.30-17.25.28:653][716]LogModuleManager: Shutting down and abandoning module VREditor (94)
[2017.03.30-17.25.28:653][716]LogModuleManager: Shutting down and abandoning module GameplayTasksEditor (93)
[2017.03.30-17.25.28:653][716]LogModuleManager: Shutting down and abandoning module BehaviorTreeEditor (92)
[2017.03.30-17.25.28:659][716]LogModuleManager: Shutting down and abandoning module FunctionalTesting (91)
[2017.03.30-17.25.28:659][716]LogModuleManager: Shutting down and abandoning module CollisionAnalyzer (90)
[2017.03.30-17.25.28:664][716]LogModuleManager: Shutting down and abandoning module Sequencer (89)
[2017.03.30-17.25.28:664][716]LogModuleManager: Shutting down and abandoning module WorkspaceMenuStructure (88)
[2017.03.30-17.25.28:664][716]LogModuleManager: Shutting down and abandoning module MessageLog (87)
[2017.03.30-17.25.28:664][716]LogModuleManager: Shutting down and abandoning module AssetTools (86)
[2017.03.30-17.25.28:680][716]LogModuleManager: Shutting down and abandoning module UMGEditor (85)
[2017.03.30-17.25.28:680][716]LogModuleManager: Shutting down and abandoning module UMG (84)
[2017.03.30-17.25.28:680][716]LogModuleManager: Shutting down and abandoning module SlateReflector (83)
[2017.03.30-17.25.28:696][716]LogModuleManager: Shutting down and abandoning module Slate (82)
[2017.03.30-17.25.28:696][716]LogModuleManager: Shutting down and abandoning module EditorStyle (81)
[2017.03.30-17.25.28:697][716]LogModuleManager: Shutting down and abandoning module SourceCodeAccess (80)
[2017.03.30-17.25.28:698][716]LogModuleManager: Shutting down and abandoning module HeadMountedDisplay (79)
[2017.03.30-17.25.28:698][716]LogModuleManager: Shutting down and abandoning module XAudio2 (78)
[2017.03.30-17.25.28:698][716]LogModuleManager: Shutting down and abandoning module Networking (76)
[2017.03.30-17.25.28:698][716]LogModuleManager: Shutting down and abandoning module Core (75)
[2017.03.30-17.25.28:698][716]LogModuleManager: Shutting down and abandoning module DirectoryWatcher (74)
[2017.03.30-17.25.28:698][716]LogDirectoryWatcher: A directory notification for '../../../Engine/Content/' was aborted.
[2017.03.30-17.25.28:698][716]LogDirectoryWatcher: A directory notification for 'C:/Users/jerry/Documents/GitHub/senior-design/DicomVisual/Content/' was aborted.
[2017.03.30-17.25.28:698][716]LogDirectoryWatcher: A directory notification for '../../../Engine/Plugins/2D/Paper2D/Content/' was aborted.
[2017.03.30-17.25.28:698][716]LogModuleManager: Shutting down and abandoning module AssetRegistry (73)
[2017.03.30-17.25.28:813][716]LogModuleManager: Shutting down and abandoning module KismetCompiler (72)
[2017.03.30-17.25.28:813][716]LogModuleManager: Shutting down and abandoning module PhysXFormats (71)
[2017.03.30-17.25.28:813][716]LogModuleManager: Shutting down and abandoning module SimplygonSwarm (70)
[2017.03.30-17.25.28:822][716]LogModuleManager: Shutting down and abandoning module SimplygonMeshReduction (69)
[2017.03.30-17.25.28:822][716]LogModuleManager: Shutting down and abandoning module QuadricMeshReduction (68)
[2017.03.30-17.25.28:822][716]LogModuleManager: Shutting down and abandoning module PropertyEditor (67)
[2017.03.30-17.25.28:822][716]LogModuleManager: Shutting down and abandoning module MeshUtilities (66)
[2017.03.30-17.25.28:829][716]LogModuleManager: Shutting down and abandoning module DerivedDataCache (65)
[2017.03.30-17.25.28:865][716]LogDerivedDataCache: Shutdown
[2017.03.30-17.25.28:866][716]LogModuleManager: Shutting down and abandoning module VulkanShaderFormat (64)
[2017.03.30-17.25.28:866][716]LogModuleManager: Shutting down and abandoning module ShaderFormatOpenGL (63)
[2017.03.30-17.25.28:875][716]LogModuleManager: Shutting down and abandoning module ShaderFormatD3D (62)
[2017.03.30-17.25.28:875][716]LogModuleManager: Shutting down and abandoning module MetalShaderFormat (61)
[2017.03.30-17.25.28:887][716]LogModuleManager: Shutting down and abandoning module TextureFormatUncompressed (60)
[2017.03.30-17.25.28:887][716]LogModuleManager: Shutting down and abandoning module TextureFormatPVR (59)
[2017.03.30-17.25.28:887][716]LogModuleManager: Shutting down and abandoning module TextureFormatDXT (58)
[2017.03.30-17.25.28:887][716]LogModuleManager: Shutting down and abandoning module TextureFormatIntelISPCTexComp (57)
[2017.03.30-17.25.28:887][716]LogModuleManager: Shutting down and abandoning module ImageWrapper (56)
[2017.03.30-17.25.28:887][716]LogModuleManager: Shutting down and abandoning module TextureFormatASTC (55)
[2017.03.30-17.25.28:887][716]LogModuleManager: Shutting down and abandoning module TextureFormatAndroid (54)
[2017.03.30-17.25.28:887][716]LogModuleManager: Shutting down and abandoning module AudioFormatOpus (53)
[2017.03.30-17.25.28:887][716]LogModuleManager: Shutting down and abandoning module AudioFormatOgg (52)
[2017.03.30-17.25.28:887][716]LogModuleManager: Shutting down and abandoning module AudioFormatADPCM (51)
[2017.03.30-17.25.28:887][716]LogModuleManager: Shutting down and abandoning module LinuxTargetPlatform (50)
[2017.03.30-17.25.28:887][716]LogModuleManager: Shutting down and abandoning module LinuxServerTargetPlatform (49)
[2017.03.30-17.25.28:887][716]LogModuleManager: Shutting down and abandoning module LinuxNoEditorTargetPlatform (48)
[2017.03.30-17.25.28:887][716]LogModuleManager: Shutting down and abandoning module LinuxClientTargetPlatform (47)
[2017.03.30-17.25.28:887][716]LogModuleManager: Shutting down and abandoning module TVOSTargetPlatform (46)
[2017.03.30-17.25.28:887][716]LogModuleManager: Shutting down and abandoning module Messaging (45)
[2017.03.30-17.25.28:887][716]LogModuleManager: Shutting down and abandoning module IOSTargetPlatform (44)
[2017.03.30-17.25.28:887][716]LogModuleManager: Shutting down and abandoning module HTML5TargetPlatform (43)
[2017.03.30-17.25.28:887][716]LogModuleManager: Shutting down and abandoning module Android_PVRTCTargetPlatform (42)
[2017.03.30-17.25.28:887][716]LogModuleManager: Shutting down and abandoning module Android_MultiTargetPlatform (41)
[2017.03.30-17.25.28:887][716]LogModuleManager: Shutting down and abandoning module Android_ETC2TargetPlatform (40)
[2017.03.30-17.25.28:887][716]LogModuleManager: Shutting down and abandoning module Android_ETC1TargetPlatform (39)
[2017.03.30-17.25.28:887][716]LogModuleManager: Shutting down and abandoning module Android_DXTTargetPlatform (38)
[2017.03.30-17.25.28:887][716]LogModuleManager: Shutting down and abandoning module Android_ATCTargetPlatform (37)
[2017.03.30-17.25.28:887][716]LogModuleManager: Shutting down and abandoning module Android_ASTCTargetPlatform (36)
[2017.03.30-17.25.28:887][716]LogModuleManager: Shutting down and abandoning module AndroidTargetPlatform (35)
[2017.03.30-17.25.28:887][716]LogModuleManager: Shutting down and abandoning module WindowsTargetPlatform (34)
[2017.03.30-17.25.28:887][716]LogModuleManager: Shutting down and abandoning module WindowsServerTargetPlatform (33)
[2017.03.30-17.25.28:887][716]LogModuleManager: Shutting down and abandoning module WindowsNoEditorTargetPlatform (32)
[2017.03.30-17.25.28:887][716]LogModuleManager: Shutting down and abandoning module WindowsClientTargetPlatform (31)
[2017.03.30-17.25.28:887][716]LogModuleManager: Shutting down and abandoning module MacTargetPlatform (30)
[2017.03.30-17.25.28:887][716]LogModuleManager: Shutting down and abandoning module MacServerTargetPlatform (29)
[2017.03.30-17.25.28:887][716]LogModuleManager: Shutting down and abandoning module MacNoEditorTargetPlatform (28)
[2017.03.30-17.25.28:887][716]LogModuleManager: Shutting down and abandoning module MacClientTargetPlatform (27)
[2017.03.30-17.25.28:887][716]LogModuleManager: Shutting down and abandoning module AllDesktopTargetPlatform (26)
[2017.03.30-17.25.28:887][716]LogModuleManager: Shutting down and abandoning module TargetPlatform (25)
[2017.03.30-17.25.28:887][716]LogModuleManager: Shutting down and abandoning module InputCore (24)
[2017.03.30-17.25.28:887][716]LogModuleManager: Shutting down and abandoning module Settings (23)
[2017.03.30-17.25.28:887][716]LogModuleManager: Shutting down and abandoning module OculusRift (22)
[2017.03.30-17.25.28:887][716]LogModuleManager: Shutting down and abandoning module ExampleDeviceProfileSelector (21)
[2017.03.30-17.25.28:887][716]LogModuleManager: Shutting down and abandoning module OnlineBlueprintSupport (20)
[2017.03.30-17.25.28:887][716]LogModuleManager: Shutting down and abandoning module OnlineSubsystem (18)
[2017.03.30-17.25.28:887][716]LogOnline:Display: Unloading online subsystem: NULL
[2017.03.30-17.25.28:917][716]LogModuleManager: Shutting down and abandoning module SSL (17)
[2017.03.30-17.25.28:918][716]LogModuleManager: Shutting down and abandoning module HTTP (16)
[2017.03.30-17.25.28:918][716]LogModuleManager: Shutting down and abandoning module XMPP (15)
[2017.03.30-17.25.28:931][716]LogModuleManager: Shutting down and abandoning module TextureCompressor (14)
[2017.03.30-17.25.28:931][716]LogModuleManager: Shutting down and abandoning module ShaderCore (13)
[2017.03.30-17.25.28:931][716]LogModuleManager: Shutting down and abandoning module Landscape (12)
[2017.03.30-17.25.28:931][716]LogModuleManager: Shutting down and abandoning module SlateRHIRenderer (11)
[2017.03.30-17.25.28:938][716]LogModuleManager: Shutting down and abandoning module OpenGLDrv (10)
[2017.03.30-17.25.28:949][716]LogModuleManager: Shutting down and abandoning module D3D11RHI (9)
[2017.03.30-17.25.28:949][716]LogModuleManager: Shutting down and abandoning module AnimGraphRuntime (8)
[2017.03.30-17.25.28:949][716]LogModuleManager: Shutting down and abandoning module Renderer (7)
[2017.03.30-17.25.28:949][716]LogModuleManager: Shutting down and abandoning module Engine (6)
[2017.03.30-17.25.28:949][716]LogModuleManager: Shutting down and abandoning module CoreUObject (5)
[2017.03.30-17.25.28:949][716]LogModuleManager: Shutting down and abandoning module NetworkFile (4)
[2017.03.30-17.25.28:954][716]LogModuleManager: Shutting down and abandoning module StreamingFile (3)
[2017.03.30-17.25.28:954][716]LogModuleManager: Shutting down and abandoning module SandboxFile (2)
[2017.03.30-17.25.28:954][716]LogModuleManager: Shutting down and abandoning module PakFile (1)
[2017.03.30-17.25.28:955][716]LogExit: Exiting.
[2017.03.30-17.25.28:965][716]Log file closed, 03/30/17 09:25:28
