Log file open, 03/31/17 14:40:27
LogInit:Display: Running engine for game: DicomVisual
LogPlatformFile: Not using cached read wrapper
LogInit:Display: RandInit(-138097053) SRandInit(-138097053).
LogTaskGraph: Started task graph with 5 named threads and 8 total threads with 1 sets of task threads.
LogStats: Stats thread started at 0.064323
LogPluginManager: Loaded Plugin Paper2D, From D:/Epic Games/4.14/Engine/Plugins/2D/Paper2D/Paper2D.uplugin
LogPluginManager: Loaded Plugin LightPropagationVolume, From D:/Epic Games/4.14/Engine/Plugins/Blendables/LightPropagationVolume/LightPropagationVolume.uplugin
LogPluginManager: Loaded Plugin BlankPlugin, From D:/Epic Games/4.14/Engine/Plugins/Developer/BlankPlugin/BlankPlugin.uplugin
LogPluginManager: Loaded Plugin CodeLiteSourceCodeAccess, From D:/Epic Games/4.14/Engine/Plugins/Developer/CodeLiteSourceCodeAccess/CodeLiteSourceCodeAccess.uplugin
LogPluginManager: Loaded Plugin GitSourceControl, From D:/Epic Games/4.14/Engine/Plugins/Developer/GitSourceControl/GitSourceControl.uplugin
LogPluginManager: Loaded Plugin KDevelopSourceCodeAccess, From D:/Epic Games/4.14/Engine/Plugins/Developer/KDevelopSourceCodeAccess/KDevelopSourceCodeAccess.uplugin
LogPluginManager: Loaded Plugin NullSourceCodeAccess, From D:/Epic Games/4.14/Engine/Plugins/Developer/NullSourceCodeAccess/NullSourceCodeAccess.uplugin
LogPluginManager: Loaded Plugin OneSkyLocalizationService, From D:/Epic Games/4.14/Engine/Plugins/Developer/OneSkyLocalizationService/OneSkyLocalizationService.uplugin
LogPluginManager: Loaded Plugin PerforceSourceControl, From D:/Epic Games/4.14/Engine/Plugins/Developer/PerforceSourceControl/PerforceSourceControl.uplugin
LogPluginManager: Loaded Plugin SubversionSourceControl, From D:/Epic Games/4.14/Engine/Plugins/Developer/SubversionSourceControl/SubversionSourceControl.uplugin
LogPluginManager: Loaded Plugin UObjectPlugin, From D:/Epic Games/4.14/Engine/Plugins/Developer/UObjectPlugin/UObjectPlugin.uplugin
LogPluginManager: Loaded Plugin VisualStudioSourceCodeAccess, From D:/Epic Games/4.14/Engine/Plugins/Developer/VisualStudioSourceCodeAccess/VisualStudioSourceCodeAccess.uplugin
LogPluginManager: Loaded Plugin XCodeSourceCodeAccess, From D:/Epic Games/4.14/Engine/Plugins/Developer/XCodeSourceCodeAccess/XCodeSourceCodeAccess.uplugin
LogPluginManager: Loaded Plugin AudioCapture, From D:/Epic Games/4.14/Engine/Plugins/Editor/AudioCapture/AudioCapture.uplugin
LogPluginManager: Loaded Plugin EpicSurvey, From D:/Epic Games/4.14/Engine/Plugins/Editor/EpicSurvey/EpicSurvey.uplugin
LogPluginManager: Loaded Plugin MacGraphicsSwitching, From D:/Epic Games/4.14/Engine/Plugins/Editor/MacGraphicsSwitching/MacGraphicsSwitching.uplugin
LogPluginManager: Loaded Plugin MobileLauncherProfileWizard, From D:/Epic Games/4.14/Engine/Plugins/Editor/MobileLauncherProfileWizard/MobileLauncherProfileWizard.uplugin
LogPluginManager: Loaded Plugin PluginBrowser, From D:/Epic Games/4.14/Engine/Plugins/Editor/PluginBrowser/PluginBrowser.uplugin
LogPluginManager: Loaded Plugin SpeedTreeImporter, From D:/Epic Games/4.14/Engine/Plugins/Editor/SpeedTreeImporter/SpeedTreeImporter.uplugin
LogPluginManager: Loaded Plugin SuperSearchEditor, From D:/Epic Games/4.14/Engine/Plugins/Editor/SuperSearchEditor/SuperSearchEditor.uplugin
LogPluginManager: Loaded Plugin AlembicImporter, From D:/Epic Games/4.14/Engine/Plugins/Experimental/AlembicImporter/AlembicImporter.uplugin
LogPluginManager: Loaded Plugin BlueprintStats, From D:/Epic Games/4.14/Engine/Plugins/Experimental/BlueprintStats/BlueprintStats.uplugin
LogPluginManager: Loaded Plugin CharacterAI, From D:/Epic Games/4.14/Engine/Plugins/Experimental/CharacterAI/CharacterAI.uplugin
LogPluginManager: Loaded Plugin CodeEditor, From D:/Epic Games/4.14/Engine/Plugins/Experimental/CodeEditor/CodeEditor.uplugin
LogPluginManager: Loaded Plugin CodeView, From D:/Epic Games/4.14/Engine/Plugins/Experimental/CodeView/CodeView.uplugin
LogPluginManager: Loaded Plugin HTML5Networking, From D:/Epic Games/4.14/Engine/Plugins/Experimental/HTML5Networking/HTML5Networking.uplugin
LogPluginManager: Loaded Plugin OSVR, From D:/Epic Games/4.14/Engine/Plugins/Experimental/OSVR/OSVR.uplugin
LogPluginManager: Loaded Plugin Phya, From D:/Epic Games/4.14/Engine/Plugins/Experimental/Phya/Phya.uplugin
LogPluginManager: Loaded Plugin SignificanceManager, From D:/Epic Games/4.14/Engine/Plugins/Experimental/SignificanceManager/SignificanceManager.uplugin
LogPluginManager: Loaded Plugin SimpleHMD, From D:/Epic Games/4.14/Engine/Plugins/Experimental/SimpleHMD/SimpleHMD.uplugin
LogPluginManager: Loaded Plugin StereoPanorama, From D:/Epic Games/4.14/Engine/Plugins/Experimental/StereoPanorama/StereoPanorama.uplugin
LogPluginManager: Loaded Plugin StructBox, From D:/Epic Games/4.14/Engine/Plugins/Experimental/StructBox/StructBox.uplugin
LogPluginManager: Loaded Plugin AndroidMedia, From D:/Epic Games/4.14/Engine/Plugins/Media/AndroidMedia/AndroidMedia.uplugin
LogPluginManager: Loaded Plugin AvfMedia, From D:/Epic Games/4.14/Engine/Plugins/Media/AvfMedia/AvfMedia.uplugin
LogPluginManager: Loaded Plugin MediaPlayerEditor, From D:/Epic Games/4.14/Engine/Plugins/Media/MediaPlayerEditor/MediaPlayerEditor.uplugin
LogPluginManager: Loaded Plugin WmfMedia, From D:/Epic Games/4.14/Engine/Plugins/Media/WmfMedia/WmfMedia.uplugin
LogPluginManager: Loaded Plugin MessagingDebugger, From D:/Epic Games/4.14/Engine/Plugins/Messaging/MessagingDebugger/MessagingDebugger.uplugin
LogPluginManager: Loaded Plugin TcpMessaging, From D:/Epic Games/4.14/Engine/Plugins/Messaging/TcpMessaging/TcpMessaging.uplugin
LogPluginManager: Loaded Plugin UdpMessaging, From D:/Epic Games/4.14/Engine/Plugins/Messaging/UdpMessaging/UdpMessaging.uplugin
LogPluginManager: Loaded Plugin LevelSequenceEditor, From D:/Epic Games/4.14/Engine/Plugins/MovieScene/LevelSequenceEditor/LevelSequenceEditor.uplugin
LogPluginManager: Loaded Plugin MatineeToLevelSequence, From D:/Epic Games/4.14/Engine/Plugins/MovieScene/MatineeToLevelSequence/MatineeToLevelSequence.uplugin
LogPluginManager: Loaded Plugin NetcodeUnitTest, From D:/Epic Games/4.14/Engine/Plugins/NetcodeUnitTest/NetcodeUnitTest/NetcodeUnitTest.uplugin
LogPluginManager: Loaded Plugin NUTUnrealEngine4, From D:/Epic Games/4.14/Engine/Plugins/NetcodeUnitTest/NUTUnrealEngine4/NUTUnrealEngine4.uplugin
LogPluginManager: Loaded Plugin OnlineSubsystemGameCircle, From D:/Epic Games/4.14/Engine/Plugins/Online/Android/OnlineSubsystemGameCircle/OnlineSubsystemGameCircle.uplugin
LogPluginManager: Loaded Plugin OnlineSubsystemGooglePlay, From D:/Epic Games/4.14/Engine/Plugins/Online/Android/OnlineSubsystemGooglePlay/OnlineSubsystemGooglePlay.uplugin
LogPluginManager: Loaded Plugin OnlineSubsystemIOS, From D:/Epic Games/4.14/Engine/Plugins/Online/IOS/OnlineSubsystemIOS/OnlineSubsystemIOS.uplugin
LogPluginManager: Loaded Plugin OnlineFramework, From D:/Epic Games/4.14/Engine/Plugins/Online/OnlineFramework/OnlineFramework.uplugin
LogPluginManager: Loaded Plugin OnlineSubsystem, From D:/Epic Games/4.14/Engine/Plugins/Online/OnlineSubsystem/OnlineSubsystem.uplugin
LogPluginManager: Loaded Plugin OnlineSubsystemAmazon, From D:/Epic Games/4.14/Engine/Plugins/Online/OnlineSubsystemAmazon/OnlineSubsystemAmazon.uplugin
LogPluginManager: Loaded Plugin OnlineSubsystemFacebook, From D:/Epic Games/4.14/Engine/Plugins/Online/OnlineSubsystemFacebook/OnlineSubsystemFacebook.uplugin
LogPluginManager: Loaded Plugin OnlineSubsystemNull, From D:/Epic Games/4.14/Engine/Plugins/Online/OnlineSubsystemNull/OnlineSubsystemNull.uplugin
LogPluginManager: Loaded Plugin OnlineSubsystemOculus, From D:/Epic Games/4.14/Engine/Plugins/Online/OnlineSubsystemOculus/OnlineSubsystemOculus.uplugin
LogPluginManager: Loaded Plugin OnlineSubsystemSteam, From D:/Epic Games/4.14/Engine/Plugins/Online/OnlineSubsystemSteam/OnlineSubsystemSteam.uplugin
LogPluginManager: Loaded Plugin OnlineSubsystemUtils, From D:/Epic Games/4.14/Engine/Plugins/Online/OnlineSubsystemUtils/OnlineSubsystemUtils.uplugin
LogPluginManager: Loaded Plugin IOSTapJoy, From D:/Epic Games/4.14/Engine/Plugins/Runtime/Advertising/IOSTapJoy/IOSTapJoy.uplugin
LogPluginManager: Loaded Plugin AnalyticsBlueprintLibrary, From D:/Epic Games/4.14/Engine/Plugins/Runtime/Analytics/AnalyticsBlueprintLibrary/AnalyticsBlueprintLibrary.uplugin
LogPluginManager: Loaded Plugin AnalyticsMulticast, From D:/Epic Games/4.14/Engine/Plugins/Runtime/Analytics/AnalyticsMulticast/AnalyticsMulticast.uplugin
LogPluginManager: Loaded Plugin Apsalar, From D:/Epic Games/4.14/Engine/Plugins/Runtime/Analytics/Apsalar/Apsalar.uplugin
LogPluginManager: Loaded Plugin FileLogging, From D:/Epic Games/4.14/Engine/Plugins/Runtime/Analytics/FileLogging/FileLogging.uplugin
LogPluginManager: Loaded Plugin Flurry, From D:/Epic Games/4.14/Engine/Plugins/Runtime/Analytics/Flurry/Flurry.uplugin
LogPluginManager: Loaded Plugin AndroidDeviceProfileSelector, From D:/Epic Games/4.14/Engine/Plugins/Runtime/AndroidDeviceProfileSelector/AndroidDeviceProfileSelector.uplugin
LogPluginManager: Loaded Plugin AndroidMoviePlayer, From D:/Epic Games/4.14/Engine/Plugins/Runtime/AndroidMoviePlayer/AndroidMoviePlayer.uplugin
LogPluginManager: Loaded Plugin AppleMoviePlayer, From D:/Epic Games/4.14/Engine/Plugins/Runtime/AppleMoviePlayer/AppleMoviePlayer.uplugin
LogPluginManager: Loaded Plugin ArchVisCharacter, From D:/Epic Games/4.14/Engine/Plugins/Runtime/ArchVisCharacter/ArchVisCharacter.uplugin
LogPluginManager: Loaded Plugin CableComponent, From D:/Epic Games/4.14/Engine/Plugins/Runtime/CableComponent/CableComponent.uplugin
LogPluginManager: Loaded Plugin CustomMeshComponent, From D:/Epic Games/4.14/Engine/Plugins/Runtime/CustomMeshComponent/CustomMeshComponent.uplugin
LogPluginManager: Loaded Plugin ExampleDeviceProfileSelector, From D:/Epic Games/4.14/Engine/Plugins/Runtime/ExampleDeviceProfileSelector/ExampleDeviceProfileSelector.uplugin
LogPluginManager: Loaded Plugin GearVR, From D:/Epic Games/4.14/Engine/Plugins/Runtime/GearVR/GearVR.uplugin
LogPluginManager: Loaded Plugin GoogleVRController, From D:/Epic Games/4.14/Engine/Plugins/Runtime/GoogleVR/GoogleVRController/GoogleVRController.uplugin
LogPluginManager: Loaded Plugin GoogleVRHMD, From D:/Epic Games/4.14/Engine/Plugins/Runtime/GoogleVR/GoogleVRHMD/GoogleVRHMD.uplugin
LogPluginManager: Loaded Plugin IOSDeviceProfileSelector, From D:/Epic Games/4.14/Engine/Plugins/Runtime/IOSDeviceProfileSelector/IOSDeviceProfileSelector.uplugin
LogPluginManager: Loaded Plugin LeapMotion, From D:/Epic Games/4.14/Engine/Plugins/Runtime/LeapMotion/LeapMotion.uplugin
LogPluginManager: Loaded Plugin LinuxDeviceProfileSelector, From D:/Epic Games/4.14/Engine/Plugins/Runtime/LinuxDeviceProfileSelector/LinuxDeviceProfileSelector.uplugin
LogPluginManager: Loaded Plugin MIDIDevice, From D:/Epic Games/4.14/Engine/Plugins/Runtime/MIDIDevice/MIDIDevice.uplugin
LogPluginManager: Loaded Plugin MobilePatchingUtils, From D:/Epic Games/4.14/Engine/Plugins/Runtime/MobilePatchingUtils/MobilePatchingUtils.uplugin
LogPluginManager: Loaded Plugin Ansel, From D:/Epic Games/4.14/Engine/Plugins/Runtime/Nvidia/Ansel/Ansel.uplugin
LogPluginManager: Loaded Plugin OculusAudio, From D:/Epic Games/4.14/Engine/Plugins/Runtime/OculusAudio/OculusAudio.uplugin
LogPluginManager: Loaded Plugin OculusInput, From D:/Epic Games/4.14/Engine/Plugins/Runtime/OculusInput/OculusInput.uplugin
LogPluginManager: Loaded Plugin OculusLibrary, From D:/Epic Games/4.14/Engine/Plugins/Runtime/OculusLibrary/OculusLibrary.uplugin
LogPluginManager: Loaded Plugin OculusRift, From D:/Epic Games/4.14/Engine/Plugins/Runtime/OculusRift/OculusRift.uplugin
LogPluginManager: Loaded Plugin Oodle, From D:/Epic Games/4.14/Engine/Plugins/Runtime/PacketHandlers/CompressionComponents/Oodle/Oodle.uplugin
LogPluginManager: Loaded Plugin ProceduralMeshComponent, From D:/Epic Games/4.14/Engine/Plugins/Runtime/ProceduralMeshComponent/ProceduralMeshComponent.uplugin
LogPluginManager: Loaded Plugin SoundMod, From D:/Epic Games/4.14/Engine/Plugins/Runtime/SoundMod/SoundMod.uplugin
LogPluginManager: Loaded Plugin SoundVisualizations, From D:/Epic Games/4.14/Engine/Plugins/Runtime/SoundVisualizations/SoundVisualizations.uplugin
LogPluginManager: Loaded Plugin SteamController, From D:/Epic Games/4.14/Engine/Plugins/Runtime/Steam/SteamController/SteamController.uplugin
LogPluginManager: Loaded Plugin SteamVR, From D:/Epic Games/4.14/Engine/Plugins/Runtime/Steam/SteamVR/SteamVR.uplugin
LogPluginManager: Loaded Plugin WebBrowserWidget, From D:/Epic Games/4.14/Engine/Plugins/Runtime/WebBrowserWidget/WebBrowserWidget.uplugin
LogPluginManager: Loaded Plugin WindowsDeviceProfileSelector, From D:/Epic Games/4.14/Engine/Plugins/Runtime/WindowsDeviceProfileSelector/WindowsDeviceProfileSelector.uplugin
LogPluginManager: Loaded Plugin WindowsMoviePlayer, From D:/Epic Games/4.14/Engine/Plugins/Runtime/WindowsMoviePlayer/WindowsMoviePlayer.uplugin
LogPluginManager: Loaded Plugin ScriptPlugin, From D:/Epic Games/4.14/Engine/Plugins/ScriptPlugin/ScriptPlugin.uplugin
LogPluginManager: Loaded Plugin SlateRemote, From D:/Epic Games/4.14/Engine/Plugins/Slate/SlateRemote/SlateRemote.uplugin
LogPluginManager: Loaded Plugin EditorTests, From D:/Epic Games/4.14/Engine/Plugins/Tests/EditorTests/EditorTests.uplugin
LogPluginManager: Loaded Plugin FbxAutomationTestBuilder, From D:/Epic Games/4.14/Engine/Plugins/Tests/FbxAutomationTestBuilder/FbxAutomationTestBuilder.uplugin
LogPluginManager: Loaded Plugin FunctionalTestingEditor, From D:/Epic Games/4.14/Engine/Plugins/Tests/FunctionalTestingEditor/FunctionalTestingEditor.uplugin
LogPluginManager: Loaded Plugin RuntimeTests, From D:/Epic Games/4.14/Engine/Plugins/Tests/RuntimeTests/RuntimeTests.uplugin
LogPluginManager: Loaded Plugin ScreenshotTools, From D:/Epic Games/4.14/Engine/Plugins/Tests/ScreenshotTools/ScreenshotTools.uplugin
LogInit: Using libcurl 7.47.1
LogInit:  - built for x86_64-pc-win32
LogInit:  - supports SSL with OpenSSL/1.0.2g
LogInit:  - supports HTTP deflate (compression) using libz 1.2.8
LogInit:  - other features:
LogInit:      CURL_VERSION_SSL
LogInit:      CURL_VERSION_LIBZ
LogInit:      CURL_VERSION_IPV6
LogInit:      CURL_VERSION_ASYNCHDNS
LogInit:      CURL_VERSION_LARGEFILE
LogInit:      CURL_VERSION_IDN
LogInit:  CurlRequestOptions (configurable via config and command line):
LogInit:  - bVerifyPeer = false  - Libcurl will NOT verify peer certificate
LogInit:  - bUseHttpProxy = false  - Libcurl will NOT use HTTP proxy
LogInit:  - bDontReuseConnections = false  - Libcurl will reuse connections
LogInit:  - CertBundlePath = nullptr  - Libcurl will use whatever was configured at build time.
LogInit: Build: ++UE4+Release-4.14-CL-3224400
LogInit: Engine Version: 4.14.1-3224400+++UE4+Release-4.14
LogInit: Compatible Engine Version: 4.14.0-3195953+++UE4+Release-4.14
LogInit: Net CL: 3195953
LogDevObjectVersion: Number of dev versions registered: 13
LogDevObjectVersion:   Dev-Blueprints (B0D832E4-1F89-4F0D-ACCF-7EB736FD4AA2): 7
LogDevObjectVersion:   Dev-Build (E1C64328-A22C-4D53-A36C-8E866417BD8C): 0
LogDevObjectVersion:   Dev-Core (375EC13C-06E4-48FB-B500-84F0262A717E): 1
LogDevObjectVersion:   Dev-Editor (E4B068ED-F494-42E9-A231-DA0B2E46BB41): 8
LogDevObjectVersion:   Dev-Framework (CFFC743F-43B0-4480-9391-14DF171D2073): 17
LogDevObjectVersion:   Dev-Mobile (B02B49B5-BB20-44E9-A304-32B752E40360): 0
LogDevObjectVersion:   Dev-Networking (A4E4105C-59A1-49B5-A7C5-40C4547EDFEE): 0
LogDevObjectVersion:   Dev-Online (39C831C9-5AE6-47DC-9A44-9C173E1C8E7C): 0
LogDevObjectVersion:   Dev-Physics (78F01B33-EBEA-4F98-B9B4-84EACCB95AA2): 0
LogDevObjectVersion:   Dev-Platform (6631380F-2D4D-43E0-8009-CF276956A95A): 0
LogDevObjectVersion:   Dev-Rendering (12F88B9F-8875-4AFC-A67C-D90C383ABD29): 12
LogDevObjectVersion:   Dev-Sequencer (7B5AE74C-D270-4C10-A958-57980B212A5A): 1
LogDevObjectVersion:   Dev-VR (D7296918-1DD6-4BDD-9DE2-64A83CC13884): 0
LogInit: Compiled (64-bit): Dec  7 2016 02:14:32
LogInit: Compiled with Visual C++: 19.00.23026.00
LogInit: Build Configuration: Development
LogInit: Branch Name: ++UE4+Release-4.14
LogInit: Command line:  
LogInit: Base directory: D:/Epic Games/4.14/Engine/Binaries/Win64/
LogInit: Installed Engine Build: 1
LogInit: Presizing for max 8388607 objects, including 0 objects not considered by GC, pre-allocating 0 bytes for permanent pool.
LogInit: Object subsystem initialized
[2017.03.31-22.40.27:466][  0]LogInit: Selected Device Profile: [Windows]
[2017.03.31-22.40.27:466][  0]LogInit: Applying CVar settings loaded from the selected device profile: [Windows]
[2017.03.31-22.40.27:473][  0]LogInit: Computer: DESKTOP-71PO0UI
[2017.03.31-22.40.27:473][  0]LogInit: User: jerry
[2017.03.31-22.40.27:473][  0]LogInit: CPU Page size=65536, Cores=4
[2017.03.31-22.40.27:473][  0]LogInit: High frequency timer resolution =3.914066 MHz
[2017.03.31-22.40.27:474][  0]LogMemory: Memory total: Physical=31.9GB (32GB approx)
[2017.03.31-22.40.27:474][  0]LogMemory: Platform Memory Stats for Windows
[2017.03.31-22.40.27:474][  0]LogMemory: Process Physical Memory: 264.90 MB used, 264.90 MB peak
[2017.03.31-22.40.27:474][  0]LogMemory: Process Virtual Memory: 262.78 MB used, 262.78 MB peak
[2017.03.31-22.40.27:474][  0]LogMemory: Physical Memory: 5367.23 MB used,  27316.26 MB free, 32683.49 MB total
[2017.03.31-22.40.27:474][  0]LogMemory: Virtual Memory: 676.63 MB used,  27316.26 MB free, 134217728.00 MB total
[2017.03.31-22.40.27:597][  0]LogTextLocalizationManager: No specific translations for ('en-US') exist, so ('en') translations will be used.
[2017.03.31-22.40.28:041][  0]LogD3D11RHI: D3D11 adapters:
[2017.03.31-22.40.28:061][  0]LogD3D11RHI:    0. 'NVIDIA GeForce GTX 1070' (Feature Level 11_0)
[2017.03.31-22.40.28:061][  0]LogD3D11RHI:       8144/0/16341 MB DedicatedVideo/DedicatedSystem/SharedSystem, Outputs:2, VendorId:0x10de
[2017.03.31-22.40.28:066][  0]LogD3D11RHI:    1. 'Intel(R) HD Graphics 530' (Feature Level 11_0)
[2017.03.31-22.40.28:066][  0]LogD3D11RHI:       128/0/16341 MB DedicatedVideo/DedicatedSystem/SharedSystem, Outputs:0, VendorId:0x8086
[2017.03.31-22.40.28:067][  0]LogD3D11RHI:    2. 'Microsoft Basic Render Driver' (Feature Level 11_0)
[2017.03.31-22.40.28:067][  0]LogD3D11RHI:       0/0/16341 MB DedicatedVideo/DedicatedSystem/SharedSystem, Outputs:0, VendorId:0x1414
[2017.03.31-22.40.28:067][  0]LogD3D11RHI: Chosen D3D11 Adapter: 0
[2017.03.31-22.40.28:071][  0]LogD3D11RHI: Creating new Direct3DDevice
[2017.03.31-22.40.28:071][  0]LogD3D11RHI:     GPU DeviceId: 0x1ba1 (for the marketing name, search the web for "GPU Device Id")
[2017.03.31-22.40.28:071][  0]LogWindows: EnumDisplayDevices:
[2017.03.31-22.40.28:071][  0]LogWindows:    0. 'NVIDIA GeForce GTX 1070' (P:0 D:1)
[2017.03.31-22.40.28:071][  0]LogWindows:    1. 'NVIDIA GeForce GTX 1070' (P:1 D:1)
[2017.03.31-22.40.28:071][  0]LogWindows:    2. 'NVIDIA GeForce GTX 1070' (P:0 D:0)
[2017.03.31-22.40.28:071][  0]LogWindows:    3. 'NVIDIA GeForce GTX 1070' (P:0 D:0)
[2017.03.31-22.40.28:071][  0]LogWindows:    4. 'Intel(R) HD Graphics 530' (P:0 D:0)
[2017.03.31-22.40.28:071][  0]LogWindows:    5. 'Intel(R) HD Graphics 530' (P:0 D:0)
[2017.03.31-22.40.28:072][  0]LogWindows:    6. 'Intel(R) HD Graphics 530' (P:0 D:0)
[2017.03.31-22.40.28:072][  0]LogWindows: DebugString: PrimaryIsNotTheChoosenAdapter PrimaryIsNotTheChoosenAdapter PrimaryIsNotTheChoosenAdapter FoundDriverCount:4 
[2017.03.31-22.40.28:072][  0]LogD3D11RHI:     Adapter Name: NVIDIA GeForce GTX 1070
[2017.03.31-22.40.28:072][  0]LogD3D11RHI:   Driver Version: 376.54 (internal:21.21.13.7654, unified:376.54)
[2017.03.31-22.40.28:072][  0]LogD3D11RHI:      Driver Date: 12-29-2016
[2017.03.31-22.40.28:072][  0]LogRHI: Texture pool is 1361 MB (70% of 1945 MB)
[2017.03.31-22.40.28:082][  0]LogD3D11RHI: Async texture creation enabled
[2017.03.31-22.40.28:096][  0]LogD3D11RHI: GPU Timing Frequency: 1000.000000 (Debug: 2 2)
[2017.03.31-22.40.28:097][  0]LogShaderCompilers: Guid format shader working directory is -11 characters bigger than the processId version (C:/Users/jerry/Documents/GitHub/senior-design/DicomVisual/Intermediate/Shaders/WorkingDirectory/6924/).
[2017.03.31-22.40.28:097][  0]LogShaderCompilers: Cleaned the shader compiler working directory 'C:/Users/jerry/AppData/Local/Temp/UnrealShaderWorkingDir/938E8227450509BB0F2A42A1FB16D1EF/'.
[2017.03.31-22.40.28:097][  0]LogShaderCompilers:Display: Using Local Shader Compiler.
[2017.03.31-22.40.28:856][  0]LogTemp:Display: Loaded TP AllDesktopTargetPlatform
[2017.03.31-22.40.28:887][  0]LogTemp:Display: Loaded TP MacClientTargetPlatform
[2017.03.31-22.40.28:920][  0]LogTemp:Display: Loaded TP MacNoEditorTargetPlatform
[2017.03.31-22.40.28:953][  0]LogTemp:Display: Loaded TP MacServerTargetPlatform
[2017.03.31-22.40.28:986][  0]LogTemp:Display: Loaded TP MacTargetPlatform
[2017.03.31-22.40.29:018][  0]LogTemp:Display: Loaded TP WindowsClientTargetPlatform
[2017.03.31-22.40.29:050][  0]LogTemp:Display: Loaded TP WindowsNoEditorTargetPlatform
[2017.03.31-22.40.29:082][  0]LogTemp:Display: Loaded TP WindowsServerTargetPlatform
[2017.03.31-22.40.29:106][  0]LogTemp:Display: Loaded TP WindowsTargetPlatform
[2017.03.31-22.40.29:137][  0]LogTemp:Display: Loaded TP AndroidTargetPlatform
[2017.03.31-22.40.29:168][  0]LogTemp:Display: Loaded TP Android_ASTCTargetPlatform
[2017.03.31-22.40.29:199][  0]LogTemp:Display: Loaded TP Android_ATCTargetPlatform
[2017.03.31-22.40.29:232][  0]LogTemp:Display: Loaded TP Android_DXTTargetPlatform
[2017.03.31-22.40.29:264][  0]LogTemp:Display: Loaded TP Android_ETC1TargetPlatform
[2017.03.31-22.40.29:294][  0]LogTemp:Display: Loaded TP Android_ETC2TargetPlatform
[2017.03.31-22.40.29:359][  0]LogTemp:Display: Loaded TP Android_MultiTargetPlatform
[2017.03.31-22.40.29:359][  0]LogTemp:Display: Loaded TP Android_PVRTCTargetPlatform
[2017.03.31-22.40.29:379][  0]LogTemp:Display: Loaded TP HTML5TargetPlatform
[2017.03.31-22.40.29:431][  0]LogTemp:Display: Loaded TP IOSTargetPlatform
[2017.03.31-22.40.29:453][  0]LogTemp:Display: Loaded TP TVOSTargetPlatform
[2017.03.31-22.40.29:484][  0]LogTemp:Display: Loaded TP LinuxClientTargetPlatform
[2017.03.31-22.40.29:516][  0]LogTemp:Display: Loaded TP LinuxNoEditorTargetPlatform
[2017.03.31-22.40.29:548][  0]LogTemp:Display: Loaded TP LinuxServerTargetPlatform
[2017.03.31-22.40.29:579][  0]LogTemp:Display: Loaded TP LinuxTargetPlatform
[2017.03.31-22.40.29:579][  0]LogTargetPlatformManager:Display: Building Assets For Windows
[2017.03.31-22.40.29:781][  0]LogDerivedDataCache:Display: Max Cache Size: 512 MB
[2017.03.31-22.40.29:819][  0]LogDerivedDataCache: Loaded boot cache 0.04s 50MB C:/Users/jerry/AppData/Local/UnrealEngine/4.14/DerivedDataCache/Boot.ddc.
[2017.03.31-22.40.29:819][  0]LogDerivedDataCache:Display: Loaded Boot cache: C:/Users/jerry/AppData/Local/UnrealEngine/4.14/DerivedDataCache/Boot.ddc
[2017.03.31-22.40.29:819][  0]LogDerivedDataCache: FDerivedDataBackendGraph:  Pak pak cache file C:/Users/jerry/Documents/GitHub/senior-design/DicomVisual/DerivedDataCache/DDC.ddp not found, will not use a pak cache.
[2017.03.31-22.40.29:819][  0]LogDerivedDataCache: Unable to find inner node Pak for hierarchical cache Hierarchy.
[2017.03.31-22.40.29:819][  0]LogDerivedDataCache: FDerivedDataBackendGraph:  CompressedPak pak cache file C:/Users/jerry/Documents/GitHub/senior-design/DicomVisual/DerivedDataCache/Compressed.ddp not found, will not use a pak cache.
[2017.03.31-22.40.29:819][  0]LogDerivedDataCache: Unable to find inner node CompressedPak for hierarchical cache Hierarchy.
[2017.03.31-22.40.29:833][  0]LogDerivedDataCache:Display: Pak cache opened for reading ../../../Engine/DerivedDataCache/Compressed.ddp.
[2017.03.31-22.40.29:845][  0]LogDerivedDataCache: Using Local data cache path C:/Users/jerry/AppData/Local/UnrealEngine/Common/DerivedDataCache: Writable
[2017.03.31-22.40.29:984][  0]LogInit: Selected Device Profile: [Windows]
[2017.03.31-22.40.29:986][  0]LogContentStreaming: Texture pool size is 0.00 MB
[2017.03.31-22.40.30:113][  0]LogMeshUtilities: Using QuadricMeshReduction for automatic static mesh reduction
[2017.03.31-22.40.30:135][  0]LogSimplygon: Simplygon DLL not present - disabling.
[2017.03.31-22.40.30:157][  0]LogMeshUtilities: Using SimplygonSwarm for distributed automatic mesh merging
[2017.03.31-22.40.30:157][  0]LogMeshUtilities: No automatic skeletal mesh reduction module available
[2017.03.31-22.40.30:157][  0]LogMeshUtilities: No automatic mesh merging module available
[2017.03.31-22.40.30:493][  0]LogNetVersion: GetLocalNetworkVersion: CL: 3195953, ProjectName: dicomvisual, ProjectVersion: , EngineNetworkVersion: 2, GameNetworkVersion: 0, NetworkChecksum: 3438762601
[2017.03.31-22.40.30:536][  0]LogAssetRegistry: FAssetRegistry took 0.0223 seconds to start up
[2017.03.31-22.40.30:568][  0]LogPackageLocalizationCache: Processed 3 localized package path(s) for 2 prioritized culture(s) in 0.020963 seconds
[2017.03.31-22.40.30:572][  0]LogUObjectArray: 31946 objects as part of root set at end of initial load.
[2017.03.31-22.40.30:572][  0]LogUObjectAllocator: 6935848 out of 0 bytes used by permanent object pool.
[2017.03.31-22.40.30:572][  0]LogUObjectArray: CloseDisregardForGC: 0/0 objects in disregard for GC pool
[2017.03.31-22.40.30:602][  0]LogInit: WinSock: version 1.1 (2.2), MaxSocks=32767, MaxUdp=65467
[2017.03.31-22.40.30:981][  0]LogSlate: Using Freetype 2.6.0
[2017.03.31-22.40.30:981][  0]LogSlate: SlateFontCache - WITH_FREETYPE: 1, WITH_HARFBUZZ: 1
[2017.03.31-22.40.30:981][  0]LogSlate: SlateFontCache - WITH_FREETYPE: 1, WITH_HARFBUZZ: 1
[2017.03.31-22.40.31:500][  0]LogTcpMessaging: Initializing TcpMessaging bridge
[2017.03.31-22.40.31:525][  0]LogUdpMessaging: Initializing bridge on interface 0.0.0.0:0 to multicast group 230.0.0.1:6666.
[2017.03.31-22.40.31:713][  0]LogMaterial: Uniform references updated for custom material expression Custom.
[2017.03.31-22.40.31:923][  0]SourceControl: Info Source control is disabled
[2017.03.31-22.40.31:943][  0]SourceControl: Info Source control is disabled
[2017.03.31-22.40.31:966][  0]SourceControl: Info Source control is disabled
[2017.03.31-22.40.31:990][  0]SourceControl: Info Source control is disabled
[2017.03.31-22.40.32:636][  0]LogEngine: Initializing Engine...
[2017.03.31-22.40.32:654][  0]LogHMD: SteamVR initialized.  Driver: lighthouse  Display: LHR-F8B78CF2
[2017.03.31-22.40.32:804][  0]LogAIModule: Creating AISystem for world Untitled
[2017.03.31-22.40.32:848][  0]LogInit: XAudio2 using 'Speakers (2- USB Audio Device)' : 2 channels at 44.1 kHz using 16 bits per sample (channel mask 0x3)
[2017.03.31-22.40.32:858][  0]LogInit: FAudioDevice initialized.
[2017.03.31-22.40.32:875][  0]LogDerivedDataCache: Saved boot cache 0.02s 50MB C:/Users/jerry/AppData/Local/UnrealEngine/4.14/DerivedDataCache/Boot.ddc.
[2017.03.31-22.40.32:881][  0]LogInit: Texture streaming: Enabled
[2017.03.31-22.40.32:976][  0]LogInit: Transaction tracking system initialized
[2017.03.31-22.40.33:152][  0]BlueprintLog: New page: Editor Load
[2017.03.31-22.40.33:599][  0]LocalizationService: Info Localization service is disabled
[2017.03.31-22.40.33:937][  0]LogConsoleResponse:Display: 
[2017.03.31-22.40.34:029][  0]LogCook:Display: Max memory allowance for cook 16384mb min free memory 0mb
[2017.03.31-22.40.34:029][  0]LogCook:Display: Mobile HDR setting 0
[2017.03.31-22.40.34:505][  0]LogFileCache: Scanning file cache for directory 'C:/Users/jerry/Documents/GitHub/senior-design/DicomVisual/Content/' took 0.01s
[2017.03.31-22.40.34:505][  0]SourceControl: Info Source control is disabled
[2017.03.31-22.40.34:505][  0]Cmd: MAP LOAD FILE="C:/Users/jerry/Documents/GitHub/senior-design/DicomVisual/Content/FirstPersonBP/Maps/FirstPersonExampleMap.umap" TEMPLATE=0 SHOWPROGRESS=1 FEATURELEVEL=3
[2017.03.31-22.40.34:506][  0]LightingResults: New page: Lighting Build
[2017.03.31-22.40.34:526][  0]MapCheck: New page: Map Check
[2017.03.31-22.40.34:526][  0]LightingResults: New page: Lighting Build
[2017.03.31-22.40.34:696][  0]LogLinker:Warning: Can't find file '/Game/FirstPersonBP/Maps/FirstPersonExampleMap_BuiltData'
[2017.03.31-22.40.34:696][  0]LogLinker:Warning: Can't find file for asset '/Game/FirstPersonBP/Maps/FirstPersonExampleMap_BuiltData' while loading C:/Users/jerry/Documents/GitHub/senior-design/DicomVisual/Content/FirstPersonBP/Maps/FirstPersonExampleMap.umap.
[2017.03.31-22.40.34:696][  0]LoadErrors:Error: Error /Game/FirstPersonBP/Maps/FirstPersonExampleMap : Can't find file for asset. /Game/FirstPersonBP/Maps/FirstPersonExampleMap_BuiltData
[2017.03.31-22.40.34:698][  0]LogLinker:Warning: Can't find file '/Game/FirstPersonBP/Maps/FirstPersonExampleMap_BuiltData'
[2017.03.31-22.40.34:698][  0]LogLinker:Warning: Can't find file for asset '/Game/FirstPersonBP/Maps/FirstPersonExampleMap_BuiltData' while loading C:/Users/jerry/Documents/GitHub/senior-design/DicomVisual/Content/FirstPersonBP/Maps/FirstPersonExampleMap.umap.
[2017.03.31-22.40.34:698][  0]LoadErrors:Error: Error /Game/FirstPersonBP/Maps/FirstPersonExampleMap : Can't find file for asset. /Game/FirstPersonBP/Maps/FirstPersonExampleMap_BuiltData
[2017.03.31-22.40.34:700][  0]LogLinker:Warning: Can't find file '/Game/FirstPersonBP/Maps/FirstPersonExampleMap_BuiltData'
[2017.03.31-22.40.34:700][  0]LogLinker:Warning: Can't find file for asset '/Game/FirstPersonBP/Maps/FirstPersonExampleMap_BuiltData' while loading NULL.
[2017.03.31-22.40.34:700][  0]LogLinker:Warning: Can't find file '/Game/FirstPersonBP/Maps/FirstPersonExampleMap_BuiltData'
[2017.03.31-22.40.34:700][  0]LogLinker:Warning: Can't find file for asset '/Game/FirstPersonBP/Maps/FirstPersonExampleMap_BuiltData' while loading NULL.
[2017.03.31-22.40.34:707][  0]LogLinker:Warning: Can't find file '/Game/FirstPersonBP/Maps/FirstPersonExampleMap_BuiltData'
[2017.03.31-22.40.34:707][  0]LoadErrors: Info Failed to load /Game/FirstPersonBP/Maps/FirstPersonExampleMap_BuiltData.FirstPersonExampleMap_BuiltData Referenced by PersistentLevel
[2017.03.31-22.40.34:707][  0]LogLinker:Warning: Can't find file for asset '/Game/FirstPersonBP/Maps/FirstPersonExampleMap_BuiltData' while loading NULL.
[2017.03.31-22.40.34:707][  0]LoadErrors: Info Failed to load /Game/FirstPersonBP/Maps/FirstPersonExampleMap_BuiltData.FirstPersonExampleMap_BuiltData Referenced by PersistentLevel
[2017.03.31-22.40.34:813][  0]LogAIModule: Creating AISystem for world FirstPersonExampleMap
[2017.03.31-22.40.34:818][  0]LogSkinnedMeshComp:Warning: GetSocketByName(None: GripPoint): No SkeletalMesh for Mesh2P
[2017.03.31-22.40.34:818][  0]LogSkinnedMeshComp:Warning: GetSocketByName(None: GripPoint): No SkeletalMesh for Mesh2P
[2017.03.31-22.40.34:818][  0]LogSkinnedMeshComp:Warning: GetSocketByName(None: GripPoint): No SkeletalMesh for Mesh2P
[2017.03.31-22.40.34:820][  0]LogSkinnedMeshComp:Warning: GetSocketByName(None: GripPoint): No SkeletalMesh for Mesh2P
[2017.03.31-22.40.34:822][  0]LogEditorServer: Finished looking for orphan Actors (0.000 secs)
[2017.03.31-22.40.34:822][  0]Cmd: MAP CHECKDEP NOCLEARLOG
[2017.03.31-22.40.34:845][  0]MapCheck: Info Map check complete: 0 Error(s), 0 Warning(s), took 22.289ms to complete.
[2017.03.31-22.40.34:845][  0]LogFileHelpers: Loading map 'FirstPersonExampleMap' took 0.339
[2017.03.31-22.40.34:901][  0]LogWindowsTextInputMethodSystem:Display: IME system now deactivated.
[2017.03.31-22.40.34:951][  0]LogCollectionManager: Loaded 0 collections in 0.000641 seconds
[2017.03.31-22.40.35:008][  0]LogFileCache: Scanning file cache for directory 'C:/Users/jerry/Documents/GitHub/senior-design/DicomVisual/Saved/Collections/' took 0.01s
[2017.03.31-22.40.35:008][  0]LogFileCache: Scanning file cache for directory 'C:/Users/jerry/Documents/GitHub/senior-design/DicomVisual/Content/Developers/jerry/Collections/' took 0.01s
[2017.03.31-22.40.35:008][  0]LogFileCache: Scanning file cache for directory 'C:/Users/jerry/Documents/GitHub/senior-design/DicomVisual/Content/Collections/' took 0.01s
[2017.03.31-22.40.35:008][  0]LogCollectionManager: Rebuilt the GUID cache for 0 collections in 0.000002 seconds
[2017.03.31-22.40.35:014][  0]LogContentBrowser: Native class hierarchy populated in 0.0064 seconds. Added 2190 classes and 428 folders.
[2017.03.31-22.40.35:036][  0]LogStats: UGameplayTagsManager::ConstructGameplayTagTree: Construct from data asset -  0.000 s
[2017.03.31-22.40.35:036][  0]LogStats: UGameplayTagsManager::ConstructGameplayTagTree: GameplayTagTreeChangedEvent.Broadcast -  0.000 s
[2017.03.31-22.40.35:036][  0]LogContentBrowser: Native class hierarchy updated for 'GameplayTags' in 0.0004 seconds. Added 13 classes and 0 folders.
[2017.03.31-22.40.35:067][  0]LogContentBrowser: Native class hierarchy updated for 'WidgetCarousel' in 0.0003 seconds. Added 0 classes and 0 folders.
[2017.03.31-22.40.35:091][  0]LogContentBrowser: Native class hierarchy updated for 'AddContentDialog' in 0.0003 seconds. Added 0 classes and 0 folders.
[2017.03.31-22.40.35:114][  0]LogContentBrowser: Native class hierarchy updated for 'SceneOutliner' in 0.0003 seconds. Added 1 classes and 2 folders.
[2017.03.31-22.40.35:162][  0]LogCrashTracker: Crashtracker disabled due to settings.
[2017.03.31-22.40.35:166][  0]LogUObjectGlobals:Warning: Failed to find object 'Class None.'
[2017.03.31-22.40.35:210][  0]LogContentBrowser: Native class hierarchy updated for 'HierarchicalLODOutliner' in 0.0003 seconds. Added 1 classes and 2 folders.
[2017.03.31-22.40.35:210][  0]LogLoad: (Engine Initialization) Total time: 8.64 seconds
[2017.03.31-22.40.35:210][  0]LogLoad: (Engine Initialization) Total Blueprint compile time: 0.10 seconds
[2017.03.31-22.40.35:210][  0]LogExternalProfiler: Found external profiler: VSPerf
[2017.03.31-22.40.35:210][  0]LogExternalProfiler: Using external profiler: VSPerf
[2017.03.31-22.40.35:219][  0]LogOcInput: OculusInput pre-init called
[2017.03.31-22.40.35:232][  0]LogAssetRegistry: Asset discovery search completed in 4.7184 seconds
[2017.03.31-22.40.35:232][  0]LogCollectionManager: Rebuilt the object cache for 0 collections in 0.000001 seconds (found 0 objects)
[2017.03.31-22.40.35:232][  0]LogCollectionManager: Fixed up redirectors for 0 collections in 0.000011 seconds (updated 0 objects)
[2017.03.31-22.40.35:234][  0]LogContentStreaming: Texture pool size now 1000 MB
[2017.03.31-22.40.35:370][  0]LogRenderer: Reallocating scene render targets to support 728x540 NumSamples 1 (Frame:2).
[2017.03.31-22.42.24:379][ 70]LogAIModule: Creating AISystem for world VRMap
[2017.03.31-22.42.24:403][ 70]Cmd: MAP LOAD FILE="C:/Users/jerry/Documents/GitHub/senior-design/DicomVisual/Content/FirstPersonBP/Maps/VRMap.umap" TEMPLATE=0 SHOWPROGRESS=1 FEATURELEVEL=3
[2017.03.31-22.42.24:403][ 70]LightingResults: New page: Lighting Build
[2017.03.31-22.42.24:403][ 70]LoadErrors: New page: Loading map: VRMap.umap
[2017.03.31-22.42.24:404][ 70]MapCheck: New page: Map Check
[2017.03.31-22.42.24:404][ 70]LightingResults: New page: Lighting Build
[2017.03.31-22.42.24:443][ 70]LogEditorServer: Finished looking for orphan Actors (0.000 secs)
[2017.03.31-22.42.24:460][ 70]Cmd: MAP CHECKDEP NOCLEARLOG
[2017.03.31-22.42.24:484][ 70]MapCheck: Info Map check complete: 0 Error(s), 0 Warning(s), took 24.234ms to complete.
[2017.03.31-22.42.24:484][ 70]LogFileHelpers: Loading map 'VRMap' took 0.082
[2017.03.31-22.42.45:012][530]LogTemp: Repeting last play command: VR Preview
[2017.03.31-22.42.45:021][530]LogBlueprintUserMessages: Early PlayInEditor Detection: Level '/Game/FirstPersonBP/Maps/VRMap.VRMap:PersistentLevel' has LevelScriptBlueprint '/Game/FirstPersonBP/Maps/VRMap.VRMap:PersistentLevel.VRMap' with GeneratedClass '/Game/FirstPersonBP/Maps/VRMap.VRMap_C' with ClassGeneratedBy '/Game/FirstPersonBP/Maps/VRMap.VRMap:PersistentLevel.VRMap'
[2017.03.31-22.42.45:021][530]LogPlayLevel: PlayLevel: No blueprints needed recompiling
[2017.03.31-22.42.45:022][530]PIE: New page: PIE session: VRMap (Mar 31, 2017, 6:42:45 AM)
[2017.03.31-22.42.45:022][530]LogPlayLevel: Creating play world package: /Game/FirstPersonBP/Maps/UEDPIE_0_VRMap
[2017.03.31-22.42.45:041][530]LogPlayLevel: PIE: StaticDuplicateObject took: (0.019791s)
[2017.03.31-22.42.45:042][530]LogAIModule: Creating AISystem for world VRMap
[2017.03.31-22.42.45:042][530]LogPlayLevel: PIE: World Init took: (0.000674s)
[2017.03.31-22.42.45:042][530]LogPlayLevel: PIE: Created PIE world by copying editor world from /Game/FirstPersonBP/Maps/VRMap.VRMap to /Game/FirstPersonBP/Maps/UEDPIE_0_VRMap.VRMap (0.020693s)
[2017.03.31-22.42.45:089][530]LogInit: XAudio2 using 'Speakers (2- USB Audio Device)' : 2 channels at 44.1 kHz using 16 bits per sample (channel mask 0x3)
[2017.03.31-22.42.45:097][530]LogInit: FAudioDevice initialized.
[2017.03.31-22.42.45:188][530]LogLoad: Game class is 'FirstPersonGameMode_C'
[2017.03.31-22.42.45:190][530]LogWorld: Bringing World /Game/FirstPersonBP/Maps/UEDPIE_0_VRMap.VRMap up for play (max tick rate 0) at 2017.03.31-14.42.45
[2017.03.31-22.42.45:191][530]LogWorld: Bringing up level for play took: 0.001377
[2017.03.31-22.42.45:212][530]LogContentBrowser: Native class hierarchy updated for 'MovieSceneCapture' in 0.0004 seconds. Added 11 classes and 0 folders.
[2017.03.31-22.42.45:217][530]PIE: Info Play in editor start time for /Game/FirstPersonBP/Maps/UEDPIE_0_VRMap 0.199
[2017.03.31-22.42.45:217][530]LogBlueprintUserMessages: Late PlayInEditor Detection: Level '/Game/FirstPersonBP/Maps/VRMap.VRMap:PersistentLevel' has LevelScriptBlueprint '/Game/FirstPersonBP/Maps/VRMap.VRMap:PersistentLevel.VRMap' with GeneratedClass '/Game/FirstPersonBP/Maps/VRMap.VRMap_C' with ClassGeneratedBy '/Game/FirstPersonBP/Maps/VRMap.VRMap:PersistentLevel.VRMap'
[2017.03.31-22.42.45:264][531]LogRenderer: Reallocating scene render targets to support 3024x1680 NumSamples 1 (Frame:15459).
[2017.03.31-22.43.18:762][188]LogBlueprintUserMessages: Early EndPlayMap Detection: Level '/Game/FirstPersonBP/Maps/VRMap.VRMap:PersistentLevel' has LevelScriptBlueprint '/Game/FirstPersonBP/Maps/VRMap.VRMap:PersistentLevel.VRMap' with GeneratedClass '/Game/FirstPersonBP/Maps/VRMap.VRMap_C' with ClassGeneratedBy '/Game/FirstPersonBP/Maps/VRMap.VRMap:PersistentLevel.VRMap'
[2017.03.31-22.43.18:791][188]LogBlueprintUserMessages: Late EndPlayMap Detection: Level '/Game/FirstPersonBP/Maps/VRMap.VRMap:PersistentLevel' has LevelScriptBlueprint '/Game/FirstPersonBP/Maps/VRMap.VRMap:PersistentLevel.VRMap' with GeneratedClass '/Game/FirstPersonBP/Maps/VRMap.VRMap_C' with ClassGeneratedBy '/Game/FirstPersonBP/Maps/VRMap.VRMap:PersistentLevel.VRMap'
[2017.03.31-22.43.31:774][702]LogContentBrowser: Native class hierarchy updated for 'BlueprintGraph' in 0.0006 seconds. Added 111 classes and 0 folders.
[2017.03.31-22.45.33:027][ 95]BlueprintLog: New page: Compile FirstPersonCharacter
[2017.03.31-22.45.34:813][276]LogSavePackage: Save=48.88ms
[2017.03.31-22.45.34:813][276]LogSavePackage: Moving 'C:/Users/jerry/Documents/GitHub/senior-design/DicomVisual/Saved/FirstPersonCharacter9C3CAB4F446A175CFF174581BFA53F2E.tmp' to 'C:/Users/jerry/Documents/GitHub/senior-design/DicomVisual/Content/FirstPersonBP/Blueprints/FirstPersonCharacter.uasset'
[2017.03.31-22.45.34:815][276]LogSavePackage:Display: Finished SavePackage C:/Users/jerry/Documents/GitHub/senior-design/DicomVisual/Content/FirstPersonBP/Blueprints/FirstPersonCharacter.uasset
[2017.03.31-22.45.35:964][400]LogSavePackage: Save=74.36ms
[2017.03.31-22.45.35:964][400]LogSavePackage: Moving 'C:/Users/jerry/Documents/GitHub/senior-design/DicomVisual/Saved/VRMap8F4AFCA34982294E5EE7B0A773E37553.tmp' to 'C:/Users/jerry/Documents/GitHub/senior-design/DicomVisual/Content/FirstPersonBP/Maps/VRMap.umap'
[2017.03.31-22.45.35:966][400]LogSavePackage:Display: Finished SavePackage C:/Users/jerry/Documents/GitHub/senior-design/DicomVisual/Content/FirstPersonBP/Maps/VRMap.umap
[2017.03.31-22.45.36:976][517]LogTemp: Repeting last play command: VR Preview
[2017.03.31-22.45.36:992][517]LogBlueprintUserMessages: Early PlayInEditor Detection: Level '/Game/FirstPersonBP/Maps/VRMap.VRMap:PersistentLevel' has LevelScriptBlueprint '/Game/FirstPersonBP/Maps/VRMap.VRMap:PersistentLevel.VRMap' with GeneratedClass '/Game/FirstPersonBP/Maps/VRMap.VRMap_C' with ClassGeneratedBy '/Game/FirstPersonBP/Maps/VRMap.VRMap:PersistentLevel.VRMap'
[2017.03.31-22.45.36:992][517]LogPlayLevel: PlayLevel: No blueprints needed recompiling
[2017.03.31-22.45.36:992][517]PIE: New page: PIE session: VRMap (Mar 31, 2017, 6:45:36 AM)
[2017.03.31-22.45.36:992][517]LogPlayLevel: Creating play world package: /Game/FirstPersonBP/Maps/UEDPIE_0_VRMap
[2017.03.31-22.45.37:007][517]LogPlayLevel: PIE: StaticDuplicateObject took: (0.015143s)
[2017.03.31-22.45.37:008][517]LogAIModule: Creating AISystem for world VRMap
[2017.03.31-22.45.37:008][517]LogPlayLevel: PIE: World Init took: (0.000654s)
[2017.03.31-22.45.37:008][517]LogPlayLevel: PIE: Created PIE world by copying editor world from /Game/FirstPersonBP/Maps/VRMap.VRMap to /Game/FirstPersonBP/Maps/UEDPIE_0_VRMap.VRMap (0.015985s)
[2017.03.31-22.45.37:060][517]LogInit: XAudio2 using 'Speakers (2- USB Audio Device)' : 2 channels at 44.1 kHz using 16 bits per sample (channel mask 0x3)
[2017.03.31-22.45.37:069][517]LogInit: FAudioDevice initialized.
[2017.03.31-22.45.37:171][517]LogLoad: Game class is 'FirstPersonGameMode_C'
[2017.03.31-22.45.37:173][517]LogWorld: Bringing World /Game/FirstPersonBP/Maps/UEDPIE_0_VRMap.VRMap up for play (max tick rate 0) at 2017.03.31-14.45.37
[2017.03.31-22.45.37:173][517]LogWorld: Bringing up level for play took: 0.001372
[2017.03.31-22.45.37:178][517]PIE: Info Play in editor start time for /Game/FirstPersonBP/Maps/UEDPIE_0_VRMap 0.161
[2017.03.31-22.45.37:178][517]LogBlueprintUserMessages: Late PlayInEditor Detection: Level '/Game/FirstPersonBP/Maps/VRMap.VRMap:PersistentLevel' has LevelScriptBlueprint '/Game/FirstPersonBP/Maps/VRMap.VRMap:PersistentLevel.VRMap' with GeneratedClass '/Game/FirstPersonBP/Maps/VRMap.VRMap_C' with ClassGeneratedBy '/Game/FirstPersonBP/Maps/VRMap.VRMap:PersistentLevel.VRMap'
[2017.03.31-22.46.16:100][600]LogBlueprintUserMessages: Early EndPlayMap Detection: Level '/Game/FirstPersonBP/Maps/VRMap.VRMap:PersistentLevel' has LevelScriptBlueprint '/Game/FirstPersonBP/Maps/VRMap.VRMap:PersistentLevel.VRMap' with GeneratedClass '/Game/FirstPersonBP/Maps/VRMap.VRMap_C' with ClassGeneratedBy '/Game/FirstPersonBP/Maps/VRMap.VRMap:PersistentLevel.VRMap'
[2017.03.31-22.46.16:139][600]LogBlueprintUserMessages: Late EndPlayMap Detection: Level '/Game/FirstPersonBP/Maps/VRMap.VRMap:PersistentLevel' has LevelScriptBlueprint '/Game/FirstPersonBP/Maps/VRMap.VRMap:PersistentLevel.VRMap' with GeneratedClass '/Game/FirstPersonBP/Maps/VRMap.VRMap_C' with ClassGeneratedBy '/Game/FirstPersonBP/Maps/VRMap.VRMap:PersistentLevel.VRMap'
[2017.03.31-22.46.17:858][804]LogTemp: Repeting last play command: VR Preview
[2017.03.31-22.46.17:868][804]LogBlueprintUserMessages: Early PlayInEditor Detection: Level '/Game/FirstPersonBP/Maps/VRMap.VRMap:PersistentLevel' has LevelScriptBlueprint '/Game/FirstPersonBP/Maps/VRMap.VRMap:PersistentLevel.VRMap' with GeneratedClass '/Game/FirstPersonBP/Maps/VRMap.VRMap_C' with ClassGeneratedBy '/Game/FirstPersonBP/Maps/VRMap.VRMap:PersistentLevel.VRMap'
[2017.03.31-22.46.17:868][804]LogPlayLevel: PlayLevel: No blueprints needed recompiling
[2017.03.31-22.46.17:868][804]PIE: New page: PIE session: VRMap (Mar 31, 2017, 6:46:17 AM)
[2017.03.31-22.46.17:868][804]LogPlayLevel: Creating play world package: /Game/FirstPersonBP/Maps/UEDPIE_0_VRMap
[2017.03.31-22.46.17:879][804]LogPlayLevel: PIE: StaticDuplicateObject took: (0.011154s)
[2017.03.31-22.46.17:880][804]LogAIModule: Creating AISystem for world VRMap
[2017.03.31-22.46.17:880][804]LogPlayLevel: PIE: World Init took: (0.000641s)
[2017.03.31-22.46.17:880][804]LogPlayLevel: PIE: Created PIE world by copying editor world from /Game/FirstPersonBP/Maps/VRMap.VRMap to /Game/FirstPersonBP/Maps/UEDPIE_0_VRMap.VRMap (0.012020s)
[2017.03.31-22.46.17:932][804]LogInit: XAudio2 using 'Speakers (2- USB Audio Device)' : 2 channels at 44.1 kHz using 16 bits per sample (channel mask 0x3)
[2017.03.31-22.46.17:940][804]LogInit: FAudioDevice initialized.
[2017.03.31-22.46.18:045][804]LogLoad: Game class is 'FirstPersonGameMode_C'
[2017.03.31-22.46.18:047][804]LogWorld: Bringing World /Game/FirstPersonBP/Maps/UEDPIE_0_VRMap.VRMap up for play (max tick rate 0) at 2017.03.31-14.46.18
[2017.03.31-22.46.18:047][804]LogWorld: Bringing up level for play took: 0.001441
[2017.03.31-22.46.18:053][804]PIE: Info Play in editor start time for /Game/FirstPersonBP/Maps/UEDPIE_0_VRMap 1.035
[2017.03.31-22.46.18:053][804]LogBlueprintUserMessages: Late PlayInEditor Detection: Level '/Game/FirstPersonBP/Maps/VRMap.VRMap:PersistentLevel' has LevelScriptBlueprint '/Game/FirstPersonBP/Maps/VRMap.VRMap:PersistentLevel.VRMap' with GeneratedClass '/Game/FirstPersonBP/Maps/VRMap.VRMap_C' with ClassGeneratedBy '/Game/FirstPersonBP/Maps/VRMap.VRMap:PersistentLevel.VRMap'
[2017.03.31-22.46.29:144][790]LogBlueprintUserMessages: Early EndPlayMap Detection: Level '/Game/FirstPersonBP/Maps/VRMap.VRMap:PersistentLevel' has LevelScriptBlueprint '/Game/FirstPersonBP/Maps/VRMap.VRMap:PersistentLevel.VRMap' with GeneratedClass '/Game/FirstPersonBP/Maps/VRMap.VRMap_C' with ClassGeneratedBy '/Game/FirstPersonBP/Maps/VRMap.VRMap:PersistentLevel.VRMap'
[2017.03.31-22.46.29:178][790]LogBlueprintUserMessages: Late EndPlayMap Detection: Level '/Game/FirstPersonBP/Maps/VRMap.VRMap:PersistentLevel' has LevelScriptBlueprint '/Game/FirstPersonBP/Maps/VRMap.VRMap:PersistentLevel.VRMap' with GeneratedClass '/Game/FirstPersonBP/Maps/VRMap.VRMap_C' with ClassGeneratedBy '/Game/FirstPersonBP/Maps/VRMap.VRMap:PersistentLevel.VRMap'
[2017.03.31-22.46.30:310][911]LogWindowsTextInputMethodSystem:Display: IME system now deactivated.
[2017.03.31-22.46.30:464][912]Cmd: QUIT_EDITOR
[2017.03.31-22.46.30:922][912]LogExit: Preparing to exit.
[2017.03.31-22.46.31:765][912]LogExit: Editor shut down
[2017.03.31-22.46.31:765][912]LogExit: Transaction tracking system shut down
[2017.03.31-22.46.31:838][912]LogObj: Freed 0b from 0 cluster array pools.
[2017.03.31-22.46.31:838][912]LogExit: Object subsystem successfully closed.
[2017.03.31-22.46.31:850][912]LogD3D11RHI: Shutdown
[2017.03.31-22.46.31:850][912]LogD3D11RHI: CleanupD3DDevice
[2017.03.31-22.46.31:851][912]LogD3D11RHI: ~FD3D11DynamicRHI
[2017.03.31-22.46.31:857][912]LogHttp:Display: Http module shutting down, but needs to wait on 1 outstanding Http requests:
[2017.03.31-22.46.31:857][912]LogHttp:Display: 	verb=[POST] url=[https://datarouter.ol.epicgames.com/datarouter/api/v1/public/data?SessionID=%7BCD5A7495-4961-6054-204F-739F88713258%7D&AppID=UEEditor.Rocket.Release&AppVersion=4.14.1-3224400%2B%2B%2BUE4%2BRelease-4.14&UserID=0f989e0444fadd651925079f0f42c72a%7C0a34f74345724195b9ac8b33fa1ec343%7Cb13f9ae6-cbd3-4741-a19b-77a273714184&AppEnvironment=datacollector-binary&UploadType=eteventstream] status=Processing
[2017.03.31-22.46.31:862][912]LogModuleManager: Shutting down and abandoning module BlueprintGraph (244)
[2017.03.31-22.46.31:862][912]LogModuleManager: Shutting down and abandoning module BlueprintProfiler (243)
[2017.03.31-22.46.31:862][912]LogModuleManager: Shutting down and abandoning module MovieSceneCapture (242)
[2017.03.31-22.46.31:862][912]LogModuleManager: Shutting down and abandoning module HierarchicalLODOutliner (241)
[2017.03.31-22.46.31:862][912]LogModuleManager: Shutting down and abandoning module CrashTracker (240)
[2017.03.31-22.46.31:862][912]LogModuleManager: Shutting down and abandoning module SceneOutliner (239)
[2017.03.31-22.46.31:862][912]LogModuleManager: Shutting down and abandoning module WidgetCarousel (238)
[2017.03.31-22.46.31:862][912]LogModuleManager: Shutting down and abandoning module AddContentDialog (237)
[2017.03.31-22.46.31:862][912]LogDirectoryWatcher: A directory notification for 'D:/Epic Games/4.14/FeaturePacks/' was aborted.
[2017.03.31-22.46.31:863][912]LogModuleManager: Shutting down and abandoning module GameplayTags (236)
[2017.03.31-22.46.31:863][912]LogModuleManager: Shutting down and abandoning module EditorWidgets (235)
[2017.03.31-22.46.31:863][912]LogModuleManager: Shutting down and abandoning module CollectionManager (234)
[2017.03.31-22.46.31:863][912]LogDirectoryWatcher: A directory notification for 'C:/Users/jerry/Documents/GitHub/senior-design/DicomVisual/Content/Collections/' was aborted.
[2017.03.31-22.46.31:863][912]LogDirectoryWatcher: A directory notification for 'C:/Users/jerry/Documents/GitHub/senior-design/DicomVisual/Content/Developers/jerry/Collections/' was aborted.
[2017.03.31-22.46.31:863][912]LogDirectoryWatcher: A directory notification for 'C:/Users/jerry/Documents/GitHub/senior-design/DicomVisual/Saved/Collections/' was aborted.
[2017.03.31-22.46.31:863][912]LogModuleManager: Shutting down and abandoning module StatsViewer (233)
[2017.03.31-22.46.31:863][912]LogModuleManager: Shutting down and abandoning module FoliageEdit (232)
[2017.03.31-22.46.31:863][912]LogModuleManager: Shutting down and abandoning module LandscapeEditor (231)
[2017.03.31-22.46.31:863][912]LogModuleManager: Shutting down and abandoning module SceneDepthPickerMode (230)
[2017.03.31-22.46.31:863][912]LogModuleManager: Shutting down and abandoning module ActorPickerMode (229)
[2017.03.31-22.46.31:863][912]LogModuleManager: Shutting down and abandoning module GeometryMode (228)
[2017.03.31-22.46.31:863][912]LogModuleManager: Shutting down and abandoning module TextureAlignMode (227)
[2017.03.31-22.46.31:863][912]LogModuleManager: Shutting down and abandoning module BspMode (226)
[2017.03.31-22.46.31:863][912]LogModuleManager: Shutting down and abandoning module HardwareSurvey (225)
[2017.03.31-22.46.31:863][912]LogModuleManager: Shutting down and abandoning module SequenceRecorderSections (224)
[2017.03.31-22.46.31:863][912]LogModuleManager: Shutting down and abandoning module AutomationWorker (223)
[2017.03.31-22.46.31:863][912]LogModuleManager: Shutting down and abandoning module MatineeToLevelSequence (222)
[2017.03.31-22.46.31:863][912]LogModuleManager: Shutting down and abandoning module PlacementMode (221)
[2017.03.31-22.46.31:863][912]LogModuleManager: Shutting down and abandoning module LevelSequenceEditor (220)
[2017.03.31-22.46.31:863][912]LogModuleManager: Shutting down and abandoning module WmfMediaFactory (219)
[2017.03.31-22.46.31:863][912]LogModuleManager: Shutting down and abandoning module WmfMediaEditor (218)
[2017.03.31-22.46.31:863][912]LogModuleManager: Shutting down and abandoning module AvfMediaFactory (217)
[2017.03.31-22.46.31:863][912]LogModuleManager: Shutting down and abandoning module AvfMediaEditor (216)
[2017.03.31-22.46.31:863][912]LogModuleManager: Shutting down and abandoning module Media (215)
[2017.03.31-22.46.31:863][912]LogModuleManager: Shutting down and abandoning module AndroidMediaFactory (214)
[2017.03.31-22.46.31:863][912]LogModuleManager: Shutting down and abandoning module AndroidMediaEditor (213)
[2017.03.31-22.46.31:863][912]LogModuleManager: Shutting down and abandoning module CharacterAI (212)
[2017.03.31-22.46.31:863][912]LogModuleManager: Shutting down and abandoning module SequenceRecorder (211)
[2017.03.31-22.46.31:863][912]LogModuleManager: Shutting down and abandoning module AudioCapture (210)
[2017.03.31-22.46.31:863][912]LogModuleManager: Shutting down and abandoning module SmartSnapping (209)
[2017.03.31-22.46.31:863][912]LogModuleManager: Shutting down and abandoning module SessionServices (208)
[2017.03.31-22.46.31:863][912]LogModuleManager: Shutting down and abandoning module ViewportSnapping (207)
[2017.03.31-22.46.31:863][912]LogModuleManager: Shutting down and abandoning module ViewportInteraction (206)
[2017.03.31-22.46.31:863][912]LogModuleManager: Shutting down and abandoning module LogVisualizer (205)
[2017.03.31-22.46.31:863][912]LogModuleManager: Shutting down and abandoning module GameProjectGeneration (204)
[2017.03.31-22.46.31:863][912]LogModuleManager: Shutting down and abandoning module IntroTutorials (203)
[2017.03.31-22.46.31:863][912]LogModuleManager: Shutting down and abandoning module EditorLiveStreaming (202)
[2017.03.31-22.46.31:863][912]LogModuleManager: Shutting down and abandoning module IOSPlatformEditor (201)
[2017.03.31-22.46.31:863][912]LogModuleManager: Shutting down and abandoning module HTML5PlatformEditor (200)
[2017.03.31-22.46.31:863][912]LogModuleManager: Shutting down and abandoning module AndroidDeviceDetection (199)
[2017.03.31-22.46.31:888][912]LogModuleManager: Shutting down and abandoning module AndroidPlatformEditor (198)
[2017.03.31-22.46.31:888][912]LogModuleManager: Shutting down and abandoning module IOSRuntimeSettings (197)
[2017.03.31-22.46.31:888][912]LogModuleManager: Shutting down and abandoning module AndroidRuntimeSettings (196)
[2017.03.31-22.46.31:888][912]LogModuleManager: Shutting down and abandoning module InputBindingEditor (195)
[2017.03.31-22.46.31:888][912]LogModuleManager: Shutting down and abandoning module NiagaraEditor (194)
[2017.03.31-22.46.31:888][912]LogModuleManager: Shutting down and abandoning module MergeActors (193)
[2017.03.31-22.46.31:888][912]LogModuleManager: Shutting down and abandoning module SizeMap (192)
[2017.03.31-22.46.31:888][912]LogModuleManager: Shutting down and abandoning module TreeMap (191)
[2017.03.31-22.46.31:888][912]LogModuleManager: Shutting down and abandoning module ReferenceViewer (190)
[2017.03.31-22.46.31:888][912]LogModuleManager: Shutting down and abandoning module LocalizationService (189)
[2017.03.31-22.46.31:888][912]LogModuleManager: Shutting down and abandoning module LocalizationDashboard (188)
[2017.03.31-22.46.31:888][912]LogModuleManager: Shutting down and abandoning module HardwareTargeting (187)
[2017.03.31-22.46.31:888][912]LogModuleManager: Shutting down and abandoning module DeviceProfileEditor (186)
[2017.03.31-22.46.31:888][912]LogModuleManager: Shutting down and abandoning module UndoHistory (185)
[2017.03.31-22.46.31:888][912]LogModuleManager: Shutting down and abandoning module UserFeedback (184)
[2017.03.31-22.46.31:888][912]LogModuleManager: Shutting down and abandoning module XmlParser (183)
[2017.03.31-22.46.31:888][912]LogModuleManager: Shutting down and abandoning module Blutility (182)
[2017.03.31-22.46.31:888][912]LogModuleManager: Shutting down and abandoning module ProjectTargetPlatformEditor (181)
[2017.03.31-22.46.31:888][912]LogModuleManager: Shutting down and abandoning module ProjectSettingsViewer (180)
[2017.03.31-22.46.31:888][912]LogModuleManager: Shutting down and abandoning module EditorSettingsViewer (179)
[2017.03.31-22.46.31:888][912]LogModuleManager: Shutting down and abandoning module SettingsEditor (178)
[2017.03.31-22.46.31:888][912]LogModuleManager: Shutting down and abandoning module ProjectLauncher (177)
[2017.03.31-22.46.31:888][912]LogModuleManager: Shutting down and abandoning module SessionFrontend (176)
[2017.03.31-22.46.31:888][912]LogModuleManager: Shutting down and abandoning module ProfilerClient (175)
[2017.03.31-22.46.31:888][912]LogModuleManager: Shutting down and abandoning module TargetDeviceServices (174)
[2017.03.31-22.46.31:888][912]LogModuleManager: Shutting down and abandoning module DeviceManager (173)
[2017.03.31-22.46.31:930][912]LogModuleManager: Shutting down and abandoning module AutomationController (172)
[2017.03.31-22.46.31:930][912]LogModuleManager: Shutting down and abandoning module AutomationWindow (171)
[2017.03.31-22.46.31:930][912]LogModuleManager: Shutting down and abandoning module Layers (170)
[2017.03.31-22.46.31:930][912]LogModuleManager: Shutting down and abandoning module ComponentVisualizers (169)
[2017.03.31-22.46.31:930][912]LogModuleManager: Shutting down and abandoning module DetailCustomizations (168)
[2017.03.31-22.46.31:930][912]LogModuleManager: Shutting down and abandoning module PackagesDialog (167)
[2017.03.31-22.46.31:930][912]LogModuleManager: Shutting down and abandoning module AnimGraph (166)
[2017.03.31-22.46.31:930][912]LogModuleManager: Shutting down and abandoning module Persona (165)
[2017.03.31-22.46.31:930][912]LogModuleManager: Shutting down and abandoning module Kismet (164)
[2017.03.31-22.46.31:936][912]LogModuleManager: Shutting down and abandoning module GraphEditor (163)
[2017.03.31-22.46.31:936][912]LogModuleManager: Shutting down and abandoning module ClassViewer (162)
[2017.03.31-22.46.31:936][912]LogModuleManager: Shutting down and abandoning module Toolbox (161)
[2017.03.31-22.46.31:936][912]LogModuleManager: Shutting down and abandoning module ModuleUI (160)
[2017.03.31-22.46.31:936][912]LogModuleManager: Shutting down and abandoning module MovieSceneTools (159)
[2017.03.31-22.46.31:936][912]LogModuleManager: Shutting down and abandoning module OutputLog (158)
[2017.03.31-22.46.31:936][912]LogModuleManager: Shutting down and abandoning module GammaUI (157)
[2017.03.31-22.46.31:936][912]LogModuleManager: Shutting down and abandoning module Documentation (156)
[2017.03.31-22.46.31:936][912]LogModuleManager: Shutting down and abandoning module Niagara (155)
[2017.03.31-22.46.31:936][912]LogModuleManager: Shutting down and abandoning module StreamingPauseRendering (154)
[2017.03.31-22.46.31:936][912]LogModuleManager: Shutting down and abandoning module AnalyticsET (153)
[2017.03.31-22.46.31:936][912]LogModuleManager: Shutting down and abandoning module PortalServices (152)
[2017.03.31-22.46.31:936][912]LogModuleManager: Shutting down and abandoning module PortalRpc (151)
[2017.03.31-22.46.31:936][912]LogModuleManager: Shutting down and abandoning module MessagingRpc (150)
[2017.03.31-22.46.31:936][912]LogModuleManager: Shutting down and abandoning module GameplayDebugger (149)
[2017.03.31-22.46.31:936][912]LogModuleManager: Shutting down and abandoning module AITestSuite (148)
[2017.03.31-22.46.31:936][912]LogModuleManager: Shutting down and abandoning module AIModule (147)
[2017.03.31-22.46.31:936][912]LogModuleManager: Shutting down and abandoning module ProfilerService (146)
[2017.03.31-22.46.32:005][912]LogModuleManager: Shutting down and abandoning module TaskGraph (145)
[2017.03.31-22.46.32:005][912]LogModuleManager: Shutting down and abandoning module SlateRemote (144)
[2017.03.31-22.46.32:005][912]LogModuleManager: Shutting down and abandoning module SteamVRController (143)
[2017.03.31-22.46.32:005][912]LogModuleManager: Shutting down and abandoning module SteamVR (142)
[2017.03.31-22.46.32:005][912]LogModuleManager: Shutting down and abandoning module ProceduralMeshComponentEditor (141)
[2017.03.31-22.46.32:005][912]LogModuleManager: Shutting down and abandoning module ProceduralMeshComponent (140)
[2017.03.31-22.46.32:005][912]LogModuleManager: Shutting down and abandoning module OculusLibrary (139)
[2017.03.31-22.46.32:005][912]LogModuleManager: Shutting down and abandoning module OculusInput (138)
[2017.03.31-22.46.32:005][912]LogModuleManager: Shutting down and abandoning module MobilePatchingUtils (137)
[2017.03.31-22.46.32:005][912]LogModuleManager: Shutting down and abandoning module CustomMeshComponent (136)
[2017.03.31-22.46.32:005][912]LogModuleManager: Shutting down and abandoning module CableComponent (135)
[2017.03.31-22.46.32:005][912]LogModuleManager: Shutting down and abandoning module ArchVisCharacter (134)
[2017.03.31-22.46.32:005][912]LogModuleManager: Shutting down and abandoning module MediaPlayerEditor (132)
[2017.03.31-22.46.32:005][912]LogModuleManager: Shutting down and abandoning module HTML5Networking (131)
[2017.03.31-22.46.32:005][912]LogModuleManager: Shutting down and abandoning module GeometryCacheEd (130)
[2017.03.31-22.46.32:005][912]LogModuleManager: Shutting down and abandoning module GeometryCache (129)
[2017.03.31-22.46.32:005][912]LogModuleManager: Shutting down and abandoning module AlembicLibrary (128)
[2017.03.31-22.46.32:005][912]LogModuleManager: Shutting down and abandoning module AlembicImporter (127)
[2017.03.31-22.46.32:005][912]LogModuleManager: Shutting down and abandoning module SuperSearch (126)
[2017.03.31-22.46.32:005][912]LogModuleManager: Shutting down and abandoning module SuperSearchEditor (125)
[2017.03.31-22.46.32:005][912]LogModuleManager: Shutting down and abandoning module SpeedTreeImporter (124)
[2017.03.31-22.46.32:005][912]LogModuleManager: Shutting down and abandoning module PluginBrowser (123)
[2017.03.31-22.46.32:005][912]LogModuleManager: Shutting down and abandoning module MobileLauncherProfileWizard (122)
[2017.03.31-22.46.32:005][912]LogModuleManager: Shutting down and abandoning module EpicSurvey (121)
[2017.03.31-22.46.32:005][912]LogModuleManager: Shutting down and abandoning module DesktopPlatform (120)
[2017.03.31-22.46.32:005][912]LogModuleManager: Shutting down and abandoning module VisualStudioSourceCodeAccess (119)
[2017.03.31-22.46.32:005][912]LogModuleManager: Shutting down and abandoning module UObjectPlugin (118)
[2017.03.31-22.46.32:005][912]LogModuleManager: Shutting down and abandoning module SubversionSourceControl (117)
[2017.03.31-22.46.32:005][912]LogModuleManager: Shutting down and abandoning module PerforceSourceControl (116)
[2017.03.31-22.46.32:005][912]LogModuleManager: Shutting down and abandoning module SourceControl (115)
[2017.03.31-22.46.32:005][912]LogModuleManager: Shutting down and abandoning module GitSourceControl (114)
[2017.03.31-22.46.32:005][912]LogModuleManager: Shutting down and abandoning module LightPropagationVolumeEditor (113)
[2017.03.31-22.46.32:005][912]LogModuleManager: Shutting down and abandoning module PaperTiledImporter (112)
[2017.03.31-22.46.32:005][912]LogModuleManager: Shutting down and abandoning module PaperSpriteSheetImporter (111)
[2017.03.31-22.46.32:005][912]LogModuleManager: Shutting down and abandoning module MeshPaint (110)
[2017.03.31-22.46.32:005][912]LogModuleManager: Shutting down and abandoning module PixelInspectorModule (109)
[2017.03.31-22.46.32:005][912]LogModuleManager: Shutting down and abandoning module HotReload (108)
[2017.03.31-22.46.32:006][912]LogModuleManager: Shutting down and abandoning module MainFrame (107)
[2017.03.31-22.46.32:006][912]LogModuleManager: Shutting down and abandoning module LevelEditor (106)
[2017.03.31-22.46.32:006][912]LogModuleManager: Shutting down and abandoning module ContentBrowser (105)
[2017.03.31-22.46.32:007][912]LogModuleManager: Shutting down and abandoning module Paper2DEditor (104)
[2017.03.31-22.46.32:007][912]LogModuleManager: Shutting down and abandoning module UdpMessaging (103)
[2017.03.31-22.46.32:107][912]LogModuleManager: Shutting down and abandoning module TcpMessaging (102)
[2017.03.31-22.46.32:605][912]LogModuleManager: Shutting down and abandoning module LightPropagationVolumeRuntime (101)
[2017.03.31-22.46.32:605][912]LogModuleManager: Shutting down and abandoning module Paper2D (100)
[2017.03.31-22.46.32:605][912]LogModuleManager: Shutting down and abandoning module WindowsMoviePlayer (99)
[2017.03.31-22.46.32:605][912]LogModuleManager: Shutting down and abandoning module WmfMedia (98)
[2017.03.31-22.46.32:606][912]LogModuleManager: Shutting down and abandoning module MediaAssets (97)
[2017.03.31-22.46.32:606][912]LogModuleManager: Shutting down and abandoning module GameLiveStreaming (96)
[2017.03.31-22.46.32:606][912]LogModuleManager: Shutting down and abandoning module GameplayTagsEditor (95)
[2017.03.31-22.46.32:606][912]LogModuleManager: Shutting down and abandoning module VREditor (94)
[2017.03.31-22.46.32:606][912]LogModuleManager: Shutting down and abandoning module GameplayTasksEditor (93)
[2017.03.31-22.46.32:606][912]LogModuleManager: Shutting down and abandoning module BehaviorTreeEditor (92)
[2017.03.31-22.46.32:606][912]LogModuleManager: Shutting down and abandoning module FunctionalTesting (91)
[2017.03.31-22.46.32:606][912]LogModuleManager: Shutting down and abandoning module CollisionAnalyzer (90)
[2017.03.31-22.46.32:606][912]LogModuleManager: Shutting down and abandoning module Sequencer (89)
[2017.03.31-22.46.32:606][912]LogModuleManager: Shutting down and abandoning module WorkspaceMenuStructure (88)
[2017.03.31-22.46.32:606][912]LogModuleManager: Shutting down and abandoning module MessageLog (87)
[2017.03.31-22.46.32:606][912]LogModuleManager: Shutting down and abandoning module AssetTools (86)
[2017.03.31-22.46.32:606][912]LogModuleManager: Shutting down and abandoning module UMGEditor (85)
[2017.03.31-22.46.32:606][912]LogModuleManager: Shutting down and abandoning module UMG (84)
[2017.03.31-22.46.32:606][912]LogModuleManager: Shutting down and abandoning module SlateReflector (83)
[2017.03.31-22.46.32:606][912]LogModuleManager: Shutting down and abandoning module Slate (82)
[2017.03.31-22.46.32:606][912]LogModuleManager: Shutting down and abandoning module EditorStyle (81)
[2017.03.31-22.46.32:607][912]LogModuleManager: Shutting down and abandoning module SourceCodeAccess (80)
[2017.03.31-22.46.32:607][912]LogModuleManager: Shutting down and abandoning module HeadMountedDisplay (79)
[2017.03.31-22.46.32:607][912]LogModuleManager: Shutting down and abandoning module XAudio2 (78)
[2017.03.31-22.46.32:607][912]LogModuleManager: Shutting down and abandoning module Networking (76)
[2017.03.31-22.46.32:607][912]LogModuleManager: Shutting down and abandoning module Core (75)
[2017.03.31-22.46.32:607][912]LogModuleManager: Shutting down and abandoning module DirectoryWatcher (74)
[2017.03.31-22.46.32:607][912]LogDirectoryWatcher: A directory notification for '../../../Engine/Content/' was aborted.
[2017.03.31-22.46.32:607][912]LogDirectoryWatcher: A directory notification for 'C:/Users/jerry/Documents/GitHub/senior-design/DicomVisual/Content/' was aborted.
[2017.03.31-22.46.32:607][912]LogDirectoryWatcher: A directory notification for '../../../Engine/Plugins/2D/Paper2D/Content/' was aborted.
[2017.03.31-22.46.32:608][912]LogModuleManager: Shutting down and abandoning module AssetRegistry (73)
[2017.03.31-22.46.32:725][912]LogModuleManager: Shutting down and abandoning module KismetCompiler (72)
[2017.03.31-22.46.32:725][912]LogModuleManager: Shutting down and abandoning module PhysXFormats (71)
[2017.03.31-22.46.32:725][912]LogModuleManager: Shutting down and abandoning module SimplygonSwarm (70)
[2017.03.31-22.46.32:726][912]LogModuleManager: Shutting down and abandoning module SimplygonMeshReduction (69)
[2017.03.31-22.46.32:726][912]LogModuleManager: Shutting down and abandoning module QuadricMeshReduction (68)
[2017.03.31-22.46.32:726][912]LogModuleManager: Shutting down and abandoning module PropertyEditor (67)
[2017.03.31-22.46.32:726][912]LogModuleManager: Shutting down and abandoning module MeshUtilities (66)
[2017.03.31-22.46.32:726][912]LogModuleManager: Shutting down and abandoning module DerivedDataCache (65)
[2017.03.31-22.46.32:754][912]LogDerivedDataCache: Shutdown
[2017.03.31-22.46.32:754][912]LogModuleManager: Shutting down and abandoning module VulkanShaderFormat (64)
[2017.03.31-22.46.32:754][912]LogModuleManager: Shutting down and abandoning module ShaderFormatOpenGL (63)
[2017.03.31-22.46.32:754][912]LogModuleManager: Shutting down and abandoning module ShaderFormatD3D (62)
[2017.03.31-22.46.32:754][912]LogModuleManager: Shutting down and abandoning module MetalShaderFormat (61)
[2017.03.31-22.46.32:754][912]LogModuleManager: Shutting down and abandoning module TextureFormatUncompressed (60)
[2017.03.31-22.46.32:754][912]LogModuleManager: Shutting down and abandoning module TextureFormatPVR (59)
[2017.03.31-22.46.32:754][912]LogModuleManager: Shutting down and abandoning module TextureFormatDXT (58)
[2017.03.31-22.46.32:754][912]LogModuleManager: Shutting down and abandoning module TextureFormatIntelISPCTexComp (57)
[2017.03.31-22.46.32:754][912]LogModuleManager: Shutting down and abandoning module ImageWrapper (56)
[2017.03.31-22.46.32:754][912]LogModuleManager: Shutting down and abandoning module TextureFormatASTC (55)
[2017.03.31-22.46.32:754][912]LogModuleManager: Shutting down and abandoning module TextureFormatAndroid (54)
[2017.03.31-22.46.32:754][912]LogModuleManager: Shutting down and abandoning module AudioFormatOpus (53)
[2017.03.31-22.46.32:754][912]LogModuleManager: Shutting down and abandoning module AudioFormatOgg (52)
[2017.03.31-22.46.32:754][912]LogModuleManager: Shutting down and abandoning module AudioFormatADPCM (51)
[2017.03.31-22.46.32:754][912]LogModuleManager: Shutting down and abandoning module LinuxTargetPlatform (50)
[2017.03.31-22.46.32:754][912]LogModuleManager: Shutting down and abandoning module LinuxServerTargetPlatform (49)
[2017.03.31-22.46.32:754][912]LogModuleManager: Shutting down and abandoning module LinuxNoEditorTargetPlatform (48)
[2017.03.31-22.46.32:754][912]LogModuleManager: Shutting down and abandoning module LinuxClientTargetPlatform (47)
[2017.03.31-22.46.32:754][912]LogModuleManager: Shutting down and abandoning module TVOSTargetPlatform (46)
[2017.03.31-22.46.32:754][912]LogModuleManager: Shutting down and abandoning module Messaging (45)
[2017.03.31-22.46.32:754][912]LogModuleManager: Shutting down and abandoning module IOSTargetPlatform (44)
[2017.03.31-22.46.32:754][912]LogModuleManager: Shutting down and abandoning module HTML5TargetPlatform (43)
[2017.03.31-22.46.32:754][912]LogModuleManager: Shutting down and abandoning module Android_PVRTCTargetPlatform (42)
[2017.03.31-22.46.32:754][912]LogModuleManager: Shutting down and abandoning module Android_MultiTargetPlatform (41)
[2017.03.31-22.46.32:754][912]LogModuleManager: Shutting down and abandoning module Android_ETC2TargetPlatform (40)
[2017.03.31-22.46.32:754][912]LogModuleManager: Shutting down and abandoning module Android_ETC1TargetPlatform (39)
[2017.03.31-22.46.32:754][912]LogModuleManager: Shutting down and abandoning module Android_DXTTargetPlatform (38)
[2017.03.31-22.46.32:754][912]LogModuleManager: Shutting down and abandoning module Android_ATCTargetPlatform (37)
[2017.03.31-22.46.32:754][912]LogModuleManager: Shutting down and abandoning module Android_ASTCTargetPlatform (36)
[2017.03.31-22.46.32:754][912]LogModuleManager: Shutting down and abandoning module AndroidTargetPlatform (35)
[2017.03.31-22.46.32:754][912]LogModuleManager: Shutting down and abandoning module WindowsTargetPlatform (34)
[2017.03.31-22.46.32:754][912]LogModuleManager: Shutting down and abandoning module WindowsServerTargetPlatform (33)
[2017.03.31-22.46.32:754][912]LogModuleManager: Shutting down and abandoning module WindowsNoEditorTargetPlatform (32)
[2017.03.31-22.46.32:754][912]LogModuleManager: Shutting down and abandoning module WindowsClientTargetPlatform (31)
[2017.03.31-22.46.32:754][912]LogModuleManager: Shutting down and abandoning module MacTargetPlatform (30)
[2017.03.31-22.46.32:754][912]LogModuleManager: Shutting down and abandoning module MacServerTargetPlatform (29)
[2017.03.31-22.46.32:754][912]LogModuleManager: Shutting down and abandoning module MacNoEditorTargetPlatform (28)
[2017.03.31-22.46.32:754][912]LogModuleManager: Shutting down and abandoning module MacClientTargetPlatform (27)
[2017.03.31-22.46.32:754][912]LogModuleManager: Shutting down and abandoning module AllDesktopTargetPlatform (26)
[2017.03.31-22.46.32:755][912]LogModuleManager: Shutting down and abandoning module TargetPlatform (25)
[2017.03.31-22.46.32:755][912]LogModuleManager: Shutting down and abandoning module InputCore (24)
[2017.03.31-22.46.32:755][912]LogModuleManager: Shutting down and abandoning module Settings (23)
[2017.03.31-22.46.32:755][912]LogModuleManager: Shutting down and abandoning module OculusRift (22)
[2017.03.31-22.46.32:755][912]LogModuleManager: Shutting down and abandoning module ExampleDeviceProfileSelector (21)
[2017.03.31-22.46.32:755][912]LogModuleManager: Shutting down and abandoning module OnlineBlueprintSupport (20)
[2017.03.31-22.46.32:755][912]LogModuleManager: Shutting down and abandoning module OnlineSubsystem (18)
[2017.03.31-22.46.32:755][912]LogOnline:Display: Unloading online subsystem: NULL
[2017.03.31-22.46.32:755][912]LogModuleManager: Shutting down and abandoning module SSL (17)
[2017.03.31-22.46.32:756][912]LogModuleManager: Shutting down and abandoning module HTTP (16)
[2017.03.31-22.46.32:756][912]LogModuleManager: Shutting down and abandoning module XMPP (15)
[2017.03.31-22.46.32:756][912]LogModuleManager: Shutting down and abandoning module TextureCompressor (14)
[2017.03.31-22.46.32:756][912]LogModuleManager: Shutting down and abandoning module ShaderCore (13)
[2017.03.31-22.46.32:756][912]LogModuleManager: Shutting down and abandoning module Landscape (12)
[2017.03.31-22.46.32:756][912]LogModuleManager: Shutting down and abandoning module SlateRHIRenderer (11)
[2017.03.31-22.46.32:756][912]LogModuleManager: Shutting down and abandoning module OpenGLDrv (10)
[2017.03.31-22.46.32:757][912]LogModuleManager: Shutting down and abandoning module D3D11RHI (9)
[2017.03.31-22.46.32:757][912]LogModuleManager: Shutting down and abandoning module AnimGraphRuntime (8)
[2017.03.31-22.46.32:757][912]LogModuleManager: Shutting down and abandoning module Renderer (7)
[2017.03.31-22.46.32:757][912]LogModuleManager: Shutting down and abandoning module Engine (6)
[2017.03.31-22.46.32:757][912]LogModuleManager: Shutting down and abandoning module CoreUObject (5)
[2017.03.31-22.46.32:757][912]LogModuleManager: Shutting down and abandoning module NetworkFile (4)
[2017.03.31-22.46.32:757][912]LogModuleManager: Shutting down and abandoning module StreamingFile (3)
[2017.03.31-22.46.32:757][912]LogModuleManager: Shutting down and abandoning module SandboxFile (2)
[2017.03.31-22.46.32:757][912]LogModuleManager: Shutting down and abandoning module PakFile (1)
[2017.03.31-22.46.32:758][912]LogExit: Exiting.
[2017.03.31-22.46.32:759][912]Log file closed, 03/31/17 14:46:32
