Log file open, 03/28/17 22:29:12
LogInit:Display: Running engine for game: DicomVisual
LogPlatformFile: Not using cached read wrapper
LogInit:Display: RandInit(1947203127) SRandInit(1947203127).
LogTaskGraph: Started task graph with 5 named threads and 8 total threads with 1 sets of task threads.
LogStats: Stats thread started at 2.851217
LogPluginManager: Loaded Plugin Paper2D, From D:/Epic Games/4.14/Engine/Plugins/2D/Paper2D/Paper2D.uplugin
LogPluginManager: Loaded Plugin LightPropagationVolume, From D:/Epic Games/4.14/Engine/Plugins/Blendables/LightPropagationVolume/LightPropagationVolume.uplugin
LogPluginManager: Loaded Plugin BlankPlugin, From D:/Epic Games/4.14/Engine/Plugins/Developer/BlankPlugin/BlankPlugin.uplugin
LogPluginManager: Loaded Plugin CodeLiteSourceCodeAccess, From D:/Epic Games/4.14/Engine/Plugins/Developer/CodeLiteSourceCodeAccess/CodeLiteSourceCodeAccess.uplugin
LogPluginManager: Loaded Plugin GitSourceControl, From D:/Epic Games/4.14/Engine/Plugins/Developer/GitSourceControl/GitSourceControl.uplugin
LogPluginManager: Loaded Plugin KDevelopSourceCodeAccess, From D:/Epic Games/4.14/Engine/Plugins/Developer/KDevelopSourceCodeAccess/KDevelopSourceCodeAccess.uplugin
LogPluginManager: Loaded Plugin NullSourceCodeAccess, From D:/Epic Games/4.14/Engine/Plugins/Developer/NullSourceCodeAccess/NullSourceCodeAccess.uplugin
LogPluginManager: Loaded Plugin OneSkyLocalizationService, From D:/Epic Games/4.14/Engine/Plugins/Developer/OneSkyLocalizationService/OneSkyLocalizationService.uplugin
LogPluginManager: Loaded Plugin PerforceSourceControl, From D:/Epic Games/4.14/Engine/Plugins/Developer/PerforceSourceControl/PerforceSourceControl.uplugin
LogPluginManager: Loaded Plugin SubversionSourceControl, From D:/Epic Games/4.14/Engine/Plugins/Developer/SubversionSourceControl/SubversionSourceControl.uplugin
LogPluginManager: Loaded Plugin UObjectPlugin, From D:/Epic Games/4.14/Engine/Plugins/Developer/UObjectPlugin/UObjectPlugin.uplugin
LogPluginManager: Loaded Plugin VisualStudioSourceCodeAccess, From D:/Epic Games/4.14/Engine/Plugins/Developer/VisualStudioSourceCodeAccess/VisualStudioSourceCodeAccess.uplugin
LogPluginManager: Loaded Plugin XCodeSourceCodeAccess, From D:/Epic Games/4.14/Engine/Plugins/Developer/XCodeSourceCodeAccess/XCodeSourceCodeAccess.uplugin
LogPluginManager: Loaded Plugin AudioCapture, From D:/Epic Games/4.14/Engine/Plugins/Editor/AudioCapture/AudioCapture.uplugin
LogPluginManager: Loaded Plugin EpicSurvey, From D:/Epic Games/4.14/Engine/Plugins/Editor/EpicSurvey/EpicSurvey.uplugin
LogPluginManager: Loaded Plugin MacGraphicsSwitching, From D:/Epic Games/4.14/Engine/Plugins/Editor/MacGraphicsSwitching/MacGraphicsSwitching.uplugin
LogPluginManager: Loaded Plugin MobileLauncherProfileWizard, From D:/Epic Games/4.14/Engine/Plugins/Editor/MobileLauncherProfileWizard/MobileLauncherProfileWizard.uplugin
LogPluginManager: Loaded Plugin PluginBrowser, From D:/Epic Games/4.14/Engine/Plugins/Editor/PluginBrowser/PluginBrowser.uplugin
LogPluginManager: Loaded Plugin SpeedTreeImporter, From D:/Epic Games/4.14/Engine/Plugins/Editor/SpeedTreeImporter/SpeedTreeImporter.uplugin
LogPluginManager: Loaded Plugin SuperSearchEditor, From D:/Epic Games/4.14/Engine/Plugins/Editor/SuperSearchEditor/SuperSearchEditor.uplugin
LogPluginManager: Loaded Plugin AlembicImporter, From D:/Epic Games/4.14/Engine/Plugins/Experimental/AlembicImporter/AlembicImporter.uplugin
LogPluginManager: Loaded Plugin BlueprintStats, From D:/Epic Games/4.14/Engine/Plugins/Experimental/BlueprintStats/BlueprintStats.uplugin
LogPluginManager: Loaded Plugin CharacterAI, From D:/Epic Games/4.14/Engine/Plugins/Experimental/CharacterAI/CharacterAI.uplugin
LogPluginManager: Loaded Plugin CodeEditor, From D:/Epic Games/4.14/Engine/Plugins/Experimental/CodeEditor/CodeEditor.uplugin
LogPluginManager: Loaded Plugin CodeView, From D:/Epic Games/4.14/Engine/Plugins/Experimental/CodeView/CodeView.uplugin
LogPluginManager: Loaded Plugin HTML5Networking, From D:/Epic Games/4.14/Engine/Plugins/Experimental/HTML5Networking/HTML5Networking.uplugin
LogPluginManager: Loaded Plugin OSVR, From D:/Epic Games/4.14/Engine/Plugins/Experimental/OSVR/OSVR.uplugin
LogPluginManager: Loaded Plugin Phya, From D:/Epic Games/4.14/Engine/Plugins/Experimental/Phya/Phya.uplugin
LogPluginManager: Loaded Plugin SignificanceManager, From D:/Epic Games/4.14/Engine/Plugins/Experimental/SignificanceManager/SignificanceManager.uplugin
LogPluginManager: Loaded Plugin SimpleHMD, From D:/Epic Games/4.14/Engine/Plugins/Experimental/SimpleHMD/SimpleHMD.uplugin
LogPluginManager: Loaded Plugin StereoPanorama, From D:/Epic Games/4.14/Engine/Plugins/Experimental/StereoPanorama/StereoPanorama.uplugin
LogPluginManager: Loaded Plugin StructBox, From D:/Epic Games/4.14/Engine/Plugins/Experimental/StructBox/StructBox.uplugin
LogPluginManager: Loaded Plugin AndroidMedia, From D:/Epic Games/4.14/Engine/Plugins/Media/AndroidMedia/AndroidMedia.uplugin
LogPluginManager: Loaded Plugin AvfMedia, From D:/Epic Games/4.14/Engine/Plugins/Media/AvfMedia/AvfMedia.uplugin
LogPluginManager: Loaded Plugin MediaPlayerEditor, From D:/Epic Games/4.14/Engine/Plugins/Media/MediaPlayerEditor/MediaPlayerEditor.uplugin
LogPluginManager: Loaded Plugin WmfMedia, From D:/Epic Games/4.14/Engine/Plugins/Media/WmfMedia/WmfMedia.uplugin
LogPluginManager: Loaded Plugin MessagingDebugger, From D:/Epic Games/4.14/Engine/Plugins/Messaging/MessagingDebugger/MessagingDebugger.uplugin
LogPluginManager: Loaded Plugin TcpMessaging, From D:/Epic Games/4.14/Engine/Plugins/Messaging/TcpMessaging/TcpMessaging.uplugin
LogPluginManager: Loaded Plugin UdpMessaging, From D:/Epic Games/4.14/Engine/Plugins/Messaging/UdpMessaging/UdpMessaging.uplugin
LogPluginManager: Loaded Plugin LevelSequenceEditor, From D:/Epic Games/4.14/Engine/Plugins/MovieScene/LevelSequenceEditor/LevelSequenceEditor.uplugin
LogPluginManager: Loaded Plugin MatineeToLevelSequence, From D:/Epic Games/4.14/Engine/Plugins/MovieScene/MatineeToLevelSequence/MatineeToLevelSequence.uplugin
LogPluginManager: Loaded Plugin NetcodeUnitTest, From D:/Epic Games/4.14/Engine/Plugins/NetcodeUnitTest/NetcodeUnitTest/NetcodeUnitTest.uplugin
LogPluginManager: Loaded Plugin NUTUnrealEngine4, From D:/Epic Games/4.14/Engine/Plugins/NetcodeUnitTest/NUTUnrealEngine4/NUTUnrealEngine4.uplugin
LogPluginManager: Loaded Plugin OnlineSubsystemGameCircle, From D:/Epic Games/4.14/Engine/Plugins/Online/Android/OnlineSubsystemGameCircle/OnlineSubsystemGameCircle.uplugin
LogPluginManager: Loaded Plugin OnlineSubsystemGooglePlay, From D:/Epic Games/4.14/Engine/Plugins/Online/Android/OnlineSubsystemGooglePlay/OnlineSubsystemGooglePlay.uplugin
LogPluginManager: Loaded Plugin OnlineSubsystemIOS, From D:/Epic Games/4.14/Engine/Plugins/Online/IOS/OnlineSubsystemIOS/OnlineSubsystemIOS.uplugin
LogPluginManager: Loaded Plugin OnlineFramework, From D:/Epic Games/4.14/Engine/Plugins/Online/OnlineFramework/OnlineFramework.uplugin
LogPluginManager: Loaded Plugin OnlineSubsystem, From D:/Epic Games/4.14/Engine/Plugins/Online/OnlineSubsystem/OnlineSubsystem.uplugin
LogPluginManager: Loaded Plugin OnlineSubsystemAmazon, From D:/Epic Games/4.14/Engine/Plugins/Online/OnlineSubsystemAmazon/OnlineSubsystemAmazon.uplugin
LogPluginManager: Loaded Plugin OnlineSubsystemFacebook, From D:/Epic Games/4.14/Engine/Plugins/Online/OnlineSubsystemFacebook/OnlineSubsystemFacebook.uplugin
LogPluginManager: Loaded Plugin OnlineSubsystemNull, From D:/Epic Games/4.14/Engine/Plugins/Online/OnlineSubsystemNull/OnlineSubsystemNull.uplugin
LogPluginManager: Loaded Plugin OnlineSubsystemOculus, From D:/Epic Games/4.14/Engine/Plugins/Online/OnlineSubsystemOculus/OnlineSubsystemOculus.uplugin
LogPluginManager: Loaded Plugin OnlineSubsystemSteam, From D:/Epic Games/4.14/Engine/Plugins/Online/OnlineSubsystemSteam/OnlineSubsystemSteam.uplugin
LogPluginManager: Loaded Plugin OnlineSubsystemUtils, From D:/Epic Games/4.14/Engine/Plugins/Online/OnlineSubsystemUtils/OnlineSubsystemUtils.uplugin
LogPluginManager: Loaded Plugin IOSTapJoy, From D:/Epic Games/4.14/Engine/Plugins/Runtime/Advertising/IOSTapJoy/IOSTapJoy.uplugin
LogPluginManager: Loaded Plugin AnalyticsBlueprintLibrary, From D:/Epic Games/4.14/Engine/Plugins/Runtime/Analytics/AnalyticsBlueprintLibrary/AnalyticsBlueprintLibrary.uplugin
LogPluginManager: Loaded Plugin AnalyticsMulticast, From D:/Epic Games/4.14/Engine/Plugins/Runtime/Analytics/AnalyticsMulticast/AnalyticsMulticast.uplugin
LogPluginManager: Loaded Plugin Apsalar, From D:/Epic Games/4.14/Engine/Plugins/Runtime/Analytics/Apsalar/Apsalar.uplugin
LogPluginManager: Loaded Plugin FileLogging, From D:/Epic Games/4.14/Engine/Plugins/Runtime/Analytics/FileLogging/FileLogging.uplugin
LogPluginManager: Loaded Plugin Flurry, From D:/Epic Games/4.14/Engine/Plugins/Runtime/Analytics/Flurry/Flurry.uplugin
LogPluginManager: Loaded Plugin AndroidDeviceProfileSelector, From D:/Epic Games/4.14/Engine/Plugins/Runtime/AndroidDeviceProfileSelector/AndroidDeviceProfileSelector.uplugin
LogPluginManager: Loaded Plugin AndroidMoviePlayer, From D:/Epic Games/4.14/Engine/Plugins/Runtime/AndroidMoviePlayer/AndroidMoviePlayer.uplugin
LogPluginManager: Loaded Plugin AppleMoviePlayer, From D:/Epic Games/4.14/Engine/Plugins/Runtime/AppleMoviePlayer/AppleMoviePlayer.uplugin
LogPluginManager: Loaded Plugin ArchVisCharacter, From D:/Epic Games/4.14/Engine/Plugins/Runtime/ArchVisCharacter/ArchVisCharacter.uplugin
LogPluginManager: Loaded Plugin CableComponent, From D:/Epic Games/4.14/Engine/Plugins/Runtime/CableComponent/CableComponent.uplugin
LogPluginManager: Loaded Plugin CustomMeshComponent, From D:/Epic Games/4.14/Engine/Plugins/Runtime/CustomMeshComponent/CustomMeshComponent.uplugin
LogPluginManager: Loaded Plugin ExampleDeviceProfileSelector, From D:/Epic Games/4.14/Engine/Plugins/Runtime/ExampleDeviceProfileSelector/ExampleDeviceProfileSelector.uplugin
LogPluginManager: Loaded Plugin GearVR, From D:/Epic Games/4.14/Engine/Plugins/Runtime/GearVR/GearVR.uplugin
LogPluginManager: Loaded Plugin GoogleVRController, From D:/Epic Games/4.14/Engine/Plugins/Runtime/GoogleVR/GoogleVRController/GoogleVRController.uplugin
LogPluginManager: Loaded Plugin GoogleVRHMD, From D:/Epic Games/4.14/Engine/Plugins/Runtime/GoogleVR/GoogleVRHMD/GoogleVRHMD.uplugin
LogPluginManager: Loaded Plugin IOSDeviceProfileSelector, From D:/Epic Games/4.14/Engine/Plugins/Runtime/IOSDeviceProfileSelector/IOSDeviceProfileSelector.uplugin
LogPluginManager: Loaded Plugin LeapMotion, From D:/Epic Games/4.14/Engine/Plugins/Runtime/LeapMotion/LeapMotion.uplugin
LogPluginManager: Loaded Plugin LinuxDeviceProfileSelector, From D:/Epic Games/4.14/Engine/Plugins/Runtime/LinuxDeviceProfileSelector/LinuxDeviceProfileSelector.uplugin
LogPluginManager: Loaded Plugin MIDIDevice, From D:/Epic Games/4.14/Engine/Plugins/Runtime/MIDIDevice/MIDIDevice.uplugin
LogPluginManager: Loaded Plugin MobilePatchingUtils, From D:/Epic Games/4.14/Engine/Plugins/Runtime/MobilePatchingUtils/MobilePatchingUtils.uplugin
LogPluginManager: Loaded Plugin Ansel, From D:/Epic Games/4.14/Engine/Plugins/Runtime/Nvidia/Ansel/Ansel.uplugin
LogPluginManager: Loaded Plugin OculusAudio, From D:/Epic Games/4.14/Engine/Plugins/Runtime/OculusAudio/OculusAudio.uplugin
LogPluginManager: Loaded Plugin OculusInput, From D:/Epic Games/4.14/Engine/Plugins/Runtime/OculusInput/OculusInput.uplugin
LogPluginManager: Loaded Plugin OculusLibrary, From D:/Epic Games/4.14/Engine/Plugins/Runtime/OculusLibrary/OculusLibrary.uplugin
LogPluginManager: Loaded Plugin OculusRift, From D:/Epic Games/4.14/Engine/Plugins/Runtime/OculusRift/OculusRift.uplugin
LogPluginManager: Loaded Plugin Oodle, From D:/Epic Games/4.14/Engine/Plugins/Runtime/PacketHandlers/CompressionComponents/Oodle/Oodle.uplugin
LogPluginManager: Loaded Plugin ProceduralMeshComponent, From D:/Epic Games/4.14/Engine/Plugins/Runtime/ProceduralMeshComponent/ProceduralMeshComponent.uplugin
LogPluginManager: Loaded Plugin SoundMod, From D:/Epic Games/4.14/Engine/Plugins/Runtime/SoundMod/SoundMod.uplugin
LogPluginManager: Loaded Plugin SoundVisualizations, From D:/Epic Games/4.14/Engine/Plugins/Runtime/SoundVisualizations/SoundVisualizations.uplugin
LogPluginManager: Loaded Plugin SteamController, From D:/Epic Games/4.14/Engine/Plugins/Runtime/Steam/SteamController/SteamController.uplugin
LogPluginManager: Loaded Plugin SteamVR, From D:/Epic Games/4.14/Engine/Plugins/Runtime/Steam/SteamVR/SteamVR.uplugin
LogPluginManager: Loaded Plugin WebBrowserWidget, From D:/Epic Games/4.14/Engine/Plugins/Runtime/WebBrowserWidget/WebBrowserWidget.uplugin
LogPluginManager: Loaded Plugin WindowsDeviceProfileSelector, From D:/Epic Games/4.14/Engine/Plugins/Runtime/WindowsDeviceProfileSelector/WindowsDeviceProfileSelector.uplugin
LogPluginManager: Loaded Plugin WindowsMoviePlayer, From D:/Epic Games/4.14/Engine/Plugins/Runtime/WindowsMoviePlayer/WindowsMoviePlayer.uplugin
LogPluginManager: Loaded Plugin ScriptPlugin, From D:/Epic Games/4.14/Engine/Plugins/ScriptPlugin/ScriptPlugin.uplugin
LogPluginManager: Loaded Plugin SlateRemote, From D:/Epic Games/4.14/Engine/Plugins/Slate/SlateRemote/SlateRemote.uplugin
LogPluginManager: Loaded Plugin EditorTests, From D:/Epic Games/4.14/Engine/Plugins/Tests/EditorTests/EditorTests.uplugin
LogPluginManager: Loaded Plugin FbxAutomationTestBuilder, From D:/Epic Games/4.14/Engine/Plugins/Tests/FbxAutomationTestBuilder/FbxAutomationTestBuilder.uplugin
LogPluginManager: Loaded Plugin FunctionalTestingEditor, From D:/Epic Games/4.14/Engine/Plugins/Tests/FunctionalTestingEditor/FunctionalTestingEditor.uplugin
LogPluginManager: Loaded Plugin RuntimeTests, From D:/Epic Games/4.14/Engine/Plugins/Tests/RuntimeTests/RuntimeTests.uplugin
LogPluginManager: Loaded Plugin ScreenshotTools, From D:/Epic Games/4.14/Engine/Plugins/Tests/ScreenshotTools/ScreenshotTools.uplugin
LogInit: Using libcurl 7.47.1
LogInit:  - built for x86_64-pc-win32
LogInit:  - supports SSL with OpenSSL/1.0.2g
LogInit:  - supports HTTP deflate (compression) using libz 1.2.8
LogInit:  - other features:
LogInit:      CURL_VERSION_SSL
LogInit:      CURL_VERSION_LIBZ
LogInit:      CURL_VERSION_IPV6
LogInit:      CURL_VERSION_ASYNCHDNS
LogInit:      CURL_VERSION_LARGEFILE
LogInit:      CURL_VERSION_IDN
LogInit:  CurlRequestOptions (configurable via config and command line):
LogInit:  - bVerifyPeer = false  - Libcurl will NOT verify peer certificate
LogInit:  - bUseHttpProxy = false  - Libcurl will NOT use HTTP proxy
LogInit:  - bDontReuseConnections = false  - Libcurl will reuse connections
LogInit:  - CertBundlePath = nullptr  - Libcurl will use whatever was configured at build time.
LogInit: Build: ++UE4+Release-4.14-CL-3224400
LogInit: Engine Version: 4.14.1-3224400+++UE4+Release-4.14
LogInit: Compatible Engine Version: 4.14.0-3195953+++UE4+Release-4.14
LogInit: Net CL: 3195953
LogDevObjectVersion: Number of dev versions registered: 13
LogDevObjectVersion:   Dev-Blueprints (B0D832E4-1F89-4F0D-ACCF-7EB736FD4AA2): 7
LogDevObjectVersion:   Dev-Build (E1C64328-A22C-4D53-A36C-8E866417BD8C): 0
LogDevObjectVersion:   Dev-Core (375EC13C-06E4-48FB-B500-84F0262A717E): 1
LogDevObjectVersion:   Dev-Editor (E4B068ED-F494-42E9-A231-DA0B2E46BB41): 8
LogDevObjectVersion:   Dev-Framework (CFFC743F-43B0-4480-9391-14DF171D2073): 17
LogDevObjectVersion:   Dev-Mobile (B02B49B5-BB20-44E9-A304-32B752E40360): 0
LogDevObjectVersion:   Dev-Networking (A4E4105C-59A1-49B5-A7C5-40C4547EDFEE): 0
LogDevObjectVersion:   Dev-Online (39C831C9-5AE6-47DC-9A44-9C173E1C8E7C): 0
LogDevObjectVersion:   Dev-Physics (78F01B33-EBEA-4F98-B9B4-84EACCB95AA2): 0
LogDevObjectVersion:   Dev-Platform (6631380F-2D4D-43E0-8009-CF276956A95A): 0
LogDevObjectVersion:   Dev-Rendering (12F88B9F-8875-4AFC-A67C-D90C383ABD29): 12
LogDevObjectVersion:   Dev-Sequencer (7B5AE74C-D270-4C10-A958-57980B212A5A): 1
LogDevObjectVersion:   Dev-VR (D7296918-1DD6-4BDD-9DE2-64A83CC13884): 0
LogInit: Compiled (64-bit): Dec  7 2016 02:14:32
LogInit: Compiled with Visual C++: 19.00.23026.00
LogInit: Build Configuration: Development
LogInit: Branch Name: ++UE4+Release-4.14
LogInit: Command line:  
LogInit: Base directory: D:/Epic Games/4.14/Engine/Binaries/Win64/
LogInit: Installed Engine Build: 1
LogInit: Presizing for max 8388607 objects, including 0 objects not considered by GC, pre-allocating 0 bytes for permanent pool.
LogInit: Object subsystem initialized
[2017.03.29-06.29.12:970][  0]LogInit: Selected Device Profile: [Windows]
[2017.03.29-06.29.12:970][  0]LogInit: Applying CVar settings loaded from the selected device profile: [Windows]
[2017.03.29-06.29.13:019][  0]LogInit: Computer: DESKTOP-71PO0UI
[2017.03.29-06.29.13:019][  0]LogInit: User: jerry
[2017.03.29-06.29.13:019][  0]LogInit: CPU Page size=65536, Cores=4
[2017.03.29-06.29.13:019][  0]LogInit: High frequency timer resolution =3.914057 MHz
[2017.03.29-06.29.13:019][  0]LogMemory: Memory total: Physical=31.9GB (32GB approx)
[2017.03.29-06.29.13:019][  0]LogMemory: Platform Memory Stats for Windows
[2017.03.29-06.29.13:019][  0]LogMemory: Process Physical Memory: 264.60 MB used, 264.60 MB peak
[2017.03.29-06.29.13:019][  0]LogMemory: Process Virtual Memory: 262.69 MB used, 262.69 MB peak
[2017.03.29-06.29.13:019][  0]LogMemory: Physical Memory: 4476.60 MB used,  28206.89 MB free, 32683.49 MB total
[2017.03.29-06.29.13:019][  0]LogMemory: Virtual Memory: 676.63 MB used,  28206.89 MB free, 134217728.00 MB total
[2017.03.29-06.29.14:095][  0]LogTextLocalizationManager: No specific translations for ('en-US') exist, so ('en') translations will be used.
[2017.03.29-06.29.16:483][  0]LogD3D11RHI: D3D11 adapters:
[2017.03.29-06.29.16:510][  0]LogD3D11RHI:    0. 'NVIDIA GeForce GTX 1070' (Feature Level 11_0)
[2017.03.29-06.29.16:510][  0]LogD3D11RHI:       8144/0/16341 MB DedicatedVideo/DedicatedSystem/SharedSystem, Outputs:2, VendorId:0x10de
[2017.03.29-06.29.16:549][  0]LogD3D11RHI:    1. 'Intel(R) HD Graphics 530' (Feature Level 11_0)
[2017.03.29-06.29.16:549][  0]LogD3D11RHI:       128/0/16341 MB DedicatedVideo/DedicatedSystem/SharedSystem, Outputs:0, VendorId:0x8086
[2017.03.29-06.29.16:550][  0]LogD3D11RHI:    2. 'Microsoft Basic Render Driver' (Feature Level 11_0)
[2017.03.29-06.29.16:550][  0]LogD3D11RHI:       0/0/16341 MB DedicatedVideo/DedicatedSystem/SharedSystem, Outputs:0, VendorId:0x1414
[2017.03.29-06.29.16:550][  0]LogD3D11RHI: Chosen D3D11 Adapter: 0
[2017.03.29-06.29.16:553][  0]LogD3D11RHI: Creating new Direct3DDevice
[2017.03.29-06.29.16:553][  0]LogD3D11RHI:     GPU DeviceId: 0x1ba1 (for the marketing name, search the web for "GPU Device Id")
[2017.03.29-06.29.16:553][  0]LogWindows: EnumDisplayDevices:
[2017.03.29-06.29.16:553][  0]LogWindows:    0. 'NVIDIA GeForce GTX 1070' (P:0 D:1)
[2017.03.29-06.29.16:553][  0]LogWindows:    1. 'NVIDIA GeForce GTX 1070' (P:1 D:1)
[2017.03.29-06.29.16:553][  0]LogWindows:    2. 'NVIDIA GeForce GTX 1070' (P:0 D:0)
[2017.03.29-06.29.16:553][  0]LogWindows:    3. 'NVIDIA GeForce GTX 1070' (P:0 D:0)
[2017.03.29-06.29.16:554][  0]LogWindows:    4. 'Intel(R) HD Graphics 530' (P:0 D:0)
[2017.03.29-06.29.16:554][  0]LogWindows:    5. 'Intel(R) HD Graphics 530' (P:0 D:0)
[2017.03.29-06.29.16:554][  0]LogWindows:    6. 'Intel(R) HD Graphics 530' (P:0 D:0)
[2017.03.29-06.29.16:554][  0]LogWindows: DebugString: PrimaryIsNotTheChoosenAdapter PrimaryIsNotTheChoosenAdapter PrimaryIsNotTheChoosenAdapter FoundDriverCount:4 
[2017.03.29-06.29.16:554][  0]LogD3D11RHI:     Adapter Name: NVIDIA GeForce GTX 1070
[2017.03.29-06.29.16:554][  0]LogD3D11RHI:   Driver Version: 376.54 (internal:21.21.13.7654, unified:376.54)
[2017.03.29-06.29.16:554][  0]LogD3D11RHI:      Driver Date: 12-29-2016
[2017.03.29-06.29.16:561][  0]LogRHI: Texture pool is 1361 MB (70% of 1945 MB)
[2017.03.29-06.29.16:571][  0]LogD3D11RHI: Async texture creation enabled
[2017.03.29-06.29.16:880][  0]LogD3D11RHI: GPU Timing Frequency: 1000.000000 (Debug: 2 1)
[2017.03.29-06.29.16:999][  0]LogShaderCompilers: Guid format shader working directory is -11 characters bigger than the processId version (C:/Users/jerry/Documents/GitHub/senior-design/DicomVisual/Intermediate/Shaders/WorkingDirectory/9532/).
[2017.03.29-06.29.16:999][  0]LogShaderCompilers: Cleaned the shader compiler working directory 'C:/Users/jerry/AppData/Local/Temp/UnrealShaderWorkingDir/26CAC6A740CBCCB10D6424857C1EDCCB/'.
[2017.03.29-06.29.17:010][  0]LogShaderCompilers:Display: Using Local Shader Compiler.
[2017.03.29-06.29.19:793][  0]LogTemp:Display: Loaded TP AllDesktopTargetPlatform
[2017.03.29-06.29.19:825][  0]LogTemp:Display: Loaded TP MacClientTargetPlatform
[2017.03.29-06.29.19:857][  0]LogTemp:Display: Loaded TP MacNoEditorTargetPlatform
[2017.03.29-06.29.19:888][  0]LogTemp:Display: Loaded TP MacServerTargetPlatform
[2017.03.29-06.29.19:944][  0]LogTemp:Display: Loaded TP MacTargetPlatform
[2017.03.29-06.29.19:979][  0]LogTemp:Display: Loaded TP WindowsClientTargetPlatform
[2017.03.29-06.29.20:012][  0]LogTemp:Display: Loaded TP WindowsNoEditorTargetPlatform
[2017.03.29-06.29.20:044][  0]LogTemp:Display: Loaded TP WindowsServerTargetPlatform
[2017.03.29-06.29.20:068][  0]LogTemp:Display: Loaded TP WindowsTargetPlatform
[2017.03.29-06.29.20:125][  0]LogTemp:Display: Loaded TP AndroidTargetPlatform
[2017.03.29-06.29.20:166][  0]LogTemp:Display: Loaded TP Android_ASTCTargetPlatform
[2017.03.29-06.29.20:208][  0]LogTemp:Display: Loaded TP Android_ATCTargetPlatform
[2017.03.29-06.29.20:244][  0]LogTemp:Display: Loaded TP Android_DXTTargetPlatform
[2017.03.29-06.29.20:281][  0]LogTemp:Display: Loaded TP Android_ETC1TargetPlatform
[2017.03.29-06.29.20:319][  0]LogTemp:Display: Loaded TP Android_ETC2TargetPlatform
[2017.03.29-06.29.20:396][  0]LogTemp:Display: Loaded TP Android_MultiTargetPlatform
[2017.03.29-06.29.20:396][  0]LogTemp:Display: Loaded TP Android_PVRTCTargetPlatform
[2017.03.29-06.29.20:416][  0]LogTemp:Display: Loaded TP HTML5TargetPlatform
[2017.03.29-06.29.20:548][  0]LogTemp:Display: Loaded TP IOSTargetPlatform
[2017.03.29-06.29.20:570][  0]LogTemp:Display: Loaded TP TVOSTargetPlatform
[2017.03.29-06.29.20:600][  0]LogTemp:Display: Loaded TP LinuxClientTargetPlatform
[2017.03.29-06.29.20:631][  0]LogTemp:Display: Loaded TP LinuxNoEditorTargetPlatform
[2017.03.29-06.29.20:662][  0]LogTemp:Display: Loaded TP LinuxServerTargetPlatform
[2017.03.29-06.29.20:696][  0]LogTemp:Display: Loaded TP LinuxTargetPlatform
[2017.03.29-06.29.20:696][  0]LogTargetPlatformManager:Display: Building Assets For Windows
[2017.03.29-06.29.21:453][  0]LogDerivedDataCache:Display: Max Cache Size: 512 MB
[2017.03.29-06.29.21:546][  0]LogDerivedDataCache: Loaded boot cache 0.09s 50MB C:/Users/jerry/AppData/Local/UnrealEngine/4.14/DerivedDataCache/Boot.ddc.
[2017.03.29-06.29.21:546][  0]LogDerivedDataCache:Display: Loaded Boot cache: C:/Users/jerry/AppData/Local/UnrealEngine/4.14/DerivedDataCache/Boot.ddc
[2017.03.29-06.29.21:546][  0]LogDerivedDataCache: FDerivedDataBackendGraph:  Pak pak cache file C:/Users/jerry/Documents/GitHub/senior-design/DicomVisual/DerivedDataCache/DDC.ddp not found, will not use a pak cache.
[2017.03.29-06.29.21:546][  0]LogDerivedDataCache: Unable to find inner node Pak for hierarchical cache Hierarchy.
[2017.03.29-06.29.21:546][  0]LogDerivedDataCache: FDerivedDataBackendGraph:  CompressedPak pak cache file C:/Users/jerry/Documents/GitHub/senior-design/DicomVisual/DerivedDataCache/Compressed.ddp not found, will not use a pak cache.
[2017.03.29-06.29.21:546][  0]LogDerivedDataCache: Unable to find inner node CompressedPak for hierarchical cache Hierarchy.
[2017.03.29-06.29.21:620][  0]LogDerivedDataCache:Display: Pak cache opened for reading ../../../Engine/DerivedDataCache/Compressed.ddp.
[2017.03.29-06.29.21:632][  0]LogDerivedDataCache: Using Local data cache path C:/Users/jerry/AppData/Local/UnrealEngine/Common/DerivedDataCache: Writable
[2017.03.29-06.29.28:010][  0]LogInit: Selected Device Profile: [Windows]
[2017.03.29-06.29.28:057][  0]LogContentStreaming: Texture pool size is 0.00 MB
[2017.03.29-06.29.28:740][  0]LogMeshUtilities: Using QuadricMeshReduction for automatic static mesh reduction
[2017.03.29-06.29.28:853][  0]LogSimplygon: Simplygon DLL not present - disabling.
[2017.03.29-06.29.28:896][  0]LogMeshUtilities: Using SimplygonSwarm for distributed automatic mesh merging
[2017.03.29-06.29.28:896][  0]LogMeshUtilities: No automatic skeletal mesh reduction module available
[2017.03.29-06.29.28:896][  0]LogMeshUtilities: No automatic mesh merging module available
[2017.03.29-06.29.34:055][  0]LogNetVersion: GetLocalNetworkVersion: CL: 3195953, ProjectName: dicomvisual, ProjectVersion: , EngineNetworkVersion: 2, GameNetworkVersion: 0, NetworkChecksum: 3438762601
[2017.03.29-06.29.34:254][  0]LogAssetRegistry: FAssetRegistry took 0.0244 seconds to start up
[2017.03.29-06.29.34:394][  0]LogPackageLocalizationCache: Processed 3 localized package path(s) for 2 prioritized culture(s) in 0.075072 seconds
[2017.03.29-06.29.34:431][  0]LogUObjectArray: 31946 objects as part of root set at end of initial load.
[2017.03.29-06.29.34:431][  0]LogUObjectAllocator: 6935848 out of 0 bytes used by permanent object pool.
[2017.03.29-06.29.34:431][  0]LogUObjectArray: CloseDisregardForGC: 0/0 objects in disregard for GC pool
[2017.03.29-06.29.34:539][  0]LogInit: WinSock: version 1.1 (2.2), MaxSocks=32767, MaxUdp=65467
[2017.03.29-06.29.38:108][  0]LogSlate: Using Freetype 2.6.0
[2017.03.29-06.29.38:191][  0]LogSlate: SlateFontCache - WITH_FREETYPE: 1, WITH_HARFBUZZ: 1
[2017.03.29-06.29.38:191][  0]LogSlate: SlateFontCache - WITH_FREETYPE: 1, WITH_HARFBUZZ: 1
[2017.03.29-06.29.45:005][  0]LogTcpMessaging: Initializing TcpMessaging bridge
[2017.03.29-06.29.45:045][  0]LogUdpMessaging: Initializing bridge on interface 0.0.0.0:0 to multicast group 230.0.0.1:6666.
[2017.03.29-06.29.45:943][  0]LogMaterial: Uniform references updated for custom material expression Custom.
[2017.03.29-06.29.46:599][  0]SourceControl: Info Source control is disabled
[2017.03.29-06.29.46:687][  0]SourceControl: Info Source control is disabled
[2017.03.29-06.29.46:751][  0]SourceControl: Info Source control is disabled
[2017.03.29-06.29.46:776][  0]SourceControl: Info Source control is disabled
[2017.03.29-06.29.48:499][  0]LogEngine: Initializing Engine...
[2017.03.29-06.29.51:043][  0]LogHMD: SteamVR initialized.  Driver: lighthouse  Display: LHR-F8B78CF2
[2017.03.29-06.29.51:647][  0]LogAIModule: Creating AISystem for world Untitled
[2017.03.29-06.29.51:874][  0]LogInit: XAudio2 using 'HTC-VIVE-4 (2- NVIDIA High Definition Audio)' : 2 channels at 48 kHz using 16 bits per sample (channel mask 0x3)
[2017.03.29-06.29.51:882][  0]LogInit: FAudioDevice initialized.
[2017.03.29-06.29.51:900][  0]LogDerivedDataCache: Saved boot cache 0.02s 50MB C:/Users/jerry/AppData/Local/UnrealEngine/4.14/DerivedDataCache/Boot.ddc.
[2017.03.29-06.29.51:905][  0]LogInit: Texture streaming: Enabled
[2017.03.29-06.29.52:382][  0]LogInit: Transaction tracking system initialized
[2017.03.29-06.29.55:999][  0]BlueprintLog: New page: Editor Load
[2017.03.29-06.29.57:777][  0]LocalizationService: Info Localization service is disabled
[2017.03.29-06.29.58:727][  0]LogConsoleResponse:Display: 
[2017.03.29-06.29.59:693][  0]LogFileCache: Scanning file cache for directory 'C:/Users/jerry/Documents/GitHub/senior-design/DicomVisual/Content/' took 0.01s
[2017.03.29-06.29.59:693][  0]LogCook:Display: Max memory allowance for cook 16384mb min free memory 0mb
[2017.03.29-06.29.59:693][  0]LogCook:Display: Mobile HDR setting 0
[2017.03.29-06.30.03:002][  0]SourceControl: Info Source control is disabled
[2017.03.29-06.30.03:137][  0]Cmd: MAP LOAD FILE="C:/Users/jerry/Documents/GitHub/senior-design/DicomVisual/Content/FirstPersonBP/Maps/FirstPersonExampleMap.umap" TEMPLATE=0 SHOWPROGRESS=1 FEATURELEVEL=3
[2017.03.29-06.30.03:290][  0]LightingResults: New page: Lighting Build
[2017.03.29-06.30.04:022][  0]MapCheck: New page: Map Check
[2017.03.29-06.30.04:022][  0]LightingResults: New page: Lighting Build
[2017.03.29-06.30.06:581][  0]LogLinker:Warning: Can't find file '/Game/FirstPersonBP/Maps/FirstPersonExampleMap_BuiltData'
[2017.03.29-06.30.06:581][  0]LogLinker:Warning: Can't find file for asset '/Game/FirstPersonBP/Maps/FirstPersonExampleMap_BuiltData' while loading C:/Users/jerry/Documents/GitHub/senior-design/DicomVisual/Content/FirstPersonBP/Maps/FirstPersonExampleMap.umap.
[2017.03.29-06.30.06:593][  0]LoadErrors:Error: Error /Game/FirstPersonBP/Maps/FirstPersonExampleMap : Can't find file for asset. /Game/FirstPersonBP/Maps/FirstPersonExampleMap_BuiltData
[2017.03.29-06.30.06:595][  0]LogLinker:Warning: Can't find file '/Game/FirstPersonBP/Maps/FirstPersonExampleMap_BuiltData'
[2017.03.29-06.30.06:595][  0]LogLinker:Warning: Can't find file for asset '/Game/FirstPersonBP/Maps/FirstPersonExampleMap_BuiltData' while loading C:/Users/jerry/Documents/GitHub/senior-design/DicomVisual/Content/FirstPersonBP/Maps/FirstPersonExampleMap.umap.
[2017.03.29-06.30.06:595][  0]LoadErrors:Error: Error /Game/FirstPersonBP/Maps/FirstPersonExampleMap : Can't find file for asset. /Game/FirstPersonBP/Maps/FirstPersonExampleMap_BuiltData
[2017.03.29-06.30.06:597][  0]LogLinker:Warning: Can't find file '/Game/FirstPersonBP/Maps/FirstPersonExampleMap_BuiltData'
[2017.03.29-06.30.06:597][  0]LogLinker:Warning: Can't find file for asset '/Game/FirstPersonBP/Maps/FirstPersonExampleMap_BuiltData' while loading NULL.
[2017.03.29-06.30.06:597][  0]LogLinker:Warning: Can't find file '/Game/FirstPersonBP/Maps/FirstPersonExampleMap_BuiltData'
[2017.03.29-06.30.06:598][  0]LogLinker:Warning: Can't find file for asset '/Game/FirstPersonBP/Maps/FirstPersonExampleMap_BuiltData' while loading NULL.
[2017.03.29-06.30.06:618][  0]LogLinker:Warning: Can't find file '/Game/FirstPersonBP/Maps/FirstPersonExampleMap_BuiltData'
[2017.03.29-06.30.06:618][  0]LoadErrors: Info Failed to load /Game/FirstPersonBP/Maps/FirstPersonExampleMap_BuiltData.FirstPersonExampleMap_BuiltData Referenced by PersistentLevel
[2017.03.29-06.30.06:618][  0]LogLinker:Warning: Can't find file for asset '/Game/FirstPersonBP/Maps/FirstPersonExampleMap_BuiltData' while loading NULL.
[2017.03.29-06.30.06:618][  0]LoadErrors: Info Failed to load /Game/FirstPersonBP/Maps/FirstPersonExampleMap_BuiltData.FirstPersonExampleMap_BuiltData Referenced by PersistentLevel
[2017.03.29-06.30.07:203][  0]LogTexture:Display: Building textures: T_FPGun_N (BC5)
[2017.03.29-06.30.07:535][  0]LogTexture:Display: Building textures: T_FPGun_M (AutoDXT)
[2017.03.29-06.30.08:021][  0]LogTexture:Display: Building textures: T_ML_Aluminum01_N (BC5)
[2017.03.29-06.30.08:470][  0]LogTexture:Display: Building textures: T_ML_Aluminum01 (AutoDXT)
[2017.03.29-06.30.10:463][  0]LogTexture:Display: Building textures: T_ML_Rubber_Blue_01_N (BC5)
[2017.03.29-06.30.10:900][  0]LogTexture:Display: Building textures: T_ML_Rubber_Blue_01_D (AutoDXT)
[2017.03.29-06.30.12:800][  0]LogTexture:Display: Building textures: UE4_Mannequin_MAT_MASKA (AutoDXT)
[2017.03.29-06.30.12:975][  0]LogTexture:Display: Building textures: UE4_Mannequin__normals (BC5)
[2017.03.29-06.30.13:348][  0]LogTexture:Display: Building textures: T_ML_Aluminum01_N (BC5)
[2017.03.29-06.30.13:777][  0]LogTexture:Display: Building textures: T_ML_Aluminum01 (AutoDXT)
[2017.03.29-06.30.15:572][  0]LogTexture:Display: Building textures: UE4_LOGO_CARD (AutoDXT)
[2017.03.29-06.30.15:739][  0]LogTexture:Display: Building textures: T_ML_Rubber_Blue_01_N (BC5)
[2017.03.29-06.30.16:162][  0]LogTexture:Display: Building textures: T_ML_Rubber_Blue_01_D (AutoDXT)
[2017.03.29-06.30.17:985][  0]LogMaterial: Missing cached shader map for material CubeMaterial, compiling. 
[2017.03.29-06.30.18:137][  0]LogTexture:Display: Building textures: FirstPersonCrosshair (AutoDXT)
[2017.03.29-06.30.18:372][  0]LogAIModule: Creating AISystem for world FirstPersonExampleMap
[2017.03.29-06.30.20:780][  0]LogEditorServer: Finished looking for orphan Actors (0.000 secs)
[2017.03.29-06.30.21:028][  0]Cmd: MAP CHECKDEP NOCLEARLOG
[2017.03.29-06.30.21:133][  0]MapCheck: Info Map check complete: 0 Error(s), 0 Warning(s), took 105.005ms to complete.
[2017.03.29-06.30.21:133][  0]LogFileHelpers: Loading map 'FirstPersonExampleMap' took 18.033
[2017.03.29-06.30.25:371][  0]LogCollectionManager: Loaded 0 collections in 0.000699 seconds
[2017.03.29-06.30.25:857][  0]LogFileCache: Scanning file cache for directory 'C:/Users/jerry/Documents/GitHub/senior-design/DicomVisual/Saved/Collections/' took 0.01s
[2017.03.29-06.30.25:858][  0]LogFileCache: Scanning file cache for directory 'C:/Users/jerry/Documents/GitHub/senior-design/DicomVisual/Content/Developers/jerry/Collections/' took 0.01s
[2017.03.29-06.30.25:858][  0]LogFileCache: Scanning file cache for directory 'C:/Users/jerry/Documents/GitHub/senior-design/DicomVisual/Content/Collections/' took 0.01s
[2017.03.29-06.30.25:858][  0]LogCollectionManager: Rebuilt the GUID cache for 0 collections in 0.000002 seconds
[2017.03.29-06.30.25:926][  0]LogContentBrowser: Native class hierarchy populated in 0.0453 seconds. Added 2190 classes and 428 folders.
[2017.03.29-06.30.26:034][  0]LogStats: UGameplayTagsManager::ConstructGameplayTagTree: Construct from data asset -  0.000 s
[2017.03.29-06.30.26:034][  0]LogStats: UGameplayTagsManager::ConstructGameplayTagTree: GameplayTagTreeChangedEvent.Broadcast -  0.000 s
[2017.03.29-06.30.26:035][  0]LogContentBrowser: Native class hierarchy updated for 'GameplayTags' in 0.0004 seconds. Added 13 classes and 0 folders.
[2017.03.29-06.30.26:144][  0]LogContentBrowser: Native class hierarchy updated for 'WidgetCarousel' in 0.0003 seconds. Added 0 classes and 0 folders.
[2017.03.29-06.30.29:179][  0]LogContentBrowser: Native class hierarchy updated for 'AddContentDialog' in 0.0004 seconds. Added 0 classes and 0 folders.
[2017.03.29-06.30.29:389][  0]LogContentBrowser: Native class hierarchy updated for 'SceneOutliner' in 0.0004 seconds. Added 1 classes and 2 folders.
[2017.03.29-06.30.30:426][  0]LogCrashTracker: Crashtracker disabled due to settings.
[2017.03.29-06.30.30:745][  0]LogUObjectGlobals:Warning: Failed to find object 'Class None.'
[2017.03.29-06.30.30:997][  0]LogContentBrowser: Native class hierarchy updated for 'HierarchicalLODOutliner' in 0.0004 seconds. Added 1 classes and 2 folders.
[2017.03.29-06.30.30:997][  0]LogLoad: (Engine Initialization) Total time: 86.86 seconds
[2017.03.29-06.30.30:997][  0]LogLoad: (Engine Initialization) Total Blueprint compile time: 1.27 seconds
[2017.03.29-06.30.30:997][  0]LogExternalProfiler: Found external profiler: VSPerf
[2017.03.29-06.30.30:997][  0]LogExternalProfiler: Using external profiler: VSPerf
[2017.03.29-06.30.31:026][  0]LogOcInput: OculusInput pre-init called
[2017.03.29-06.30.31:507][  0]LogContentStreaming: Texture pool size now 1000 MB
[2017.03.29-06.30.32:837][  0]LogRenderer: Reallocating scene render targets to support 728x540 NumSamples 1 (Frame:2).
[2017.03.29-06.30.33:579][  2]LogAssetRegistry: Asset discovery search completed in 59.3468 seconds
[2017.03.29-06.30.33:610][  2]LogCollectionManager: Rebuilt the object cache for 0 collections in 0.000000 seconds (found 0 objects)
[2017.03.29-06.30.33:610][  2]LogCollectionManager: Fixed up redirectors for 0 collections in 0.030684 seconds (updated 0 objects)
[2017.03.29-06.30.37:331][423]LogRenderer: Reallocating scene render targets to support 736x540 NumSamples 1 (Frame:414).
[2017.03.29-06.30.39:074][556]LogStreaming:Warning: Failed to open ANSI TEXT file C:/Users/jerry/Documents/GitHub/senior-design/DicomVisual/Saved/HardwareSurvey/dxdiag.txt
[2017.03.29-06.30.39:096][557]LogSynthBenchmark:Display: FSynthBenchmark (V0.95):  requested WorkScale=5.00
[2017.03.29-06.30.39:096][557]LogSynthBenchmark:Display: ===============
[2017.03.29-06.30.39:096][557]LogSynthBenchmark:Display: Main Processor:
[2017.03.29-06.30.39:275][557]LogSynthBenchmark:Display:          ... 0.018052 s/Run 'RayIntersect'
[2017.03.29-06.30.39:275][557]LogSynthBenchmark:Display:          ... 0.017755 s/Run 'Fractal'
[2017.03.29-06.30.39:275][557]LogSynthBenchmark:Display: 
[2017.03.29-06.30.39:275][557]LogSynthBenchmark:Display:   CompiledTarget_x_Bits: 64
[2017.03.29-06.30.39:275][557]LogSynthBenchmark:Display:   UE_BUILD_SHIPPING: 0
[2017.03.29-06.30.39:275][557]LogSynthBenchmark:Display:   UE_BUILD_TEST: 0
[2017.03.29-06.30.39:275][557]LogSynthBenchmark:Display:   UE_BUILD_DEBUG: 0
[2017.03.29-06.30.39:275][557]LogSynthBenchmark:Display:   TotalPhysicalGBRam: 32
[2017.03.29-06.30.39:275][557]LogSynthBenchmark:Display:   NumberOfCores (physical): 4
[2017.03.29-06.30.39:275][557]LogSynthBenchmark:Display:   NumberOfCores (logical): 8
[2017.03.29-06.30.39:275][557]LogSynthBenchmark:Display:   CPU Perf Index 0: 141.9 (weight 1.00)
[2017.03.29-06.30.39:275][557]LogSynthBenchmark:Display:   CPU Perf Index 1: 161.1 (weight 1.50)
[2017.03.29-06.30.39:275][557]LogSynthBenchmark:Display:  
[2017.03.29-06.30.39:275][557]LogSynthBenchmark:Display: Graphics:
[2017.03.29-06.30.39:275][557]LogSynthBenchmark:Display:   Adapter Name: 'NVIDIA GeForce GTX 1070'
[2017.03.29-06.30.39:275][557]LogSynthBenchmark:Display:   (On Optimus the name might be wrong, memory should be ok)
[2017.03.29-06.30.39:275][557]LogSynthBenchmark:Display:   Vendor Id: 0x10DE
[2017.03.29-06.30.39:275][557]LogSynthBenchmark:Display:   Device Id: 0x1BA1
[2017.03.29-06.30.39:275][557]LogSynthBenchmark:Display:   Device Revision: 0xA1
[2017.03.29-06.30.39:275][557]LogSynthBenchmark:Display:   GPU Memory: 8145/0/16342 MB
[2017.03.29-06.30.39:326][557]LogSynthBenchmark:Display:   GPU first test: 0.00s
[2017.03.29-06.30.39:326][557]LogSynthBenchmark:Display:          ... 6.243 s/GigaPix, Confidence=89% 'ALUHeavyNoise' (likely to be very inaccurate)
[2017.03.29-06.30.39:326][557]LogSynthBenchmark:Display:          ... 5.003 s/GigaPix, Confidence=100% 'TexHeavy' (likely to be very inaccurate)
[2017.03.29-06.30.39:326][557]LogSynthBenchmark:Display:          ... 3.881 s/GigaPix, Confidence=89% 'DepTexHeavy' (likely to be very inaccurate)
[2017.03.29-06.30.39:326][557]LogSynthBenchmark:Display:          ... 9.936 s/GigaPix, Confidence=60% 'FillOnly' (likely to be very inaccurate)
[2017.03.29-06.30.39:326][557]LogSynthBenchmark:Display:          ... 0.970 s/GigaPix, Confidence=100% 'Bandwidth' (likely to be very inaccurate)
[2017.03.29-06.30.39:326][557]LogSynthBenchmark:Display:          ... 31.527 s/GigaVert, Confidence=100% 'VertThroughPut1' (likely to be very inaccurate)
[2017.03.29-06.30.39:326][557]LogSynthBenchmark:Display:          ... 31.527 s/GigaVert, Confidence=100% 'VertThroughPut2' (likely to be very inaccurate)
[2017.03.29-06.30.39:371][557]LogSynthBenchmark:Display:   GPU second test: 0.02s
[2017.03.29-06.30.39:371][557]LogSynthBenchmark:Display:          ... 10.993 s/GigaPix, Confidence=100% 'ALUHeavyNoise' (likely to be inaccurate)
[2017.03.29-06.30.39:371][557]LogSynthBenchmark:Display:          ... 9.907 s/GigaPix, Confidence=100% 'TexHeavy' (likely to be inaccurate)
[2017.03.29-06.30.39:371][557]LogSynthBenchmark:Display:          ... 8.076 s/GigaPix, Confidence=100% 'DepTexHeavy' (likely to be inaccurate)
[2017.03.29-06.30.39:371][557]LogSynthBenchmark:Display:          ... 45.848 s/GigaPix, Confidence=89% 'FillOnly' (likely to be inaccurate)
[2017.03.29-06.30.39:371][557]LogSynthBenchmark:Display:          ... 1.289 s/GigaPix, Confidence=100% 'Bandwidth' (likely to be inaccurate)
[2017.03.29-06.30.39:371][557]LogSynthBenchmark:Display:          ... 8.766 s/GigaVert, Confidence=89% 'VertThroughPut1' (likely to be inaccurate)
[2017.03.29-06.30.39:371][557]LogSynthBenchmark:Display:          ... 5.566 s/GigaVert, Confidence=100% 'VertThroughPut2' (likely to be inaccurate)
[2017.03.29-06.30.40:182][557]LogSynthBenchmark:Display:   GPU third test: 0.79s
[2017.03.29-06.30.40:182][557]LogSynthBenchmark:Display:          ... 16.298 s/GigaPix, Confidence=89% 'ALUHeavyNoise'
[2017.03.29-06.30.40:182][557]LogSynthBenchmark:Display:          ... 11.470 s/GigaPix, Confidence=89% 'TexHeavy'
[2017.03.29-06.30.40:182][557]LogSynthBenchmark:Display:          ... 12.540 s/GigaPix, Confidence=89% 'DepTexHeavy'
[2017.03.29-06.30.40:182][557]LogSynthBenchmark:Display:          ... 93.086 s/GigaPix, Confidence=70% 'FillOnly'
[2017.03.29-06.30.40:182][557]LogSynthBenchmark:Display:          ... 1.465 s/GigaPix, Confidence=100% 'Bandwidth'
[2017.03.29-06.30.40:182][557]LogSynthBenchmark:Display:          ... 4.287 s/GigaVert, Confidence=100% 'VertThroughPut1'
[2017.03.29-06.30.40:182][557]LogSynthBenchmark:Display:          ... 5.385 s/GigaVert, Confidence=100% 'VertThroughPut2'
[2017.03.29-06.30.40:182][557]LogSynthBenchmark:Display:   GPU Final Results:
[2017.03.29-06.30.40:182][557]LogSynthBenchmark:Display:          ... 16.298 s/GigaPix, Confidence=89% 'ALUHeavyNoise'
[2017.03.29-06.30.40:182][557]LogSynthBenchmark:Display:          ... 11.470 s/GigaPix, Confidence=89% 'TexHeavy'
[2017.03.29-06.30.40:182][557]LogSynthBenchmark:Display:          ... 12.540 s/GigaPix, Confidence=89% 'DepTexHeavy'
[2017.03.29-06.30.40:182][557]LogSynthBenchmark:Display:          ... 93.086 s/GigaPix, Confidence=70% 'FillOnly'
[2017.03.29-06.30.40:182][557]LogSynthBenchmark:Display:          ... 1.465 s/GigaPix, Confidence=100% 'Bandwidth'
[2017.03.29-06.30.40:182][557]LogSynthBenchmark:Display:          ... 4.287 s/GigaVert, Confidence=100% 'VertThroughPut1'
[2017.03.29-06.30.40:182][557]LogSynthBenchmark:Display:          ... 5.385 s/GigaVert, Confidence=100% 'VertThroughPut2'
[2017.03.29-06.30.40:182][557]LogSynthBenchmark:Display: 
[2017.03.29-06.30.40:182][557]LogSynthBenchmark:Display:   GPU Perf Index 0: 354.2 (weight 1.00)
[2017.03.29-06.30.40:182][557]LogSynthBenchmark:Display:   GPU Perf Index 1: 154.0 (weight 0.10)
[2017.03.29-06.30.40:182][557]LogSynthBenchmark:Display:   GPU Perf Index 2: 326.0 (weight 0.10)
[2017.03.29-06.30.40:182][557]LogSynthBenchmark:Display:   GPU Perf Index 3: 365.6 (weight 3.00)
[2017.03.29-06.30.40:182][557]LogSynthBenchmark:Display:   GPU Perf Index 4: 136.7 (weight 1.00)
[2017.03.29-06.30.40:182][557]LogSynthBenchmark:Display:   GPU Perf Index 5: 278.9 (weight 0.00)
[2017.03.29-06.30.40:182][557]LogSynthBenchmark:Display:   GPU Perf Index 6: 304.8 (weight 0.00)
[2017.03.29-06.30.40:182][557]LogSynthBenchmark:Display:   CPUIndex: 153.4
[2017.03.29-06.30.40:182][557]LogSynthBenchmark:Display:   GPUIndex: 314.5
[2017.03.29-06.30.40:182][557]LogSynthBenchmark:Display: 
[2017.03.29-06.30.40:182][557]LogSynthBenchmark:Display:          ... Total Time: 1.085675 sec
[2017.03.29-06.32.30:202][664]LogLinker:Warning: Can't find file '/Game/FirstPersonBP/Maps/VRMap_BuiltData'
[2017.03.29-06.32.30:203][664]LogLinker:Warning: Can't find file for asset '/Game/FirstPersonBP/Maps/VRMap_BuiltData' while loading C:/Users/jerry/Documents/GitHub/senior-design/DicomVisual/Content/FirstPersonBP/Maps/VRMap.umap.
[2017.03.29-06.32.30:203][664]LoadErrors:Error: Error /Game/FirstPersonBP/Maps/VRMap : Can't find file for asset. /Game/FirstPersonBP/Maps/VRMap_BuiltData
[2017.03.29-06.32.30:203][664]LogLinker:Warning: Can't find file '/Game/FirstPersonBP/Maps/VRMap_BuiltData'
[2017.03.29-06.32.30:203][664]LogLinker:Warning: Can't find file for asset '/Game/FirstPersonBP/Maps/VRMap_BuiltData' while loading C:/Users/jerry/Documents/GitHub/senior-design/DicomVisual/Content/FirstPersonBP/Maps/VRMap.umap.
[2017.03.29-06.32.30:204][664]LogLinker:Warning: Can't find file '/Game/FirstPersonBP/Maps/VRMap_BuiltData'
[2017.03.29-06.32.30:204][664]LogLinker:Warning: Can't find file for asset '/Game/FirstPersonBP/Maps/VRMap_BuiltData' while loading NULL.
[2017.03.29-06.32.30:204][664]LogLinker:Warning: Can't find file '/Game/FirstPersonBP/Maps/VRMap_BuiltData'
[2017.03.29-06.32.30:204][664]LogLinker:Warning: Can't find file for asset '/Game/FirstPersonBP/Maps/VRMap_BuiltData' while loading NULL.
[2017.03.29-06.32.30:206][664]LogLinker:Warning: Can't find file '/Game/FirstPersonBP/Maps/VRMap_BuiltData'
[2017.03.29-06.32.30:206][664]LoadErrors: Info Failed to load /Game/FirstPersonBP/Maps/VRMap_BuiltData.VRMap_BuiltData Referenced by PersistentLevel
[2017.03.29-06.32.30:206][664]LogLinker:Warning: Can't find file for asset '/Game/FirstPersonBP/Maps/VRMap_BuiltData' while loading NULL.
[2017.03.29-06.32.30:233][664]LogAIModule: Creating AISystem for world VRMap
[2017.03.29-06.32.30:339][664]Cmd: MAP LOAD FILE="C:/Users/jerry/Documents/GitHub/senior-design/DicomVisual/Content/FirstPersonBP/Maps/VRMap.umap" TEMPLATE=0 SHOWPROGRESS=1 FEATURELEVEL=3
[2017.03.29-06.32.30:339][664]LightingResults: New page: Lighting Build
[2017.03.29-06.32.30:340][664]LoadErrors: New page: Loading map: VRMap.umap
[2017.03.29-06.32.30:340][664]MapCheck: New page: Map Check
[2017.03.29-06.32.30:340][664]LightingResults: New page: Lighting Build
[2017.03.29-06.32.30:375][664]LogEditorServer: Finished looking for orphan Actors (0.000 secs)
[2017.03.29-06.32.30:390][664]Cmd: MAP CHECKDEP NOCLEARLOG
[2017.03.29-06.32.30:416][664]MapCheck: Info Map check complete: 0 Error(s), 0 Warning(s), took 25.966ms to complete.
[2017.03.29-06.32.30:416][664]LogFileHelpers: Loading map 'VRMap' took 0.101
[2017.03.29-06.33.14:007][194]LogContentBrowser: Native class hierarchy updated for 'BlueprintGraph' in 0.0006 seconds. Added 111 classes and 0 folders.
[2017.03.29-06.33.14:729][194]LogTexture:Display: Building textures: TilePatine_N (BC5)
[2017.03.29-06.33.14:757][194]LogTexture:Display: Building textures: TilePatine_D (AutoDXT)
[2017.03.29-06.39.46:554][961]Cmd: QUIT_EDITOR
[2017.03.29-06.39.46:676][961]LogWindowsTextInputMethodSystem:Display: IME system now deactivated.
[2017.03.29-06.39.46:693][961]LogExit: Preparing to exit.
[2017.03.29-06.39.47:428][961]LogExit: Editor shut down
[2017.03.29-06.39.47:429][961]LogExit: Transaction tracking system shut down
[2017.03.29-06.39.47:936][961]LogObj: Freed 0b from 0 cluster array pools.
[2017.03.29-06.39.47:946][961]LogExit: Object subsystem successfully closed.
[2017.03.29-06.39.47:994][961]LogD3D11RHI: Shutdown
[2017.03.29-06.39.47:994][961]LogD3D11RHI: CleanupD3DDevice
[2017.03.29-06.39.48:081][961]LogD3D11RHI: ~FD3D11DynamicRHI
[2017.03.29-06.39.48:324][961]LogHttp:Display: Http module shutting down, but needs to wait on 1 outstanding Http requests:
[2017.03.29-06.39.48:324][961]LogHttp:Display: 	verb=[POST] url=[https://datarouter.ol.epicgames.com/datarouter/api/v1/public/data?SessionID=%7BB89582BA-4B94-BCE7-8929-B0BE4EF56059%7D&AppID=UEEditor.Rocket.Release&AppVersion=4.14.1-3224400%2B%2B%2BUE4%2BRelease-4.14&UserID=0f989e0444fadd651925079f0f42c72a%7C0a34f74345724195b9ac8b33fa1ec343%7Cb13f9ae6-cbd3-4741-a19b-77a273714184&AppEnvironment=datacollector-binary&UploadType=eteventstream] status=Processing
[2017.03.29-06.39.48:360][961]LogModuleManager: Shutting down and abandoning module BlueprintGraph (244)
[2017.03.29-06.39.48:360][961]LogModuleManager: Shutting down and abandoning module BlueprintProfiler (243)
[2017.03.29-06.39.48:380][961]LogModuleManager: Shutting down and abandoning module SynthBenchmark (242)
[2017.03.29-06.39.48:380][961]LogModuleManager: Shutting down and abandoning module HierarchicalLODOutliner (241)
[2017.03.29-06.39.48:380][961]LogModuleManager: Shutting down and abandoning module CrashTracker (240)
[2017.03.29-06.39.48:380][961]LogModuleManager: Shutting down and abandoning module SceneOutliner (239)
[2017.03.29-06.39.48:380][961]LogModuleManager: Shutting down and abandoning module WidgetCarousel (238)
[2017.03.29-06.39.48:380][961]LogModuleManager: Shutting down and abandoning module AddContentDialog (237)
[2017.03.29-06.39.48:380][961]LogDirectoryWatcher: A directory notification for 'D:/Epic Games/4.14/FeaturePacks/' was aborted.
[2017.03.29-06.39.48:383][961]LogModuleManager: Shutting down and abandoning module GameplayTags (236)
[2017.03.29-06.39.48:383][961]LogModuleManager: Shutting down and abandoning module EditorWidgets (235)
[2017.03.29-06.39.48:383][961]LogModuleManager: Shutting down and abandoning module CollectionManager (234)
[2017.03.29-06.39.48:383][961]LogDirectoryWatcher: A directory notification for 'C:/Users/jerry/Documents/GitHub/senior-design/DicomVisual/Content/Collections/' was aborted.
[2017.03.29-06.39.48:383][961]LogDirectoryWatcher: A directory notification for 'C:/Users/jerry/Documents/GitHub/senior-design/DicomVisual/Content/Developers/jerry/Collections/' was aborted.
[2017.03.29-06.39.48:383][961]LogDirectoryWatcher: A directory notification for 'C:/Users/jerry/Documents/GitHub/senior-design/DicomVisual/Saved/Collections/' was aborted.
[2017.03.29-06.39.48:383][961]LogModuleManager: Shutting down and abandoning module StatsViewer (233)
[2017.03.29-06.39.48:387][961]LogModuleManager: Shutting down and abandoning module FoliageEdit (232)
[2017.03.29-06.39.48:387][961]LogModuleManager: Shutting down and abandoning module LandscapeEditor (231)
[2017.03.29-06.39.48:401][961]LogModuleManager: Shutting down and abandoning module SceneDepthPickerMode (230)
[2017.03.29-06.39.48:401][961]LogModuleManager: Shutting down and abandoning module ActorPickerMode (229)
[2017.03.29-06.39.48:401][961]LogModuleManager: Shutting down and abandoning module GeometryMode (228)
[2017.03.29-06.39.48:401][961]LogModuleManager: Shutting down and abandoning module TextureAlignMode (227)
[2017.03.29-06.39.48:401][961]LogModuleManager: Shutting down and abandoning module BspMode (226)
[2017.03.29-06.39.48:401][961]LogModuleManager: Shutting down and abandoning module HardwareSurvey (225)
[2017.03.29-06.39.48:401][961]LogModuleManager: Shutting down and abandoning module SequenceRecorderSections (224)
[2017.03.29-06.39.48:401][961]LogModuleManager: Shutting down and abandoning module AutomationWorker (223)
[2017.03.29-06.39.48:401][961]LogModuleManager: Shutting down and abandoning module MatineeToLevelSequence (222)
[2017.03.29-06.39.48:401][961]LogModuleManager: Shutting down and abandoning module PlacementMode (221)
[2017.03.29-06.39.48:412][961]LogModuleManager: Shutting down and abandoning module LevelSequenceEditor (220)
[2017.03.29-06.39.48:413][961]LogModuleManager: Shutting down and abandoning module WmfMediaFactory (219)
[2017.03.29-06.39.48:413][961]LogModuleManager: Shutting down and abandoning module WmfMediaEditor (218)
[2017.03.29-06.39.48:413][961]LogModuleManager: Shutting down and abandoning module AvfMediaFactory (217)
[2017.03.29-06.39.48:413][961]LogModuleManager: Shutting down and abandoning module AvfMediaEditor (216)
[2017.03.29-06.39.48:413][961]LogModuleManager: Shutting down and abandoning module Media (215)
[2017.03.29-06.39.48:413][961]LogModuleManager: Shutting down and abandoning module AndroidMediaFactory (214)
[2017.03.29-06.39.48:413][961]LogModuleManager: Shutting down and abandoning module AndroidMediaEditor (213)
[2017.03.29-06.39.48:413][961]LogModuleManager: Shutting down and abandoning module CharacterAI (212)
[2017.03.29-06.39.48:413][961]LogModuleManager: Shutting down and abandoning module SequenceRecorder (211)
[2017.03.29-06.39.48:413][961]LogModuleManager: Shutting down and abandoning module AudioCapture (210)
[2017.03.29-06.39.48:413][961]LogModuleManager: Shutting down and abandoning module SmartSnapping (209)
[2017.03.29-06.39.48:413][961]LogModuleManager: Shutting down and abandoning module SessionServices (208)
[2017.03.29-06.39.48:413][961]LogModuleManager: Shutting down and abandoning module ViewportSnapping (207)
[2017.03.29-06.39.48:413][961]LogModuleManager: Shutting down and abandoning module ViewportInteraction (206)
[2017.03.29-06.39.48:413][961]LogModuleManager: Shutting down and abandoning module LogVisualizer (205)
[2017.03.29-06.39.48:419][961]LogModuleManager: Shutting down and abandoning module GameProjectGeneration (204)
[2017.03.29-06.39.48:439][961]LogModuleManager: Shutting down and abandoning module IntroTutorials (203)
[2017.03.29-06.39.48:450][961]LogModuleManager: Shutting down and abandoning module EditorLiveStreaming (202)
[2017.03.29-06.39.48:450][961]LogModuleManager: Shutting down and abandoning module IOSPlatformEditor (201)
[2017.03.29-06.39.48:450][961]LogModuleManager: Shutting down and abandoning module HTML5PlatformEditor (200)
[2017.03.29-06.39.48:450][961]LogModuleManager: Shutting down and abandoning module AndroidDeviceDetection (199)
[2017.03.29-06.39.49:416][961]LogModuleManager: Shutting down and abandoning module AndroidPlatformEditor (198)
[2017.03.29-06.39.49:416][961]LogModuleManager: Shutting down and abandoning module IOSRuntimeSettings (197)
[2017.03.29-06.39.49:416][961]LogModuleManager: Shutting down and abandoning module AndroidRuntimeSettings (196)
[2017.03.29-06.39.49:416][961]LogModuleManager: Shutting down and abandoning module InputBindingEditor (195)
[2017.03.29-06.39.49:416][961]LogModuleManager: Shutting down and abandoning module NiagaraEditor (194)
[2017.03.29-06.39.49:461][961]LogModuleManager: Shutting down and abandoning module MergeActors (193)
[2017.03.29-06.39.49:475][961]LogModuleManager: Shutting down and abandoning module SizeMap (192)
[2017.03.29-06.39.49:475][961]LogModuleManager: Shutting down and abandoning module TreeMap (191)
[2017.03.29-06.39.49:475][961]LogModuleManager: Shutting down and abandoning module ReferenceViewer (190)
[2017.03.29-06.39.49:475][961]LogModuleManager: Shutting down and abandoning module LocalizationService (189)
[2017.03.29-06.39.49:475][961]LogModuleManager: Shutting down and abandoning module LocalizationDashboard (188)
[2017.03.29-06.39.49:480][961]LogModuleManager: Shutting down and abandoning module HardwareTargeting (187)
[2017.03.29-06.39.49:480][961]LogModuleManager: Shutting down and abandoning module DeviceProfileEditor (186)
[2017.03.29-06.39.49:484][961]LogModuleManager: Shutting down and abandoning module UndoHistory (185)
[2017.03.29-06.39.49:497][961]LogModuleManager: Shutting down and abandoning module UserFeedback (184)
[2017.03.29-06.39.49:497][961]LogModuleManager: Shutting down and abandoning module XmlParser (183)
[2017.03.29-06.39.49:497][961]LogModuleManager: Shutting down and abandoning module Blutility (182)
[2017.03.29-06.39.49:497][961]LogModuleManager: Shutting down and abandoning module ProjectTargetPlatformEditor (181)
[2017.03.29-06.39.49:497][961]LogModuleManager: Shutting down and abandoning module ProjectSettingsViewer (180)
[2017.03.29-06.39.49:497][961]LogModuleManager: Shutting down and abandoning module EditorSettingsViewer (179)
[2017.03.29-06.39.49:497][961]LogModuleManager: Shutting down and abandoning module SettingsEditor (178)
[2017.03.29-06.39.49:504][961]LogModuleManager: Shutting down and abandoning module ProjectLauncher (177)
[2017.03.29-06.39.49:523][961]LogModuleManager: Shutting down and abandoning module SessionFrontend (176)
[2017.03.29-06.39.49:532][961]LogModuleManager: Shutting down and abandoning module ProfilerClient (175)
[2017.03.29-06.39.49:554][961]LogModuleManager: Shutting down and abandoning module TargetDeviceServices (174)
[2017.03.29-06.39.49:554][961]LogModuleManager: Shutting down and abandoning module DeviceManager (173)
[2017.03.29-06.39.49:600][961]LogModuleManager: Shutting down and abandoning module AutomationController (172)
[2017.03.29-06.39.49:600][961]LogModuleManager: Shutting down and abandoning module AutomationWindow (171)
[2017.03.29-06.39.49:620][961]LogModuleManager: Shutting down and abandoning module Layers (170)
[2017.03.29-06.39.49:637][961]LogModuleManager: Shutting down and abandoning module ComponentVisualizers (169)
[2017.03.29-06.39.49:637][961]LogModuleManager: Shutting down and abandoning module DetailCustomizations (168)
[2017.03.29-06.39.49:648][961]LogModuleManager: Shutting down and abandoning module PackagesDialog (167)
[2017.03.29-06.39.49:654][961]LogModuleManager: Shutting down and abandoning module AnimGraph (166)
[2017.03.29-06.39.49:654][961]LogModuleManager: Shutting down and abandoning module Persona (165)
[2017.03.29-06.39.49:665][961]LogModuleManager: Shutting down and abandoning module Kismet (164)
[2017.03.29-06.39.49:670][961]LogModuleManager: Shutting down and abandoning module GraphEditor (163)
[2017.03.29-06.39.49:670][961]LogModuleManager: Shutting down and abandoning module ClassViewer (162)
[2017.03.29-06.39.49:676][961]LogModuleManager: Shutting down and abandoning module Toolbox (161)
[2017.03.29-06.39.49:676][961]LogModuleManager: Shutting down and abandoning module ModuleUI (160)
[2017.03.29-06.39.49:685][961]LogModuleManager: Shutting down and abandoning module MovieSceneTools (159)
[2017.03.29-06.39.49:692][961]LogModuleManager: Shutting down and abandoning module OutputLog (158)
[2017.03.29-06.39.49:695][961]LogModuleManager: Shutting down and abandoning module GammaUI (157)
[2017.03.29-06.39.49:714][961]LogModuleManager: Shutting down and abandoning module Documentation (156)
[2017.03.29-06.39.49:714][961]LogModuleManager: Shutting down and abandoning module Niagara (155)
[2017.03.29-06.39.49:714][961]LogModuleManager: Shutting down and abandoning module StreamingPauseRendering (154)
[2017.03.29-06.39.49:714][961]LogModuleManager: Shutting down and abandoning module AnalyticsET (153)
[2017.03.29-06.39.49:714][961]LogModuleManager: Shutting down and abandoning module PortalServices (152)
[2017.03.29-06.39.49:714][961]LogModuleManager: Shutting down and abandoning module PortalRpc (151)
[2017.03.29-06.39.49:714][961]LogModuleManager: Shutting down and abandoning module MessagingRpc (150)
[2017.03.29-06.39.49:714][961]LogModuleManager: Shutting down and abandoning module GameplayDebugger (149)
[2017.03.29-06.39.49:714][961]LogModuleManager: Shutting down and abandoning module AITestSuite (148)
[2017.03.29-06.39.49:714][961]LogModuleManager: Shutting down and abandoning module AIModule (147)
[2017.03.29-06.39.49:718][961]LogModuleManager: Shutting down and abandoning module ProfilerService (146)
[2017.03.29-06.39.49:896][961]LogModuleManager: Shutting down and abandoning module TaskGraph (145)
[2017.03.29-06.39.49:908][961]LogModuleManager: Shutting down and abandoning module SlateRemote (144)
[2017.03.29-06.39.49:908][961]LogModuleManager: Shutting down and abandoning module SteamVRController (143)
[2017.03.29-06.39.49:908][961]LogModuleManager: Shutting down and abandoning module SteamVR (142)
[2017.03.29-06.39.49:908][961]LogModuleManager: Shutting down and abandoning module ProceduralMeshComponentEditor (141)
[2017.03.29-06.39.49:908][961]LogModuleManager: Shutting down and abandoning module ProceduralMeshComponent (140)
[2017.03.29-06.39.49:908][961]LogModuleManager: Shutting down and abandoning module OculusLibrary (139)
[2017.03.29-06.39.49:908][961]LogModuleManager: Shutting down and abandoning module OculusInput (138)
[2017.03.29-06.39.49:908][961]LogModuleManager: Shutting down and abandoning module MobilePatchingUtils (137)
[2017.03.29-06.39.49:908][961]LogModuleManager: Shutting down and abandoning module CustomMeshComponent (136)
[2017.03.29-06.39.49:908][961]LogModuleManager: Shutting down and abandoning module CableComponent (135)
[2017.03.29-06.39.49:908][961]LogModuleManager: Shutting down and abandoning module ArchVisCharacter (134)
[2017.03.29-06.39.49:908][961]LogModuleManager: Shutting down and abandoning module MediaPlayerEditor (132)
[2017.03.29-06.39.49:934][961]LogModuleManager: Shutting down and abandoning module HTML5Networking (131)
[2017.03.29-06.39.49:943][961]LogModuleManager: Shutting down and abandoning module GeometryCacheEd (130)
[2017.03.29-06.39.49:943][961]LogModuleManager: Shutting down and abandoning module GeometryCache (129)
[2017.03.29-06.39.49:943][961]LogModuleManager: Shutting down and abandoning module AlembicLibrary (128)
[2017.03.29-06.39.49:943][961]LogModuleManager: Shutting down and abandoning module AlembicImporter (127)
[2017.03.29-06.39.49:955][961]LogModuleManager: Shutting down and abandoning module SuperSearch (126)
[2017.03.29-06.39.49:955][961]LogModuleManager: Shutting down and abandoning module SuperSearchEditor (125)
[2017.03.29-06.39.49:955][961]LogModuleManager: Shutting down and abandoning module SpeedTreeImporter (124)
[2017.03.29-06.39.49:955][961]LogModuleManager: Shutting down and abandoning module PluginBrowser (123)
[2017.03.29-06.39.49:955][961]LogModuleManager: Shutting down and abandoning module MobileLauncherProfileWizard (122)
[2017.03.29-06.39.49:962][961]LogModuleManager: Shutting down and abandoning module EpicSurvey (121)
[2017.03.29-06.39.49:962][961]LogModuleManager: Shutting down and abandoning module DesktopPlatform (120)
[2017.03.29-06.39.49:962][961]LogModuleManager: Shutting down and abandoning module VisualStudioSourceCodeAccess (119)
[2017.03.29-06.39.49:962][961]LogModuleManager: Shutting down and abandoning module UObjectPlugin (118)
[2017.03.29-06.39.49:962][961]LogModuleManager: Shutting down and abandoning module SubversionSourceControl (117)
[2017.03.29-06.39.49:962][961]LogModuleManager: Shutting down and abandoning module PerforceSourceControl (116)
[2017.03.29-06.39.49:962][961]LogModuleManager: Shutting down and abandoning module SourceControl (115)
[2017.03.29-06.39.49:962][961]LogModuleManager: Shutting down and abandoning module GitSourceControl (114)
[2017.03.29-06.39.49:962][961]LogModuleManager: Shutting down and abandoning module LightPropagationVolumeEditor (113)
[2017.03.29-06.39.49:962][961]LogModuleManager: Shutting down and abandoning module PaperTiledImporter (112)
[2017.03.29-06.39.49:962][961]LogModuleManager: Shutting down and abandoning module PaperSpriteSheetImporter (111)
[2017.03.29-06.39.49:962][961]LogModuleManager: Shutting down and abandoning module MeshPaint (110)
[2017.03.29-06.39.49:962][961]LogModuleManager: Shutting down and abandoning module PixelInspectorModule (109)
[2017.03.29-06.39.49:962][961]LogModuleManager: Shutting down and abandoning module HotReload (108)
[2017.03.29-06.39.49:962][961]LogModuleManager: Shutting down and abandoning module MainFrame (107)
[2017.03.29-06.39.49:962][961]LogModuleManager: Shutting down and abandoning module LevelEditor (106)
[2017.03.29-06.39.49:963][961]LogModuleManager: Shutting down and abandoning module ContentBrowser (105)
[2017.03.29-06.39.49:963][961]LogModuleManager: Shutting down and abandoning module Paper2DEditor (104)
[2017.03.29-06.39.49:970][961]LogModuleManager: Shutting down and abandoning module UdpMessaging (103)
[2017.03.29-06.39.50:071][961]LogModuleManager: Shutting down and abandoning module TcpMessaging (102)
[2017.03.29-06.39.50:171][961]LogModuleManager: Shutting down and abandoning module LightPropagationVolumeRuntime (101)
[2017.03.29-06.39.50:171][961]LogModuleManager: Shutting down and abandoning module Paper2D (100)
[2017.03.29-06.39.50:171][961]LogModuleManager: Shutting down and abandoning module WindowsMoviePlayer (99)
[2017.03.29-06.39.50:171][961]LogModuleManager: Shutting down and abandoning module WmfMedia (98)
[2017.03.29-06.39.50:180][961]LogModuleManager: Shutting down and abandoning module MediaAssets (97)
[2017.03.29-06.39.50:180][961]LogModuleManager: Shutting down and abandoning module GameLiveStreaming (96)
[2017.03.29-06.39.50:180][961]LogModuleManager: Shutting down and abandoning module GameplayTagsEditor (95)
[2017.03.29-06.39.50:180][961]LogModuleManager: Shutting down and abandoning module VREditor (94)
[2017.03.29-06.39.50:180][961]LogModuleManager: Shutting down and abandoning module GameplayTasksEditor (93)
[2017.03.29-06.39.50:180][961]LogModuleManager: Shutting down and abandoning module BehaviorTreeEditor (92)
[2017.03.29-06.39.50:194][961]LogModuleManager: Shutting down and abandoning module FunctionalTesting (91)
[2017.03.29-06.39.50:194][961]LogModuleManager: Shutting down and abandoning module CollisionAnalyzer (90)
[2017.03.29-06.39.50:199][961]LogModuleManager: Shutting down and abandoning module Sequencer (89)
[2017.03.29-06.39.50:204][961]LogModuleManager: Shutting down and abandoning module WorkspaceMenuStructure (88)
[2017.03.29-06.39.50:204][961]LogModuleManager: Shutting down and abandoning module MessageLog (87)
[2017.03.29-06.39.50:204][961]LogModuleManager: Shutting down and abandoning module AssetTools (86)
[2017.03.29-06.39.50:224][961]LogModuleManager: Shutting down and abandoning module UMGEditor (85)
[2017.03.29-06.39.50:233][961]LogModuleManager: Shutting down and abandoning module UMG (84)
[2017.03.29-06.39.50:238][961]LogModuleManager: Shutting down and abandoning module SlateReflector (83)
[2017.03.29-06.39.50:257][961]LogModuleManager: Shutting down and abandoning module Slate (82)
[2017.03.29-06.39.50:257][961]LogModuleManager: Shutting down and abandoning module EditorStyle (81)
[2017.03.29-06.39.50:258][961]LogModuleManager: Shutting down and abandoning module SourceCodeAccess (80)
[2017.03.29-06.39.50:258][961]LogModuleManager: Shutting down and abandoning module HeadMountedDisplay (79)
[2017.03.29-06.39.50:258][961]LogModuleManager: Shutting down and abandoning module XAudio2 (78)
[2017.03.29-06.39.50:258][961]LogModuleManager: Shutting down and abandoning module Networking (76)
[2017.03.29-06.39.50:258][961]LogModuleManager: Shutting down and abandoning module Core (75)
[2017.03.29-06.39.50:258][961]LogModuleManager: Shutting down and abandoning module DirectoryWatcher (74)
[2017.03.29-06.39.50:258][961]LogDirectoryWatcher: A directory notification for '../../../Engine/Content/' was aborted.
[2017.03.29-06.39.50:258][961]LogDirectoryWatcher: A directory notification for 'C:/Users/jerry/Documents/GitHub/senior-design/DicomVisual/Content/' was aborted.
[2017.03.29-06.39.50:258][961]LogDirectoryWatcher: A directory notification for '../../../Engine/Plugins/2D/Paper2D/Content/' was aborted.
[2017.03.29-06.39.50:259][961]LogModuleManager: Shutting down and abandoning module AssetRegistry (73)
[2017.03.29-06.39.50:431][961]LogModuleManager: Shutting down and abandoning module KismetCompiler (72)
[2017.03.29-06.39.50:431][961]LogModuleManager: Shutting down and abandoning module PhysXFormats (71)
[2017.03.29-06.39.50:431][961]LogModuleManager: Shutting down and abandoning module SimplygonSwarm (70)
[2017.03.29-06.39.50:440][961]LogModuleManager: Shutting down and abandoning module SimplygonMeshReduction (69)
[2017.03.29-06.39.50:440][961]LogModuleManager: Shutting down and abandoning module QuadricMeshReduction (68)
[2017.03.29-06.39.50:440][961]LogModuleManager: Shutting down and abandoning module PropertyEditor (67)
[2017.03.29-06.39.50:440][961]LogModuleManager: Shutting down and abandoning module MeshUtilities (66)
[2017.03.29-06.39.50:448][961]LogModuleManager: Shutting down and abandoning module DerivedDataCache (65)
[2017.03.29-06.39.50:476][961]LogDerivedDataCache: Shutdown
[2017.03.29-06.39.50:476][961]LogModuleManager: Shutting down and abandoning module VulkanShaderFormat (64)
[2017.03.29-06.39.50:476][961]LogModuleManager: Shutting down and abandoning module ShaderFormatOpenGL (63)
[2017.03.29-06.39.50:490][961]LogModuleManager: Shutting down and abandoning module ShaderFormatD3D (62)
[2017.03.29-06.39.50:490][961]LogModuleManager: Shutting down and abandoning module MetalShaderFormat (61)
[2017.03.29-06.39.50:498][961]LogModuleManager: Shutting down and abandoning module TextureFormatUncompressed (60)
[2017.03.29-06.39.50:498][961]LogModuleManager: Shutting down and abandoning module TextureFormatPVR (59)
[2017.03.29-06.39.50:498][961]LogModuleManager: Shutting down and abandoning module TextureFormatDXT (58)
[2017.03.29-06.39.50:498][961]LogModuleManager: Shutting down and abandoning module TextureFormatIntelISPCTexComp (57)
[2017.03.29-06.39.50:498][961]LogModuleManager: Shutting down and abandoning module ImageWrapper (56)
[2017.03.29-06.39.50:498][961]LogModuleManager: Shutting down and abandoning module TextureFormatASTC (55)
[2017.03.29-06.39.50:498][961]LogModuleManager: Shutting down and abandoning module TextureFormatAndroid (54)
[2017.03.29-06.39.50:498][961]LogModuleManager: Shutting down and abandoning module AudioFormatOpus (53)
[2017.03.29-06.39.50:498][961]LogModuleManager: Shutting down and abandoning module AudioFormatOgg (52)
[2017.03.29-06.39.50:498][961]LogModuleManager: Shutting down and abandoning module AudioFormatADPCM (51)
[2017.03.29-06.39.50:498][961]LogModuleManager: Shutting down and abandoning module LinuxTargetPlatform (50)
[2017.03.29-06.39.50:498][961]LogModuleManager: Shutting down and abandoning module LinuxServerTargetPlatform (49)
[2017.03.29-06.39.50:498][961]LogModuleManager: Shutting down and abandoning module LinuxNoEditorTargetPlatform (48)
[2017.03.29-06.39.50:498][961]LogModuleManager: Shutting down and abandoning module LinuxClientTargetPlatform (47)
[2017.03.29-06.39.50:498][961]LogModuleManager: Shutting down and abandoning module TVOSTargetPlatform (46)
[2017.03.29-06.39.50:498][961]LogModuleManager: Shutting down and abandoning module Messaging (45)
[2017.03.29-06.39.50:498][961]LogModuleManager: Shutting down and abandoning module IOSTargetPlatform (44)
[2017.03.29-06.39.50:498][961]LogModuleManager: Shutting down and abandoning module HTML5TargetPlatform (43)
[2017.03.29-06.39.50:498][961]LogModuleManager: Shutting down and abandoning module Android_PVRTCTargetPlatform (42)
[2017.03.29-06.39.50:498][961]LogModuleManager: Shutting down and abandoning module Android_MultiTargetPlatform (41)
[2017.03.29-06.39.50:498][961]LogModuleManager: Shutting down and abandoning module Android_ETC2TargetPlatform (40)
[2017.03.29-06.39.50:498][961]LogModuleManager: Shutting down and abandoning module Android_ETC1TargetPlatform (39)
[2017.03.29-06.39.50:498][961]LogModuleManager: Shutting down and abandoning module Android_DXTTargetPlatform (38)
[2017.03.29-06.39.50:498][961]LogModuleManager: Shutting down and abandoning module Android_ATCTargetPlatform (37)
[2017.03.29-06.39.50:498][961]LogModuleManager: Shutting down and abandoning module Android_ASTCTargetPlatform (36)
[2017.03.29-06.39.50:498][961]LogModuleManager: Shutting down and abandoning module AndroidTargetPlatform (35)
[2017.03.29-06.39.50:498][961]LogModuleManager: Shutting down and abandoning module WindowsTargetPlatform (34)
[2017.03.29-06.39.50:498][961]LogModuleManager: Shutting down and abandoning module WindowsServerTargetPlatform (33)
[2017.03.29-06.39.50:498][961]LogModuleManager: Shutting down and abandoning module WindowsNoEditorTargetPlatform (32)
[2017.03.29-06.39.50:498][961]LogModuleManager: Shutting down and abandoning module WindowsClientTargetPlatform (31)
[2017.03.29-06.39.50:498][961]LogModuleManager: Shutting down and abandoning module MacTargetPlatform (30)
[2017.03.29-06.39.50:498][961]LogModuleManager: Shutting down and abandoning module MacServerTargetPlatform (29)
[2017.03.29-06.39.50:498][961]LogModuleManager: Shutting down and abandoning module MacNoEditorTargetPlatform (28)
[2017.03.29-06.39.50:498][961]LogModuleManager: Shutting down and abandoning module MacClientTargetPlatform (27)
[2017.03.29-06.39.50:498][961]LogModuleManager: Shutting down and abandoning module AllDesktopTargetPlatform (26)
[2017.03.29-06.39.50:498][961]LogModuleManager: Shutting down and abandoning module TargetPlatform (25)
[2017.03.29-06.39.50:498][961]LogModuleManager: Shutting down and abandoning module InputCore (24)
[2017.03.29-06.39.50:498][961]LogModuleManager: Shutting down and abandoning module Settings (23)
[2017.03.29-06.39.50:498][961]LogModuleManager: Shutting down and abandoning module OculusRift (22)
[2017.03.29-06.39.50:498][961]LogModuleManager: Shutting down and abandoning module ExampleDeviceProfileSelector (21)
[2017.03.29-06.39.50:498][961]LogModuleManager: Shutting down and abandoning module OnlineBlueprintSupport (20)
[2017.03.29-06.39.50:498][961]LogModuleManager: Shutting down and abandoning module OnlineSubsystem (18)
[2017.03.29-06.39.50:498][961]LogOnline:Display: Unloading online subsystem: NULL
[2017.03.29-06.39.50:527][961]LogModuleManager: Shutting down and abandoning module SSL (17)
[2017.03.29-06.39.50:529][961]LogModuleManager: Shutting down and abandoning module HTTP (16)
[2017.03.29-06.39.50:529][961]LogModuleManager: Shutting down and abandoning module XMPP (15)
[2017.03.29-06.39.50:550][961]LogModuleManager: Shutting down and abandoning module TextureCompressor (14)
[2017.03.29-06.39.50:550][961]LogModuleManager: Shutting down and abandoning module ShaderCore (13)
[2017.03.29-06.39.50:550][961]LogModuleManager: Shutting down and abandoning module Landscape (12)
[2017.03.29-06.39.50:550][961]LogModuleManager: Shutting down and abandoning module SlateRHIRenderer (11)
[2017.03.29-06.39.50:574][961]LogModuleManager: Shutting down and abandoning module OpenGLDrv (10)
[2017.03.29-06.39.50:584][961]LogModuleManager: Shutting down and abandoning module D3D11RHI (9)
[2017.03.29-06.39.50:584][961]LogModuleManager: Shutting down and abandoning module AnimGraphRuntime (8)
[2017.03.29-06.39.50:584][961]LogModuleManager: Shutting down and abandoning module Renderer (7)
[2017.03.29-06.39.50:584][961]LogModuleManager: Shutting down and abandoning module Engine (6)
[2017.03.29-06.39.50:584][961]LogModuleManager: Shutting down and abandoning module CoreUObject (5)
[2017.03.29-06.39.50:584][961]LogModuleManager: Shutting down and abandoning module NetworkFile (4)
[2017.03.29-06.39.50:597][961]LogModuleManager: Shutting down and abandoning module StreamingFile (3)
[2017.03.29-06.39.50:597][961]LogModuleManager: Shutting down and abandoning module SandboxFile (2)
[2017.03.29-06.39.50:597][961]LogModuleManager: Shutting down and abandoning module PakFile (1)
[2017.03.29-06.39.50:598][961]LogExit: Exiting.
[2017.03.29-06.39.50:606][961]Log file closed, 03/28/17 22:39:50
