Log file open, 04/20/17 20:06:17
LogInit:Display: Running engine for game: DicomVisual
LogPlatformFile: Not using cached read wrapper
LogInit:Display: RandInit(1616530066) SRandInit(1616530066).
LogTaskGraph: Started task graph with 5 named threads and 8 total threads with 1 sets of task threads.
LogStats: Stats thread started at 0.065739
LogPluginManager: Loaded Plugin Paper2D, From C:/Program Files (x86)/Epic Games/4.14/Engine/Plugins/2D/Paper2D/Paper2D.uplugin
LogPluginManager: Loaded Plugin LightPropagationVolume, From C:/Program Files (x86)/Epic Games/4.14/Engine/Plugins/Blendables/LightPropagationVolume/LightPropagationVolume.uplugin
LogPluginManager: Loaded Plugin BlankPlugin, From C:/Program Files (x86)/Epic Games/4.14/Engine/Plugins/Developer/BlankPlugin/BlankPlugin.uplugin
LogPluginManager: Loaded Plugin CodeLiteSourceCodeAccess, From C:/Program Files (x86)/Epic Games/4.14/Engine/Plugins/Developer/CodeLiteSourceCodeAccess/CodeLiteSourceCodeAccess.uplugin
LogPluginManager: Loaded Plugin GitSourceControl, From C:/Program Files (x86)/Epic Games/4.14/Engine/Plugins/Developer/GitSourceControl/GitSourceControl.uplugin
LogPluginManager: Loaded Plugin KDevelopSourceCodeAccess, From C:/Program Files (x86)/Epic Games/4.14/Engine/Plugins/Developer/KDevelopSourceCodeAccess/KDevelopSourceCodeAccess.uplugin
LogPluginManager: Loaded Plugin NullSourceCodeAccess, From C:/Program Files (x86)/Epic Games/4.14/Engine/Plugins/Developer/NullSourceCodeAccess/NullSourceCodeAccess.uplugin
LogPluginManager: Loaded Plugin OneSkyLocalizationService, From C:/Program Files (x86)/Epic Games/4.14/Engine/Plugins/Developer/OneSkyLocalizationService/OneSkyLocalizationService.uplugin
LogPluginManager: Loaded Plugin PerforceSourceControl, From C:/Program Files (x86)/Epic Games/4.14/Engine/Plugins/Developer/PerforceSourceControl/PerforceSourceControl.uplugin
LogPluginManager: Loaded Plugin SubversionSourceControl, From C:/Program Files (x86)/Epic Games/4.14/Engine/Plugins/Developer/SubversionSourceControl/SubversionSourceControl.uplugin
LogPluginManager: Loaded Plugin UObjectPlugin, From C:/Program Files (x86)/Epic Games/4.14/Engine/Plugins/Developer/UObjectPlugin/UObjectPlugin.uplugin
LogPluginManager: Loaded Plugin VisualStudioSourceCodeAccess, From C:/Program Files (x86)/Epic Games/4.14/Engine/Plugins/Developer/VisualStudioSourceCodeAccess/VisualStudioSourceCodeAccess.uplugin
LogPluginManager: Loaded Plugin XCodeSourceCodeAccess, From C:/Program Files (x86)/Epic Games/4.14/Engine/Plugins/Developer/XCodeSourceCodeAccess/XCodeSourceCodeAccess.uplugin
LogPluginManager: Loaded Plugin AudioCapture, From C:/Program Files (x86)/Epic Games/4.14/Engine/Plugins/Editor/AudioCapture/AudioCapture.uplugin
LogPluginManager: Loaded Plugin EpicSurvey, From C:/Program Files (x86)/Epic Games/4.14/Engine/Plugins/Editor/EpicSurvey/EpicSurvey.uplugin
LogPluginManager: Loaded Plugin MacGraphicsSwitching, From C:/Program Files (x86)/Epic Games/4.14/Engine/Plugins/Editor/MacGraphicsSwitching/MacGraphicsSwitching.uplugin
LogPluginManager: Loaded Plugin MobileLauncherProfileWizard, From C:/Program Files (x86)/Epic Games/4.14/Engine/Plugins/Editor/MobileLauncherProfileWizard/MobileLauncherProfileWizard.uplugin
LogPluginManager: Loaded Plugin PluginBrowser, From C:/Program Files (x86)/Epic Games/4.14/Engine/Plugins/Editor/PluginBrowser/PluginBrowser.uplugin
LogPluginManager: Loaded Plugin SpeedTreeImporter, From C:/Program Files (x86)/Epic Games/4.14/Engine/Plugins/Editor/SpeedTreeImporter/SpeedTreeImporter.uplugin
LogPluginManager: Loaded Plugin SuperSearchEditor, From C:/Program Files (x86)/Epic Games/4.14/Engine/Plugins/Editor/SuperSearchEditor/SuperSearchEditor.uplugin
LogPluginManager: Loaded Plugin AlembicImporter, From C:/Program Files (x86)/Epic Games/4.14/Engine/Plugins/Experimental/AlembicImporter/AlembicImporter.uplugin
LogPluginManager: Loaded Plugin BlueprintStats, From C:/Program Files (x86)/Epic Games/4.14/Engine/Plugins/Experimental/BlueprintStats/BlueprintStats.uplugin
LogPluginManager: Loaded Plugin CharacterAI, From C:/Program Files (x86)/Epic Games/4.14/Engine/Plugins/Experimental/CharacterAI/CharacterAI.uplugin
LogPluginManager: Loaded Plugin CodeEditor, From C:/Program Files (x86)/Epic Games/4.14/Engine/Plugins/Experimental/CodeEditor/CodeEditor.uplugin
LogPluginManager: Loaded Plugin CodeView, From C:/Program Files (x86)/Epic Games/4.14/Engine/Plugins/Experimental/CodeView/CodeView.uplugin
LogPluginManager: Loaded Plugin HTML5Networking, From C:/Program Files (x86)/Epic Games/4.14/Engine/Plugins/Experimental/HTML5Networking/HTML5Networking.uplugin
LogPluginManager: Loaded Plugin OSVR, From C:/Program Files (x86)/Epic Games/4.14/Engine/Plugins/Experimental/OSVR/OSVR.uplugin
LogPluginManager: Loaded Plugin Phya, From C:/Program Files (x86)/Epic Games/4.14/Engine/Plugins/Experimental/Phya/Phya.uplugin
LogPluginManager: Loaded Plugin SignificanceManager, From C:/Program Files (x86)/Epic Games/4.14/Engine/Plugins/Experimental/SignificanceManager/SignificanceManager.uplugin
LogPluginManager: Loaded Plugin SimpleHMD, From C:/Program Files (x86)/Epic Games/4.14/Engine/Plugins/Experimental/SimpleHMD/SimpleHMD.uplugin
LogPluginManager: Loaded Plugin StereoPanorama, From C:/Program Files (x86)/Epic Games/4.14/Engine/Plugins/Experimental/StereoPanorama/StereoPanorama.uplugin
LogPluginManager: Loaded Plugin StructBox, From C:/Program Files (x86)/Epic Games/4.14/Engine/Plugins/Experimental/StructBox/StructBox.uplugin
LogPluginManager: Loaded Plugin AndroidMedia, From C:/Program Files (x86)/Epic Games/4.14/Engine/Plugins/Media/AndroidMedia/AndroidMedia.uplugin
LogPluginManager: Loaded Plugin AvfMedia, From C:/Program Files (x86)/Epic Games/4.14/Engine/Plugins/Media/AvfMedia/AvfMedia.uplugin
LogPluginManager: Loaded Plugin MediaPlayerEditor, From C:/Program Files (x86)/Epic Games/4.14/Engine/Plugins/Media/MediaPlayerEditor/MediaPlayerEditor.uplugin
LogPluginManager: Loaded Plugin WmfMedia, From C:/Program Files (x86)/Epic Games/4.14/Engine/Plugins/Media/WmfMedia/WmfMedia.uplugin
LogPluginManager: Loaded Plugin MessagingDebugger, From C:/Program Files (x86)/Epic Games/4.14/Engine/Plugins/Messaging/MessagingDebugger/MessagingDebugger.uplugin
LogPluginManager: Loaded Plugin TcpMessaging, From C:/Program Files (x86)/Epic Games/4.14/Engine/Plugins/Messaging/TcpMessaging/TcpMessaging.uplugin
LogPluginManager: Loaded Plugin UdpMessaging, From C:/Program Files (x86)/Epic Games/4.14/Engine/Plugins/Messaging/UdpMessaging/UdpMessaging.uplugin
LogPluginManager: Loaded Plugin LevelSequenceEditor, From C:/Program Files (x86)/Epic Games/4.14/Engine/Plugins/MovieScene/LevelSequenceEditor/LevelSequenceEditor.uplugin
LogPluginManager: Loaded Plugin MatineeToLevelSequence, From C:/Program Files (x86)/Epic Games/4.14/Engine/Plugins/MovieScene/MatineeToLevelSequence/MatineeToLevelSequence.uplugin
LogPluginManager: Loaded Plugin NetcodeUnitTest, From C:/Program Files (x86)/Epic Games/4.14/Engine/Plugins/NetcodeUnitTest/NetcodeUnitTest/NetcodeUnitTest.uplugin
LogPluginManager: Loaded Plugin NUTUnrealEngine4, From C:/Program Files (x86)/Epic Games/4.14/Engine/Plugins/NetcodeUnitTest/NUTUnrealEngine4/NUTUnrealEngine4.uplugin
LogPluginManager: Loaded Plugin OnlineSubsystemGameCircle, From C:/Program Files (x86)/Epic Games/4.14/Engine/Plugins/Online/Android/OnlineSubsystemGameCircle/OnlineSubsystemGameCircle.uplugin
LogPluginManager: Loaded Plugin OnlineSubsystemGooglePlay, From C:/Program Files (x86)/Epic Games/4.14/Engine/Plugins/Online/Android/OnlineSubsystemGooglePlay/OnlineSubsystemGooglePlay.uplugin
LogPluginManager: Loaded Plugin OnlineSubsystemIOS, From C:/Program Files (x86)/Epic Games/4.14/Engine/Plugins/Online/IOS/OnlineSubsystemIOS/OnlineSubsystemIOS.uplugin
LogPluginManager: Loaded Plugin OnlineFramework, From C:/Program Files (x86)/Epic Games/4.14/Engine/Plugins/Online/OnlineFramework/OnlineFramework.uplugin
LogPluginManager: Loaded Plugin OnlineSubsystem, From C:/Program Files (x86)/Epic Games/4.14/Engine/Plugins/Online/OnlineSubsystem/OnlineSubsystem.uplugin
LogPluginManager: Loaded Plugin OnlineSubsystemAmazon, From C:/Program Files (x86)/Epic Games/4.14/Engine/Plugins/Online/OnlineSubsystemAmazon/OnlineSubsystemAmazon.uplugin
LogPluginManager: Loaded Plugin OnlineSubsystemFacebook, From C:/Program Files (x86)/Epic Games/4.14/Engine/Plugins/Online/OnlineSubsystemFacebook/OnlineSubsystemFacebook.uplugin
LogPluginManager: Loaded Plugin OnlineSubsystemNull, From C:/Program Files (x86)/Epic Games/4.14/Engine/Plugins/Online/OnlineSubsystemNull/OnlineSubsystemNull.uplugin
LogPluginManager: Loaded Plugin OnlineSubsystemOculus, From C:/Program Files (x86)/Epic Games/4.14/Engine/Plugins/Online/OnlineSubsystemOculus/OnlineSubsystemOculus.uplugin
LogPluginManager: Loaded Plugin OnlineSubsystemSteam, From C:/Program Files (x86)/Epic Games/4.14/Engine/Plugins/Online/OnlineSubsystemSteam/OnlineSubsystemSteam.uplugin
LogPluginManager: Loaded Plugin OnlineSubsystemUtils, From C:/Program Files (x86)/Epic Games/4.14/Engine/Plugins/Online/OnlineSubsystemUtils/OnlineSubsystemUtils.uplugin
LogPluginManager: Loaded Plugin IOSTapJoy, From C:/Program Files (x86)/Epic Games/4.14/Engine/Plugins/Runtime/Advertising/IOSTapJoy/IOSTapJoy.uplugin
LogPluginManager: Loaded Plugin AnalyticsBlueprintLibrary, From C:/Program Files (x86)/Epic Games/4.14/Engine/Plugins/Runtime/Analytics/AnalyticsBlueprintLibrary/AnalyticsBlueprintLibrary.uplugin
LogPluginManager: Loaded Plugin AnalyticsMulticast, From C:/Program Files (x86)/Epic Games/4.14/Engine/Plugins/Runtime/Analytics/AnalyticsMulticast/AnalyticsMulticast.uplugin
LogPluginManager: Loaded Plugin Apsalar, From C:/Program Files (x86)/Epic Games/4.14/Engine/Plugins/Runtime/Analytics/Apsalar/Apsalar.uplugin
LogPluginManager: Loaded Plugin FileLogging, From C:/Program Files (x86)/Epic Games/4.14/Engine/Plugins/Runtime/Analytics/FileLogging/FileLogging.uplugin
LogPluginManager: Loaded Plugin Flurry, From C:/Program Files (x86)/Epic Games/4.14/Engine/Plugins/Runtime/Analytics/Flurry/Flurry.uplugin
LogPluginManager: Loaded Plugin AndroidDeviceProfileSelector, From C:/Program Files (x86)/Epic Games/4.14/Engine/Plugins/Runtime/AndroidDeviceProfileSelector/AndroidDeviceProfileSelector.uplugin
LogPluginManager: Loaded Plugin AndroidMoviePlayer, From C:/Program Files (x86)/Epic Games/4.14/Engine/Plugins/Runtime/AndroidMoviePlayer/AndroidMoviePlayer.uplugin
LogPluginManager: Loaded Plugin AppleMoviePlayer, From C:/Program Files (x86)/Epic Games/4.14/Engine/Plugins/Runtime/AppleMoviePlayer/AppleMoviePlayer.uplugin
LogPluginManager: Loaded Plugin ArchVisCharacter, From C:/Program Files (x86)/Epic Games/4.14/Engine/Plugins/Runtime/ArchVisCharacter/ArchVisCharacter.uplugin
LogPluginManager: Loaded Plugin CableComponent, From C:/Program Files (x86)/Epic Games/4.14/Engine/Plugins/Runtime/CableComponent/CableComponent.uplugin
LogPluginManager: Loaded Plugin CustomMeshComponent, From C:/Program Files (x86)/Epic Games/4.14/Engine/Plugins/Runtime/CustomMeshComponent/CustomMeshComponent.uplugin
LogPluginManager: Loaded Plugin ExampleDeviceProfileSelector, From C:/Program Files (x86)/Epic Games/4.14/Engine/Plugins/Runtime/ExampleDeviceProfileSelector/ExampleDeviceProfileSelector.uplugin
LogPluginManager: Loaded Plugin GearVR, From C:/Program Files (x86)/Epic Games/4.14/Engine/Plugins/Runtime/GearVR/GearVR.uplugin
LogPluginManager: Loaded Plugin GoogleVRController, From C:/Program Files (x86)/Epic Games/4.14/Engine/Plugins/Runtime/GoogleVR/GoogleVRController/GoogleVRController.uplugin
LogPluginManager: Loaded Plugin GoogleVRHMD, From C:/Program Files (x86)/Epic Games/4.14/Engine/Plugins/Runtime/GoogleVR/GoogleVRHMD/GoogleVRHMD.uplugin
LogPluginManager: Loaded Plugin IOSDeviceProfileSelector, From C:/Program Files (x86)/Epic Games/4.14/Engine/Plugins/Runtime/IOSDeviceProfileSelector/IOSDeviceProfileSelector.uplugin
LogPluginManager: Loaded Plugin LeapMotion, From C:/Program Files (x86)/Epic Games/4.14/Engine/Plugins/Runtime/LeapMotion/LeapMotion.uplugin
LogPluginManager: Loaded Plugin LinuxDeviceProfileSelector, From C:/Program Files (x86)/Epic Games/4.14/Engine/Plugins/Runtime/LinuxDeviceProfileSelector/LinuxDeviceProfileSelector.uplugin
LogPluginManager: Loaded Plugin MIDIDevice, From C:/Program Files (x86)/Epic Games/4.14/Engine/Plugins/Runtime/MIDIDevice/MIDIDevice.uplugin
LogPluginManager: Loaded Plugin MobilePatchingUtils, From C:/Program Files (x86)/Epic Games/4.14/Engine/Plugins/Runtime/MobilePatchingUtils/MobilePatchingUtils.uplugin
LogPluginManager: Loaded Plugin Ansel, From C:/Program Files (x86)/Epic Games/4.14/Engine/Plugins/Runtime/Nvidia/Ansel/Ansel.uplugin
LogPluginManager: Loaded Plugin OculusAudio, From C:/Program Files (x86)/Epic Games/4.14/Engine/Plugins/Runtime/OculusAudio/OculusAudio.uplugin
LogPluginManager: Loaded Plugin OculusInput, From C:/Program Files (x86)/Epic Games/4.14/Engine/Plugins/Runtime/OculusInput/OculusInput.uplugin
LogPluginManager: Loaded Plugin OculusLibrary, From C:/Program Files (x86)/Epic Games/4.14/Engine/Plugins/Runtime/OculusLibrary/OculusLibrary.uplugin
LogPluginManager: Loaded Plugin OculusRift, From C:/Program Files (x86)/Epic Games/4.14/Engine/Plugins/Runtime/OculusRift/OculusRift.uplugin
LogPluginManager: Loaded Plugin Oodle, From C:/Program Files (x86)/Epic Games/4.14/Engine/Plugins/Runtime/PacketHandlers/CompressionComponents/Oodle/Oodle.uplugin
LogPluginManager: Loaded Plugin ProceduralMeshComponent, From C:/Program Files (x86)/Epic Games/4.14/Engine/Plugins/Runtime/ProceduralMeshComponent/ProceduralMeshComponent.uplugin
LogPluginManager: Loaded Plugin SoundMod, From C:/Program Files (x86)/Epic Games/4.14/Engine/Plugins/Runtime/SoundMod/SoundMod.uplugin
LogPluginManager: Loaded Plugin SoundVisualizations, From C:/Program Files (x86)/Epic Games/4.14/Engine/Plugins/Runtime/SoundVisualizations/SoundVisualizations.uplugin
LogPluginManager: Loaded Plugin SteamController, From C:/Program Files (x86)/Epic Games/4.14/Engine/Plugins/Runtime/Steam/SteamController/SteamController.uplugin
LogPluginManager: Loaded Plugin SteamVR, From C:/Program Files (x86)/Epic Games/4.14/Engine/Plugins/Runtime/Steam/SteamVR/SteamVR.uplugin
LogPluginManager: Loaded Plugin WebBrowserWidget, From C:/Program Files (x86)/Epic Games/4.14/Engine/Plugins/Runtime/WebBrowserWidget/WebBrowserWidget.uplugin
LogPluginManager: Loaded Plugin WindowsDeviceProfileSelector, From C:/Program Files (x86)/Epic Games/4.14/Engine/Plugins/Runtime/WindowsDeviceProfileSelector/WindowsDeviceProfileSelector.uplugin
LogPluginManager: Loaded Plugin WindowsMoviePlayer, From C:/Program Files (x86)/Epic Games/4.14/Engine/Plugins/Runtime/WindowsMoviePlayer/WindowsMoviePlayer.uplugin
LogPluginManager: Loaded Plugin ScriptPlugin, From C:/Program Files (x86)/Epic Games/4.14/Engine/Plugins/ScriptPlugin/ScriptPlugin.uplugin
LogPluginManager: Loaded Plugin SlateRemote, From C:/Program Files (x86)/Epic Games/4.14/Engine/Plugins/Slate/SlateRemote/SlateRemote.uplugin
LogPluginManager: Loaded Plugin EditorTests, From C:/Program Files (x86)/Epic Games/4.14/Engine/Plugins/Tests/EditorTests/EditorTests.uplugin
LogPluginManager: Loaded Plugin FbxAutomationTestBuilder, From C:/Program Files (x86)/Epic Games/4.14/Engine/Plugins/Tests/FbxAutomationTestBuilder/FbxAutomationTestBuilder.uplugin
LogPluginManager: Loaded Plugin FunctionalTestingEditor, From C:/Program Files (x86)/Epic Games/4.14/Engine/Plugins/Tests/FunctionalTestingEditor/FunctionalTestingEditor.uplugin
LogPluginManager: Loaded Plugin RuntimeTests, From C:/Program Files (x86)/Epic Games/4.14/Engine/Plugins/Tests/RuntimeTests/RuntimeTests.uplugin
LogPluginManager: Loaded Plugin ScreenshotTools, From C:/Program Files (x86)/Epic Games/4.14/Engine/Plugins/Tests/ScreenshotTools/ScreenshotTools.uplugin
LogInit: Using libcurl 7.47.1
LogInit:  - built for x86_64-pc-win32
LogInit:  - supports SSL with OpenSSL/1.0.2g
LogInit:  - supports HTTP deflate (compression) using libz 1.2.8
LogInit:  - other features:
LogInit:      CURL_VERSION_SSL
LogInit:      CURL_VERSION_LIBZ
LogInit:      CURL_VERSION_IPV6
LogInit:      CURL_VERSION_ASYNCHDNS
LogInit:      CURL_VERSION_LARGEFILE
LogInit:      CURL_VERSION_IDN
LogInit:  CurlRequestOptions (configurable via config and command line):
LogInit:  - bVerifyPeer = false  - Libcurl will NOT verify peer certificate
LogInit:  - bUseHttpProxy = false  - Libcurl will NOT use HTTP proxy
LogInit:  - bDontReuseConnections = false  - Libcurl will reuse connections
LogInit:  - CertBundlePath = nullptr  - Libcurl will use whatever was configured at build time.
LogInit: Build: ++UE4+Release-4.14-CL-3249277
LogInit: Engine Version: 4.14.3-3249277+++UE4+Release-4.14
LogInit: Compatible Engine Version: 4.14.0-3195953+++UE4+Release-4.14
LogInit: Net CL: 3195953
LogDevObjectVersion: Number of dev versions registered: 13
LogDevObjectVersion:   Dev-Blueprints (B0D832E4-1F89-4F0D-ACCF-7EB736FD4AA2): 7
LogDevObjectVersion:   Dev-Build (E1C64328-A22C-4D53-A36C-8E866417BD8C): 0
LogDevObjectVersion:   Dev-Core (375EC13C-06E4-48FB-B500-84F0262A717E): 1
LogDevObjectVersion:   Dev-Editor (E4B068ED-F494-42E9-A231-DA0B2E46BB41): 8
LogDevObjectVersion:   Dev-Framework (CFFC743F-43B0-4480-9391-14DF171D2073): 17
LogDevObjectVersion:   Dev-Mobile (B02B49B5-BB20-44E9-A304-32B752E40360): 0
LogDevObjectVersion:   Dev-Networking (A4E4105C-59A1-49B5-A7C5-40C4547EDFEE): 0
LogDevObjectVersion:   Dev-Online (39C831C9-5AE6-47DC-9A44-9C173E1C8E7C): 0
LogDevObjectVersion:   Dev-Physics (78F01B33-EBEA-4F98-B9B4-84EACCB95AA2): 0
LogDevObjectVersion:   Dev-Platform (6631380F-2D4D-43E0-8009-CF276956A95A): 0
LogDevObjectVersion:   Dev-Rendering (12F88B9F-8875-4AFC-A67C-D90C383ABD29): 12
LogDevObjectVersion:   Dev-Sequencer (7B5AE74C-D270-4C10-A958-57980B212A5A): 1
LogDevObjectVersion:   Dev-VR (D7296918-1DD6-4BDD-9DE2-64A83CC13884): 0
LogInit: Compiled (64-bit): Jan  6 2017 10:49:43
LogInit: Compiled with Visual C++: 19.00.23026.00
LogInit: Build Configuration: Development
LogInit: Branch Name: ++UE4+Release-4.14
LogInit: Command line:  
LogInit: Base directory: C:/Program Files (x86)/Epic Games/4.14/Engine/Binaries/Win64/
LogInit: Installed Engine Build: 1
LogInit: Presizing for max 8388607 objects, including 0 objects not considered by GC, pre-allocating 0 bytes for permanent pool.
LogInit: Object subsystem initialized
[2017.04.21-03.06.17:221][  0]LogInit: Selected Device Profile: [Windows]
[2017.04.21-03.06.17:221][  0]LogInit: Applying CVar settings loaded from the selected device profile: [Windows]
[2017.04.21-03.06.17:229][  0]LogInit: Computer: WIN-KL1VMU461IK
[2017.04.21-03.06.17:229][  0]LogInit: User: NickRinaldi
[2017.04.21-03.06.17:229][  0]LogInit: CPU Page size=65536, Cores=4
[2017.04.21-03.06.17:229][  0]LogInit: High frequency timer resolution =3.914061 MHz
[2017.04.21-03.06.17:229][  0]LogMemory: Memory total: Physical=32.0GB (32GB approx)
[2017.04.21-03.06.17:229][  0]LogMemory: Platform Memory Stats for Windows
[2017.04.21-03.06.17:229][  0]LogMemory: Process Physical Memory: 264.92 MB used, 264.92 MB peak
[2017.04.21-03.06.17:230][  0]LogMemory: Process Virtual Memory: 262.77 MB used, 262.77 MB peak
[2017.04.21-03.06.17:230][  0]LogMemory: Physical Memory: 5586.38 MB used,  27141.31 MB free, 32727.69 MB total
[2017.04.21-03.06.17:230][  0]LogMemory: Virtual Memory: 676.41 MB used,  27141.31 MB free, 134217728.00 MB total
[2017.04.21-03.06.17:251][  0]LogTextLocalizationManager: No specific translations for ('en-US') exist, so ('en') translations will be used.
[2017.04.21-03.06.17:683][  0]LogD3D11RHI: D3D11 adapters:
[2017.04.21-03.06.17:702][  0]LogD3D11RHI:    0. 'NVIDIA GeForce GTX 1070' (Feature Level 11_0)
[2017.04.21-03.06.17:702][  0]LogD3D11RHI:       8119/0/16363 MB DedicatedVideo/DedicatedSystem/SharedSystem, Outputs:1, VendorId:0x10de
[2017.04.21-03.06.17:703][  0]LogD3D11RHI:    1. 'Microsoft Basic Render Driver' (Feature Level 11_0)
[2017.04.21-03.06.17:703][  0]LogD3D11RHI:       0/0/16363 MB DedicatedVideo/DedicatedSystem/SharedSystem, Outputs:0, VendorId:0x1414
[2017.04.21-03.06.17:703][  0]LogD3D11RHI: Chosen D3D11 Adapter: 0
[2017.04.21-03.06.17:706][  0]LogD3D11RHI: Creating new Direct3DDevice
[2017.04.21-03.06.17:706][  0]LogD3D11RHI:     GPU DeviceId: 0x1b81 (for the marketing name, search the web for "GPU Device Id")
[2017.04.21-03.06.17:706][  0]LogWindows: EnumDisplayDevices:
[2017.04.21-03.06.17:707][  0]LogWindows:    0. 'NVIDIA GeForce GTX 1070' (P:1 D:1)
[2017.04.21-03.06.17:707][  0]LogWindows:    1. 'NVIDIA GeForce GTX 1070' (P:0 D:0)
[2017.04.21-03.06.17:707][  0]LogWindows:    2. 'NVIDIA GeForce GTX 1070' (P:0 D:0)
[2017.04.21-03.06.17:707][  0]LogWindows:    3. 'NVIDIA GeForce GTX 1070' (P:0 D:0)
[2017.04.21-03.06.17:707][  0]LogWindows: DebugString: FoundDriverCount:4 
[2017.04.21-03.06.17:707][  0]LogD3D11RHI:     Adapter Name: NVIDIA GeForce GTX 1070
[2017.04.21-03.06.17:707][  0]LogD3D11RHI:   Driver Version: 378.92 (internal:21.21.13.7892, unified:378.92)
[2017.04.21-03.06.17:707][  0]LogD3D11RHI:      Driver Date: 3-16-2017
[2017.04.21-03.06.17:707][  0]LogRHI: Texture pool is 1361 MB (70% of 1945 MB)
[2017.04.21-03.06.17:716][  0]LogD3D11RHI: Async texture creation enabled
[2017.04.21-03.06.17:730][  0]LogD3D11RHI: GPU Timing Frequency: 1000.000000 (Debug: 2 2)
[2017.04.21-03.06.17:730][  0]LogShaderCompilers: Guid format shader working directory is -24 characters bigger than the processId version (../../../../../../Users/Nick Rinaldi/Documents/GitHub/senior-design/DicomVisual/Intermediate/Shaders/WorkingDirectory/9284/).
[2017.04.21-03.06.17:730][  0]LogShaderCompilers: Cleaned the shader compiler working directory 'C:/Users/Nick Rinaldi/AppData/Local/Temp/1/UnrealShaderWorkingDir/98059DCB41BD0C16A02A6BA22C317F1E/'.
[2017.04.21-03.06.17:730][  0]LogShaderCompilers:Display: Using Local Shader Compiler.
[2017.04.21-03.06.18:345][  0]LogTemp:Display: Loaded TP AllDesktopTargetPlatform
[2017.04.21-03.06.18:384][  0]LogTemp:Display: Loaded TP MacClientTargetPlatform
[2017.04.21-03.06.18:422][  0]LogTemp:Display: Loaded TP MacNoEditorTargetPlatform
[2017.04.21-03.06.18:460][  0]LogTemp:Display: Loaded TP MacServerTargetPlatform
[2017.04.21-03.06.18:499][  0]LogTemp:Display: Loaded TP MacTargetPlatform
[2017.04.21-03.06.18:535][  0]LogTemp:Display: Loaded TP WindowsClientTargetPlatform
[2017.04.21-03.06.18:573][  0]LogTemp:Display: Loaded TP WindowsNoEditorTargetPlatform
[2017.04.21-03.06.18:610][  0]LogTemp:Display: Loaded TP WindowsServerTargetPlatform
[2017.04.21-03.06.18:640][  0]LogTemp:Display: Loaded TP WindowsTargetPlatform
[2017.04.21-03.06.18:675][  0]LogTemp:Display: Loaded TP AndroidTargetPlatform
[2017.04.21-03.06.18:711][  0]LogTemp:Display: Loaded TP Android_ASTCTargetPlatform
[2017.04.21-03.06.18:747][  0]LogTemp:Display: Loaded TP Android_ATCTargetPlatform
[2017.04.21-03.06.18:782][  0]LogTemp:Display: Loaded TP Android_DXTTargetPlatform
[2017.04.21-03.06.18:818][  0]LogTemp:Display: Loaded TP Android_ETC1TargetPlatform
[2017.04.21-03.06.18:854][  0]LogTemp:Display: Loaded TP Android_ETC2TargetPlatform
[2017.04.21-03.06.18:927][  0]LogTemp:Display: Loaded TP Android_MultiTargetPlatform
[2017.04.21-03.06.18:927][  0]LogTemp:Display: Loaded TP Android_PVRTCTargetPlatform
[2017.04.21-03.06.18:951][  0]LogTemp:Display: Loaded TP HTML5TargetPlatform
[2017.04.21-03.06.19:011][  0]LogTemp:Display: Loaded TP IOSTargetPlatform
[2017.04.21-03.06.19:035][  0]LogTemp:Display: Loaded TP TVOSTargetPlatform
[2017.04.21-03.06.19:073][  0]LogTemp:Display: Loaded TP LinuxClientTargetPlatform
[2017.04.21-03.06.19:110][  0]LogTemp:Display: Loaded TP LinuxNoEditorTargetPlatform
[2017.04.21-03.06.19:146][  0]LogTemp:Display: Loaded TP LinuxServerTargetPlatform
[2017.04.21-03.06.19:183][  0]LogTemp:Display: Loaded TP LinuxTargetPlatform
[2017.04.21-03.06.19:183][  0]LogTargetPlatformManager:Display: Building Assets For Windows
[2017.04.21-03.06.19:442][  0]LogDerivedDataCache:Display: Max Cache Size: 512 MB
[2017.04.21-03.06.19:479][  0]LogDerivedDataCache: Loaded boot cache 0.04s 50MB C:/Users/Nick Rinaldi/AppData/Local/UnrealEngine/4.14/DerivedDataCache/Boot.ddc.
[2017.04.21-03.06.19:479][  0]LogDerivedDataCache:Display: Loaded Boot cache: C:/Users/Nick Rinaldi/AppData/Local/UnrealEngine/4.14/DerivedDataCache/Boot.ddc
[2017.04.21-03.06.19:479][  0]LogDerivedDataCache: FDerivedDataBackendGraph:  Pak pak cache file ../../../../../../Users/Nick Rinaldi/Documents/GitHub/senior-design/DicomVisual/DerivedDataCache/DDC.ddp not found, will not use a pak cache.
[2017.04.21-03.06.19:479][  0]LogDerivedDataCache: Unable to find inner node Pak for hierarchical cache Hierarchy.
[2017.04.21-03.06.19:479][  0]LogDerivedDataCache: FDerivedDataBackendGraph:  CompressedPak pak cache file ../../../../../../Users/Nick Rinaldi/Documents/GitHub/senior-design/DicomVisual/DerivedDataCache/Compressed.ddp not found, will not use a pak cache.
[2017.04.21-03.06.19:479][  0]LogDerivedDataCache: Unable to find inner node CompressedPak for hierarchical cache Hierarchy.
[2017.04.21-03.06.19:492][  0]LogDerivedDataCache:Display: Pak cache opened for reading ../../../Engine/DerivedDataCache/Compressed.ddp.
[2017.04.21-03.06.19:503][  0]LogDerivedDataCache: Using Local data cache path C:/Users/Nick Rinaldi/AppData/Local/UnrealEngine/Common/DerivedDataCache: Writable
[2017.04.21-03.06.19:643][  0]LogInit: Selected Device Profile: [Windows]
[2017.04.21-03.06.19:645][  0]LogContentStreaming: Texture pool size is 0.00 MB
[2017.04.21-03.06.19:788][  0]LogMeshUtilities: Using QuadricMeshReduction for automatic static mesh reduction
[2017.04.21-03.06.19:816][  0]LogSimplygon: Simplygon DLL not present - disabling.
[2017.04.21-03.06.19:845][  0]LogMeshUtilities: Using SimplygonSwarm for distributed automatic mesh merging
[2017.04.21-03.06.19:845][  0]LogMeshUtilities: No automatic skeletal mesh reduction module available
[2017.04.21-03.06.19:845][  0]LogMeshUtilities: No automatic mesh merging module available
[2017.04.21-03.06.20:189][  0]LogNetVersion: GetLocalNetworkVersion: CL: 3195953, ProjectName: dicomvisual, ProjectVersion: , EngineNetworkVersion: 2, GameNetworkVersion: 0, NetworkChecksum: 3438762601
[2017.04.21-03.06.20:234][  0]LogAssetRegistry: FAssetRegistry took 0.0212 seconds to start up
[2017.04.21-03.06.20:265][  0]LogPackageLocalizationCache: Processed 3 localized package path(s) for 2 prioritized culture(s) in 0.016374 seconds
[2017.04.21-03.06.20:269][  0]LogUObjectArray: 31946 objects as part of root set at end of initial load.
[2017.04.21-03.06.20:269][  0]LogUObjectAllocator: 6935840 out of 0 bytes used by permanent object pool.
[2017.04.21-03.06.20:269][  0]LogUObjectArray: CloseDisregardForGC: 0/0 objects in disregard for GC pool
[2017.04.21-03.06.20:309][  0]LogInit: WinSock: version 1.1 (2.2), MaxSocks=32767, MaxUdp=65467
[2017.04.21-03.06.20:777][  0]LogSlate: Using Freetype 2.6.0
[2017.04.21-03.06.20:778][  0]LogSlate: SlateFontCache - WITH_FREETYPE: 1, WITH_HARFBUZZ: 1
[2017.04.21-03.06.20:778][  0]LogSlate: SlateFontCache - WITH_FREETYPE: 1, WITH_HARFBUZZ: 1
[2017.04.21-03.06.21:305][  0]LogTcpMessaging: Initializing TcpMessaging bridge
[2017.04.21-03.06.21:334][  0]LogUdpMessaging: Initializing bridge on interface 0.0.0.0:0 to multicast group 230.0.0.1:6666.
[2017.04.21-03.06.21:418][  0]LogModuleManager:Warning: ModuleManager: Unable to load module 'C:/Users/Nick Rinaldi/Documents/GitHub/senior-design/DicomVisual/Binaries/Win64/UE4Editor-DicomVisual-5889.dll' because the file couldn't be loaded by the OS.
[2017.04.21-03.06.21:422][  0]LogWindowsTextInputMethodSystem:Display: IME system now deactivated.
[2017.04.21-03.06.28:268][  0]LogWindowsTextInputMethodSystem:Display: IME system now deactivated.
[2017.04.21-03.06.28:268][  0]LogWindowsTextInputMethodSystem:Display: IME system now deactivated.
[2017.04.21-03.06.28:284][  0]LogExit: Preparing to exit.
[2017.04.21-03.06.29:482][  0]LogObj: Freed 0b from 0 cluster array pools.
[2017.04.21-03.06.29:482][  0]LogExit: Object subsystem successfully closed.
[2017.04.21-03.06.29:496][  0]LogD3D11RHI: Shutdown
[2017.04.21-03.06.29:496][  0]LogD3D11RHI: CleanupD3DDevice
[2017.04.21-03.06.29:525][  0]LogD3D11RHI: ~FD3D11DynamicRHI
[2017.04.21-03.06.29:548][  0]LogModuleManager: Shutting down and abandoning module HotReload (105)
[2017.04.21-03.06.29:548][  0]LogDirectoryWatcher: A directory notification for 'C:/Users/Nick Rinaldi/Documents/GitHub/senior-design/DicomVisual/Binaries/Win64' was aborted.
[2017.04.21-03.06.29:548][  0]LogModuleManager: Shutting down and abandoning module UdpMessaging (103)
[2017.04.21-03.06.29:649][  0]LogModuleManager: Shutting down and abandoning module TcpMessaging (102)
[2017.04.21-03.06.30:309][  0]LogModuleManager: Shutting down and abandoning module LightPropagationVolumeRuntime (101)
[2017.04.21-03.06.30:309][  0]LogModuleManager: Shutting down and abandoning module Paper2D (100)
[2017.04.21-03.06.30:309][  0]LogModuleManager: Shutting down and abandoning module WindowsMoviePlayer (99)
[2017.04.21-03.06.30:309][  0]LogModuleManager: Shutting down and abandoning module WmfMedia (98)
[2017.04.21-03.06.30:309][  0]LogModuleManager: Shutting down and abandoning module MediaAssets (97)
[2017.04.21-03.06.30:309][  0]LogModuleManager: Shutting down and abandoning module GameLiveStreaming (96)
[2017.04.21-03.06.30:309][  0]LogModuleManager: Shutting down and abandoning module GameplayTagsEditor (95)
[2017.04.21-03.06.30:309][  0]LogModuleManager: Shutting down and abandoning module VREditor (94)
[2017.04.21-03.06.30:309][  0]LogModuleManager: Shutting down and abandoning module GameplayTasksEditor (93)
[2017.04.21-03.06.30:309][  0]LogModuleManager: Shutting down and abandoning module BehaviorTreeEditor (92)
[2017.04.21-03.06.30:309][  0]LogModuleManager: Shutting down and abandoning module FunctionalTesting (91)
[2017.04.21-03.06.30:309][  0]LogModuleManager: Shutting down and abandoning module CollisionAnalyzer (90)
[2017.04.21-03.06.30:309][  0]LogModuleManager: Shutting down and abandoning module Sequencer (89)
[2017.04.21-03.06.30:309][  0]LogModuleManager: Shutting down and abandoning module WorkspaceMenuStructure (88)
[2017.04.21-03.06.30:309][  0]LogModuleManager: Shutting down and abandoning module MessageLog (87)
[2017.04.21-03.06.30:309][  0]LogModuleManager: Shutting down and abandoning module AssetTools (86)
[2017.04.21-03.06.30:309][  0]LogModuleManager: Shutting down and abandoning module UMGEditor (85)
[2017.04.21-03.06.30:309][  0]LogModuleManager: Shutting down and abandoning module UMG (84)
[2017.04.21-03.06.30:309][  0]LogModuleManager: Shutting down and abandoning module SlateReflector (83)
[2017.04.21-03.06.30:309][  0]LogModuleManager: Shutting down and abandoning module Slate (82)
[2017.04.21-03.06.30:309][  0]LogModuleManager: Shutting down and abandoning module EditorStyle (81)
[2017.04.21-03.06.30:311][  0]LogModuleManager: Shutting down and abandoning module SourceCodeAccess (80)
[2017.04.21-03.06.30:311][  0]LogModuleManager: Shutting down and abandoning module HeadMountedDisplay (79)
[2017.04.21-03.06.30:311][  0]LogModuleManager: Shutting down and abandoning module XAudio2 (78)
[2017.04.21-03.06.30:311][  0]LogModuleManager: Shutting down and abandoning module Networking (76)
[2017.04.21-03.06.30:311][  0]LogModuleManager: Shutting down and abandoning module Core (75)
[2017.04.21-03.06.30:311][  0]LogModuleManager: Shutting down and abandoning module DirectoryWatcher (74)
[2017.04.21-03.06.30:311][  0]LogDirectoryWatcher: A directory notification for '../../../Engine/Content/' was aborted.
[2017.04.21-03.06.30:311][  0]LogDirectoryWatcher: A directory notification for '../../../../../../Users/Nick Rinaldi/Documents/GitHub/senior-design/DicomVisual/Content/' was aborted.
[2017.04.21-03.06.30:311][  0]LogDirectoryWatcher: A directory notification for '../../../Engine/Plugins/2D/Paper2D/Content/' was aborted.
[2017.04.21-03.06.30:311][  0]LogModuleManager: Shutting down and abandoning module AssetRegistry (73)
[2017.04.21-03.06.30:412][  0]LogModuleManager: Shutting down and abandoning module KismetCompiler (72)
[2017.04.21-03.06.30:412][  0]LogModuleManager: Shutting down and abandoning module PhysXFormats (71)
[2017.04.21-03.06.30:412][  0]LogModuleManager: Shutting down and abandoning module SimplygonSwarm (70)
[2017.04.21-03.06.30:412][  0]LogModuleManager: Shutting down and abandoning module SimplygonMeshReduction (69)
[2017.04.21-03.06.30:412][  0]LogModuleManager: Shutting down and abandoning module QuadricMeshReduction (68)
[2017.04.21-03.06.30:412][  0]LogModuleManager: Shutting down and abandoning module PropertyEditor (67)
[2017.04.21-03.06.30:412][  0]LogModuleManager: Shutting down and abandoning module MeshUtilities (66)
[2017.04.21-03.06.30:412][  0]LogModuleManager: Shutting down and abandoning module DerivedDataCache (65)
[2017.04.21-03.06.30:501][  0]LogDerivedDataCache: Shutdown
[2017.04.21-03.06.30:501][  0]LogModuleManager: Shutting down and abandoning module VulkanShaderFormat (64)
[2017.04.21-03.06.30:501][  0]LogModuleManager: Shutting down and abandoning module ShaderFormatOpenGL (63)
[2017.04.21-03.06.30:501][  0]LogModuleManager: Shutting down and abandoning module ShaderFormatD3D (62)
[2017.04.21-03.06.30:501][  0]LogModuleManager: Shutting down and abandoning module MetalShaderFormat (61)
[2017.04.21-03.06.30:501][  0]LogModuleManager: Shutting down and abandoning module TextureFormatUncompressed (60)
[2017.04.21-03.06.30:501][  0]LogModuleManager: Shutting down and abandoning module TextureFormatPVR (59)
[2017.04.21-03.06.30:501][  0]LogModuleManager: Shutting down and abandoning module TextureFormatDXT (58)
[2017.04.21-03.06.30:501][  0]LogModuleManager: Shutting down and abandoning module TextureFormatIntelISPCTexComp (57)
[2017.04.21-03.06.30:502][  0]LogModuleManager: Shutting down and abandoning module ImageWrapper (56)
[2017.04.21-03.06.30:502][  0]LogModuleManager: Shutting down and abandoning module TextureFormatASTC (55)
[2017.04.21-03.06.30:502][  0]LogModuleManager: Shutting down and abandoning module TextureFormatAndroid (54)
[2017.04.21-03.06.30:502][  0]LogModuleManager: Shutting down and abandoning module AudioFormatOpus (53)
[2017.04.21-03.06.30:502][  0]LogModuleManager: Shutting down and abandoning module AudioFormatOgg (52)
[2017.04.21-03.06.30:502][  0]LogModuleManager: Shutting down and abandoning module AudioFormatADPCM (51)
[2017.04.21-03.06.30:502][  0]LogModuleManager: Shutting down and abandoning module LinuxTargetPlatform (50)
[2017.04.21-03.06.30:502][  0]LogModuleManager: Shutting down and abandoning module LinuxServerTargetPlatform (49)
[2017.04.21-03.06.30:502][  0]LogModuleManager: Shutting down and abandoning module LinuxNoEditorTargetPlatform (48)
[2017.04.21-03.06.30:502][  0]LogModuleManager: Shutting down and abandoning module LinuxClientTargetPlatform (47)
[2017.04.21-03.06.30:502][  0]LogModuleManager: Shutting down and abandoning module TVOSTargetPlatform (46)
[2017.04.21-03.06.30:502][  0]LogModuleManager: Shutting down and abandoning module Messaging (45)
[2017.04.21-03.06.30:502][  0]LogModuleManager: Shutting down and abandoning module IOSTargetPlatform (44)
[2017.04.21-03.06.30:502][  0]LogModuleManager: Shutting down and abandoning module HTML5TargetPlatform (43)
[2017.04.21-03.06.30:502][  0]LogModuleManager: Shutting down and abandoning module Android_PVRTCTargetPlatform (42)
[2017.04.21-03.06.30:502][  0]LogModuleManager: Shutting down and abandoning module Android_MultiTargetPlatform (41)
[2017.04.21-03.06.30:502][  0]LogModuleManager: Shutting down and abandoning module Android_ETC2TargetPlatform (40)
[2017.04.21-03.06.30:502][  0]LogModuleManager: Shutting down and abandoning module Android_ETC1TargetPlatform (39)
[2017.04.21-03.06.30:502][  0]LogModuleManager: Shutting down and abandoning module Android_DXTTargetPlatform (38)
[2017.04.21-03.06.30:502][  0]LogModuleManager: Shutting down and abandoning module Android_ATCTargetPlatform (37)
[2017.04.21-03.06.30:502][  0]LogModuleManager: Shutting down and abandoning module Android_ASTCTargetPlatform (36)
[2017.04.21-03.06.30:502][  0]LogModuleManager: Shutting down and abandoning module AndroidTargetPlatform (35)
[2017.04.21-03.06.30:502][  0]LogModuleManager: Shutting down and abandoning module WindowsTargetPlatform (34)
[2017.04.21-03.06.30:502][  0]LogModuleManager: Shutting down and abandoning module WindowsServerTargetPlatform (33)
[2017.04.21-03.06.30:502][  0]LogModuleManager: Shutting down and abandoning module WindowsNoEditorTargetPlatform (32)
[2017.04.21-03.06.30:502][  0]LogModuleManager: Shutting down and abandoning module WindowsClientTargetPlatform (31)
[2017.04.21-03.06.30:502][  0]LogModuleManager: Shutting down and abandoning module MacTargetPlatform (30)
[2017.04.21-03.06.30:502][  0]LogModuleManager: Shutting down and abandoning module MacServerTargetPlatform (29)
[2017.04.21-03.06.30:502][  0]LogModuleManager: Shutting down and abandoning module MacNoEditorTargetPlatform (28)
[2017.04.21-03.06.30:502][  0]LogModuleManager: Shutting down and abandoning module MacClientTargetPlatform (27)
[2017.04.21-03.06.30:502][  0]LogModuleManager: Shutting down and abandoning module AllDesktopTargetPlatform (26)
[2017.04.21-03.06.30:502][  0]LogModuleManager: Shutting down and abandoning module TargetPlatform (25)
[2017.04.21-03.06.30:502][  0]LogModuleManager: Shutting down and abandoning module InputCore (24)
[2017.04.21-03.06.30:502][  0]LogModuleManager: Shutting down and abandoning module Settings (23)
[2017.04.21-03.06.30:502][  0]LogModuleManager: Shutting down and abandoning module OculusRift (22)
[2017.04.21-03.06.30:502][  0]LogModuleManager: Shutting down and abandoning module ExampleDeviceProfileSelector (21)
[2017.04.21-03.06.30:502][  0]LogModuleManager: Shutting down and abandoning module OnlineBlueprintSupport (20)
[2017.04.21-03.06.30:502][  0]LogModuleManager: Shutting down and abandoning module OnlineSubsystem (18)
[2017.04.21-03.06.30:502][  0]LogModuleManager: Shutting down and abandoning module SSL (17)
[2017.04.21-03.06.30:503][  0]LogModuleManager: Shutting down and abandoning module HTTP (16)
[2017.04.21-03.06.30:503][  0]LogModuleManager: Shutting down and abandoning module XMPP (15)
[2017.04.21-03.06.30:503][  0]LogModuleManager: Shutting down and abandoning module TextureCompressor (14)
[2017.04.21-03.06.30:503][  0]LogModuleManager: Shutting down and abandoning module ShaderCore (13)
[2017.04.21-03.06.30:503][  0]LogModuleManager: Shutting down and abandoning module Landscape (12)
[2017.04.21-03.06.30:503][  0]LogModuleManager: Shutting down and abandoning module SlateRHIRenderer (11)
[2017.04.21-03.06.30:503][  0]LogModuleManager: Shutting down and abandoning module OpenGLDrv (10)
[2017.04.21-03.06.30:503][  0]LogModuleManager: Shutting down and abandoning module D3D11RHI (9)
[2017.04.21-03.06.30:503][  0]LogModuleManager: Shutting down and abandoning module AnimGraphRuntime (8)
[2017.04.21-03.06.30:503][  0]LogModuleManager: Shutting down and abandoning module Renderer (7)
[2017.04.21-03.06.30:503][  0]LogModuleManager: Shutting down and abandoning module Engine (6)
[2017.04.21-03.06.30:503][  0]LogModuleManager: Shutting down and abandoning module CoreUObject (5)
[2017.04.21-03.06.30:503][  0]LogModuleManager: Shutting down and abandoning module NetworkFile (4)
[2017.04.21-03.06.30:503][  0]LogModuleManager: Shutting down and abandoning module StreamingFile (3)
[2017.04.21-03.06.30:503][  0]LogModuleManager: Shutting down and abandoning module SandboxFile (2)
[2017.04.21-03.06.30:503][  0]LogModuleManager: Shutting down and abandoning module PakFile (1)
[2017.04.21-03.06.30:504][  0]LogExit: Exiting.
[2017.04.21-03.06.30:505][  0]Log file closed, 04/20/17 20:06:30
