Log file open, 03/30/17 19:29:26
LogInit:Display: Running engine for game: DicomVisual
LogPlatformFile: Not using cached read wrapper
LogInit:Display: RandInit(118638629) SRandInit(118638629).
LogTaskGraph: Started task graph with 5 named threads and 8 total threads with 1 sets of task threads.
LogStats: Stats thread started at 0.116061
LogPluginManager: Loaded Plugin Paper2D, From D:/Epic Games/4.14/Engine/Plugins/2D/Paper2D/Paper2D.uplugin
LogPluginManager: Loaded Plugin LightPropagationVolume, From D:/Epic Games/4.14/Engine/Plugins/Blendables/LightPropagationVolume/LightPropagationVolume.uplugin
LogPluginManager: Loaded Plugin BlankPlugin, From D:/Epic Games/4.14/Engine/Plugins/Developer/BlankPlugin/BlankPlugin.uplugin
LogPluginManager: Loaded Plugin CodeLiteSourceCodeAccess, From D:/Epic Games/4.14/Engine/Plugins/Developer/CodeLiteSourceCodeAccess/CodeLiteSourceCodeAccess.uplugin
LogPluginManager: Loaded Plugin GitSourceControl, From D:/Epic Games/4.14/Engine/Plugins/Developer/GitSourceControl/GitSourceControl.uplugin
LogPluginManager: Loaded Plugin KDevelopSourceCodeAccess, From D:/Epic Games/4.14/Engine/Plugins/Developer/KDevelopSourceCodeAccess/KDevelopSourceCodeAccess.uplugin
LogPluginManager: Loaded Plugin NullSourceCodeAccess, From D:/Epic Games/4.14/Engine/Plugins/Developer/NullSourceCodeAccess/NullSourceCodeAccess.uplugin
LogPluginManager: Loaded Plugin OneSkyLocalizationService, From D:/Epic Games/4.14/Engine/Plugins/Developer/OneSkyLocalizationService/OneSkyLocalizationService.uplugin
LogPluginManager: Loaded Plugin PerforceSourceControl, From D:/Epic Games/4.14/Engine/Plugins/Developer/PerforceSourceControl/PerforceSourceControl.uplugin
LogPluginManager: Loaded Plugin SubversionSourceControl, From D:/Epic Games/4.14/Engine/Plugins/Developer/SubversionSourceControl/SubversionSourceControl.uplugin
LogPluginManager: Loaded Plugin UObjectPlugin, From D:/Epic Games/4.14/Engine/Plugins/Developer/UObjectPlugin/UObjectPlugin.uplugin
LogPluginManager: Loaded Plugin VisualStudioSourceCodeAccess, From D:/Epic Games/4.14/Engine/Plugins/Developer/VisualStudioSourceCodeAccess/VisualStudioSourceCodeAccess.uplugin
LogPluginManager: Loaded Plugin XCodeSourceCodeAccess, From D:/Epic Games/4.14/Engine/Plugins/Developer/XCodeSourceCodeAccess/XCodeSourceCodeAccess.uplugin
LogPluginManager: Loaded Plugin AudioCapture, From D:/Epic Games/4.14/Engine/Plugins/Editor/AudioCapture/AudioCapture.uplugin
LogPluginManager: Loaded Plugin EpicSurvey, From D:/Epic Games/4.14/Engine/Plugins/Editor/EpicSurvey/EpicSurvey.uplugin
LogPluginManager: Loaded Plugin MacGraphicsSwitching, From D:/Epic Games/4.14/Engine/Plugins/Editor/MacGraphicsSwitching/MacGraphicsSwitching.uplugin
LogPluginManager: Loaded Plugin MobileLauncherProfileWizard, From D:/Epic Games/4.14/Engine/Plugins/Editor/MobileLauncherProfileWizard/MobileLauncherProfileWizard.uplugin
LogPluginManager: Loaded Plugin PluginBrowser, From D:/Epic Games/4.14/Engine/Plugins/Editor/PluginBrowser/PluginBrowser.uplugin
LogPluginManager: Loaded Plugin SpeedTreeImporter, From D:/Epic Games/4.14/Engine/Plugins/Editor/SpeedTreeImporter/SpeedTreeImporter.uplugin
LogPluginManager: Loaded Plugin SuperSearchEditor, From D:/Epic Games/4.14/Engine/Plugins/Editor/SuperSearchEditor/SuperSearchEditor.uplugin
LogPluginManager: Loaded Plugin AlembicImporter, From D:/Epic Games/4.14/Engine/Plugins/Experimental/AlembicImporter/AlembicImporter.uplugin
LogPluginManager: Loaded Plugin BlueprintStats, From D:/Epic Games/4.14/Engine/Plugins/Experimental/BlueprintStats/BlueprintStats.uplugin
LogPluginManager: Loaded Plugin CharacterAI, From D:/Epic Games/4.14/Engine/Plugins/Experimental/CharacterAI/CharacterAI.uplugin
LogPluginManager: Loaded Plugin CodeEditor, From D:/Epic Games/4.14/Engine/Plugins/Experimental/CodeEditor/CodeEditor.uplugin
LogPluginManager: Loaded Plugin CodeView, From D:/Epic Games/4.14/Engine/Plugins/Experimental/CodeView/CodeView.uplugin
LogPluginManager: Loaded Plugin HTML5Networking, From D:/Epic Games/4.14/Engine/Plugins/Experimental/HTML5Networking/HTML5Networking.uplugin
LogPluginManager: Loaded Plugin OSVR, From D:/Epic Games/4.14/Engine/Plugins/Experimental/OSVR/OSVR.uplugin
LogPluginManager: Loaded Plugin Phya, From D:/Epic Games/4.14/Engine/Plugins/Experimental/Phya/Phya.uplugin
LogPluginManager: Loaded Plugin SignificanceManager, From D:/Epic Games/4.14/Engine/Plugins/Experimental/SignificanceManager/SignificanceManager.uplugin
LogPluginManager: Loaded Plugin SimpleHMD, From D:/Epic Games/4.14/Engine/Plugins/Experimental/SimpleHMD/SimpleHMD.uplugin
LogPluginManager: Loaded Plugin StereoPanorama, From D:/Epic Games/4.14/Engine/Plugins/Experimental/StereoPanorama/StereoPanorama.uplugin
LogPluginManager: Loaded Plugin StructBox, From D:/Epic Games/4.14/Engine/Plugins/Experimental/StructBox/StructBox.uplugin
LogPluginManager: Loaded Plugin AndroidMedia, From D:/Epic Games/4.14/Engine/Plugins/Media/AndroidMedia/AndroidMedia.uplugin
LogPluginManager: Loaded Plugin AvfMedia, From D:/Epic Games/4.14/Engine/Plugins/Media/AvfMedia/AvfMedia.uplugin
LogPluginManager: Loaded Plugin MediaPlayerEditor, From D:/Epic Games/4.14/Engine/Plugins/Media/MediaPlayerEditor/MediaPlayerEditor.uplugin
LogPluginManager: Loaded Plugin WmfMedia, From D:/Epic Games/4.14/Engine/Plugins/Media/WmfMedia/WmfMedia.uplugin
LogPluginManager: Loaded Plugin MessagingDebugger, From D:/Epic Games/4.14/Engine/Plugins/Messaging/MessagingDebugger/MessagingDebugger.uplugin
LogPluginManager: Loaded Plugin TcpMessaging, From D:/Epic Games/4.14/Engine/Plugins/Messaging/TcpMessaging/TcpMessaging.uplugin
LogPluginManager: Loaded Plugin UdpMessaging, From D:/Epic Games/4.14/Engine/Plugins/Messaging/UdpMessaging/UdpMessaging.uplugin
LogPluginManager: Loaded Plugin LevelSequenceEditor, From D:/Epic Games/4.14/Engine/Plugins/MovieScene/LevelSequenceEditor/LevelSequenceEditor.uplugin
LogPluginManager: Loaded Plugin MatineeToLevelSequence, From D:/Epic Games/4.14/Engine/Plugins/MovieScene/MatineeToLevelSequence/MatineeToLevelSequence.uplugin
LogPluginManager: Loaded Plugin NetcodeUnitTest, From D:/Epic Games/4.14/Engine/Plugins/NetcodeUnitTest/NetcodeUnitTest/NetcodeUnitTest.uplugin
LogPluginManager: Loaded Plugin NUTUnrealEngine4, From D:/Epic Games/4.14/Engine/Plugins/NetcodeUnitTest/NUTUnrealEngine4/NUTUnrealEngine4.uplugin
LogPluginManager: Loaded Plugin OnlineSubsystemGameCircle, From D:/Epic Games/4.14/Engine/Plugins/Online/Android/OnlineSubsystemGameCircle/OnlineSubsystemGameCircle.uplugin
LogPluginManager: Loaded Plugin OnlineSubsystemGooglePlay, From D:/Epic Games/4.14/Engine/Plugins/Online/Android/OnlineSubsystemGooglePlay/OnlineSubsystemGooglePlay.uplugin
LogPluginManager: Loaded Plugin OnlineSubsystemIOS, From D:/Epic Games/4.14/Engine/Plugins/Online/IOS/OnlineSubsystemIOS/OnlineSubsystemIOS.uplugin
LogPluginManager: Loaded Plugin OnlineFramework, From D:/Epic Games/4.14/Engine/Plugins/Online/OnlineFramework/OnlineFramework.uplugin
LogPluginManager: Loaded Plugin OnlineSubsystem, From D:/Epic Games/4.14/Engine/Plugins/Online/OnlineSubsystem/OnlineSubsystem.uplugin
LogPluginManager: Loaded Plugin OnlineSubsystemAmazon, From D:/Epic Games/4.14/Engine/Plugins/Online/OnlineSubsystemAmazon/OnlineSubsystemAmazon.uplugin
LogPluginManager: Loaded Plugin OnlineSubsystemFacebook, From D:/Epic Games/4.14/Engine/Plugins/Online/OnlineSubsystemFacebook/OnlineSubsystemFacebook.uplugin
LogPluginManager: Loaded Plugin OnlineSubsystemNull, From D:/Epic Games/4.14/Engine/Plugins/Online/OnlineSubsystemNull/OnlineSubsystemNull.uplugin
LogPluginManager: Loaded Plugin OnlineSubsystemOculus, From D:/Epic Games/4.14/Engine/Plugins/Online/OnlineSubsystemOculus/OnlineSubsystemOculus.uplugin
LogPluginManager: Loaded Plugin OnlineSubsystemSteam, From D:/Epic Games/4.14/Engine/Plugins/Online/OnlineSubsystemSteam/OnlineSubsystemSteam.uplugin
LogPluginManager: Loaded Plugin OnlineSubsystemUtils, From D:/Epic Games/4.14/Engine/Plugins/Online/OnlineSubsystemUtils/OnlineSubsystemUtils.uplugin
LogPluginManager: Loaded Plugin IOSTapJoy, From D:/Epic Games/4.14/Engine/Plugins/Runtime/Advertising/IOSTapJoy/IOSTapJoy.uplugin
LogPluginManager: Loaded Plugin AnalyticsBlueprintLibrary, From D:/Epic Games/4.14/Engine/Plugins/Runtime/Analytics/AnalyticsBlueprintLibrary/AnalyticsBlueprintLibrary.uplugin
LogPluginManager: Loaded Plugin AnalyticsMulticast, From D:/Epic Games/4.14/Engine/Plugins/Runtime/Analytics/AnalyticsMulticast/AnalyticsMulticast.uplugin
LogPluginManager: Loaded Plugin Apsalar, From D:/Epic Games/4.14/Engine/Plugins/Runtime/Analytics/Apsalar/Apsalar.uplugin
LogPluginManager: Loaded Plugin FileLogging, From D:/Epic Games/4.14/Engine/Plugins/Runtime/Analytics/FileLogging/FileLogging.uplugin
LogPluginManager: Loaded Plugin Flurry, From D:/Epic Games/4.14/Engine/Plugins/Runtime/Analytics/Flurry/Flurry.uplugin
LogPluginManager: Loaded Plugin AndroidDeviceProfileSelector, From D:/Epic Games/4.14/Engine/Plugins/Runtime/AndroidDeviceProfileSelector/AndroidDeviceProfileSelector.uplugin
LogPluginManager: Loaded Plugin AndroidMoviePlayer, From D:/Epic Games/4.14/Engine/Plugins/Runtime/AndroidMoviePlayer/AndroidMoviePlayer.uplugin
LogPluginManager: Loaded Plugin AppleMoviePlayer, From D:/Epic Games/4.14/Engine/Plugins/Runtime/AppleMoviePlayer/AppleMoviePlayer.uplugin
LogPluginManager: Loaded Plugin ArchVisCharacter, From D:/Epic Games/4.14/Engine/Plugins/Runtime/ArchVisCharacter/ArchVisCharacter.uplugin
LogPluginManager: Loaded Plugin CableComponent, From D:/Epic Games/4.14/Engine/Plugins/Runtime/CableComponent/CableComponent.uplugin
LogPluginManager: Loaded Plugin CustomMeshComponent, From D:/Epic Games/4.14/Engine/Plugins/Runtime/CustomMeshComponent/CustomMeshComponent.uplugin
LogPluginManager: Loaded Plugin ExampleDeviceProfileSelector, From D:/Epic Games/4.14/Engine/Plugins/Runtime/ExampleDeviceProfileSelector/ExampleDeviceProfileSelector.uplugin
LogPluginManager: Loaded Plugin GearVR, From D:/Epic Games/4.14/Engine/Plugins/Runtime/GearVR/GearVR.uplugin
LogPluginManager: Loaded Plugin GoogleVRController, From D:/Epic Games/4.14/Engine/Plugins/Runtime/GoogleVR/GoogleVRController/GoogleVRController.uplugin
LogPluginManager: Loaded Plugin GoogleVRHMD, From D:/Epic Games/4.14/Engine/Plugins/Runtime/GoogleVR/GoogleVRHMD/GoogleVRHMD.uplugin
LogPluginManager: Loaded Plugin IOSDeviceProfileSelector, From D:/Epic Games/4.14/Engine/Plugins/Runtime/IOSDeviceProfileSelector/IOSDeviceProfileSelector.uplugin
LogPluginManager: Loaded Plugin LeapMotion, From D:/Epic Games/4.14/Engine/Plugins/Runtime/LeapMotion/LeapMotion.uplugin
LogPluginManager: Loaded Plugin LinuxDeviceProfileSelector, From D:/Epic Games/4.14/Engine/Plugins/Runtime/LinuxDeviceProfileSelector/LinuxDeviceProfileSelector.uplugin
LogPluginManager: Loaded Plugin MIDIDevice, From D:/Epic Games/4.14/Engine/Plugins/Runtime/MIDIDevice/MIDIDevice.uplugin
LogPluginManager: Loaded Plugin MobilePatchingUtils, From D:/Epic Games/4.14/Engine/Plugins/Runtime/MobilePatchingUtils/MobilePatchingUtils.uplugin
LogPluginManager: Loaded Plugin Ansel, From D:/Epic Games/4.14/Engine/Plugins/Runtime/Nvidia/Ansel/Ansel.uplugin
LogPluginManager: Loaded Plugin OculusAudio, From D:/Epic Games/4.14/Engine/Plugins/Runtime/OculusAudio/OculusAudio.uplugin
LogPluginManager: Loaded Plugin OculusInput, From D:/Epic Games/4.14/Engine/Plugins/Runtime/OculusInput/OculusInput.uplugin
LogPluginManager: Loaded Plugin OculusLibrary, From D:/Epic Games/4.14/Engine/Plugins/Runtime/OculusLibrary/OculusLibrary.uplugin
LogPluginManager: Loaded Plugin OculusRift, From D:/Epic Games/4.14/Engine/Plugins/Runtime/OculusRift/OculusRift.uplugin
LogPluginManager: Loaded Plugin Oodle, From D:/Epic Games/4.14/Engine/Plugins/Runtime/PacketHandlers/CompressionComponents/Oodle/Oodle.uplugin
LogPluginManager: Loaded Plugin ProceduralMeshComponent, From D:/Epic Games/4.14/Engine/Plugins/Runtime/ProceduralMeshComponent/ProceduralMeshComponent.uplugin
LogPluginManager: Loaded Plugin SoundMod, From D:/Epic Games/4.14/Engine/Plugins/Runtime/SoundMod/SoundMod.uplugin
LogPluginManager: Loaded Plugin SoundVisualizations, From D:/Epic Games/4.14/Engine/Plugins/Runtime/SoundVisualizations/SoundVisualizations.uplugin
LogPluginManager: Loaded Plugin SteamController, From D:/Epic Games/4.14/Engine/Plugins/Runtime/Steam/SteamController/SteamController.uplugin
LogPluginManager: Loaded Plugin SteamVR, From D:/Epic Games/4.14/Engine/Plugins/Runtime/Steam/SteamVR/SteamVR.uplugin
LogPluginManager: Loaded Plugin WebBrowserWidget, From D:/Epic Games/4.14/Engine/Plugins/Runtime/WebBrowserWidget/WebBrowserWidget.uplugin
LogPluginManager: Loaded Plugin WindowsDeviceProfileSelector, From D:/Epic Games/4.14/Engine/Plugins/Runtime/WindowsDeviceProfileSelector/WindowsDeviceProfileSelector.uplugin
LogPluginManager: Loaded Plugin WindowsMoviePlayer, From D:/Epic Games/4.14/Engine/Plugins/Runtime/WindowsMoviePlayer/WindowsMoviePlayer.uplugin
LogPluginManager: Loaded Plugin ScriptPlugin, From D:/Epic Games/4.14/Engine/Plugins/ScriptPlugin/ScriptPlugin.uplugin
LogPluginManager: Loaded Plugin SlateRemote, From D:/Epic Games/4.14/Engine/Plugins/Slate/SlateRemote/SlateRemote.uplugin
LogPluginManager: Loaded Plugin EditorTests, From D:/Epic Games/4.14/Engine/Plugins/Tests/EditorTests/EditorTests.uplugin
LogPluginManager: Loaded Plugin FbxAutomationTestBuilder, From D:/Epic Games/4.14/Engine/Plugins/Tests/FbxAutomationTestBuilder/FbxAutomationTestBuilder.uplugin
LogPluginManager: Loaded Plugin FunctionalTestingEditor, From D:/Epic Games/4.14/Engine/Plugins/Tests/FunctionalTestingEditor/FunctionalTestingEditor.uplugin
LogPluginManager: Loaded Plugin RuntimeTests, From D:/Epic Games/4.14/Engine/Plugins/Tests/RuntimeTests/RuntimeTests.uplugin
LogPluginManager: Loaded Plugin ScreenshotTools, From D:/Epic Games/4.14/Engine/Plugins/Tests/ScreenshotTools/ScreenshotTools.uplugin
LogInit: Using libcurl 7.47.1
LogInit:  - built for x86_64-pc-win32
LogInit:  - supports SSL with OpenSSL/1.0.2g
LogInit:  - supports HTTP deflate (compression) using libz 1.2.8
LogInit:  - other features:
LogInit:      CURL_VERSION_SSL
LogInit:      CURL_VERSION_LIBZ
LogInit:      CURL_VERSION_IPV6
LogInit:      CURL_VERSION_ASYNCHDNS
LogInit:      CURL_VERSION_LARGEFILE
LogInit:      CURL_VERSION_IDN
LogInit:  CurlRequestOptions (configurable via config and command line):
LogInit:  - bVerifyPeer = false  - Libcurl will NOT verify peer certificate
LogInit:  - bUseHttpProxy = false  - Libcurl will NOT use HTTP proxy
LogInit:  - bDontReuseConnections = false  - Libcurl will reuse connections
LogInit:  - CertBundlePath = nullptr  - Libcurl will use whatever was configured at build time.
LogInit: Build: ++UE4+Release-4.14-CL-3224400
LogInit: Engine Version: 4.14.1-3224400+++UE4+Release-4.14
LogInit: Compatible Engine Version: 4.14.0-3195953+++UE4+Release-4.14
LogInit: Net CL: 3195953
LogDevObjectVersion: Number of dev versions registered: 13
LogDevObjectVersion:   Dev-Blueprints (B0D832E4-1F89-4F0D-ACCF-7EB736FD4AA2): 7
LogDevObjectVersion:   Dev-Build (E1C64328-A22C-4D53-A36C-8E866417BD8C): 0
LogDevObjectVersion:   Dev-Core (375EC13C-06E4-48FB-B500-84F0262A717E): 1
LogDevObjectVersion:   Dev-Editor (E4B068ED-F494-42E9-A231-DA0B2E46BB41): 8
LogDevObjectVersion:   Dev-Framework (CFFC743F-43B0-4480-9391-14DF171D2073): 17
LogDevObjectVersion:   Dev-Mobile (B02B49B5-BB20-44E9-A304-32B752E40360): 0
LogDevObjectVersion:   Dev-Networking (A4E4105C-59A1-49B5-A7C5-40C4547EDFEE): 0
LogDevObjectVersion:   Dev-Online (39C831C9-5AE6-47DC-9A44-9C173E1C8E7C): 0
LogDevObjectVersion:   Dev-Physics (78F01B33-EBEA-4F98-B9B4-84EACCB95AA2): 0
LogDevObjectVersion:   Dev-Platform (6631380F-2D4D-43E0-8009-CF276956A95A): 0
LogDevObjectVersion:   Dev-Rendering (12F88B9F-8875-4AFC-A67C-D90C383ABD29): 12
LogDevObjectVersion:   Dev-Sequencer (7B5AE74C-D270-4C10-A958-57980B212A5A): 1
LogDevObjectVersion:   Dev-VR (D7296918-1DD6-4BDD-9DE2-64A83CC13884): 0
LogInit: Compiled (64-bit): Dec  7 2016 02:14:32
LogInit: Compiled with Visual C++: 19.00.23026.00
LogInit: Build Configuration: Development
LogInit: Branch Name: ++UE4+Release-4.14
LogInit: Command line:  
LogInit: Base directory: D:/Epic Games/4.14/Engine/Binaries/Win64/
LogInit: Installed Engine Build: 1
LogInit: Presizing for max 8388607 objects, including 0 objects not considered by GC, pre-allocating 0 bytes for permanent pool.
LogInit: Object subsystem initialized
[2017.03.31-03.29.27:121][  0]LogInit: Selected Device Profile: [Windows]
[2017.03.31-03.29.27:121][  0]LogInit: Applying CVar settings loaded from the selected device profile: [Windows]
[2017.03.31-03.29.27:204][  0]LogInit: Computer: DESKTOP-71PO0UI
[2017.03.31-03.29.27:204][  0]LogInit: User: jerry
[2017.03.31-03.29.27:204][  0]LogInit: CPU Page size=65536, Cores=4
[2017.03.31-03.29.27:204][  0]LogInit: High frequency timer resolution =3.914066 MHz
[2017.03.31-03.29.27:216][  0]LogMemory: Memory total: Physical=31.9GB (32GB approx)
[2017.03.31-03.29.27:223][  0]LogMemory: Platform Memory Stats for Windows
[2017.03.31-03.29.27:223][  0]LogMemory: Process Physical Memory: 264.78 MB used, 264.78 MB peak
[2017.03.31-03.29.27:223][  0]LogMemory: Process Virtual Memory: 262.69 MB used, 262.69 MB peak
[2017.03.31-03.29.27:223][  0]LogMemory: Physical Memory: 4330.17 MB used,  28353.32 MB free, 32683.49 MB total
[2017.03.31-03.29.27:223][  0]LogMemory: Virtual Memory: 676.63 MB used,  28353.32 MB free, 134217728.00 MB total
[2017.03.31-03.29.28:386][  0]LogTextLocalizationManager: No specific translations for ('en-US') exist, so ('en') translations will be used.
[2017.03.31-03.29.30:926][  0]LogD3D11RHI: D3D11 adapters:
[2017.03.31-03.29.30:952][  0]LogD3D11RHI:    0. 'NVIDIA GeForce GTX 1070' (Feature Level 11_0)
[2017.03.31-03.29.30:952][  0]LogD3D11RHI:       8144/0/16341 MB DedicatedVideo/DedicatedSystem/SharedSystem, Outputs:2, VendorId:0x10de
[2017.03.31-03.29.30:991][  0]LogD3D11RHI:    1. 'Intel(R) HD Graphics 530' (Feature Level 11_0)
[2017.03.31-03.29.30:991][  0]LogD3D11RHI:       128/0/16341 MB DedicatedVideo/DedicatedSystem/SharedSystem, Outputs:0, VendorId:0x8086
[2017.03.31-03.29.30:992][  0]LogD3D11RHI:    2. 'Microsoft Basic Render Driver' (Feature Level 11_0)
[2017.03.31-03.29.30:992][  0]LogD3D11RHI:       0/0/16341 MB DedicatedVideo/DedicatedSystem/SharedSystem, Outputs:0, VendorId:0x1414
[2017.03.31-03.29.30:992][  0]LogD3D11RHI: Chosen D3D11 Adapter: 0
[2017.03.31-03.29.31:003][  0]LogD3D11RHI: Creating new Direct3DDevice
[2017.03.31-03.29.31:003][  0]LogD3D11RHI:     GPU DeviceId: 0x1ba1 (for the marketing name, search the web for "GPU Device Id")
[2017.03.31-03.29.31:003][  0]LogWindows: EnumDisplayDevices:
[2017.03.31-03.29.31:003][  0]LogWindows:    0. 'NVIDIA GeForce GTX 1070' (P:0 D:1)
[2017.03.31-03.29.31:014][  0]LogWindows:    1. 'NVIDIA GeForce GTX 1070' (P:1 D:1)
[2017.03.31-03.29.31:014][  0]LogWindows:    2. 'NVIDIA GeForce GTX 1070' (P:0 D:0)
[2017.03.31-03.29.31:014][  0]LogWindows:    3. 'NVIDIA GeForce GTX 1070' (P:0 D:0)
[2017.03.31-03.29.31:014][  0]LogWindows:    4. 'Intel(R) HD Graphics 530' (P:0 D:0)
[2017.03.31-03.29.31:015][  0]LogWindows:    5. 'Intel(R) HD Graphics 530' (P:0 D:0)
[2017.03.31-03.29.31:015][  0]LogWindows:    6. 'Intel(R) HD Graphics 530' (P:0 D:0)
[2017.03.31-03.29.31:015][  0]LogWindows: DebugString: PrimaryIsNotTheChoosenAdapter PrimaryIsNotTheChoosenAdapter PrimaryIsNotTheChoosenAdapter FoundDriverCount:4 
[2017.03.31-03.29.31:015][  0]LogD3D11RHI:     Adapter Name: NVIDIA GeForce GTX 1070
[2017.03.31-03.29.31:015][  0]LogD3D11RHI:   Driver Version: 376.54 (internal:21.21.13.7654, unified:376.54)
[2017.03.31-03.29.31:015][  0]LogD3D11RHI:      Driver Date: 12-29-2016
[2017.03.31-03.29.31:015][  0]LogRHI: Texture pool is 1361 MB (70% of 1945 MB)
[2017.03.31-03.29.31:026][  0]LogD3D11RHI: Async texture creation enabled
[2017.03.31-03.29.31:326][  0]LogD3D11RHI: GPU Timing Frequency: 1000.000000 (Debug: 2 2)
[2017.03.31-03.29.31:441][  0]LogShaderCompilers: Guid format shader working directory is -11 characters bigger than the processId version (C:/Users/jerry/Documents/GitHub/senior-design/DicomVisual/Intermediate/Shaders/WorkingDirectory/6820/).
[2017.03.31-03.29.31:441][  0]LogShaderCompilers: Cleaned the shader compiler working directory 'C:/Users/jerry/AppData/Local/Temp/UnrealShaderWorkingDir/D3CBBFC24F85607BF1E2FD8445564DB2/'.
[2017.03.31-03.29.31:460][  0]LogShaderCompilers:Display: Using Local Shader Compiler.
[2017.03.31-03.29.34:348][  0]LogTemp:Display: Loaded TP AllDesktopTargetPlatform
[2017.03.31-03.29.34:386][  0]LogTemp:Display: Loaded TP MacClientTargetPlatform
[2017.03.31-03.29.34:425][  0]LogTemp:Display: Loaded TP MacNoEditorTargetPlatform
[2017.03.31-03.29.34:464][  0]LogTemp:Display: Loaded TP MacServerTargetPlatform
[2017.03.31-03.29.34:527][  0]LogTemp:Display: Loaded TP MacTargetPlatform
[2017.03.31-03.29.34:560][  0]LogTemp:Display: Loaded TP WindowsClientTargetPlatform
[2017.03.31-03.29.34:604][  0]LogTemp:Display: Loaded TP WindowsNoEditorTargetPlatform
[2017.03.31-03.29.34:638][  0]LogTemp:Display: Loaded TP WindowsServerTargetPlatform
[2017.03.31-03.29.34:665][  0]LogTemp:Display: Loaded TP WindowsTargetPlatform
[2017.03.31-03.29.34:725][  0]LogTemp:Display: Loaded TP AndroidTargetPlatform
[2017.03.31-03.29.34:774][  0]LogTemp:Display: Loaded TP Android_ASTCTargetPlatform
[2017.03.31-03.29.34:817][  0]LogTemp:Display: Loaded TP Android_ATCTargetPlatform
[2017.03.31-03.29.34:868][  0]LogTemp:Display: Loaded TP Android_DXTTargetPlatform
[2017.03.31-03.29.34:915][  0]LogTemp:Display: Loaded TP Android_ETC1TargetPlatform
[2017.03.31-03.29.34:953][  0]LogTemp:Display: Loaded TP Android_ETC2TargetPlatform
[2017.03.31-03.29.35:030][  0]LogTemp:Display: Loaded TP Android_MultiTargetPlatform
[2017.03.31-03.29.35:030][  0]LogTemp:Display: Loaded TP Android_PVRTCTargetPlatform
[2017.03.31-03.29.35:050][  0]LogTemp:Display: Loaded TP HTML5TargetPlatform
[2017.03.31-03.29.35:182][  0]LogTemp:Display: Loaded TP IOSTargetPlatform
[2017.03.31-03.29.35:204][  0]LogTemp:Display: Loaded TP TVOSTargetPlatform
[2017.03.31-03.29.35:235][  0]LogTemp:Display: Loaded TP LinuxClientTargetPlatform
[2017.03.31-03.29.35:266][  0]LogTemp:Display: Loaded TP LinuxNoEditorTargetPlatform
[2017.03.31-03.29.35:297][  0]LogTemp:Display: Loaded TP LinuxServerTargetPlatform
[2017.03.31-03.29.35:331][  0]LogTemp:Display: Loaded TP LinuxTargetPlatform
[2017.03.31-03.29.35:331][  0]LogTargetPlatformManager:Display: Building Assets For Windows
[2017.03.31-03.29.36:100][  0]LogDerivedDataCache:Display: Max Cache Size: 512 MB
[2017.03.31-03.29.36:213][  0]LogDerivedDataCache: Loaded boot cache 0.11s 50MB C:/Users/jerry/AppData/Local/UnrealEngine/4.14/DerivedDataCache/Boot.ddc.
[2017.03.31-03.29.36:213][  0]LogDerivedDataCache:Display: Loaded Boot cache: C:/Users/jerry/AppData/Local/UnrealEngine/4.14/DerivedDataCache/Boot.ddc
[2017.03.31-03.29.36:213][  0]LogDerivedDataCache: FDerivedDataBackendGraph:  Pak pak cache file C:/Users/jerry/Documents/GitHub/senior-design/DicomVisual/DerivedDataCache/DDC.ddp not found, will not use a pak cache.
[2017.03.31-03.29.36:213][  0]LogDerivedDataCache: Unable to find inner node Pak for hierarchical cache Hierarchy.
[2017.03.31-03.29.36:213][  0]LogDerivedDataCache: FDerivedDataBackendGraph:  CompressedPak pak cache file C:/Users/jerry/Documents/GitHub/senior-design/DicomVisual/DerivedDataCache/Compressed.ddp not found, will not use a pak cache.
[2017.03.31-03.29.36:213][  0]LogDerivedDataCache: Unable to find inner node CompressedPak for hierarchical cache Hierarchy.
[2017.03.31-03.29.36:279][  0]LogDerivedDataCache:Display: Pak cache opened for reading ../../../Engine/DerivedDataCache/Compressed.ddp.
[2017.03.31-03.29.36:291][  0]LogDerivedDataCache: Using Local data cache path C:/Users/jerry/AppData/Local/UnrealEngine/Common/DerivedDataCache: Writable
[2017.03.31-03.29.43:437][  0]LogInit: Selected Device Profile: [Windows]
[2017.03.31-03.29.43:539][  0]LogContentStreaming: Texture pool size is 0.00 MB
[2017.03.31-03.29.44:215][  0]LogMeshUtilities: Using QuadricMeshReduction for automatic static mesh reduction
[2017.03.31-03.29.44:328][  0]LogSimplygon: Simplygon DLL not present - disabling.
[2017.03.31-03.29.44:371][  0]LogMeshUtilities: Using SimplygonSwarm for distributed automatic mesh merging
[2017.03.31-03.29.44:371][  0]LogMeshUtilities: No automatic skeletal mesh reduction module available
[2017.03.31-03.29.44:371][  0]LogMeshUtilities: No automatic mesh merging module available
[2017.03.31-03.29.49:547][  0]LogNetVersion: GetLocalNetworkVersion: CL: 3195953, ProjectName: dicomvisual, ProjectVersion: , EngineNetworkVersion: 2, GameNetworkVersion: 0, NetworkChecksum: 3438762601
[2017.03.31-03.29.49:738][  0]LogAssetRegistry: FAssetRegistry took 0.0252 seconds to start up
[2017.03.31-03.29.49:852][  0]LogPackageLocalizationCache: Processed 3 localized package path(s) for 2 prioritized culture(s) in 0.074316 seconds
[2017.03.31-03.29.49:881][  0]LogUObjectArray: 31946 objects as part of root set at end of initial load.
[2017.03.31-03.29.49:881][  0]LogUObjectAllocator: 6935848 out of 0 bytes used by permanent object pool.
[2017.03.31-03.29.49:881][  0]LogUObjectArray: CloseDisregardForGC: 0/0 objects in disregard for GC pool
[2017.03.31-03.29.49:942][  0]LogInit: WinSock: version 1.1 (2.2), MaxSocks=32767, MaxUdp=65467
[2017.03.31-03.29.52:798][  0]LogSlate: Using Freetype 2.6.0
[2017.03.31-03.29.52:866][  0]LogSlate: SlateFontCache - WITH_FREETYPE: 1, WITH_HARFBUZZ: 1
[2017.03.31-03.29.52:866][  0]LogSlate: SlateFontCache - WITH_FREETYPE: 1, WITH_HARFBUZZ: 1
[2017.03.31-03.29.57:440][  0]LogTcpMessaging: Initializing TcpMessaging bridge
[2017.03.31-03.29.57:485][  0]LogUdpMessaging: Initializing bridge on interface 0.0.0.0:0 to multicast group 230.0.0.1:6666.
[2017.03.31-03.29.58:304][  0]LogMaterial: Uniform references updated for custom material expression Custom.
[2017.03.31-03.29.58:960][  0]SourceControl: Info Source control is disabled
[2017.03.31-03.29.59:040][  0]SourceControl: Info Source control is disabled
[2017.03.31-03.29.59:103][  0]SourceControl: Info Source control is disabled
[2017.03.31-03.29.59:126][  0]SourceControl: Info Source control is disabled
[2017.03.31-03.30.00:748][  0]LogEngine: Initializing Engine...
[2017.03.31-03.30.03:246][  0]LogHMD: SteamVR initialized.  Driver: lighthouse  Display: LHR-F8B78CF2
[2017.03.31-03.30.04:131][  0]LogAIModule: Creating AISystem for world Untitled
[2017.03.31-03.30.04:401][  0]LogInit: XAudio2 using 'Speakers (2- USB Audio Device)' : 2 channels at 44.1 kHz using 16 bits per sample (channel mask 0x3)
[2017.03.31-03.30.04:412][  0]LogInit: FAudioDevice initialized.
[2017.03.31-03.30.04:434][  0]LogDerivedDataCache: Saved boot cache 0.02s 50MB C:/Users/jerry/AppData/Local/UnrealEngine/4.14/DerivedDataCache/Boot.ddc.
[2017.03.31-03.30.04:440][  0]LogInit: Texture streaming: Enabled
[2017.03.31-03.30.04:738][  0]LogInit: Transaction tracking system initialized
[2017.03.31-03.30.05:241][  0]BlueprintLog: New page: Editor Load
[2017.03.31-03.30.06:492][  0]LocalizationService: Info Localization service is disabled
[2017.03.31-03.30.07:376][  0]LogConsoleResponse:Display: 
[2017.03.31-03.30.09:127][  0]LogFileCache: Scanning file cache for directory 'C:/Users/jerry/Documents/GitHub/senior-design/DicomVisual/Content/' took 0.01s
[2017.03.31-03.30.09:127][  0]LogCook:Display: Max memory allowance for cook 16384mb min free memory 0mb
[2017.03.31-03.30.09:152][  0]LogCook:Display: Mobile HDR setting 0
[2017.03.31-03.30.11:603][  0]SourceControl: Info Source control is disabled
[2017.03.31-03.30.11:645][  0]Cmd: MAP LOAD FILE="C:/Users/jerry/Documents/GitHub/senior-design/DicomVisual/Content/FirstPersonBP/Maps/FirstPersonExampleMap.umap" TEMPLATE=0 SHOWPROGRESS=1 FEATURELEVEL=3
[2017.03.31-03.30.11:667][  0]LightingResults: New page: Lighting Build
[2017.03.31-03.30.11:814][  0]MapCheck: New page: Map Check
[2017.03.31-03.30.11:814][  0]LightingResults: New page: Lighting Build
[2017.03.31-03.30.13:071][  0]LogLinker:Warning: Can't find file '/Game/FirstPersonBP/Maps/FirstPersonExampleMap_BuiltData'
[2017.03.31-03.30.13:071][  0]LogLinker:Warning: Can't find file for asset '/Game/FirstPersonBP/Maps/FirstPersonExampleMap_BuiltData' while loading C:/Users/jerry/Documents/GitHub/senior-design/DicomVisual/Content/FirstPersonBP/Maps/FirstPersonExampleMap.umap.
[2017.03.31-03.30.13:071][  0]LoadErrors:Error: Error /Game/FirstPersonBP/Maps/FirstPersonExampleMap : Can't find file for asset. /Game/FirstPersonBP/Maps/FirstPersonExampleMap_BuiltData
[2017.03.31-03.30.13:085][  0]LogLinker:Warning: Can't find file '/Game/FirstPersonBP/Maps/FirstPersonExampleMap_BuiltData'
[2017.03.31-03.30.13:085][  0]LogLinker:Warning: Can't find file for asset '/Game/FirstPersonBP/Maps/FirstPersonExampleMap_BuiltData' while loading C:/Users/jerry/Documents/GitHub/senior-design/DicomVisual/Content/FirstPersonBP/Maps/FirstPersonExampleMap.umap.
[2017.03.31-03.30.13:086][  0]LoadErrors:Error: Error /Game/FirstPersonBP/Maps/FirstPersonExampleMap : Can't find file for asset. /Game/FirstPersonBP/Maps/FirstPersonExampleMap_BuiltData
[2017.03.31-03.30.13:093][  0]LogLinker:Warning: Can't find file '/Game/FirstPersonBP/Maps/FirstPersonExampleMap_BuiltData'
[2017.03.31-03.30.13:093][  0]LogLinker:Warning: Can't find file for asset '/Game/FirstPersonBP/Maps/FirstPersonExampleMap_BuiltData' while loading NULL.
[2017.03.31-03.30.13:093][  0]LogLinker:Warning: Can't find file '/Game/FirstPersonBP/Maps/FirstPersonExampleMap_BuiltData'
[2017.03.31-03.30.13:094][  0]LogLinker:Warning: Can't find file for asset '/Game/FirstPersonBP/Maps/FirstPersonExampleMap_BuiltData' while loading NULL.
[2017.03.31-03.30.13:110][  0]LogLinker:Warning: Can't find file '/Game/FirstPersonBP/Maps/FirstPersonExampleMap_BuiltData'
[2017.03.31-03.30.13:110][  0]LoadErrors: Info Failed to load /Game/FirstPersonBP/Maps/FirstPersonExampleMap_BuiltData.FirstPersonExampleMap_BuiltData Referenced by PersistentLevel
[2017.03.31-03.30.13:110][  0]LogLinker:Warning: Can't find file for asset '/Game/FirstPersonBP/Maps/FirstPersonExampleMap_BuiltData' while loading NULL.
[2017.03.31-03.30.13:110][  0]LoadErrors: Info Failed to load /Game/FirstPersonBP/Maps/FirstPersonExampleMap_BuiltData.FirstPersonExampleMap_BuiltData Referenced by PersistentLevel
[2017.03.31-03.30.13:439][  0]LogAIModule: Creating AISystem for world FirstPersonExampleMap
[2017.03.31-03.30.13:822][  0]LogSkinnedMeshComp:Warning: GetSocketByName(None: GripPoint): No SkeletalMesh for Mesh2P
[2017.03.31-03.30.13:822][  0]LogSkinnedMeshComp:Warning: GetSocketByName(None: GripPoint): No SkeletalMesh for Mesh2P
[2017.03.31-03.30.13:822][  0]LogSkinnedMeshComp:Warning: GetSocketByName(None: GripPoint): No SkeletalMesh for Mesh2P
[2017.03.31-03.30.13:890][  0]LogSkinnedMeshComp:Warning: GetSocketByName(None: GripPoint): No SkeletalMesh for Mesh2P
[2017.03.31-03.30.14:063][  0]LogEditorServer: Finished looking for orphan Actors (0.000 secs)
[2017.03.31-03.30.14:136][  0]Cmd: MAP CHECKDEP NOCLEARLOG
[2017.03.31-03.30.14:178][  0]MapCheck: Info Map check complete: 0 Error(s), 0 Warning(s), took 42.383ms to complete.
[2017.03.31-03.30.14:178][  0]LogFileHelpers: Loading map 'FirstPersonExampleMap' took 2.544
[2017.03.31-03.30.15:685][  0]LogCollectionManager: Loaded 0 collections in 0.000723 seconds
[2017.03.31-03.30.15:807][  0]LogFileCache: Scanning file cache for directory 'C:/Users/jerry/Documents/GitHub/senior-design/DicomVisual/Saved/Collections/' took 0.01s
[2017.03.31-03.30.15:807][  0]LogFileCache: Scanning file cache for directory 'C:/Users/jerry/Documents/GitHub/senior-design/DicomVisual/Content/Developers/jerry/Collections/' took 0.01s
[2017.03.31-03.30.15:807][  0]LogFileCache: Scanning file cache for directory 'C:/Users/jerry/Documents/GitHub/senior-design/DicomVisual/Content/Collections/' took 0.01s
[2017.03.31-03.30.15:807][  0]LogCollectionManager: Rebuilt the GUID cache for 0 collections in 0.000001 seconds
[2017.03.31-03.30.15:816][  0]LogContentBrowser: Native class hierarchy populated in 0.0074 seconds. Added 2190 classes and 428 folders.
[2017.03.31-03.30.15:866][  0]LogStats: UGameplayTagsManager::ConstructGameplayTagTree: Construct from data asset -  0.000 s
[2017.03.31-03.30.15:867][  0]LogStats: UGameplayTagsManager::ConstructGameplayTagTree: GameplayTagTreeChangedEvent.Broadcast -  0.000 s
[2017.03.31-03.30.15:867][  0]LogContentBrowser: Native class hierarchy updated for 'GameplayTags' in 0.0004 seconds. Added 13 classes and 0 folders.
[2017.03.31-03.30.15:910][  0]LogContentBrowser: Native class hierarchy updated for 'WidgetCarousel' in 0.0005 seconds. Added 0 classes and 0 folders.
[2017.03.31-03.30.17:319][  0]LogContentBrowser: Native class hierarchy updated for 'AddContentDialog' in 0.0004 seconds. Added 0 classes and 0 folders.
[2017.03.31-03.30.17:400][  0]LogContentBrowser: Native class hierarchy updated for 'SceneOutliner' in 0.0004 seconds. Added 1 classes and 2 folders.
[2017.03.31-03.30.18:181][  0]LogCrashTracker: Crashtracker disabled due to settings.
[2017.03.31-03.30.18:306][  0]LogUObjectGlobals:Warning: Failed to find object 'Class None.'
[2017.03.31-03.30.18:424][  0]LogContentBrowser: Native class hierarchy updated for 'HierarchicalLODOutliner' in 0.0004 seconds. Added 1 classes and 2 folders.
[2017.03.31-03.30.18:424][  0]LogLoad: (Engine Initialization) Total time: 56.11 seconds
[2017.03.31-03.30.18:424][  0]LogLoad: (Engine Initialization) Total Blueprint compile time: 0.86 seconds
[2017.03.31-03.30.18:437][  0]LogExternalProfiler: Found external profiler: VSPerf
[2017.03.31-03.30.18:437][  0]LogExternalProfiler: Using external profiler: VSPerf
[2017.03.31-03.30.18:784][  0]LogOcInput: OculusInput pre-init called
[2017.03.31-03.30.18:983][  0]LogContentStreaming: Texture pool size now 1000 MB
[2017.03.31-03.30.20:255][  0]LogRenderer: Reallocating scene render targets to support 728x540 NumSamples 1 (Frame:2).
[2017.03.31-03.30.20:646][  2]LogAssetRegistry: Asset discovery search completed in 30.9300 seconds
[2017.03.31-03.30.20:659][  2]LogCollectionManager: Rebuilt the object cache for 0 collections in 0.000000 seconds (found 0 objects)
[2017.03.31-03.30.20:659][  2]LogCollectionManager: Fixed up redirectors for 0 collections in 0.012569 seconds (updated 0 objects)
[2017.03.31-03.30.48:251][647]LogAIModule: Creating AISystem for world VRMap
[2017.03.31-03.30.48:378][647]Cmd: MAP LOAD FILE="C:/Users/jerry/Documents/GitHub/senior-design/DicomVisual/Content/FirstPersonBP/Maps/VRMap.umap" TEMPLATE=0 SHOWPROGRESS=1 FEATURELEVEL=3
[2017.03.31-03.30.48:378][647]LightingResults: New page: Lighting Build
[2017.03.31-03.30.48:379][647]LoadErrors: New page: Loading map: VRMap.umap
[2017.03.31-03.30.48:379][647]MapCheck: New page: Map Check
[2017.03.31-03.30.48:379][647]LightingResults: New page: Lighting Build
[2017.03.31-03.30.48:442][647]LogEditorServer: Finished looking for orphan Actors (0.000 secs)
[2017.03.31-03.30.48:465][647]Cmd: MAP CHECKDEP NOCLEARLOG
[2017.03.31-03.30.48:487][647]MapCheck: Info Map check complete: 0 Error(s), 0 Warning(s), took 22.43ms to complete.
[2017.03.31-03.30.48:488][647]LogFileHelpers: Loading map 'VRMap' took 0.133
[2017.03.31-04.26.15:439][320]LogEditorViewport: Clicking on Actor (LMB): StaticMeshActor (Floor)
[2017.03.31-04.26.18:880][694]Cmd: TRANSACTION UNDO
[2017.03.31-04.26.18:880][694]LogEditorTransaction: Undo Clicking on Actors
[2017.03.31-04.26.31:446][813]LogSlate: Only BGRA pngs, bmps or icos are supported in by External Image Picker
[2017.03.31-04.26.31:553][813]LogTemp:Display: Executing iPhonePackager certificates Engine -bundlename com.YourCompany.DicomVisual

[2017.03.31-04.26.31:553][813]LogTemp:Display: CWD: D:\Epic Games\4.14\Engine\Binaries\DotNet\IOS

[2017.03.31-04.26.31:553][813]LogTemp:Display: Initial Dir: D:\Epic Games\4.14

[2017.03.31-04.26.31:553][813]LogTemp:Display: Env CWD: D:\Epic Games\4.14\Engine\Binaries\DotNet\IOS

[2017.03.31-04.26.31:553][813]LogTemp:Display: BranchPath = DESKTOP-71PO0UI/D/Epic Games/4.14/Engine/Binaries --- GameBranchPath = DESKTOP-71PO0UI/D/Epic Games/4.14/Engine/Binaries

[2017.03.31-04.26.31:553][813]LogTemp:Display: IPP ERROR: Application exception: System.IO.DirectoryNotFoundException: Could not find a part of the path 'C:\Users\jerry\AppData\Local\Apple Computer\MobileDevice\Provisioning Profiles'.

[2017.03.31-04.26.31:554][813]LogTemp:Display:    at System.IO.__Error.WinIOError(Int32 errorCode, String maybeFullPath)

[2017.03.31-04.26.31:554][813]LogTemp:Display:    at System.IO.FileSystemEnumerableIterator`1.CommonInit()

[2017.03.31-04.26.31:554][813]LogTemp:Display:    at System.IO.Directory.EnumerateFiles(String path, String searchPattern)

[2017.03.31-04.26.31:554][813]LogTemp:Display:    at iPhonePackager.CodeSignatureBuilder.FindProvisions(String CFBundleIdentifier)

[2017.03.31-04.26.31:554][813]LogTemp:Display:    at iPhonePackager.Program.Main(String[] args)

[2017.03.31-04.30.12:421][251]LogSavePackage: Save=163.56ms
[2017.03.31-04.30.12:421][251]LogSavePackage: Moving 'C:/Users/jerry/Documents/GitHub/senior-design/DicomVisual/Saved/VRMap789872844378E85EB10CEAB0FD863FC2.tmp' to 'C:/Users/jerry/Documents/GitHub/senior-design/DicomVisual/Content/FirstPersonBP/Maps/VRMap.umap'
[2017.03.31-04.30.12:422][251]LogSavePackage:Display: Finished SavePackage C:/Users/jerry/Documents/GitHub/senior-design/DicomVisual/Content/FirstPersonBP/Maps/VRMap.umap
[2017.03.31-04.30.24:150][537]LogContentBrowser: Native class hierarchy updated for 'BlueprintGraph' in 0.0008 seconds. Added 111 classes and 0 folders.
[2017.03.31-04.31.25:917][444]BlueprintLog: New page: Compile FirstPersonCharacter
[2017.03.31-04.31.26:931][498]LogSavePackage: Save=44.26ms
[2017.03.31-04.31.26:931][498]LogSavePackage: Moving 'C:/Users/jerry/Documents/GitHub/senior-design/DicomVisual/Saved/FirstPersonCharacter9E19CBC2425DA7F6E17C31B5AC7234DE.tmp' to 'C:/Users/jerry/Documents/GitHub/senior-design/DicomVisual/Content/FirstPersonBP/Blueprints/FirstPersonCharacter.uasset'
[2017.03.31-04.31.26:933][498]LogSavePackage:Display: Finished SavePackage C:/Users/jerry/Documents/GitHub/senior-design/DicomVisual/Content/FirstPersonBP/Blueprints/FirstPersonCharacter.uasset
[2017.03.31-04.32.53:653][522]BlueprintLog: New page: Compile FirstPersonCharacter
[2017.03.31-04.32.54:461][556]LogSavePackage: Save=46.37ms
[2017.03.31-04.32.54:461][556]LogSavePackage: Moving 'C:/Users/jerry/Documents/GitHub/senior-design/DicomVisual/Saved/FirstPersonCharacterAD8791C74D1B40150B5AAB85D40A3431.tmp' to 'C:/Users/jerry/Documents/GitHub/senior-design/DicomVisual/Content/FirstPersonBP/Blueprints/FirstPersonCharacter.uasset'
[2017.03.31-04.32.54:463][556]LogSavePackage:Display: Finished SavePackage C:/Users/jerry/Documents/GitHub/senior-design/DicomVisual/Content/FirstPersonBP/Blueprints/FirstPersonCharacter.uasset
[2017.03.31-04.33.03:825][669]BlueprintLog: New page: Compile FirstPersonCharacter
[2017.03.31-04.33.04:608][735]LogSavePackage: Save=43.79ms
[2017.03.31-04.33.04:608][735]LogSavePackage: Moving 'C:/Users/jerry/Documents/GitHub/senior-design/DicomVisual/Saved/FirstPersonCharacter986AECB845A329C2C3ADD488E3CEA869.tmp' to 'C:/Users/jerry/Documents/GitHub/senior-design/DicomVisual/Content/FirstPersonBP/Blueprints/FirstPersonCharacter.uasset'
[2017.03.31-04.33.04:610][735]LogSavePackage:Display: Finished SavePackage C:/Users/jerry/Documents/GitHub/senior-design/DicomVisual/Content/FirstPersonBP/Blueprints/FirstPersonCharacter.uasset
[2017.03.31-04.33.05:774][862]LogSavePackage: Save=72.89ms
[2017.03.31-04.33.05:774][862]LogSavePackage: Moving 'C:/Users/jerry/Documents/GitHub/senior-design/DicomVisual/Saved/VRMapF15FB2E34C19440B0F6AF5A35E93FF23.tmp' to 'C:/Users/jerry/Documents/GitHub/senior-design/DicomVisual/Content/FirstPersonBP/Maps/VRMap.umap'
[2017.03.31-04.33.05:777][862]LogSavePackage:Display: Finished SavePackage C:/Users/jerry/Documents/GitHub/senior-design/DicomVisual/Content/FirstPersonBP/Maps/VRMap.umap
[2017.03.31-04.33.25:019][168]LogTemp: Repeting last play command: VR Preview
[2017.03.31-04.33.25:033][168]LogBlueprintUserMessages: Early PlayInEditor Detection: Level '/Game/FirstPersonBP/Maps/VRMap.VRMap:PersistentLevel' has LevelScriptBlueprint '/Game/FirstPersonBP/Maps/VRMap.VRMap:PersistentLevel.VRMap' with GeneratedClass '/Game/FirstPersonBP/Maps/VRMap.VRMap_C' with ClassGeneratedBy '/Game/FirstPersonBP/Maps/VRMap.VRMap:PersistentLevel.VRMap'
[2017.03.31-04.33.25:311][168]LogPlayLevel: PlayLevel: No blueprints needed recompiling
[2017.03.31-04.33.25:332][168]PIE: New page: PIE session: VRMap (Mar 30, 2017, 12:33:25 PM)
[2017.03.31-04.33.25:333][168]LogPlayLevel: Creating play world package: /Game/FirstPersonBP/Maps/UEDPIE_0_VRMap
[2017.03.31-04.33.25:364][168]LogPlayLevel: PIE: StaticDuplicateObject took: (0.031144s)
[2017.03.31-04.33.25:365][168]LogAIModule: Creating AISystem for world VRMap
[2017.03.31-04.33.25:365][168]LogPlayLevel: PIE: World Init took: (0.000757s)
[2017.03.31-04.33.25:365][168]LogPlayLevel: PIE: Created PIE world by copying editor world from /Game/FirstPersonBP/Maps/VRMap.VRMap to /Game/FirstPersonBP/Maps/UEDPIE_0_VRMap.VRMap (0.032175s)
[2017.03.31-04.33.25:414][168]LogInit: XAudio2 using 'Speakers (2- USB Audio Device)' : 2 channels at 44.1 kHz using 16 bits per sample (channel mask 0x3)
[2017.03.31-04.33.25:423][168]LogInit: FAudioDevice initialized.
[2017.03.31-04.33.25:546][168]LogLoad: Game class is 'FirstPersonGameMode_C'
[2017.03.31-04.33.25:573][168]LogWorld: Bringing World /Game/FirstPersonBP/Maps/UEDPIE_0_VRMap.VRMap up for play (max tick rate 0) at 2017.03.30-20.33.25
[2017.03.31-04.33.25:574][168]LogWorld: Bringing up level for play took: 0.015765
[2017.03.31-04.33.25:661][168]LogContentBrowser: Native class hierarchy updated for 'MovieSceneCapture' in 0.0004 seconds. Added 11 classes and 0 folders.
[2017.03.31-04.33.25:665][168]PIE: Info Play in editor start time for /Game/FirstPersonBP/Maps/UEDPIE_0_VRMap 1.533
[2017.03.31-04.33.25:666][168]LogBlueprintUserMessages: Late PlayInEditor Detection: Level '/Game/FirstPersonBP/Maps/VRMap.VRMap:PersistentLevel' has LevelScriptBlueprint '/Game/FirstPersonBP/Maps/VRMap.VRMap:PersistentLevel.VRMap' with GeneratedClass '/Game/FirstPersonBP/Maps/VRMap.VRMap_C' with ClassGeneratedBy '/Game/FirstPersonBP/Maps/VRMap.VRMap:PersistentLevel.VRMap'
[2017.03.31-04.33.25:725][169]LogRenderer: Reallocating scene render targets to support 3024x1680 NumSamples 1 (Frame:9772).
[2017.03.31-04.33.58:609][547]LogBlueprintUserMessages: Early EndPlayMap Detection: Level '/Game/FirstPersonBP/Maps/VRMap.VRMap:PersistentLevel' has LevelScriptBlueprint '/Game/FirstPersonBP/Maps/VRMap.VRMap:PersistentLevel.VRMap' with GeneratedClass '/Game/FirstPersonBP/Maps/VRMap.VRMap_C' with ClassGeneratedBy '/Game/FirstPersonBP/Maps/VRMap.VRMap:PersistentLevel.VRMap'
[2017.03.31-04.33.58:656][547]LogBlueprintUserMessages: Late EndPlayMap Detection: Level '/Game/FirstPersonBP/Maps/VRMap.VRMap:PersistentLevel' has LevelScriptBlueprint '/Game/FirstPersonBP/Maps/VRMap.VRMap:PersistentLevel.VRMap' with GeneratedClass '/Game/FirstPersonBP/Maps/VRMap.VRMap_C' with ClassGeneratedBy '/Game/FirstPersonBP/Maps/VRMap.VRMap:PersistentLevel.VRMap'
[2017.03.31-04.34.25:670][773]BlueprintLog: New page: Compile FirstPersonCharacter
[2017.03.31-04.34.26:391][830]LogSavePackage: Save=46.80ms
[2017.03.31-04.34.26:391][830]LogSavePackage: Moving 'C:/Users/jerry/Documents/GitHub/senior-design/DicomVisual/Saved/FirstPersonCharacter752B64E94634CD57AF1D0FB935D12487.tmp' to 'C:/Users/jerry/Documents/GitHub/senior-design/DicomVisual/Content/FirstPersonBP/Blueprints/FirstPersonCharacter.uasset'
[2017.03.31-04.34.26:393][830]LogSavePackage:Display: Finished SavePackage C:/Users/jerry/Documents/GitHub/senior-design/DicomVisual/Content/FirstPersonBP/Blueprints/FirstPersonCharacter.uasset
[2017.03.31-04.34.27:466][946]LogSavePackage: Save=72.87ms
[2017.03.31-04.34.27:466][946]LogSavePackage: Moving 'C:/Users/jerry/Documents/GitHub/senior-design/DicomVisual/Saved/VRMap75464B79442BDB5237F4568D5631DD17.tmp' to 'C:/Users/jerry/Documents/GitHub/senior-design/DicomVisual/Content/FirstPersonBP/Maps/VRMap.umap'
[2017.03.31-04.34.27:468][946]LogSavePackage:Display: Finished SavePackage C:/Users/jerry/Documents/GitHub/senior-design/DicomVisual/Content/FirstPersonBP/Maps/VRMap.umap
[2017.03.31-04.34.28:244][ 35]LogTemp: Repeting last play command: VR Preview
[2017.03.31-04.34.28:253][ 35]LogBlueprintUserMessages: Early PlayInEditor Detection: Level '/Game/FirstPersonBP/Maps/VRMap.VRMap:PersistentLevel' has LevelScriptBlueprint '/Game/FirstPersonBP/Maps/VRMap.VRMap:PersistentLevel.VRMap' with GeneratedClass '/Game/FirstPersonBP/Maps/VRMap.VRMap_C' with ClassGeneratedBy '/Game/FirstPersonBP/Maps/VRMap.VRMap:PersistentLevel.VRMap'
[2017.03.31-04.34.28:254][ 35]LogPlayLevel: PlayLevel: No blueprints needed recompiling
[2017.03.31-04.34.28:254][ 35]PIE: New page: PIE session: VRMap (Mar 30, 2017, 12:34:28 PM)
[2017.03.31-04.34.28:254][ 35]LogPlayLevel: Creating play world package: /Game/FirstPersonBP/Maps/UEDPIE_0_VRMap
[2017.03.31-04.34.28:269][ 35]LogPlayLevel: PIE: StaticDuplicateObject took: (0.015726s)
[2017.03.31-04.34.28:270][ 35]LogAIModule: Creating AISystem for world VRMap
[2017.03.31-04.34.28:270][ 35]LogPlayLevel: PIE: World Init took: (0.000787s)
[2017.03.31-04.34.28:270][ 35]LogPlayLevel: PIE: Created PIE world by copying editor world from /Game/FirstPersonBP/Maps/VRMap.VRMap to /Game/FirstPersonBP/Maps/UEDPIE_0_VRMap.VRMap (0.016726s)
[2017.03.31-04.34.28:322][ 35]LogInit: XAudio2 using 'Speakers (2- USB Audio Device)' : 2 channels at 44.1 kHz using 16 bits per sample (channel mask 0x3)
[2017.03.31-04.34.28:330][ 35]LogInit: FAudioDevice initialized.
[2017.03.31-04.34.28:436][ 35]LogLoad: Game class is 'FirstPersonGameMode_C'
[2017.03.31-04.34.28:438][ 35]LogWorld: Bringing World /Game/FirstPersonBP/Maps/UEDPIE_0_VRMap.VRMap up for play (max tick rate 0) at 2017.03.30-20.34.28
[2017.03.31-04.34.28:438][ 35]LogWorld: Bringing up level for play took: 0.001347
[2017.03.31-04.34.28:443][ 35]PIE: Info Play in editor start time for /Game/FirstPersonBP/Maps/UEDPIE_0_VRMap 0.311
[2017.03.31-04.34.28:444][ 35]LogBlueprintUserMessages: Late PlayInEditor Detection: Level '/Game/FirstPersonBP/Maps/VRMap.VRMap:PersistentLevel' has LevelScriptBlueprint '/Game/FirstPersonBP/Maps/VRMap.VRMap:PersistentLevel.VRMap' with GeneratedClass '/Game/FirstPersonBP/Maps/VRMap.VRMap_C' with ClassGeneratedBy '/Game/FirstPersonBP/Maps/VRMap.VRMap:PersistentLevel.VRMap'
[2017.03.31-04.35.06:137][377]LogBlueprintUserMessages: Early EndPlayMap Detection: Level '/Game/FirstPersonBP/Maps/VRMap.VRMap:PersistentLevel' has LevelScriptBlueprint '/Game/FirstPersonBP/Maps/VRMap.VRMap:PersistentLevel.VRMap' with GeneratedClass '/Game/FirstPersonBP/Maps/VRMap.VRMap_C' with ClassGeneratedBy '/Game/FirstPersonBP/Maps/VRMap.VRMap:PersistentLevel.VRMap'
[2017.03.31-04.35.06:180][377]LogBlueprintUserMessages: Late EndPlayMap Detection: Level '/Game/FirstPersonBP/Maps/VRMap.VRMap:PersistentLevel' has LevelScriptBlueprint '/Game/FirstPersonBP/Maps/VRMap.VRMap:PersistentLevel.VRMap' with GeneratedClass '/Game/FirstPersonBP/Maps/VRMap.VRMap_C' with ClassGeneratedBy '/Game/FirstPersonBP/Maps/VRMap.VRMap:PersistentLevel.VRMap'
[2017.03.31-04.35.17:482][723]BlueprintLog: New page: Compile FirstPersonCharacter
[2017.03.31-04.35.18:075][765]LogSavePackage: Save=46.13ms
[2017.03.31-04.35.18:075][765]LogSavePackage: Moving 'C:/Users/jerry/Documents/GitHub/senior-design/DicomVisual/Saved/FirstPersonCharacterF1AF72D1465FA1B74C66B4A0B63CF1D9.tmp' to 'C:/Users/jerry/Documents/GitHub/senior-design/DicomVisual/Content/FirstPersonBP/Blueprints/FirstPersonCharacter.uasset'
[2017.03.31-04.35.18:077][765]LogSavePackage:Display: Finished SavePackage C:/Users/jerry/Documents/GitHub/senior-design/DicomVisual/Content/FirstPersonBP/Blueprints/FirstPersonCharacter.uasset
[2017.03.31-04.35.19:930][985]BlueprintLog: New page: Compile FirstPersonCharacter
[2017.03.31-04.35.20:570][ 33]LogSavePackage: Save=44.58ms
[2017.03.31-04.35.20:570][ 33]LogSavePackage: Moving 'C:/Users/jerry/Documents/GitHub/senior-design/DicomVisual/Saved/FirstPersonCharacter7F61345A4A5B53950D0BD59A96076CFB.tmp' to 'C:/Users/jerry/Documents/GitHub/senior-design/DicomVisual/Content/FirstPersonBP/Blueprints/FirstPersonCharacter.uasset'
[2017.03.31-04.35.20:572][ 33]LogSavePackage:Display: Finished SavePackage C:/Users/jerry/Documents/GitHub/senior-design/DicomVisual/Content/FirstPersonBP/Blueprints/FirstPersonCharacter.uasset
[2017.03.31-04.35.26:709][754]LogSavePackage: Save=74.40ms
[2017.03.31-04.35.26:709][754]LogSavePackage: Moving 'C:/Users/jerry/Documents/GitHub/senior-design/DicomVisual/Saved/VRMap2D267ECF4578395D766AF9BFB4B02626.tmp' to 'C:/Users/jerry/Documents/GitHub/senior-design/DicomVisual/Content/FirstPersonBP/Maps/VRMap.umap'
[2017.03.31-04.35.26:712][754]LogSavePackage:Display: Finished SavePackage C:/Users/jerry/Documents/GitHub/senior-design/DicomVisual/Content/FirstPersonBP/Maps/VRMap.umap
[2017.03.31-04.36.34:624][701]BlueprintLog: New page: Compile FirstPersonCharacter
[2017.03.31-04.36.35:263][749]LogSavePackage: Save=45.11ms
[2017.03.31-04.36.35:263][749]LogSavePackage: Moving 'C:/Users/jerry/Documents/GitHub/senior-design/DicomVisual/Saved/FirstPersonCharacter4D5028B94321181B3709FC8E32DDAABD.tmp' to 'C:/Users/jerry/Documents/GitHub/senior-design/DicomVisual/Content/FirstPersonBP/Blueprints/FirstPersonCharacter.uasset'
[2017.03.31-04.36.35:265][749]LogSavePackage:Display: Finished SavePackage C:/Users/jerry/Documents/GitHub/senior-design/DicomVisual/Content/FirstPersonBP/Blueprints/FirstPersonCharacter.uasset
[2017.03.31-04.36.36:809][922]LogSavePackage: Save=71.85ms
[2017.03.31-04.36.36:809][922]LogSavePackage: Moving 'C:/Users/jerry/Documents/GitHub/senior-design/DicomVisual/Saved/VRMap1027FF9447AB795E995D7584AF1C0E42.tmp' to 'C:/Users/jerry/Documents/GitHub/senior-design/DicomVisual/Content/FirstPersonBP/Maps/VRMap.umap'
[2017.03.31-04.36.36:812][922]LogSavePackage:Display: Finished SavePackage C:/Users/jerry/Documents/GitHub/senior-design/DicomVisual/Content/FirstPersonBP/Maps/VRMap.umap
[2017.03.31-04.36.39:432][231]LogTemp: Repeting last play command: VR Preview
[2017.03.31-04.36.39:441][231]LogBlueprintUserMessages: Early PlayInEditor Detection: Level '/Game/FirstPersonBP/Maps/VRMap.VRMap:PersistentLevel' has LevelScriptBlueprint '/Game/FirstPersonBP/Maps/VRMap.VRMap:PersistentLevel.VRMap' with GeneratedClass '/Game/FirstPersonBP/Maps/VRMap.VRMap_C' with ClassGeneratedBy '/Game/FirstPersonBP/Maps/VRMap.VRMap:PersistentLevel.VRMap'
[2017.03.31-04.36.39:441][231]LogPlayLevel: PlayLevel: No blueprints needed recompiling
[2017.03.31-04.36.39:441][231]PIE: New page: PIE session: VRMap (Mar 30, 2017, 12:36:39 PM)
[2017.03.31-04.36.39:442][231]LogPlayLevel: Creating play world package: /Game/FirstPersonBP/Maps/UEDPIE_0_VRMap
[2017.03.31-04.36.39:457][231]LogPlayLevel: PIE: StaticDuplicateObject took: (0.015162s)
[2017.03.31-04.36.39:457][231]LogAIModule: Creating AISystem for world VRMap
[2017.03.31-04.36.39:458][231]LogPlayLevel: PIE: World Init took: (0.000893s)
[2017.03.31-04.36.39:458][231]LogPlayLevel: PIE: Created PIE world by copying editor world from /Game/FirstPersonBP/Maps/VRMap.VRMap to /Game/FirstPersonBP/Maps/UEDPIE_0_VRMap.VRMap (0.016289s)
[2017.03.31-04.36.39:509][231]LogInit: XAudio2 using 'Speakers (2- USB Audio Device)' : 2 channels at 44.1 kHz using 16 bits per sample (channel mask 0x3)
[2017.03.31-04.36.39:517][231]LogInit: FAudioDevice initialized.
[2017.03.31-04.36.39:623][231]LogLoad: Game class is 'FirstPersonGameMode_C'
[2017.03.31-04.36.39:625][231]LogWorld: Bringing World /Game/FirstPersonBP/Maps/UEDPIE_0_VRMap.VRMap up for play (max tick rate 0) at 2017.03.30-20.36.39
[2017.03.31-04.36.39:625][231]LogWorld: Bringing up level for play took: 0.001391
[2017.03.31-04.36.39:629][231]PIE: Info Play in editor start time for /Game/FirstPersonBP/Maps/UEDPIE_0_VRMap -0.503
[2017.03.31-04.36.39:630][231]LogBlueprintUserMessages: Late PlayInEditor Detection: Level '/Game/FirstPersonBP/Maps/VRMap.VRMap:PersistentLevel' has LevelScriptBlueprint '/Game/FirstPersonBP/Maps/VRMap.VRMap:PersistentLevel.VRMap' with GeneratedClass '/Game/FirstPersonBP/Maps/VRMap.VRMap_C' with ClassGeneratedBy '/Game/FirstPersonBP/Maps/VRMap.VRMap:PersistentLevel.VRMap'
[2017.03.31-04.37.08:240][762]LogBlueprintUserMessages: Early EndPlayMap Detection: Level '/Game/FirstPersonBP/Maps/VRMap.VRMap:PersistentLevel' has LevelScriptBlueprint '/Game/FirstPersonBP/Maps/VRMap.VRMap:PersistentLevel.VRMap' with GeneratedClass '/Game/FirstPersonBP/Maps/VRMap.VRMap_C' with ClassGeneratedBy '/Game/FirstPersonBP/Maps/VRMap.VRMap:PersistentLevel.VRMap'
[2017.03.31-04.37.08:278][762]LogBlueprintUserMessages: Late EndPlayMap Detection: Level '/Game/FirstPersonBP/Maps/VRMap.VRMap:PersistentLevel' has LevelScriptBlueprint '/Game/FirstPersonBP/Maps/VRMap.VRMap:PersistentLevel.VRMap' with GeneratedClass '/Game/FirstPersonBP/Maps/VRMap.VRMap_C' with ClassGeneratedBy '/Game/FirstPersonBP/Maps/VRMap.VRMap:PersistentLevel.VRMap'
[2017.03.31-04.37.20:344][200]BlueprintLog: New page: Compile FirstPersonCharacter
[2017.03.31-04.37.21:068][258]LogSavePackage: Save=46.61ms
[2017.03.31-04.37.21:068][258]LogSavePackage: Moving 'C:/Users/jerry/Documents/GitHub/senior-design/DicomVisual/Saved/FirstPersonCharacterA0F718AE490AA7A71F977AAF6FF5D7B2.tmp' to 'C:/Users/jerry/Documents/GitHub/senior-design/DicomVisual/Content/FirstPersonBP/Blueprints/FirstPersonCharacter.uasset'
[2017.03.31-04.37.21:070][258]LogSavePackage:Display: Finished SavePackage C:/Users/jerry/Documents/GitHub/senior-design/DicomVisual/Content/FirstPersonBP/Blueprints/FirstPersonCharacter.uasset
[2017.03.31-04.37.22:052][363]LogSavePackage: Save=74.08ms
[2017.03.31-04.37.22:052][363]LogSavePackage: Moving 'C:/Users/jerry/Documents/GitHub/senior-design/DicomVisual/Saved/VRMap76C5E0F6488C6D70F39A8295B2AC52D4.tmp' to 'C:/Users/jerry/Documents/GitHub/senior-design/DicomVisual/Content/FirstPersonBP/Maps/VRMap.umap'
[2017.03.31-04.37.22:054][363]LogSavePackage:Display: Finished SavePackage C:/Users/jerry/Documents/GitHub/senior-design/DicomVisual/Content/FirstPersonBP/Maps/VRMap.umap
[2017.03.31-04.37.23:167][493]LogTemp: Repeting last play command: VR Preview
[2017.03.31-04.37.23:176][493]LogBlueprintUserMessages: Early PlayInEditor Detection: Level '/Game/FirstPersonBP/Maps/VRMap.VRMap:PersistentLevel' has LevelScriptBlueprint '/Game/FirstPersonBP/Maps/VRMap.VRMap:PersistentLevel.VRMap' with GeneratedClass '/Game/FirstPersonBP/Maps/VRMap.VRMap_C' with ClassGeneratedBy '/Game/FirstPersonBP/Maps/VRMap.VRMap:PersistentLevel.VRMap'
[2017.03.31-04.37.23:176][493]LogPlayLevel: PlayLevel: No blueprints needed recompiling
[2017.03.31-04.37.23:176][493]PIE: New page: PIE session: VRMap (Mar 30, 2017, 12:37:23 PM)
[2017.03.31-04.37.23:176][493]LogPlayLevel: Creating play world package: /Game/FirstPersonBP/Maps/UEDPIE_0_VRMap
[2017.03.31-04.37.23:191][493]LogPlayLevel: PIE: StaticDuplicateObject took: (0.014196s)
[2017.03.31-04.37.23:191][493]LogAIModule: Creating AISystem for world VRMap
[2017.03.31-04.37.23:191][493]LogPlayLevel: PIE: World Init took: (0.000620s)
[2017.03.31-04.37.23:191][493]LogPlayLevel: PIE: Created PIE world by copying editor world from /Game/FirstPersonBP/Maps/VRMap.VRMap to /Game/FirstPersonBP/Maps/UEDPIE_0_VRMap.VRMap (0.015020s)
[2017.03.31-04.37.23:242][493]LogInit: XAudio2 using 'Speakers (2- USB Audio Device)' : 2 channels at 44.1 kHz using 16 bits per sample (channel mask 0x3)
[2017.03.31-04.37.23:249][493]LogInit: FAudioDevice initialized.
[2017.03.31-04.37.23:354][493]LogLoad: Game class is 'FirstPersonGameMode_C'
[2017.03.31-04.37.23:356][493]LogWorld: Bringing World /Game/FirstPersonBP/Maps/UEDPIE_0_VRMap.VRMap up for play (max tick rate 0) at 2017.03.30-20.37.23
[2017.03.31-04.37.23:356][493]LogWorld: Bringing up level for play took: 0.001404
[2017.03.31-04.37.23:361][493]PIE: Info Play in editor start time for /Game/FirstPersonBP/Maps/UEDPIE_0_VRMap -0.77
[2017.03.31-04.37.23:362][493]LogBlueprintUserMessages: Late PlayInEditor Detection: Level '/Game/FirstPersonBP/Maps/VRMap.VRMap:PersistentLevel' has LevelScriptBlueprint '/Game/FirstPersonBP/Maps/VRMap.VRMap:PersistentLevel.VRMap' with GeneratedClass '/Game/FirstPersonBP/Maps/VRMap.VRMap_C' with ClassGeneratedBy '/Game/FirstPersonBP/Maps/VRMap.VRMap:PersistentLevel.VRMap'
[2017.03.31-04.37.32:572][962]LogBlueprintUserMessages: Early EndPlayMap Detection: Level '/Game/FirstPersonBP/Maps/VRMap.VRMap:PersistentLevel' has LevelScriptBlueprint '/Game/FirstPersonBP/Maps/VRMap.VRMap:PersistentLevel.VRMap' with GeneratedClass '/Game/FirstPersonBP/Maps/VRMap.VRMap_C' with ClassGeneratedBy '/Game/FirstPersonBP/Maps/VRMap.VRMap:PersistentLevel.VRMap'
[2017.03.31-04.37.32:608][962]LogBlueprintUserMessages: Late EndPlayMap Detection: Level '/Game/FirstPersonBP/Maps/VRMap.VRMap:PersistentLevel' has LevelScriptBlueprint '/Game/FirstPersonBP/Maps/VRMap.VRMap:PersistentLevel.VRMap' with GeneratedClass '/Game/FirstPersonBP/Maps/VRMap.VRMap_C' with ClassGeneratedBy '/Game/FirstPersonBP/Maps/VRMap.VRMap:PersistentLevel.VRMap'
[2017.03.31-04.38.00:508][788]BlueprintLog: New page: Compile FirstPersonCharacter
[2017.03.31-04.38.01:683][901]LogSavePackage: Save=45.80ms
[2017.03.31-04.38.01:683][901]LogSavePackage: Moving 'C:/Users/jerry/Documents/GitHub/senior-design/DicomVisual/Saved/FirstPersonCharacterA1D28C044361CB39CD917C9270BFF41C.tmp' to 'C:/Users/jerry/Documents/GitHub/senior-design/DicomVisual/Content/FirstPersonBP/Blueprints/FirstPersonCharacter.uasset'
[2017.03.31-04.38.01:685][901]LogSavePackage:Display: Finished SavePackage C:/Users/jerry/Documents/GitHub/senior-design/DicomVisual/Content/FirstPersonBP/Blueprints/FirstPersonCharacter.uasset
[2017.03.31-04.38.03:031][ 50]LogSavePackage: Save=73.22ms
[2017.03.31-04.38.03:031][ 50]LogSavePackage: Moving 'C:/Users/jerry/Documents/GitHub/senior-design/DicomVisual/Saved/VRMap090533A1464A9B51EC8FEA9979BC51E5.tmp' to 'C:/Users/jerry/Documents/GitHub/senior-design/DicomVisual/Content/FirstPersonBP/Maps/VRMap.umap'
[2017.03.31-04.38.03:034][ 50]LogSavePackage:Display: Finished SavePackage C:/Users/jerry/Documents/GitHub/senior-design/DicomVisual/Content/FirstPersonBP/Maps/VRMap.umap
[2017.03.31-04.38.05:494][338]LogTemp: Repeting last play command: VR Preview
[2017.03.31-04.38.05:503][338]LogBlueprintUserMessages: Early PlayInEditor Detection: Level '/Game/FirstPersonBP/Maps/VRMap.VRMap:PersistentLevel' has LevelScriptBlueprint '/Game/FirstPersonBP/Maps/VRMap.VRMap:PersistentLevel.VRMap' with GeneratedClass '/Game/FirstPersonBP/Maps/VRMap.VRMap_C' with ClassGeneratedBy '/Game/FirstPersonBP/Maps/VRMap.VRMap:PersistentLevel.VRMap'
[2017.03.31-04.38.05:503][338]LogPlayLevel: PlayLevel: No blueprints needed recompiling
[2017.03.31-04.38.05:503][338]PIE: New page: PIE session: VRMap (Mar 30, 2017, 12:38:05 PM)
[2017.03.31-04.38.05:503][338]LogPlayLevel: Creating play world package: /Game/FirstPersonBP/Maps/UEDPIE_0_VRMap
[2017.03.31-04.38.05:518][338]LogPlayLevel: PIE: StaticDuplicateObject took: (0.014844s)
[2017.03.31-04.38.05:519][338]LogAIModule: Creating AISystem for world VRMap
[2017.03.31-04.38.05:519][338]LogPlayLevel: PIE: World Init took: (0.000724s)
[2017.03.31-04.38.05:519][338]LogPlayLevel: PIE: Created PIE world by copying editor world from /Game/FirstPersonBP/Maps/VRMap.VRMap to /Game/FirstPersonBP/Maps/UEDPIE_0_VRMap.VRMap (0.015790s)
[2017.03.31-04.38.05:571][338]LogInit: XAudio2 using 'Speakers (2- USB Audio Device)' : 2 channels at 44.1 kHz using 16 bits per sample (channel mask 0x3)
[2017.03.31-04.38.05:580][338]LogInit: FAudioDevice initialized.
[2017.03.31-04.38.05:680][338]LogLoad: Game class is 'FirstPersonGameMode_C'
[2017.03.31-04.38.05:682][338]LogWorld: Bringing World /Game/FirstPersonBP/Maps/UEDPIE_0_VRMap.VRMap up for play (max tick rate 0) at 2017.03.30-20.38.05
[2017.03.31-04.38.05:682][338]LogWorld: Bringing up level for play took: 0.001357
[2017.03.31-04.38.05:687][338]PIE: Info Play in editor start time for /Game/FirstPersonBP/Maps/UEDPIE_0_VRMap -0.445
[2017.03.31-04.38.05:687][338]LogBlueprintUserMessages: Late PlayInEditor Detection: Level '/Game/FirstPersonBP/Maps/VRMap.VRMap:PersistentLevel' has LevelScriptBlueprint '/Game/FirstPersonBP/Maps/VRMap.VRMap:PersistentLevel.VRMap' with GeneratedClass '/Game/FirstPersonBP/Maps/VRMap.VRMap_C' with ClassGeneratedBy '/Game/FirstPersonBP/Maps/VRMap.VRMap:PersistentLevel.VRMap'
[2017.03.31-04.38.12:973][689]LogBlueprintUserMessages: Early EndPlayMap Detection: Level '/Game/FirstPersonBP/Maps/VRMap.VRMap:PersistentLevel' has LevelScriptBlueprint '/Game/FirstPersonBP/Maps/VRMap.VRMap:PersistentLevel.VRMap' with GeneratedClass '/Game/FirstPersonBP/Maps/VRMap.VRMap_C' with ClassGeneratedBy '/Game/FirstPersonBP/Maps/VRMap.VRMap:PersistentLevel.VRMap'
[2017.03.31-04.38.13:010][689]LogBlueprintUserMessages: Late EndPlayMap Detection: Level '/Game/FirstPersonBP/Maps/VRMap.VRMap:PersistentLevel' has LevelScriptBlueprint '/Game/FirstPersonBP/Maps/VRMap.VRMap:PersistentLevel.VRMap' with GeneratedClass '/Game/FirstPersonBP/Maps/VRMap.VRMap_C' with ClassGeneratedBy '/Game/FirstPersonBP/Maps/VRMap.VRMap:PersistentLevel.VRMap'
[2017.03.31-04.38.18:564][346]BlueprintLog: New page: Compile FirstPersonCharacter
[2017.03.31-04.38.19:495][430]LogSavePackage: Save=44.50ms
[2017.03.31-04.38.19:495][430]LogSavePackage: Moving 'C:/Users/jerry/Documents/GitHub/senior-design/DicomVisual/Saved/FirstPersonCharacter46A2171D4D10AB2A002C24BEDB7867B8.tmp' to 'C:/Users/jerry/Documents/GitHub/senior-design/DicomVisual/Content/FirstPersonBP/Blueprints/FirstPersonCharacter.uasset'
[2017.03.31-04.38.19:497][430]LogSavePackage:Display: Finished SavePackage C:/Users/jerry/Documents/GitHub/senior-design/DicomVisual/Content/FirstPersonBP/Blueprints/FirstPersonCharacter.uasset
[2017.03.31-04.38.20:567][546]LogSavePackage: Save=73.88ms
[2017.03.31-04.38.20:567][546]LogSavePackage: Moving 'C:/Users/jerry/Documents/GitHub/senior-design/DicomVisual/Saved/VRMapCDD9BCB04184162F7C9CE486F0EF5155.tmp' to 'C:/Users/jerry/Documents/GitHub/senior-design/DicomVisual/Content/FirstPersonBP/Maps/VRMap.umap'
[2017.03.31-04.38.20:569][546]LogSavePackage:Display: Finished SavePackage C:/Users/jerry/Documents/GitHub/senior-design/DicomVisual/Content/FirstPersonBP/Maps/VRMap.umap
[2017.03.31-04.38.21:606][666]LogTemp: Repeting last play command: VR Preview
[2017.03.31-04.38.21:616][666]LogBlueprintUserMessages: Early PlayInEditor Detection: Level '/Game/FirstPersonBP/Maps/VRMap.VRMap:PersistentLevel' has LevelScriptBlueprint '/Game/FirstPersonBP/Maps/VRMap.VRMap:PersistentLevel.VRMap' with GeneratedClass '/Game/FirstPersonBP/Maps/VRMap.VRMap_C' with ClassGeneratedBy '/Game/FirstPersonBP/Maps/VRMap.VRMap:PersistentLevel.VRMap'
[2017.03.31-04.38.21:616][666]LogPlayLevel: PlayLevel: No blueprints needed recompiling
[2017.03.31-04.38.21:616][666]PIE: New page: PIE session: VRMap (Mar 30, 2017, 12:38:21 PM)
[2017.03.31-04.38.21:616][666]LogPlayLevel: Creating play world package: /Game/FirstPersonBP/Maps/UEDPIE_0_VRMap
[2017.03.31-04.38.21:628][666]LogPlayLevel: PIE: StaticDuplicateObject took: (0.011543s)
[2017.03.31-04.38.21:628][666]LogAIModule: Creating AISystem for world VRMap
[2017.03.31-04.38.21:628][666]LogPlayLevel: PIE: World Init took: (0.000618s)
[2017.03.31-04.38.21:628][666]LogPlayLevel: PIE: Created PIE world by copying editor world from /Game/FirstPersonBP/Maps/VRMap.VRMap to /Game/FirstPersonBP/Maps/UEDPIE_0_VRMap.VRMap (0.012354s)
[2017.03.31-04.38.21:681][666]LogInit: XAudio2 using 'Speakers (2- USB Audio Device)' : 2 channels at 44.1 kHz using 16 bits per sample (channel mask 0x3)
[2017.03.31-04.38.21:688][666]LogInit: FAudioDevice initialized.
[2017.03.31-04.38.21:790][666]LogLoad: Game class is 'FirstPersonGameMode_C'
[2017.03.31-04.38.21:793][666]LogWorld: Bringing World /Game/FirstPersonBP/Maps/UEDPIE_0_VRMap.VRMap up for play (max tick rate 0) at 2017.03.30-20.38.21
[2017.03.31-04.38.21:793][666]LogWorld: Bringing up level for play took: 0.001707
[2017.03.31-04.38.21:798][666]PIE: Info Play in editor start time for /Game/FirstPersonBP/Maps/UEDPIE_0_VRMap -0.334
[2017.03.31-04.38.21:799][666]LogBlueprintUserMessages: Late PlayInEditor Detection: Level '/Game/FirstPersonBP/Maps/VRMap.VRMap:PersistentLevel' has LevelScriptBlueprint '/Game/FirstPersonBP/Maps/VRMap.VRMap:PersistentLevel.VRMap' with GeneratedClass '/Game/FirstPersonBP/Maps/VRMap.VRMap_C' with ClassGeneratedBy '/Game/FirstPersonBP/Maps/VRMap.VRMap:PersistentLevel.VRMap'
[2017.03.31-04.38.28:804][282]LogBlueprintUserMessages: Early EndPlayMap Detection: Level '/Game/FirstPersonBP/Maps/VRMap.VRMap:PersistentLevel' has LevelScriptBlueprint '/Game/FirstPersonBP/Maps/VRMap.VRMap:PersistentLevel.VRMap' with GeneratedClass '/Game/FirstPersonBP/Maps/VRMap.VRMap_C' with ClassGeneratedBy '/Game/FirstPersonBP/Maps/VRMap.VRMap:PersistentLevel.VRMap'
[2017.03.31-04.38.28:840][282]LogBlueprintUserMessages: Late EndPlayMap Detection: Level '/Game/FirstPersonBP/Maps/VRMap.VRMap:PersistentLevel' has LevelScriptBlueprint '/Game/FirstPersonBP/Maps/VRMap.VRMap:PersistentLevel.VRMap' with GeneratedClass '/Game/FirstPersonBP/Maps/VRMap.VRMap_C' with ClassGeneratedBy '/Game/FirstPersonBP/Maps/VRMap.VRMap:PersistentLevel.VRMap'
[2017.03.31-04.38.57:813][715]BlueprintLog: New page: Compile FirstPersonCharacter
[2017.03.31-04.38.58:906][817]LogSavePackage: Save=45.75ms
[2017.03.31-04.38.58:906][817]LogSavePackage: Moving 'C:/Users/jerry/Documents/GitHub/senior-design/DicomVisual/Saved/FirstPersonCharacter55F71DD84FA8415EB19BAD8EAB0BF0B1.tmp' to 'C:/Users/jerry/Documents/GitHub/senior-design/DicomVisual/Content/FirstPersonBP/Blueprints/FirstPersonCharacter.uasset'
[2017.03.31-04.38.58:908][817]LogSavePackage:Display: Finished SavePackage C:/Users/jerry/Documents/GitHub/senior-design/DicomVisual/Content/FirstPersonBP/Blueprints/FirstPersonCharacter.uasset
[2017.03.31-04.39.02:485][233]LogSavePackage: Save=79.21ms
[2017.03.31-04.39.02:485][233]LogSavePackage: Moving 'C:/Users/jerry/Documents/GitHub/senior-design/DicomVisual/Saved/VRMapBD2F1F074772B1C0444F678B23E0DA9F.tmp' to 'C:/Users/jerry/Documents/GitHub/senior-design/DicomVisual/Content/FirstPersonBP/Maps/VRMap.umap'
[2017.03.31-04.39.02:487][233]LogSavePackage:Display: Finished SavePackage C:/Users/jerry/Documents/GitHub/senior-design/DicomVisual/Content/FirstPersonBP/Maps/VRMap.umap
[2017.03.31-04.39.03:392][339]LogTemp: Repeting last play command: VR Preview
[2017.03.31-04.39.03:401][339]LogBlueprintUserMessages: Early PlayInEditor Detection: Level '/Game/FirstPersonBP/Maps/VRMap.VRMap:PersistentLevel' has LevelScriptBlueprint '/Game/FirstPersonBP/Maps/VRMap.VRMap:PersistentLevel.VRMap' with GeneratedClass '/Game/FirstPersonBP/Maps/VRMap.VRMap_C' with ClassGeneratedBy '/Game/FirstPersonBP/Maps/VRMap.VRMap:PersistentLevel.VRMap'
[2017.03.31-04.39.03:401][339]LogPlayLevel: PlayLevel: No blueprints needed recompiling
[2017.03.31-04.39.03:401][339]PIE: New page: PIE session: VRMap (Mar 30, 2017, 12:39:03 PM)
[2017.03.31-04.39.03:401][339]LogPlayLevel: Creating play world package: /Game/FirstPersonBP/Maps/UEDPIE_0_VRMap
[2017.03.31-04.39.03:415][339]LogPlayLevel: PIE: StaticDuplicateObject took: (0.013745s)
[2017.03.31-04.39.03:416][339]LogAIModule: Creating AISystem for world VRMap
[2017.03.31-04.39.03:416][339]LogPlayLevel: PIE: World Init took: (0.000601s)
[2017.03.31-04.39.03:416][339]LogPlayLevel: PIE: Created PIE world by copying editor world from /Game/FirstPersonBP/Maps/VRMap.VRMap to /Game/FirstPersonBP/Maps/UEDPIE_0_VRMap.VRMap (0.014518s)
[2017.03.31-04.39.03:467][339]LogInit: XAudio2 using 'Speakers (2- USB Audio Device)' : 2 channels at 44.1 kHz using 16 bits per sample (channel mask 0x3)
[2017.03.31-04.39.03:475][339]LogInit: FAudioDevice initialized.
[2017.03.31-04.39.03:576][339]LogLoad: Game class is 'FirstPersonGameMode_C'
[2017.03.31-04.39.03:578][339]LogWorld: Bringing World /Game/FirstPersonBP/Maps/UEDPIE_0_VRMap.VRMap up for play (max tick rate 0) at 2017.03.30-20.39.03
[2017.03.31-04.39.03:578][339]LogWorld: Bringing up level for play took: 0.001403
[2017.03.31-04.39.03:583][339]PIE: Info Play in editor start time for /Game/FirstPersonBP/Maps/UEDPIE_0_VRMap -0.548
[2017.03.31-04.39.03:584][339]LogBlueprintUserMessages: Late PlayInEditor Detection: Level '/Game/FirstPersonBP/Maps/VRMap.VRMap:PersistentLevel' has LevelScriptBlueprint '/Game/FirstPersonBP/Maps/VRMap.VRMap:PersistentLevel.VRMap' with GeneratedClass '/Game/FirstPersonBP/Maps/VRMap.VRMap_C' with ClassGeneratedBy '/Game/FirstPersonBP/Maps/VRMap.VRMap:PersistentLevel.VRMap'
[2017.03.31-04.41.54:276][173]LogBlueprintUserMessages: Early EndPlayMap Detection: Level '/Game/FirstPersonBP/Maps/VRMap.VRMap:PersistentLevel' has LevelScriptBlueprint '/Game/FirstPersonBP/Maps/VRMap.VRMap:PersistentLevel.VRMap' with GeneratedClass '/Game/FirstPersonBP/Maps/VRMap.VRMap_C' with ClassGeneratedBy '/Game/FirstPersonBP/Maps/VRMap.VRMap:PersistentLevel.VRMap'
[2017.03.31-04.41.54:315][173]LogBlueprintUserMessages: Late EndPlayMap Detection: Level '/Game/FirstPersonBP/Maps/VRMap.VRMap:PersistentLevel' has LevelScriptBlueprint '/Game/FirstPersonBP/Maps/VRMap.VRMap:PersistentLevel.VRMap' with GeneratedClass '/Game/FirstPersonBP/Maps/VRMap.VRMap_C' with ClassGeneratedBy '/Game/FirstPersonBP/Maps/VRMap.VRMap:PersistentLevel.VRMap'
[2017.03.31-04.42.06:644][658]LogWindowsTextInputMethodSystem:Display: IME system now deactivated.
[2017.03.31-04.42.06:825][659]Cmd: QUIT_EDITOR
[2017.03.31-04.42.07:459][659]LogExit: Preparing to exit.
[2017.03.31-04.42.08:335][659]LogExit: Editor shut down
[2017.03.31-04.42.08:335][659]LogExit: Transaction tracking system shut down
[2017.03.31-04.42.08:667][659]LogObj: Freed 0b from 0 cluster array pools.
[2017.03.31-04.42.08:667][659]LogExit: Object subsystem successfully closed.
[2017.03.31-04.42.08:703][659]LogD3D11RHI: Shutdown
[2017.03.31-04.42.08:703][659]LogD3D11RHI: CleanupD3DDevice
[2017.03.31-04.42.08:716][659]LogD3D11RHI: ~FD3D11DynamicRHI
[2017.03.31-04.42.08:890][659]LogHttp:Display: Http module shutting down, but needs to wait on 1 outstanding Http requests:
[2017.03.31-04.42.08:890][659]LogHttp:Display: 	verb=[POST] url=[https://datarouter.ol.epicgames.com/datarouter/api/v1/public/data?SessionID=%7B6C10AAC8-42D7-5E9E-15A6-10955F0E5E13%7D&AppID=UEEditor.Rocket.Release&AppVersion=4.14.1-3224400%2B%2B%2BUE4%2BRelease-4.14&UserID=0f989e0444fadd651925079f0f42c72a%7C0a34f74345724195b9ac8b33fa1ec343%7Cb13f9ae6-cbd3-4741-a19b-77a273714184&AppEnvironment=datacollector-binary&UploadType=eteventstream] status=Processing
[2017.03.31-04.42.08:931][659]LogModuleManager: Shutting down and abandoning module MovieSceneCapture (245)
[2017.03.31-04.42.08:931][659]LogModuleManager: Shutting down and abandoning module BlueprintGraph (244)
[2017.03.31-04.42.08:931][659]LogModuleManager: Shutting down and abandoning module BlueprintProfiler (243)
[2017.03.31-04.42.08:932][659]LogModuleManager: Shutting down and abandoning module ExternalImagePicker (242)
[2017.03.31-04.42.08:932][659]LogModuleManager: Shutting down and abandoning module HierarchicalLODOutliner (241)
[2017.03.31-04.42.08:932][659]LogModuleManager: Shutting down and abandoning module CrashTracker (240)
[2017.03.31-04.42.08:932][659]LogModuleManager: Shutting down and abandoning module SceneOutliner (239)
[2017.03.31-04.42.08:932][659]LogModuleManager: Shutting down and abandoning module WidgetCarousel (238)
[2017.03.31-04.42.08:932][659]LogModuleManager: Shutting down and abandoning module AddContentDialog (237)
[2017.03.31-04.42.08:932][659]LogDirectoryWatcher: A directory notification for 'D:/Epic Games/4.14/FeaturePacks/' was aborted.
[2017.03.31-04.42.08:933][659]LogModuleManager: Shutting down and abandoning module GameplayTags (236)
[2017.03.31-04.42.08:933][659]LogModuleManager: Shutting down and abandoning module EditorWidgets (235)
[2017.03.31-04.42.08:933][659]LogModuleManager: Shutting down and abandoning module CollectionManager (234)
[2017.03.31-04.42.08:933][659]LogDirectoryWatcher: A directory notification for 'C:/Users/jerry/Documents/GitHub/senior-design/DicomVisual/Content/Collections/' was aborted.
[2017.03.31-04.42.08:933][659]LogDirectoryWatcher: A directory notification for 'C:/Users/jerry/Documents/GitHub/senior-design/DicomVisual/Content/Developers/jerry/Collections/' was aborted.
[2017.03.31-04.42.08:933][659]LogDirectoryWatcher: A directory notification for 'C:/Users/jerry/Documents/GitHub/senior-design/DicomVisual/Saved/Collections/' was aborted.
[2017.03.31-04.42.08:933][659]LogModuleManager: Shutting down and abandoning module StatsViewer (233)
[2017.03.31-04.42.08:937][659]LogModuleManager: Shutting down and abandoning module FoliageEdit (232)
[2017.03.31-04.42.08:937][659]LogModuleManager: Shutting down and abandoning module LandscapeEditor (231)
[2017.03.31-04.42.08:945][659]LogModuleManager: Shutting down and abandoning module SceneDepthPickerMode (230)
[2017.03.31-04.42.08:945][659]LogModuleManager: Shutting down and abandoning module ActorPickerMode (229)
[2017.03.31-04.42.08:945][659]LogModuleManager: Shutting down and abandoning module GeometryMode (228)
[2017.03.31-04.42.08:945][659]LogModuleManager: Shutting down and abandoning module TextureAlignMode (227)
[2017.03.31-04.42.08:945][659]LogModuleManager: Shutting down and abandoning module BspMode (226)
[2017.03.31-04.42.08:945][659]LogModuleManager: Shutting down and abandoning module HardwareSurvey (225)
[2017.03.31-04.42.08:945][659]LogModuleManager: Shutting down and abandoning module SequenceRecorderSections (224)
[2017.03.31-04.42.08:945][659]LogModuleManager: Shutting down and abandoning module AutomationWorker (223)
[2017.03.31-04.42.08:945][659]LogModuleManager: Shutting down and abandoning module MatineeToLevelSequence (222)
[2017.03.31-04.42.08:945][659]LogModuleManager: Shutting down and abandoning module PlacementMode (221)
[2017.03.31-04.42.08:954][659]LogModuleManager: Shutting down and abandoning module LevelSequenceEditor (220)
[2017.03.31-04.42.08:954][659]LogModuleManager: Shutting down and abandoning module WmfMediaFactory (219)
[2017.03.31-04.42.08:954][659]LogModuleManager: Shutting down and abandoning module WmfMediaEditor (218)
[2017.03.31-04.42.08:954][659]LogModuleManager: Shutting down and abandoning module AvfMediaFactory (217)
[2017.03.31-04.42.08:954][659]LogModuleManager: Shutting down and abandoning module AvfMediaEditor (216)
[2017.03.31-04.42.08:954][659]LogModuleManager: Shutting down and abandoning module Media (215)
[2017.03.31-04.42.08:954][659]LogModuleManager: Shutting down and abandoning module AndroidMediaFactory (214)
[2017.03.31-04.42.08:954][659]LogModuleManager: Shutting down and abandoning module AndroidMediaEditor (213)
[2017.03.31-04.42.08:954][659]LogModuleManager: Shutting down and abandoning module CharacterAI (212)
[2017.03.31-04.42.08:954][659]LogModuleManager: Shutting down and abandoning module SequenceRecorder (211)
[2017.03.31-04.42.08:964][659]LogModuleManager: Shutting down and abandoning module AudioCapture (210)
[2017.03.31-04.42.08:964][659]LogModuleManager: Shutting down and abandoning module SmartSnapping (209)
[2017.03.31-04.42.08:964][659]LogModuleManager: Shutting down and abandoning module SessionServices (208)
[2017.03.31-04.42.08:964][659]LogModuleManager: Shutting down and abandoning module ViewportSnapping (207)
[2017.03.31-04.42.08:964][659]LogModuleManager: Shutting down and abandoning module ViewportInteraction (206)
[2017.03.31-04.42.08:964][659]LogModuleManager: Shutting down and abandoning module LogVisualizer (205)
[2017.03.31-04.42.08:969][659]LogModuleManager: Shutting down and abandoning module GameProjectGeneration (204)
[2017.03.31-04.42.08:980][659]LogModuleManager: Shutting down and abandoning module IntroTutorials (203)
[2017.03.31-04.42.08:991][659]LogModuleManager: Shutting down and abandoning module EditorLiveStreaming (202)
[2017.03.31-04.42.08:991][659]LogModuleManager: Shutting down and abandoning module IOSPlatformEditor (201)
[2017.03.31-04.42.08:991][659]LogModuleManager: Shutting down and abandoning module HTML5PlatformEditor (200)
[2017.03.31-04.42.08:991][659]LogModuleManager: Shutting down and abandoning module AndroidDeviceDetection (199)
[2017.03.31-04.42.09:641][659]LogModuleManager: Shutting down and abandoning module AndroidPlatformEditor (198)
[2017.03.31-04.42.09:641][659]LogModuleManager: Shutting down and abandoning module IOSRuntimeSettings (197)
[2017.03.31-04.42.09:641][659]LogModuleManager: Shutting down and abandoning module AndroidRuntimeSettings (196)
[2017.03.31-04.42.09:641][659]LogModuleManager: Shutting down and abandoning module InputBindingEditor (195)
[2017.03.31-04.42.09:641][659]LogModuleManager: Shutting down and abandoning module NiagaraEditor (194)
[2017.03.31-04.42.09:685][659]LogModuleManager: Shutting down and abandoning module MergeActors (193)
[2017.03.31-04.42.09:691][659]LogModuleManager: Shutting down and abandoning module SizeMap (192)
[2017.03.31-04.42.09:691][659]LogModuleManager: Shutting down and abandoning module TreeMap (191)
[2017.03.31-04.42.09:691][659]LogModuleManager: Shutting down and abandoning module ReferenceViewer (190)
[2017.03.31-04.42.09:691][659]LogModuleManager: Shutting down and abandoning module LocalizationService (189)
[2017.03.31-04.42.09:691][659]LogModuleManager: Shutting down and abandoning module LocalizationDashboard (188)
[2017.03.31-04.42.09:696][659]LogModuleManager: Shutting down and abandoning module HardwareTargeting (187)
[2017.03.31-04.42.09:696][659]LogModuleManager: Shutting down and abandoning module DeviceProfileEditor (186)
[2017.03.31-04.42.09:700][659]LogModuleManager: Shutting down and abandoning module UndoHistory (185)
[2017.03.31-04.42.09:713][659]LogModuleManager: Shutting down and abandoning module UserFeedback (184)
[2017.03.31-04.42.09:713][659]LogModuleManager: Shutting down and abandoning module XmlParser (183)
[2017.03.31-04.42.09:713][659]LogModuleManager: Shutting down and abandoning module Blutility (182)
[2017.03.31-04.42.09:713][659]LogModuleManager: Shutting down and abandoning module ProjectTargetPlatformEditor (181)
[2017.03.31-04.42.09:713][659]LogModuleManager: Shutting down and abandoning module ProjectSettingsViewer (180)
[2017.03.31-04.42.09:713][659]LogModuleManager: Shutting down and abandoning module EditorSettingsViewer (179)
[2017.03.31-04.42.09:713][659]LogModuleManager: Shutting down and abandoning module SettingsEditor (178)
[2017.03.31-04.42.09:713][659]LogModuleManager: Shutting down and abandoning module ProjectLauncher (177)
[2017.03.31-04.42.09:730][659]LogModuleManager: Shutting down and abandoning module SessionFrontend (176)
[2017.03.31-04.42.09:740][659]LogModuleManager: Shutting down and abandoning module ProfilerClient (175)
[2017.03.31-04.42.09:745][659]LogModuleManager: Shutting down and abandoning module TargetDeviceServices (174)
[2017.03.31-04.42.09:745][659]LogModuleManager: Shutting down and abandoning module DeviceManager (173)
[2017.03.31-04.42.09:791][659]LogModuleManager: Shutting down and abandoning module AutomationController (172)
[2017.03.31-04.42.09:791][659]LogModuleManager: Shutting down and abandoning module AutomationWindow (171)
[2017.03.31-04.42.09:811][659]LogModuleManager: Shutting down and abandoning module Layers (170)
[2017.03.31-04.42.09:823][659]LogModuleManager: Shutting down and abandoning module ComponentVisualizers (169)
[2017.03.31-04.42.09:823][659]LogModuleManager: Shutting down and abandoning module DetailCustomizations (168)
[2017.03.31-04.42.09:823][659]LogModuleManager: Shutting down and abandoning module PackagesDialog (167)
[2017.03.31-04.42.09:823][659]LogModuleManager: Shutting down and abandoning module AnimGraph (166)
[2017.03.31-04.42.09:823][659]LogModuleManager: Shutting down and abandoning module Persona (165)
[2017.03.31-04.42.09:832][659]LogModuleManager: Shutting down and abandoning module Kismet (164)
[2017.03.31-04.42.09:836][659]LogModuleManager: Shutting down and abandoning module GraphEditor (163)
[2017.03.31-04.42.09:836][659]LogModuleManager: Shutting down and abandoning module ClassViewer (162)
[2017.03.31-04.42.09:842][659]LogModuleManager: Shutting down and abandoning module Toolbox (161)
[2017.03.31-04.42.09:842][659]LogModuleManager: Shutting down and abandoning module ModuleUI (160)
[2017.03.31-04.42.09:851][659]LogModuleManager: Shutting down and abandoning module MovieSceneTools (159)
[2017.03.31-04.42.09:859][659]LogModuleManager: Shutting down and abandoning module OutputLog (158)
[2017.03.31-04.42.09:862][659]LogModuleManager: Shutting down and abandoning module GammaUI (157)
[2017.03.31-04.42.09:873][659]LogModuleManager: Shutting down and abandoning module Documentation (156)
[2017.03.31-04.42.09:873][659]LogModuleManager: Shutting down and abandoning module Niagara (155)
[2017.03.31-04.42.09:873][659]LogModuleManager: Shutting down and abandoning module StreamingPauseRendering (154)
[2017.03.31-04.42.09:873][659]LogModuleManager: Shutting down and abandoning module AnalyticsET (153)
[2017.03.31-04.42.09:873][659]LogModuleManager: Shutting down and abandoning module PortalServices (152)
[2017.03.31-04.42.09:873][659]LogModuleManager: Shutting down and abandoning module PortalRpc (151)
[2017.03.31-04.42.09:873][659]LogModuleManager: Shutting down and abandoning module MessagingRpc (150)
[2017.03.31-04.42.09:873][659]LogModuleManager: Shutting down and abandoning module GameplayDebugger (149)
[2017.03.31-04.42.09:873][659]LogModuleManager: Shutting down and abandoning module AITestSuite (148)
[2017.03.31-04.42.09:873][659]LogModuleManager: Shutting down and abandoning module AIModule (147)
[2017.03.31-04.42.09:873][659]LogModuleManager: Shutting down and abandoning module ProfilerService (146)
[2017.03.31-04.42.10:020][659]LogModuleManager: Shutting down and abandoning module TaskGraph (145)
[2017.03.31-04.42.10:025][659]LogModuleManager: Shutting down and abandoning module SlateRemote (144)
[2017.03.31-04.42.10:025][659]LogModuleManager: Shutting down and abandoning module SteamVRController (143)
[2017.03.31-04.42.10:025][659]LogModuleManager: Shutting down and abandoning module SteamVR (142)
[2017.03.31-04.42.10:025][659]LogModuleManager: Shutting down and abandoning module ProceduralMeshComponentEditor (141)
[2017.03.31-04.42.10:025][659]LogModuleManager: Shutting down and abandoning module ProceduralMeshComponent (140)
[2017.03.31-04.42.10:025][659]LogModuleManager: Shutting down and abandoning module OculusLibrary (139)
[2017.03.31-04.42.10:025][659]LogModuleManager: Shutting down and abandoning module OculusInput (138)
[2017.03.31-04.42.10:025][659]LogModuleManager: Shutting down and abandoning module MobilePatchingUtils (137)
[2017.03.31-04.42.10:025][659]LogModuleManager: Shutting down and abandoning module CustomMeshComponent (136)
[2017.03.31-04.42.10:025][659]LogModuleManager: Shutting down and abandoning module CableComponent (135)
[2017.03.31-04.42.10:025][659]LogModuleManager: Shutting down and abandoning module ArchVisCharacter (134)
[2017.03.31-04.42.10:025][659]LogModuleManager: Shutting down and abandoning module MediaPlayerEditor (132)
[2017.03.31-04.42.10:034][659]LogModuleManager: Shutting down and abandoning module HTML5Networking (131)
[2017.03.31-04.42.10:043][659]LogModuleManager: Shutting down and abandoning module GeometryCacheEd (130)
[2017.03.31-04.42.10:043][659]LogModuleManager: Shutting down and abandoning module GeometryCache (129)
[2017.03.31-04.42.10:043][659]LogModuleManager: Shutting down and abandoning module AlembicLibrary (128)
[2017.03.31-04.42.10:043][659]LogModuleManager: Shutting down and abandoning module AlembicImporter (127)
[2017.03.31-04.42.10:055][659]LogModuleManager: Shutting down and abandoning module SuperSearch (126)
[2017.03.31-04.42.10:055][659]LogModuleManager: Shutting down and abandoning module SuperSearchEditor (125)
[2017.03.31-04.42.10:055][659]LogModuleManager: Shutting down and abandoning module SpeedTreeImporter (124)
[2017.03.31-04.42.10:055][659]LogModuleManager: Shutting down and abandoning module PluginBrowser (123)
[2017.03.31-04.42.10:055][659]LogModuleManager: Shutting down and abandoning module MobileLauncherProfileWizard (122)
[2017.03.31-04.42.10:061][659]LogModuleManager: Shutting down and abandoning module EpicSurvey (121)
[2017.03.31-04.42.10:061][659]LogModuleManager: Shutting down and abandoning module DesktopPlatform (120)
[2017.03.31-04.42.10:061][659]LogModuleManager: Shutting down and abandoning module VisualStudioSourceCodeAccess (119)
[2017.03.31-04.42.10:062][659]LogModuleManager: Shutting down and abandoning module UObjectPlugin (118)
[2017.03.31-04.42.10:062][659]LogModuleManager: Shutting down and abandoning module SubversionSourceControl (117)
[2017.03.31-04.42.10:062][659]LogModuleManager: Shutting down and abandoning module PerforceSourceControl (116)
[2017.03.31-04.42.10:062][659]LogModuleManager: Shutting down and abandoning module SourceControl (115)
[2017.03.31-04.42.10:062][659]LogModuleManager: Shutting down and abandoning module GitSourceControl (114)
[2017.03.31-04.42.10:062][659]LogModuleManager: Shutting down and abandoning module LightPropagationVolumeEditor (113)
[2017.03.31-04.42.10:062][659]LogModuleManager: Shutting down and abandoning module PaperTiledImporter (112)
[2017.03.31-04.42.10:062][659]LogModuleManager: Shutting down and abandoning module PaperSpriteSheetImporter (111)
[2017.03.31-04.42.10:062][659]LogModuleManager: Shutting down and abandoning module MeshPaint (110)
[2017.03.31-04.42.10:062][659]LogModuleManager: Shutting down and abandoning module PixelInspectorModule (109)
[2017.03.31-04.42.10:062][659]LogModuleManager: Shutting down and abandoning module HotReload (108)
[2017.03.31-04.42.10:062][659]LogModuleManager: Shutting down and abandoning module MainFrame (107)
[2017.03.31-04.42.10:062][659]LogModuleManager: Shutting down and abandoning module LevelEditor (106)
[2017.03.31-04.42.10:062][659]LogModuleManager: Shutting down and abandoning module ContentBrowser (105)
[2017.03.31-04.42.10:063][659]LogModuleManager: Shutting down and abandoning module Paper2DEditor (104)
[2017.03.31-04.42.10:070][659]LogModuleManager: Shutting down and abandoning module UdpMessaging (103)
[2017.03.31-04.42.10:170][659]LogModuleManager: Shutting down and abandoning module TcpMessaging (102)
[2017.03.31-04.42.10:270][659]LogModuleManager: Shutting down and abandoning module LightPropagationVolumeRuntime (101)
[2017.03.31-04.42.10:270][659]LogModuleManager: Shutting down and abandoning module Paper2D (100)
[2017.03.31-04.42.10:270][659]LogModuleManager: Shutting down and abandoning module WindowsMoviePlayer (99)
[2017.03.31-04.42.10:270][659]LogModuleManager: Shutting down and abandoning module WmfMedia (98)
[2017.03.31-04.42.10:280][659]LogModuleManager: Shutting down and abandoning module MediaAssets (97)
[2017.03.31-04.42.10:280][659]LogModuleManager: Shutting down and abandoning module GameLiveStreaming (96)
[2017.03.31-04.42.10:280][659]LogModuleManager: Shutting down and abandoning module GameplayTagsEditor (95)
[2017.03.31-04.42.10:280][659]LogModuleManager: Shutting down and abandoning module VREditor (94)
[2017.03.31-04.42.10:280][659]LogModuleManager: Shutting down and abandoning module GameplayTasksEditor (93)
[2017.03.31-04.42.10:280][659]LogModuleManager: Shutting down and abandoning module BehaviorTreeEditor (92)
[2017.03.31-04.42.10:285][659]LogModuleManager: Shutting down and abandoning module FunctionalTesting (91)
[2017.03.31-04.42.10:285][659]LogModuleManager: Shutting down and abandoning module CollisionAnalyzer (90)
[2017.03.31-04.42.10:290][659]LogModuleManager: Shutting down and abandoning module Sequencer (89)
[2017.03.31-04.42.10:301][659]LogModuleManager: Shutting down and abandoning module WorkspaceMenuStructure (88)
[2017.03.31-04.42.10:301][659]LogModuleManager: Shutting down and abandoning module MessageLog (87)
[2017.03.31-04.42.10:301][659]LogModuleManager: Shutting down and abandoning module AssetTools (86)
[2017.03.31-04.42.10:310][659]LogModuleManager: Shutting down and abandoning module UMGEditor (85)
[2017.03.31-04.42.10:320][659]LogModuleManager: Shutting down and abandoning module UMG (84)
[2017.03.31-04.42.10:320][659]LogModuleManager: Shutting down and abandoning module SlateReflector (83)
[2017.03.31-04.42.10:339][659]LogModuleManager: Shutting down and abandoning module Slate (82)
[2017.03.31-04.42.10:339][659]LogModuleManager: Shutting down and abandoning module EditorStyle (81)
[2017.03.31-04.42.10:341][659]LogModuleManager: Shutting down and abandoning module SourceCodeAccess (80)
[2017.03.31-04.42.10:341][659]LogModuleManager: Shutting down and abandoning module HeadMountedDisplay (79)
[2017.03.31-04.42.10:341][659]LogModuleManager: Shutting down and abandoning module XAudio2 (78)
[2017.03.31-04.42.10:341][659]LogModuleManager: Shutting down and abandoning module Networking (76)
[2017.03.31-04.42.10:341][659]LogModuleManager: Shutting down and abandoning module Core (75)
[2017.03.31-04.42.10:341][659]LogModuleManager: Shutting down and abandoning module DirectoryWatcher (74)
[2017.03.31-04.42.10:341][659]LogDirectoryWatcher: A directory notification for '../../../Engine/Content/' was aborted.
[2017.03.31-04.42.10:341][659]LogDirectoryWatcher: A directory notification for 'C:/Users/jerry/Documents/GitHub/senior-design/DicomVisual/Content/' was aborted.
[2017.03.31-04.42.10:341][659]LogDirectoryWatcher: A directory notification for '../../../Engine/Plugins/2D/Paper2D/Content/' was aborted.
[2017.03.31-04.42.10:341][659]LogModuleManager: Shutting down and abandoning module AssetRegistry (73)
[2017.03.31-04.42.10:481][659]LogModuleManager: Shutting down and abandoning module KismetCompiler (72)
[2017.03.31-04.42.10:481][659]LogModuleManager: Shutting down and abandoning module PhysXFormats (71)
[2017.03.31-04.42.10:481][659]LogModuleManager: Shutting down and abandoning module SimplygonSwarm (70)
[2017.03.31-04.42.10:490][659]LogModuleManager: Shutting down and abandoning module SimplygonMeshReduction (69)
[2017.03.31-04.42.10:490][659]LogModuleManager: Shutting down and abandoning module QuadricMeshReduction (68)
[2017.03.31-04.42.10:490][659]LogModuleManager: Shutting down and abandoning module PropertyEditor (67)
[2017.03.31-04.42.10:490][659]LogModuleManager: Shutting down and abandoning module MeshUtilities (66)
[2017.03.31-04.42.10:497][659]LogModuleManager: Shutting down and abandoning module DerivedDataCache (65)
[2017.03.31-04.42.10:547][659]LogDerivedDataCache: Shutdown
[2017.03.31-04.42.10:547][659]LogModuleManager: Shutting down and abandoning module VulkanShaderFormat (64)
[2017.03.31-04.42.10:547][659]LogModuleManager: Shutting down and abandoning module ShaderFormatOpenGL (63)
[2017.03.31-04.42.10:559][659]LogModuleManager: Shutting down and abandoning module ShaderFormatD3D (62)
[2017.03.31-04.42.10:559][659]LogModuleManager: Shutting down and abandoning module MetalShaderFormat (61)
[2017.03.31-04.42.10:580][659]LogModuleManager: Shutting down and abandoning module TextureFormatUncompressed (60)
[2017.03.31-04.42.10:580][659]LogModuleManager: Shutting down and abandoning module TextureFormatPVR (59)
[2017.03.31-04.42.10:580][659]LogModuleManager: Shutting down and abandoning module TextureFormatDXT (58)
[2017.03.31-04.42.10:580][659]LogModuleManager: Shutting down and abandoning module TextureFormatIntelISPCTexComp (57)
[2017.03.31-04.42.10:580][659]LogModuleManager: Shutting down and abandoning module ImageWrapper (56)
[2017.03.31-04.42.10:580][659]LogModuleManager: Shutting down and abandoning module TextureFormatASTC (55)
[2017.03.31-04.42.10:580][659]LogModuleManager: Shutting down and abandoning module TextureFormatAndroid (54)
[2017.03.31-04.42.10:580][659]LogModuleManager: Shutting down and abandoning module AudioFormatOpus (53)
[2017.03.31-04.42.10:580][659]LogModuleManager: Shutting down and abandoning module AudioFormatOgg (52)
[2017.03.31-04.42.10:580][659]LogModuleManager: Shutting down and abandoning module AudioFormatADPCM (51)
[2017.03.31-04.42.10:580][659]LogModuleManager: Shutting down and abandoning module LinuxTargetPlatform (50)
[2017.03.31-04.42.10:580][659]LogModuleManager: Shutting down and abandoning module LinuxServerTargetPlatform (49)
[2017.03.31-04.42.10:580][659]LogModuleManager: Shutting down and abandoning module LinuxNoEditorTargetPlatform (48)
[2017.03.31-04.42.10:580][659]LogModuleManager: Shutting down and abandoning module LinuxClientTargetPlatform (47)
[2017.03.31-04.42.10:580][659]LogModuleManager: Shutting down and abandoning module TVOSTargetPlatform (46)
[2017.03.31-04.42.10:580][659]LogModuleManager: Shutting down and abandoning module Messaging (45)
[2017.03.31-04.42.10:580][659]LogModuleManager: Shutting down and abandoning module IOSTargetPlatform (44)
[2017.03.31-04.42.10:580][659]LogModuleManager: Shutting down and abandoning module HTML5TargetPlatform (43)
[2017.03.31-04.42.10:580][659]LogModuleManager: Shutting down and abandoning module Android_PVRTCTargetPlatform (42)
[2017.03.31-04.42.10:580][659]LogModuleManager: Shutting down and abandoning module Android_MultiTargetPlatform (41)
[2017.03.31-04.42.10:580][659]LogModuleManager: Shutting down and abandoning module Android_ETC2TargetPlatform (40)
[2017.03.31-04.42.10:580][659]LogModuleManager: Shutting down and abandoning module Android_ETC1TargetPlatform (39)
[2017.03.31-04.42.10:580][659]LogModuleManager: Shutting down and abandoning module Android_DXTTargetPlatform (38)
[2017.03.31-04.42.10:580][659]LogModuleManager: Shutting down and abandoning module Android_ATCTargetPlatform (37)
[2017.03.31-04.42.10:580][659]LogModuleManager: Shutting down and abandoning module Android_ASTCTargetPlatform (36)
[2017.03.31-04.42.10:580][659]LogModuleManager: Shutting down and abandoning module AndroidTargetPlatform (35)
[2017.03.31-04.42.10:580][659]LogModuleManager: Shutting down and abandoning module WindowsTargetPlatform (34)
[2017.03.31-04.42.10:580][659]LogModuleManager: Shutting down and abandoning module WindowsServerTargetPlatform (33)
[2017.03.31-04.42.10:580][659]LogModuleManager: Shutting down and abandoning module WindowsNoEditorTargetPlatform (32)
[2017.03.31-04.42.10:580][659]LogModuleManager: Shutting down and abandoning module WindowsClientTargetPlatform (31)
[2017.03.31-04.42.10:580][659]LogModuleManager: Shutting down and abandoning module MacTargetPlatform (30)
[2017.03.31-04.42.10:580][659]LogModuleManager: Shutting down and abandoning module MacServerTargetPlatform (29)
[2017.03.31-04.42.10:580][659]LogModuleManager: Shutting down and abandoning module MacNoEditorTargetPlatform (28)
[2017.03.31-04.42.10:580][659]LogModuleManager: Shutting down and abandoning module MacClientTargetPlatform (27)
[2017.03.31-04.42.10:580][659]LogModuleManager: Shutting down and abandoning module AllDesktopTargetPlatform (26)
[2017.03.31-04.42.10:580][659]LogModuleManager: Shutting down and abandoning module TargetPlatform (25)
[2017.03.31-04.42.10:580][659]LogModuleManager: Shutting down and abandoning module InputCore (24)
[2017.03.31-04.42.10:580][659]LogModuleManager: Shutting down and abandoning module Settings (23)
[2017.03.31-04.42.10:580][659]LogModuleManager: Shutting down and abandoning module OculusRift (22)
[2017.03.31-04.42.10:580][659]LogModuleManager: Shutting down and abandoning module ExampleDeviceProfileSelector (21)
[2017.03.31-04.42.10:580][659]LogModuleManager: Shutting down and abandoning module OnlineBlueprintSupport (20)
[2017.03.31-04.42.10:580][659]LogModuleManager: Shutting down and abandoning module OnlineSubsystem (18)
[2017.03.31-04.42.10:580][659]LogOnline:Display: Unloading online subsystem: NULL
[2017.03.31-04.42.10:610][659]LogModuleManager: Shutting down and abandoning module SSL (17)
[2017.03.31-04.42.10:611][659]LogModuleManager: Shutting down and abandoning module HTTP (16)
[2017.03.31-04.42.10:611][659]LogModuleManager: Shutting down and abandoning module XMPP (15)
[2017.03.31-04.42.10:633][659]LogModuleManager: Shutting down and abandoning module TextureCompressor (14)
[2017.03.31-04.42.10:633][659]LogModuleManager: Shutting down and abandoning module ShaderCore (13)
[2017.03.31-04.42.10:633][659]LogModuleManager: Shutting down and abandoning module Landscape (12)
[2017.03.31-04.42.10:633][659]LogModuleManager: Shutting down and abandoning module SlateRHIRenderer (11)
[2017.03.31-04.42.10:640][659]LogModuleManager: Shutting down and abandoning module OpenGLDrv (10)
[2017.03.31-04.42.10:650][659]LogModuleManager: Shutting down and abandoning module D3D11RHI (9)
[2017.03.31-04.42.10:650][659]LogModuleManager: Shutting down and abandoning module AnimGraphRuntime (8)
[2017.03.31-04.42.10:650][659]LogModuleManager: Shutting down and abandoning module Renderer (7)
[2017.03.31-04.42.10:650][659]LogModuleManager: Shutting down and abandoning module Engine (6)
[2017.03.31-04.42.10:650][659]LogModuleManager: Shutting down and abandoning module CoreUObject (5)
[2017.03.31-04.42.10:650][659]LogModuleManager: Shutting down and abandoning module NetworkFile (4)
[2017.03.31-04.42.10:655][659]LogModuleManager: Shutting down and abandoning module StreamingFile (3)
[2017.03.31-04.42.10:655][659]LogModuleManager: Shutting down and abandoning module SandboxFile (2)
[2017.03.31-04.42.10:655][659]LogModuleManager: Shutting down and abandoning module PakFile (1)
[2017.03.31-04.42.10:656][659]LogExit: Exiting.
[2017.03.31-04.42.10:657][659]Log file closed, 03/30/17 20:42:10
