Log file open, 03/29/17 12:48:12
LogInit:Display: Running engine for game: DicomVisual
LogPlatformFile: Not using cached read wrapper
LogInit:Display: RandInit(1831705224) SRandInit(1831705224).
LogTaskGraph: Started task graph with 5 named threads and 8 total threads with 1 sets of task threads.
LogStats: Stats thread started at 0.064033
LogPluginManager: Loaded Plugin Paper2D, From D:/Epic Games/4.14/Engine/Plugins/2D/Paper2D/Paper2D.uplugin
LogPluginManager: Loaded Plugin LightPropagationVolume, From D:/Epic Games/4.14/Engine/Plugins/Blendables/LightPropagationVolume/LightPropagationVolume.uplugin
LogPluginManager: Loaded Plugin BlankPlugin, From D:/Epic Games/4.14/Engine/Plugins/Developer/BlankPlugin/BlankPlugin.uplugin
LogPluginManager: Loaded Plugin CodeLiteSourceCodeAccess, From D:/Epic Games/4.14/Engine/Plugins/Developer/CodeLiteSourceCodeAccess/CodeLiteSourceCodeAccess.uplugin
LogPluginManager: Loaded Plugin GitSourceControl, From D:/Epic Games/4.14/Engine/Plugins/Developer/GitSourceControl/GitSourceControl.uplugin
LogPluginManager: Loaded Plugin KDevelopSourceCodeAccess, From D:/Epic Games/4.14/Engine/Plugins/Developer/KDevelopSourceCodeAccess/KDevelopSourceCodeAccess.uplugin
LogPluginManager: Loaded Plugin NullSourceCodeAccess, From D:/Epic Games/4.14/Engine/Plugins/Developer/NullSourceCodeAccess/NullSourceCodeAccess.uplugin
LogPluginManager: Loaded Plugin OneSkyLocalizationService, From D:/Epic Games/4.14/Engine/Plugins/Developer/OneSkyLocalizationService/OneSkyLocalizationService.uplugin
LogPluginManager: Loaded Plugin PerforceSourceControl, From D:/Epic Games/4.14/Engine/Plugins/Developer/PerforceSourceControl/PerforceSourceControl.uplugin
LogPluginManager: Loaded Plugin SubversionSourceControl, From D:/Epic Games/4.14/Engine/Plugins/Developer/SubversionSourceControl/SubversionSourceControl.uplugin
LogPluginManager: Loaded Plugin UObjectPlugin, From D:/Epic Games/4.14/Engine/Plugins/Developer/UObjectPlugin/UObjectPlugin.uplugin
LogPluginManager: Loaded Plugin VisualStudioSourceCodeAccess, From D:/Epic Games/4.14/Engine/Plugins/Developer/VisualStudioSourceCodeAccess/VisualStudioSourceCodeAccess.uplugin
LogPluginManager: Loaded Plugin XCodeSourceCodeAccess, From D:/Epic Games/4.14/Engine/Plugins/Developer/XCodeSourceCodeAccess/XCodeSourceCodeAccess.uplugin
LogPluginManager: Loaded Plugin AudioCapture, From D:/Epic Games/4.14/Engine/Plugins/Editor/AudioCapture/AudioCapture.uplugin
LogPluginManager: Loaded Plugin EpicSurvey, From D:/Epic Games/4.14/Engine/Plugins/Editor/EpicSurvey/EpicSurvey.uplugin
LogPluginManager: Loaded Plugin MacGraphicsSwitching, From D:/Epic Games/4.14/Engine/Plugins/Editor/MacGraphicsSwitching/MacGraphicsSwitching.uplugin
LogPluginManager: Loaded Plugin MobileLauncherProfileWizard, From D:/Epic Games/4.14/Engine/Plugins/Editor/MobileLauncherProfileWizard/MobileLauncherProfileWizard.uplugin
LogPluginManager: Loaded Plugin PluginBrowser, From D:/Epic Games/4.14/Engine/Plugins/Editor/PluginBrowser/PluginBrowser.uplugin
LogPluginManager: Loaded Plugin SpeedTreeImporter, From D:/Epic Games/4.14/Engine/Plugins/Editor/SpeedTreeImporter/SpeedTreeImporter.uplugin
LogPluginManager: Loaded Plugin SuperSearchEditor, From D:/Epic Games/4.14/Engine/Plugins/Editor/SuperSearchEditor/SuperSearchEditor.uplugin
LogPluginManager: Loaded Plugin AlembicImporter, From D:/Epic Games/4.14/Engine/Plugins/Experimental/AlembicImporter/AlembicImporter.uplugin
LogPluginManager: Loaded Plugin BlueprintStats, From D:/Epic Games/4.14/Engine/Plugins/Experimental/BlueprintStats/BlueprintStats.uplugin
LogPluginManager: Loaded Plugin CharacterAI, From D:/Epic Games/4.14/Engine/Plugins/Experimental/CharacterAI/CharacterAI.uplugin
LogPluginManager: Loaded Plugin CodeEditor, From D:/Epic Games/4.14/Engine/Plugins/Experimental/CodeEditor/CodeEditor.uplugin
LogPluginManager: Loaded Plugin CodeView, From D:/Epic Games/4.14/Engine/Plugins/Experimental/CodeView/CodeView.uplugin
LogPluginManager: Loaded Plugin HTML5Networking, From D:/Epic Games/4.14/Engine/Plugins/Experimental/HTML5Networking/HTML5Networking.uplugin
LogPluginManager: Loaded Plugin OSVR, From D:/Epic Games/4.14/Engine/Plugins/Experimental/OSVR/OSVR.uplugin
LogPluginManager: Loaded Plugin Phya, From D:/Epic Games/4.14/Engine/Plugins/Experimental/Phya/Phya.uplugin
LogPluginManager: Loaded Plugin SignificanceManager, From D:/Epic Games/4.14/Engine/Plugins/Experimental/SignificanceManager/SignificanceManager.uplugin
LogPluginManager: Loaded Plugin SimpleHMD, From D:/Epic Games/4.14/Engine/Plugins/Experimental/SimpleHMD/SimpleHMD.uplugin
LogPluginManager: Loaded Plugin StereoPanorama, From D:/Epic Games/4.14/Engine/Plugins/Experimental/StereoPanorama/StereoPanorama.uplugin
LogPluginManager: Loaded Plugin StructBox, From D:/Epic Games/4.14/Engine/Plugins/Experimental/StructBox/StructBox.uplugin
LogPluginManager: Loaded Plugin AndroidMedia, From D:/Epic Games/4.14/Engine/Plugins/Media/AndroidMedia/AndroidMedia.uplugin
LogPluginManager: Loaded Plugin AvfMedia, From D:/Epic Games/4.14/Engine/Plugins/Media/AvfMedia/AvfMedia.uplugin
LogPluginManager: Loaded Plugin MediaPlayerEditor, From D:/Epic Games/4.14/Engine/Plugins/Media/MediaPlayerEditor/MediaPlayerEditor.uplugin
LogPluginManager: Loaded Plugin WmfMedia, From D:/Epic Games/4.14/Engine/Plugins/Media/WmfMedia/WmfMedia.uplugin
LogPluginManager: Loaded Plugin MessagingDebugger, From D:/Epic Games/4.14/Engine/Plugins/Messaging/MessagingDebugger/MessagingDebugger.uplugin
LogPluginManager: Loaded Plugin TcpMessaging, From D:/Epic Games/4.14/Engine/Plugins/Messaging/TcpMessaging/TcpMessaging.uplugin
LogPluginManager: Loaded Plugin UdpMessaging, From D:/Epic Games/4.14/Engine/Plugins/Messaging/UdpMessaging/UdpMessaging.uplugin
LogPluginManager: Loaded Plugin LevelSequenceEditor, From D:/Epic Games/4.14/Engine/Plugins/MovieScene/LevelSequenceEditor/LevelSequenceEditor.uplugin
LogPluginManager: Loaded Plugin MatineeToLevelSequence, From D:/Epic Games/4.14/Engine/Plugins/MovieScene/MatineeToLevelSequence/MatineeToLevelSequence.uplugin
LogPluginManager: Loaded Plugin NetcodeUnitTest, From D:/Epic Games/4.14/Engine/Plugins/NetcodeUnitTest/NetcodeUnitTest/NetcodeUnitTest.uplugin
LogPluginManager: Loaded Plugin NUTUnrealEngine4, From D:/Epic Games/4.14/Engine/Plugins/NetcodeUnitTest/NUTUnrealEngine4/NUTUnrealEngine4.uplugin
LogPluginManager: Loaded Plugin OnlineSubsystemGameCircle, From D:/Epic Games/4.14/Engine/Plugins/Online/Android/OnlineSubsystemGameCircle/OnlineSubsystemGameCircle.uplugin
LogPluginManager: Loaded Plugin OnlineSubsystemGooglePlay, From D:/Epic Games/4.14/Engine/Plugins/Online/Android/OnlineSubsystemGooglePlay/OnlineSubsystemGooglePlay.uplugin
LogPluginManager: Loaded Plugin OnlineSubsystemIOS, From D:/Epic Games/4.14/Engine/Plugins/Online/IOS/OnlineSubsystemIOS/OnlineSubsystemIOS.uplugin
LogPluginManager: Loaded Plugin OnlineFramework, From D:/Epic Games/4.14/Engine/Plugins/Online/OnlineFramework/OnlineFramework.uplugin
LogPluginManager: Loaded Plugin OnlineSubsystem, From D:/Epic Games/4.14/Engine/Plugins/Online/OnlineSubsystem/OnlineSubsystem.uplugin
LogPluginManager: Loaded Plugin OnlineSubsystemAmazon, From D:/Epic Games/4.14/Engine/Plugins/Online/OnlineSubsystemAmazon/OnlineSubsystemAmazon.uplugin
LogPluginManager: Loaded Plugin OnlineSubsystemFacebook, From D:/Epic Games/4.14/Engine/Plugins/Online/OnlineSubsystemFacebook/OnlineSubsystemFacebook.uplugin
LogPluginManager: Loaded Plugin OnlineSubsystemNull, From D:/Epic Games/4.14/Engine/Plugins/Online/OnlineSubsystemNull/OnlineSubsystemNull.uplugin
LogPluginManager: Loaded Plugin OnlineSubsystemOculus, From D:/Epic Games/4.14/Engine/Plugins/Online/OnlineSubsystemOculus/OnlineSubsystemOculus.uplugin
LogPluginManager: Loaded Plugin OnlineSubsystemSteam, From D:/Epic Games/4.14/Engine/Plugins/Online/OnlineSubsystemSteam/OnlineSubsystemSteam.uplugin
LogPluginManager: Loaded Plugin OnlineSubsystemUtils, From D:/Epic Games/4.14/Engine/Plugins/Online/OnlineSubsystemUtils/OnlineSubsystemUtils.uplugin
LogPluginManager: Loaded Plugin IOSTapJoy, From D:/Epic Games/4.14/Engine/Plugins/Runtime/Advertising/IOSTapJoy/IOSTapJoy.uplugin
LogPluginManager: Loaded Plugin AnalyticsBlueprintLibrary, From D:/Epic Games/4.14/Engine/Plugins/Runtime/Analytics/AnalyticsBlueprintLibrary/AnalyticsBlueprintLibrary.uplugin
LogPluginManager: Loaded Plugin AnalyticsMulticast, From D:/Epic Games/4.14/Engine/Plugins/Runtime/Analytics/AnalyticsMulticast/AnalyticsMulticast.uplugin
LogPluginManager: Loaded Plugin Apsalar, From D:/Epic Games/4.14/Engine/Plugins/Runtime/Analytics/Apsalar/Apsalar.uplugin
LogPluginManager: Loaded Plugin FileLogging, From D:/Epic Games/4.14/Engine/Plugins/Runtime/Analytics/FileLogging/FileLogging.uplugin
LogPluginManager: Loaded Plugin Flurry, From D:/Epic Games/4.14/Engine/Plugins/Runtime/Analytics/Flurry/Flurry.uplugin
LogPluginManager: Loaded Plugin AndroidDeviceProfileSelector, From D:/Epic Games/4.14/Engine/Plugins/Runtime/AndroidDeviceProfileSelector/AndroidDeviceProfileSelector.uplugin
LogPluginManager: Loaded Plugin AndroidMoviePlayer, From D:/Epic Games/4.14/Engine/Plugins/Runtime/AndroidMoviePlayer/AndroidMoviePlayer.uplugin
LogPluginManager: Loaded Plugin AppleMoviePlayer, From D:/Epic Games/4.14/Engine/Plugins/Runtime/AppleMoviePlayer/AppleMoviePlayer.uplugin
LogPluginManager: Loaded Plugin ArchVisCharacter, From D:/Epic Games/4.14/Engine/Plugins/Runtime/ArchVisCharacter/ArchVisCharacter.uplugin
LogPluginManager: Loaded Plugin CableComponent, From D:/Epic Games/4.14/Engine/Plugins/Runtime/CableComponent/CableComponent.uplugin
LogPluginManager: Loaded Plugin CustomMeshComponent, From D:/Epic Games/4.14/Engine/Plugins/Runtime/CustomMeshComponent/CustomMeshComponent.uplugin
LogPluginManager: Loaded Plugin ExampleDeviceProfileSelector, From D:/Epic Games/4.14/Engine/Plugins/Runtime/ExampleDeviceProfileSelector/ExampleDeviceProfileSelector.uplugin
LogPluginManager: Loaded Plugin GearVR, From D:/Epic Games/4.14/Engine/Plugins/Runtime/GearVR/GearVR.uplugin
LogPluginManager: Loaded Plugin GoogleVRController, From D:/Epic Games/4.14/Engine/Plugins/Runtime/GoogleVR/GoogleVRController/GoogleVRController.uplugin
LogPluginManager: Loaded Plugin GoogleVRHMD, From D:/Epic Games/4.14/Engine/Plugins/Runtime/GoogleVR/GoogleVRHMD/GoogleVRHMD.uplugin
LogPluginManager: Loaded Plugin IOSDeviceProfileSelector, From D:/Epic Games/4.14/Engine/Plugins/Runtime/IOSDeviceProfileSelector/IOSDeviceProfileSelector.uplugin
LogPluginManager: Loaded Plugin LeapMotion, From D:/Epic Games/4.14/Engine/Plugins/Runtime/LeapMotion/LeapMotion.uplugin
LogPluginManager: Loaded Plugin LinuxDeviceProfileSelector, From D:/Epic Games/4.14/Engine/Plugins/Runtime/LinuxDeviceProfileSelector/LinuxDeviceProfileSelector.uplugin
LogPluginManager: Loaded Plugin MIDIDevice, From D:/Epic Games/4.14/Engine/Plugins/Runtime/MIDIDevice/MIDIDevice.uplugin
LogPluginManager: Loaded Plugin MobilePatchingUtils, From D:/Epic Games/4.14/Engine/Plugins/Runtime/MobilePatchingUtils/MobilePatchingUtils.uplugin
LogPluginManager: Loaded Plugin Ansel, From D:/Epic Games/4.14/Engine/Plugins/Runtime/Nvidia/Ansel/Ansel.uplugin
LogPluginManager: Loaded Plugin OculusAudio, From D:/Epic Games/4.14/Engine/Plugins/Runtime/OculusAudio/OculusAudio.uplugin
LogPluginManager: Loaded Plugin OculusInput, From D:/Epic Games/4.14/Engine/Plugins/Runtime/OculusInput/OculusInput.uplugin
LogPluginManager: Loaded Plugin OculusLibrary, From D:/Epic Games/4.14/Engine/Plugins/Runtime/OculusLibrary/OculusLibrary.uplugin
LogPluginManager: Loaded Plugin OculusRift, From D:/Epic Games/4.14/Engine/Plugins/Runtime/OculusRift/OculusRift.uplugin
LogPluginManager: Loaded Plugin Oodle, From D:/Epic Games/4.14/Engine/Plugins/Runtime/PacketHandlers/CompressionComponents/Oodle/Oodle.uplugin
LogPluginManager: Loaded Plugin ProceduralMeshComponent, From D:/Epic Games/4.14/Engine/Plugins/Runtime/ProceduralMeshComponent/ProceduralMeshComponent.uplugin
LogPluginManager: Loaded Plugin SoundMod, From D:/Epic Games/4.14/Engine/Plugins/Runtime/SoundMod/SoundMod.uplugin
LogPluginManager: Loaded Plugin SoundVisualizations, From D:/Epic Games/4.14/Engine/Plugins/Runtime/SoundVisualizations/SoundVisualizations.uplugin
LogPluginManager: Loaded Plugin SteamController, From D:/Epic Games/4.14/Engine/Plugins/Runtime/Steam/SteamController/SteamController.uplugin
LogPluginManager: Loaded Plugin SteamVR, From D:/Epic Games/4.14/Engine/Plugins/Runtime/Steam/SteamVR/SteamVR.uplugin
LogPluginManager: Loaded Plugin WebBrowserWidget, From D:/Epic Games/4.14/Engine/Plugins/Runtime/WebBrowserWidget/WebBrowserWidget.uplugin
LogPluginManager: Loaded Plugin WindowsDeviceProfileSelector, From D:/Epic Games/4.14/Engine/Plugins/Runtime/WindowsDeviceProfileSelector/WindowsDeviceProfileSelector.uplugin
LogPluginManager: Loaded Plugin WindowsMoviePlayer, From D:/Epic Games/4.14/Engine/Plugins/Runtime/WindowsMoviePlayer/WindowsMoviePlayer.uplugin
LogPluginManager: Loaded Plugin ScriptPlugin, From D:/Epic Games/4.14/Engine/Plugins/ScriptPlugin/ScriptPlugin.uplugin
LogPluginManager: Loaded Plugin SlateRemote, From D:/Epic Games/4.14/Engine/Plugins/Slate/SlateRemote/SlateRemote.uplugin
LogPluginManager: Loaded Plugin EditorTests, From D:/Epic Games/4.14/Engine/Plugins/Tests/EditorTests/EditorTests.uplugin
LogPluginManager: Loaded Plugin FbxAutomationTestBuilder, From D:/Epic Games/4.14/Engine/Plugins/Tests/FbxAutomationTestBuilder/FbxAutomationTestBuilder.uplugin
LogPluginManager: Loaded Plugin FunctionalTestingEditor, From D:/Epic Games/4.14/Engine/Plugins/Tests/FunctionalTestingEditor/FunctionalTestingEditor.uplugin
LogPluginManager: Loaded Plugin RuntimeTests, From D:/Epic Games/4.14/Engine/Plugins/Tests/RuntimeTests/RuntimeTests.uplugin
LogPluginManager: Loaded Plugin ScreenshotTools, From D:/Epic Games/4.14/Engine/Plugins/Tests/ScreenshotTools/ScreenshotTools.uplugin
LogInit: Using libcurl 7.47.1
LogInit:  - built for x86_64-pc-win32
LogInit:  - supports SSL with OpenSSL/1.0.2g
LogInit:  - supports HTTP deflate (compression) using libz 1.2.8
LogInit:  - other features:
LogInit:      CURL_VERSION_SSL
LogInit:      CURL_VERSION_LIBZ
LogInit:      CURL_VERSION_IPV6
LogInit:      CURL_VERSION_ASYNCHDNS
LogInit:      CURL_VERSION_LARGEFILE
LogInit:      CURL_VERSION_IDN
LogInit:  CurlRequestOptions (configurable via config and command line):
LogInit:  - bVerifyPeer = false  - Libcurl will NOT verify peer certificate
LogInit:  - bUseHttpProxy = false  - Libcurl will NOT use HTTP proxy
LogInit:  - bDontReuseConnections = false  - Libcurl will reuse connections
LogInit:  - CertBundlePath = nullptr  - Libcurl will use whatever was configured at build time.
LogInit: Build: ++UE4+Release-4.14-CL-3224400
LogInit: Engine Version: 4.14.1-3224400+++UE4+Release-4.14
LogInit: Compatible Engine Version: 4.14.0-3195953+++UE4+Release-4.14
LogInit: Net CL: 3195953
LogDevObjectVersion: Number of dev versions registered: 13
LogDevObjectVersion:   Dev-Blueprints (B0D832E4-1F89-4F0D-ACCF-7EB736FD4AA2): 7
LogDevObjectVersion:   Dev-Build (E1C64328-A22C-4D53-A36C-8E866417BD8C): 0
LogDevObjectVersion:   Dev-Core (375EC13C-06E4-48FB-B500-84F0262A717E): 1
LogDevObjectVersion:   Dev-Editor (E4B068ED-F494-42E9-A231-DA0B2E46BB41): 8
LogDevObjectVersion:   Dev-Framework (CFFC743F-43B0-4480-9391-14DF171D2073): 17
LogDevObjectVersion:   Dev-Mobile (B02B49B5-BB20-44E9-A304-32B752E40360): 0
LogDevObjectVersion:   Dev-Networking (A4E4105C-59A1-49B5-A7C5-40C4547EDFEE): 0
LogDevObjectVersion:   Dev-Online (39C831C9-5AE6-47DC-9A44-9C173E1C8E7C): 0
LogDevObjectVersion:   Dev-Physics (78F01B33-EBEA-4F98-B9B4-84EACCB95AA2): 0
LogDevObjectVersion:   Dev-Platform (6631380F-2D4D-43E0-8009-CF276956A95A): 0
LogDevObjectVersion:   Dev-Rendering (12F88B9F-8875-4AFC-A67C-D90C383ABD29): 12
LogDevObjectVersion:   Dev-Sequencer (7B5AE74C-D270-4C10-A958-57980B212A5A): 1
LogDevObjectVersion:   Dev-VR (D7296918-1DD6-4BDD-9DE2-64A83CC13884): 0
LogInit: Compiled (64-bit): Dec  7 2016 02:14:32
LogInit: Compiled with Visual C++: 19.00.23026.00
LogInit: Build Configuration: Development
LogInit: Branch Name: ++UE4+Release-4.14
LogInit: Command line:  
LogInit: Base directory: D:/Epic Games/4.14/Engine/Binaries/Win64/
LogInit: Installed Engine Build: 1
LogInit: Presizing for max 8388607 objects, including 0 objects not considered by GC, pre-allocating 0 bytes for permanent pool.
LogInit: Object subsystem initialized
[2017.03.29-20.48.12:238][  0]LogInit: Selected Device Profile: [Windows]
[2017.03.29-20.48.12:238][  0]LogInit: Applying CVar settings loaded from the selected device profile: [Windows]
[2017.03.29-20.48.12:246][  0]LogInit: Computer: DESKTOP-71PO0UI
[2017.03.29-20.48.12:246][  0]LogInit: User: jerry
[2017.03.29-20.48.12:246][  0]LogInit: CPU Page size=65536, Cores=4
[2017.03.29-20.48.12:246][  0]LogInit: High frequency timer resolution =3.914057 MHz
[2017.03.29-20.48.12:246][  0]LogMemory: Memory total: Physical=31.9GB (32GB approx)
[2017.03.29-20.48.12:246][  0]LogMemory: Platform Memory Stats for Windows
[2017.03.29-20.48.12:246][  0]LogMemory: Process Physical Memory: 262.91 MB used, 262.91 MB peak
[2017.03.29-20.48.12:246][  0]LogMemory: Process Virtual Memory: 262.73 MB used, 262.73 MB peak
[2017.03.29-20.48.12:246][  0]LogMemory: Physical Memory: 5743.38 MB used,  26940.11 MB free, 32683.49 MB total
[2017.03.29-20.48.12:246][  0]LogMemory: Virtual Memory: 676.63 MB used,  26940.11 MB free, 134217728.00 MB total
[2017.03.29-20.48.12:382][  0]LogTextLocalizationManager: No specific translations for ('en-US') exist, so ('en') translations will be used.
[2017.03.29-20.48.12:822][  0]LogD3D11RHI: D3D11 adapters:
[2017.03.29-20.48.12:844][  0]LogD3D11RHI:    0. 'NVIDIA GeForce GTX 1070' (Feature Level 11_0)
[2017.03.29-20.48.12:844][  0]LogD3D11RHI:       8144/0/16341 MB DedicatedVideo/DedicatedSystem/SharedSystem, Outputs:2, VendorId:0x10de
[2017.03.29-20.48.12:849][  0]LogD3D11RHI:    1. 'Intel(R) HD Graphics 530' (Feature Level 11_0)
[2017.03.29-20.48.12:849][  0]LogD3D11RHI:       128/0/16341 MB DedicatedVideo/DedicatedSystem/SharedSystem, Outputs:0, VendorId:0x8086
[2017.03.29-20.48.12:850][  0]LogD3D11RHI:    2. 'Microsoft Basic Render Driver' (Feature Level 11_0)
[2017.03.29-20.48.12:850][  0]LogD3D11RHI:       0/0/16341 MB DedicatedVideo/DedicatedSystem/SharedSystem, Outputs:0, VendorId:0x1414
[2017.03.29-20.48.12:850][  0]LogD3D11RHI: Chosen D3D11 Adapter: 0
[2017.03.29-20.48.12:854][  0]LogD3D11RHI: Creating new Direct3DDevice
[2017.03.29-20.48.12:854][  0]LogD3D11RHI:     GPU DeviceId: 0x1ba1 (for the marketing name, search the web for "GPU Device Id")
[2017.03.29-20.48.12:854][  0]LogWindows: EnumDisplayDevices:
[2017.03.29-20.48.12:854][  0]LogWindows:    0. 'NVIDIA GeForce GTX 1070' (P:0 D:1)
[2017.03.29-20.48.12:854][  0]LogWindows:    1. 'NVIDIA GeForce GTX 1070' (P:1 D:1)
[2017.03.29-20.48.12:855][  0]LogWindows:    2. 'NVIDIA GeForce GTX 1070' (P:0 D:0)
[2017.03.29-20.48.12:855][  0]LogWindows:    3. 'NVIDIA GeForce GTX 1070' (P:0 D:0)
[2017.03.29-20.48.12:855][  0]LogWindows:    4. 'Intel(R) HD Graphics 530' (P:0 D:0)
[2017.03.29-20.48.12:855][  0]LogWindows:    5. 'Intel(R) HD Graphics 530' (P:0 D:0)
[2017.03.29-20.48.12:855][  0]LogWindows:    6. 'Intel(R) HD Graphics 530' (P:0 D:0)
[2017.03.29-20.48.12:855][  0]LogWindows: DebugString: PrimaryIsNotTheChoosenAdapter PrimaryIsNotTheChoosenAdapter PrimaryIsNotTheChoosenAdapter FoundDriverCount:4 
[2017.03.29-20.48.12:855][  0]LogD3D11RHI:     Adapter Name: NVIDIA GeForce GTX 1070
[2017.03.29-20.48.12:855][  0]LogD3D11RHI:   Driver Version: 376.54 (internal:21.21.13.7654, unified:376.54)
[2017.03.29-20.48.12:855][  0]LogD3D11RHI:      Driver Date: 12-29-2016
[2017.03.29-20.48.12:855][  0]LogRHI: Texture pool is 1361 MB (70% of 1945 MB)
[2017.03.29-20.48.12:866][  0]LogD3D11RHI: Async texture creation enabled
[2017.03.29-20.48.12:880][  0]LogD3D11RHI: GPU Timing Frequency: 1000.000000 (Debug: 2 2)
[2017.03.29-20.48.12:880][  0]LogShaderCompilers: Guid format shader working directory is -11 characters bigger than the processId version (C:/Users/jerry/Documents/GitHub/senior-design/DicomVisual/Intermediate/Shaders/WorkingDirectory/9288/).
[2017.03.29-20.48.12:880][  0]LogShaderCompilers: Cleaned the shader compiler working directory 'C:/Users/jerry/AppData/Local/Temp/UnrealShaderWorkingDir/A20729934BCFEE931B9FA880AA600CC2/'.
[2017.03.29-20.48.12:880][  0]LogShaderCompilers:Display: Using Local Shader Compiler.
[2017.03.29-20.48.13:660][  0]LogTemp:Display: Loaded TP AllDesktopTargetPlatform
[2017.03.29-20.48.13:693][  0]LogTemp:Display: Loaded TP MacClientTargetPlatform
[2017.03.29-20.48.13:727][  0]LogTemp:Display: Loaded TP MacNoEditorTargetPlatform
[2017.03.29-20.48.13:761][  0]LogTemp:Display: Loaded TP MacServerTargetPlatform
[2017.03.29-20.48.13:794][  0]LogTemp:Display: Loaded TP MacTargetPlatform
[2017.03.29-20.48.13:827][  0]LogTemp:Display: Loaded TP WindowsClientTargetPlatform
[2017.03.29-20.48.13:860][  0]LogTemp:Display: Loaded TP WindowsNoEditorTargetPlatform
[2017.03.29-20.48.13:892][  0]LogTemp:Display: Loaded TP WindowsServerTargetPlatform
[2017.03.29-20.48.13:917][  0]LogTemp:Display: Loaded TP WindowsTargetPlatform
[2017.03.29-20.48.13:948][  0]LogTemp:Display: Loaded TP AndroidTargetPlatform
[2017.03.29-20.48.13:980][  0]LogTemp:Display: Loaded TP Android_ASTCTargetPlatform
[2017.03.29-20.48.14:012][  0]LogTemp:Display: Loaded TP Android_ATCTargetPlatform
[2017.03.29-20.48.14:047][  0]LogTemp:Display: Loaded TP Android_DXTTargetPlatform
[2017.03.29-20.48.14:082][  0]LogTemp:Display: Loaded TP Android_ETC1TargetPlatform
[2017.03.29-20.48.14:115][  0]LogTemp:Display: Loaded TP Android_ETC2TargetPlatform
[2017.03.29-20.48.14:181][  0]LogTemp:Display: Loaded TP Android_MultiTargetPlatform
[2017.03.29-20.48.14:181][  0]LogTemp:Display: Loaded TP Android_PVRTCTargetPlatform
[2017.03.29-20.48.14:201][  0]LogTemp:Display: Loaded TP HTML5TargetPlatform
[2017.03.29-20.48.14:255][  0]LogTemp:Display: Loaded TP IOSTargetPlatform
[2017.03.29-20.48.14:278][  0]LogTemp:Display: Loaded TP TVOSTargetPlatform
[2017.03.29-20.48.14:311][  0]LogTemp:Display: Loaded TP LinuxClientTargetPlatform
[2017.03.29-20.48.14:343][  0]LogTemp:Display: Loaded TP LinuxNoEditorTargetPlatform
[2017.03.29-20.48.14:375][  0]LogTemp:Display: Loaded TP LinuxServerTargetPlatform
[2017.03.29-20.48.14:408][  0]LogTemp:Display: Loaded TP LinuxTargetPlatform
[2017.03.29-20.48.14:408][  0]LogTargetPlatformManager:Display: Building Assets For Windows
[2017.03.29-20.48.14:613][  0]LogDerivedDataCache:Display: Max Cache Size: 512 MB
[2017.03.29-20.48.14:651][  0]LogDerivedDataCache: Loaded boot cache 0.04s 50MB C:/Users/jerry/AppData/Local/UnrealEngine/4.14/DerivedDataCache/Boot.ddc.
[2017.03.29-20.48.14:651][  0]LogDerivedDataCache:Display: Loaded Boot cache: C:/Users/jerry/AppData/Local/UnrealEngine/4.14/DerivedDataCache/Boot.ddc
[2017.03.29-20.48.14:651][  0]LogDerivedDataCache: FDerivedDataBackendGraph:  Pak pak cache file C:/Users/jerry/Documents/GitHub/senior-design/DicomVisual/DerivedDataCache/DDC.ddp not found, will not use a pak cache.
[2017.03.29-20.48.14:651][  0]LogDerivedDataCache: Unable to find inner node Pak for hierarchical cache Hierarchy.
[2017.03.29-20.48.14:651][  0]LogDerivedDataCache: FDerivedDataBackendGraph:  CompressedPak pak cache file C:/Users/jerry/Documents/GitHub/senior-design/DicomVisual/DerivedDataCache/Compressed.ddp not found, will not use a pak cache.
[2017.03.29-20.48.14:651][  0]LogDerivedDataCache: Unable to find inner node CompressedPak for hierarchical cache Hierarchy.
[2017.03.29-20.48.14:664][  0]LogDerivedDataCache:Display: Pak cache opened for reading ../../../Engine/DerivedDataCache/Compressed.ddp.
[2017.03.29-20.48.14:675][  0]LogDerivedDataCache: Using Local data cache path C:/Users/jerry/AppData/Local/UnrealEngine/Common/DerivedDataCache: Writable
[2017.03.29-20.48.14:815][  0]LogInit: Selected Device Profile: [Windows]
[2017.03.29-20.48.14:817][  0]LogContentStreaming: Texture pool size is 0.00 MB
[2017.03.29-20.48.14:949][  0]LogMeshUtilities: Using QuadricMeshReduction for automatic static mesh reduction
[2017.03.29-20.48.14:972][  0]LogSimplygon: Simplygon DLL not present - disabling.
[2017.03.29-20.48.14:995][  0]LogMeshUtilities: Using SimplygonSwarm for distributed automatic mesh merging
[2017.03.29-20.48.14:995][  0]LogMeshUtilities: No automatic skeletal mesh reduction module available
[2017.03.29-20.48.14:995][  0]LogMeshUtilities: No automatic mesh merging module available
[2017.03.29-20.48.15:335][  0]LogNetVersion: GetLocalNetworkVersion: CL: 3195953, ProjectName: dicomvisual, ProjectVersion: , EngineNetworkVersion: 2, GameNetworkVersion: 0, NetworkChecksum: 3438762601
[2017.03.29-20.48.15:377][  0]LogAssetRegistry: FAssetRegistry took 0.0215 seconds to start up
[2017.03.29-20.48.15:410][  0]LogPackageLocalizationCache: Processed 3 localized package path(s) for 2 prioritized culture(s) in 0.021061 seconds
[2017.03.29-20.48.15:414][  0]LogUObjectArray: 31946 objects as part of root set at end of initial load.
[2017.03.29-20.48.15:414][  0]LogUObjectAllocator: 6935848 out of 0 bytes used by permanent object pool.
[2017.03.29-20.48.15:414][  0]LogUObjectArray: CloseDisregardForGC: 0/0 objects in disregard for GC pool
[2017.03.29-20.48.15:445][  0]LogInit: WinSock: version 1.1 (2.2), MaxSocks=32767, MaxUdp=65467
[2017.03.29-20.48.15:828][  0]LogSlate: Using Freetype 2.6.0
[2017.03.29-20.48.15:828][  0]LogSlate: SlateFontCache - WITH_FREETYPE: 1, WITH_HARFBUZZ: 1
[2017.03.29-20.48.15:828][  0]LogSlate: SlateFontCache - WITH_FREETYPE: 1, WITH_HARFBUZZ: 1
[2017.03.29-20.48.16:343][  0]LogTcpMessaging: Initializing TcpMessaging bridge
[2017.03.29-20.48.16:368][  0]LogUdpMessaging: Initializing bridge on interface 0.0.0.0:0 to multicast group 230.0.0.1:6666.
[2017.03.29-20.48.16:556][  0]LogMaterial: Uniform references updated for custom material expression Custom.
[2017.03.29-20.48.16:765][  0]SourceControl: Info Source control is disabled
[2017.03.29-20.48.16:787][  0]SourceControl: Info Source control is disabled
[2017.03.29-20.48.16:811][  0]SourceControl: Info Source control is disabled
[2017.03.29-20.48.16:834][  0]SourceControl: Info Source control is disabled
[2017.03.29-20.48.17:491][  0]LogEngine: Initializing Engine...
[2017.03.29-20.48.17:507][  0]LogHMD: SteamVR initialized.  Driver: lighthouse  Display: LHR-F8B78CF2
[2017.03.29-20.48.17:656][  0]LogAIModule: Creating AISystem for world Untitled
[2017.03.29-20.48.17:699][  0]LogInit: XAudio2 using 'Speakers (2- USB Audio Device)' : 2 channels at 44.1 kHz using 16 bits per sample (channel mask 0x3)
[2017.03.29-20.48.17:708][  0]LogInit: FAudioDevice initialized.
[2017.03.29-20.48.17:725][  0]LogDerivedDataCache: Saved boot cache 0.02s 50MB C:/Users/jerry/AppData/Local/UnrealEngine/4.14/DerivedDataCache/Boot.ddc.
[2017.03.29-20.48.17:731][  0]LogInit: Texture streaming: Enabled
[2017.03.29-20.48.17:828][  0]LogInit: Transaction tracking system initialized
[2017.03.29-20.48.18:005][  0]BlueprintLog: New page: Editor Load
[2017.03.29-20.48.18:457][  0]LocalizationService: Info Localization service is disabled
[2017.03.29-20.48.18:799][  0]LogConsoleResponse:Display: 
[2017.03.29-20.48.18:891][  0]LogCook:Display: Max memory allowance for cook 16384mb min free memory 0mb
[2017.03.29-20.48.18:891][  0]LogCook:Display: Mobile HDR setting 0
[2017.03.29-20.48.19:380][  0]LogFileCache: Scanning file cache for directory 'C:/Users/jerry/Documents/GitHub/senior-design/DicomVisual/Content/' took 0.01s
[2017.03.29-20.48.19:381][  0]SourceControl: Info Source control is disabled
[2017.03.29-20.48.19:381][  0]Cmd: MAP LOAD FILE="C:/Users/jerry/Documents/GitHub/senior-design/DicomVisual/Content/FirstPersonBP/Maps/FirstPersonExampleMap.umap" TEMPLATE=0 SHOWPROGRESS=1 FEATURELEVEL=3
[2017.03.29-20.48.19:381][  0]LightingResults: New page: Lighting Build
[2017.03.29-20.48.19:402][  0]MapCheck: New page: Map Check
[2017.03.29-20.48.19:402][  0]LightingResults: New page: Lighting Build
[2017.03.29-20.48.19:628][  0]LogLinker:Warning: Can't find file '/Game/FirstPersonBP/Maps/FirstPersonExampleMap_BuiltData'
[2017.03.29-20.48.19:628][  0]LogLinker:Warning: Can't find file for asset '/Game/FirstPersonBP/Maps/FirstPersonExampleMap_BuiltData' while loading C:/Users/jerry/Documents/GitHub/senior-design/DicomVisual/Content/FirstPersonBP/Maps/FirstPersonExampleMap.umap.
[2017.03.29-20.48.19:628][  0]LoadErrors:Error: Error /Game/FirstPersonBP/Maps/FirstPersonExampleMap : Can't find file for asset. /Game/FirstPersonBP/Maps/FirstPersonExampleMap_BuiltData
[2017.03.29-20.48.19:630][  0]LogLinker:Warning: Can't find file '/Game/FirstPersonBP/Maps/FirstPersonExampleMap_BuiltData'
[2017.03.29-20.48.19:630][  0]LogLinker:Warning: Can't find file for asset '/Game/FirstPersonBP/Maps/FirstPersonExampleMap_BuiltData' while loading C:/Users/jerry/Documents/GitHub/senior-design/DicomVisual/Content/FirstPersonBP/Maps/FirstPersonExampleMap.umap.
[2017.03.29-20.48.19:630][  0]LoadErrors:Error: Error /Game/FirstPersonBP/Maps/FirstPersonExampleMap : Can't find file for asset. /Game/FirstPersonBP/Maps/FirstPersonExampleMap_BuiltData
[2017.03.29-20.48.19:633][  0]LogLinker:Warning: Can't find file '/Game/FirstPersonBP/Maps/FirstPersonExampleMap_BuiltData'
[2017.03.29-20.48.19:633][  0]LogLinker:Warning: Can't find file for asset '/Game/FirstPersonBP/Maps/FirstPersonExampleMap_BuiltData' while loading NULL.
[2017.03.29-20.48.19:633][  0]LogLinker:Warning: Can't find file '/Game/FirstPersonBP/Maps/FirstPersonExampleMap_BuiltData'
[2017.03.29-20.48.19:633][  0]LogLinker:Warning: Can't find file for asset '/Game/FirstPersonBP/Maps/FirstPersonExampleMap_BuiltData' while loading NULL.
[2017.03.29-20.48.19:639][  0]LogLinker:Warning: Can't find file '/Game/FirstPersonBP/Maps/FirstPersonExampleMap_BuiltData'
[2017.03.29-20.48.19:639][  0]LoadErrors: Info Failed to load /Game/FirstPersonBP/Maps/FirstPersonExampleMap_BuiltData.FirstPersonExampleMap_BuiltData Referenced by PersistentLevel
[2017.03.29-20.48.19:639][  0]LogLinker:Warning: Can't find file for asset '/Game/FirstPersonBP/Maps/FirstPersonExampleMap_BuiltData' while loading NULL.
[2017.03.29-20.48.19:639][  0]LoadErrors: Info Failed to load /Game/FirstPersonBP/Maps/FirstPersonExampleMap_BuiltData.FirstPersonExampleMap_BuiltData Referenced by PersistentLevel
[2017.03.29-20.48.19:761][  0]LogAIModule: Creating AISystem for world FirstPersonExampleMap
[2017.03.29-20.48.19:768][  0]LogEditorServer: Finished looking for orphan Actors (0.000 secs)
[2017.03.29-20.48.19:768][  0]Cmd: MAP CHECKDEP NOCLEARLOG
[2017.03.29-20.48.19:793][  0]MapCheck: Info Map check complete: 0 Error(s), 0 Warning(s), took 24.422ms to complete.
[2017.03.29-20.48.19:793][  0]LogFileHelpers: Loading map 'FirstPersonExampleMap' took 0.412
[2017.03.29-20.48.19:850][  0]LogWindowsTextInputMethodSystem:Display: IME system now deactivated.
[2017.03.29-20.48.19:901][  0]LogCollectionManager: Loaded 0 collections in 0.000615 seconds
[2017.03.29-20.48.19:960][  0]LogFileCache: Scanning file cache for directory 'C:/Users/jerry/Documents/GitHub/senior-design/DicomVisual/Saved/Collections/' took 0.01s
[2017.03.29-20.48.19:960][  0]LogFileCache: Scanning file cache for directory 'C:/Users/jerry/Documents/GitHub/senior-design/DicomVisual/Content/Developers/jerry/Collections/' took 0.01s
[2017.03.29-20.48.19:960][  0]LogFileCache: Scanning file cache for directory 'C:/Users/jerry/Documents/GitHub/senior-design/DicomVisual/Content/Collections/' took 0.01s
[2017.03.29-20.48.19:960][  0]LogCollectionManager: Rebuilt the GUID cache for 0 collections in 0.000002 seconds
[2017.03.29-20.48.19:967][  0]LogContentBrowser: Native class hierarchy populated in 0.0066 seconds. Added 2190 classes and 428 folders.
[2017.03.29-20.48.19:988][  0]LogStats: UGameplayTagsManager::ConstructGameplayTagTree: Construct from data asset -  0.000 s
[2017.03.29-20.48.19:988][  0]LogStats: UGameplayTagsManager::ConstructGameplayTagTree: GameplayTagTreeChangedEvent.Broadcast -  0.000 s
[2017.03.29-20.48.19:988][  0]LogContentBrowser: Native class hierarchy updated for 'GameplayTags' in 0.0004 seconds. Added 13 classes and 0 folders.
[2017.03.29-20.48.20:020][  0]LogContentBrowser: Native class hierarchy updated for 'WidgetCarousel' in 0.0003 seconds. Added 0 classes and 0 folders.
[2017.03.29-20.48.20:044][  0]LogContentBrowser: Native class hierarchy updated for 'AddContentDialog' in 0.0003 seconds. Added 0 classes and 0 folders.
[2017.03.29-20.48.20:066][  0]LogContentBrowser: Native class hierarchy updated for 'SceneOutliner' in 0.0003 seconds. Added 1 classes and 2 folders.
[2017.03.29-20.48.20:090][  0]LogCrashTracker: Crashtracker disabled due to settings.
[2017.03.29-20.48.20:093][  0]LogUObjectGlobals:Warning: Failed to find object 'Class None.'
[2017.03.29-20.48.20:138][  0]LogContentBrowser: Native class hierarchy updated for 'HierarchicalLODOutliner' in 0.0003 seconds. Added 1 classes and 2 folders.
[2017.03.29-20.48.20:139][  0]LogLoad: (Engine Initialization) Total time: 8.80 seconds
[2017.03.29-20.48.20:139][  0]LogLoad: (Engine Initialization) Total Blueprint compile time: 0.12 seconds
[2017.03.29-20.48.20:139][  0]LogExternalProfiler: Found external profiler: VSPerf
[2017.03.29-20.48.20:139][  0]LogExternalProfiler: Using external profiler: VSPerf
[2017.03.29-20.48.20:147][  0]LogOcInput: OculusInput pre-init called
[2017.03.29-20.48.20:161][  0]LogAssetRegistry: Asset discovery search completed in 4.8049 seconds
[2017.03.29-20.48.20:161][  0]LogCollectionManager: Rebuilt the object cache for 0 collections in 0.000001 seconds (found 0 objects)
[2017.03.29-20.48.20:161][  0]LogCollectionManager: Fixed up redirectors for 0 collections in 0.000010 seconds (updated 0 objects)
[2017.03.29-20.48.20:163][  0]LogContentStreaming: Texture pool size now 1000 MB
[2017.03.29-20.48.20:298][  0]LogRenderer: Reallocating scene render targets to support 728x540 NumSamples 1 (Frame:2).
[2017.03.29-20.48.29:912][143]LogLinker:Warning: Can't find file '/Game/FirstPersonBP/Maps/VRMap_BuiltData'
[2017.03.29-20.48.29:912][143]LogLinker:Warning: Can't find file for asset '/Game/FirstPersonBP/Maps/VRMap_BuiltData' while loading C:/Users/jerry/Documents/GitHub/senior-design/DicomVisual/Content/FirstPersonBP/Maps/VRMap.umap.
[2017.03.29-20.48.29:912][143]LoadErrors:Error: Error /Game/FirstPersonBP/Maps/VRMap : Can't find file for asset. /Game/FirstPersonBP/Maps/VRMap_BuiltData
[2017.03.29-20.48.29:912][143]LogLinker:Warning: Can't find file '/Game/FirstPersonBP/Maps/VRMap_BuiltData'
[2017.03.29-20.48.29:912][143]LogLinker:Warning: Can't find file for asset '/Game/FirstPersonBP/Maps/VRMap_BuiltData' while loading C:/Users/jerry/Documents/GitHub/senior-design/DicomVisual/Content/FirstPersonBP/Maps/VRMap.umap.
[2017.03.29-20.48.29:913][143]LogLinker:Warning: Can't find file '/Game/FirstPersonBP/Maps/VRMap_BuiltData'
[2017.03.29-20.48.29:913][143]LogLinker:Warning: Can't find file for asset '/Game/FirstPersonBP/Maps/VRMap_BuiltData' while loading NULL.
[2017.03.29-20.48.29:913][143]LogLinker:Warning: Can't find file '/Game/FirstPersonBP/Maps/VRMap_BuiltData'
[2017.03.29-20.48.29:913][143]LogLinker:Warning: Can't find file for asset '/Game/FirstPersonBP/Maps/VRMap_BuiltData' while loading NULL.
[2017.03.29-20.48.29:916][143]LogLinker:Warning: Can't find file '/Game/FirstPersonBP/Maps/VRMap_BuiltData'
[2017.03.29-20.48.29:916][143]LoadErrors: Info Failed to load /Game/FirstPersonBP/Maps/VRMap_BuiltData.VRMap_BuiltData Referenced by PersistentLevel
[2017.03.29-20.48.29:916][143]LogLinker:Warning: Can't find file for asset '/Game/FirstPersonBP/Maps/VRMap_BuiltData' while loading NULL.
[2017.03.29-20.48.29:922][143]LogAIModule: Creating AISystem for world VRMap
[2017.03.29-20.48.29:947][143]Cmd: MAP LOAD FILE="C:/Users/jerry/Documents/GitHub/senior-design/DicomVisual/Content/FirstPersonBP/Maps/VRMap.umap" TEMPLATE=0 SHOWPROGRESS=1 FEATURELEVEL=3
[2017.03.29-20.48.29:947][143]LightingResults: New page: Lighting Build
[2017.03.29-20.48.29:948][143]LoadErrors: New page: Loading map: VRMap.umap
[2017.03.29-20.48.29:948][143]MapCheck: New page: Map Check
[2017.03.29-20.48.29:948][143]LightingResults: New page: Lighting Build
[2017.03.29-20.48.29:960][143]LogEditorServer: Finished looking for orphan Actors (0.000 secs)
[2017.03.29-20.48.29:975][143]Cmd: MAP CHECKDEP NOCLEARLOG
[2017.03.29-20.48.29:999][143]MapCheck: Info Map check complete: 0 Error(s), 0 Warning(s), took 24.548ms to complete.
[2017.03.29-20.48.29:999][143]LogFileHelpers: Loading map 'VRMap' took 0.053
[2017.03.29-20.58.24:821][620]LogContentBrowser: Native class hierarchy updated for 'BlueprintGraph' in 0.0006 seconds. Added 111 classes and 0 folders.
[2017.03.29-21.04.13:902][220]LogScript:Warning: Accessed None trying to read property FP_Gun
	FirstPersonCharacter_C /Engine/Transient.World_2:PersistentLevel.FirstPersonCharacter_C_1
	Function /Game/FirstPersonBP/Blueprints/FirstPersonCharacter.FirstPersonCharacter_C:UserConstructionScript:0017
[2017.03.29-21.04.13:904][220]LogScript:Warning: Accessed None trying to read property FP_Gun
	FirstPersonCharacter_C /Engine/Transient.World_1:PersistentLevel.FirstPersonCharacter_C_0
	Function /Game/FirstPersonBP/Blueprints/FirstPersonCharacter.FirstPersonCharacter_C:UserConstructionScript:0017
[2017.03.29-21.04.13:907][220]LogScript:Warning: Accessed None trying to read property FP_Gun
	FirstPersonCharacter_C /Game/FirstPersonBP/Maps/VRMap.VRMap:PersistentLevel.FirstPersonCharacter_C_1
	Function /Game/FirstPersonBP/Blueprints/FirstPersonCharacter.FirstPersonCharacter_C:UserConstructionScript:0017
[2017.03.29-21.04.16:118][458]LogScript:Warning: Accessed None trying to read property FP_Gun
	FirstPersonCharacter_C /Engine/Transient.World_2:PersistentLevel.FirstPersonCharacter_C_1
	Function /Game/FirstPersonBP/Blueprints/FirstPersonCharacter.FirstPersonCharacter_C:UserConstructionScript:0017
[2017.03.29-21.04.16:120][458]LogScript:Warning: Accessed None trying to read property FP_Gun
	FirstPersonCharacter_C /Engine/Transient.World_1:PersistentLevel.FirstPersonCharacter_C_0
	Function /Game/FirstPersonBP/Blueprints/FirstPersonCharacter.FirstPersonCharacter_C:UserConstructionScript:0017
[2017.03.29-21.04.16:121][458]LogScript:Warning: Accessed None trying to read property FP_Gun
	FirstPersonCharacter_C /Game/FirstPersonBP/Maps/VRMap.VRMap:PersistentLevel.FirstPersonCharacter_C_1
	Function /Game/FirstPersonBP/Blueprints/FirstPersonCharacter.FirstPersonCharacter_C:UserConstructionScript:0017
[2017.03.29-21.04.18:169][688]LogScript:Warning: Accessed None trying to read property FP_Gun
	FirstPersonCharacter_C /Engine/Transient.World_2:PersistentLevel.FirstPersonCharacter_C_1
	Function /Game/FirstPersonBP/Blueprints/FirstPersonCharacter.FirstPersonCharacter_C:UserConstructionScript:0017
[2017.03.29-21.04.18:170][688]LogScript:Warning: Accessed None trying to read property FP_Gun
	FirstPersonCharacter_C /Engine/Transient.World_1:PersistentLevel.FirstPersonCharacter_C_0
	Function /Game/FirstPersonBP/Blueprints/FirstPersonCharacter.FirstPersonCharacter_C:UserConstructionScript:0017
[2017.03.29-21.04.18:171][688]LogScript:Warning: Accessed None trying to read property FP_Gun
	FirstPersonCharacter_C /Game/FirstPersonBP/Maps/VRMap.VRMap:PersistentLevel.FirstPersonCharacter_C_1
	Function /Game/FirstPersonBP/Blueprints/FirstPersonCharacter.FirstPersonCharacter_C:UserConstructionScript:0017
[2017.03.29-21.04.19:980][890]LogScript:Warning: Accessed None trying to read property FP_Gun
	FirstPersonCharacter_C /Engine/Transient.World_2:PersistentLevel.FirstPersonCharacter_C_1
	Function /Game/FirstPersonBP/Blueprints/FirstPersonCharacter.FirstPersonCharacter_C:UserConstructionScript:0017
[2017.03.29-21.04.19:981][890]LogScript:Warning: Accessed None trying to read property FP_Gun
	FirstPersonCharacter_C /Engine/Transient.World_1:PersistentLevel.FirstPersonCharacter_C_0
	Function /Game/FirstPersonBP/Blueprints/FirstPersonCharacter.FirstPersonCharacter_C:UserConstructionScript:0017
[2017.03.29-21.04.19:982][890]LogScript:Warning: Accessed None trying to read property FP_Gun
	FirstPersonCharacter_C /Game/FirstPersonBP/Maps/VRMap.VRMap:PersistentLevel.FirstPersonCharacter_C_1
	Function /Game/FirstPersonBP/Blueprints/FirstPersonCharacter.FirstPersonCharacter_C:UserConstructionScript:0017
[2017.03.29-21.05.27:175][866]LogScript:Warning: Accessed None trying to read property FP_Gun
	FirstPersonCharacter_C /Engine/Transient.World_2:PersistentLevel.FirstPersonCharacter_C_1
	Function /Game/FirstPersonBP/Blueprints/FirstPersonCharacter.FirstPersonCharacter_C:UserConstructionScript:0017
[2017.03.29-21.05.27:176][866]LogScript:Warning: Accessed None trying to read property FP_Gun
	FirstPersonCharacter_C /Engine/Transient.World_1:PersistentLevel.FirstPersonCharacter_C_0
	Function /Game/FirstPersonBP/Blueprints/FirstPersonCharacter.FirstPersonCharacter_C:UserConstructionScript:0017
[2017.03.29-21.05.27:178][866]LogScript:Warning: Accessed None trying to read property FP_Gun
	FirstPersonCharacter_C /Game/FirstPersonBP/Maps/VRMap.VRMap:PersistentLevel.FirstPersonCharacter_C_1
	Function /Game/FirstPersonBP/Blueprints/FirstPersonCharacter.FirstPersonCharacter_C:UserConstructionScript:0017
[2017.03.29-21.05.34:268][703]LogScript:Warning: Accessed None trying to read property FP_Gun
	FirstPersonCharacter_C /Engine/Transient.World_2:PersistentLevel.FirstPersonCharacter_C_1
	Function /Game/FirstPersonBP/Blueprints/FirstPersonCharacter.FirstPersonCharacter_C:UserConstructionScript:0017
[2017.03.29-21.05.34:269][703]LogScript:Warning: Accessed None trying to read property FP_Gun
	FirstPersonCharacter_C /Engine/Transient.World_1:PersistentLevel.FirstPersonCharacter_C_0
	Function /Game/FirstPersonBP/Blueprints/FirstPersonCharacter.FirstPersonCharacter_C:UserConstructionScript:0017
[2017.03.29-21.05.34:270][703]LogScript:Warning: Accessed None trying to read property FP_Gun
	FirstPersonCharacter_C /Game/FirstPersonBP/Maps/VRMap.VRMap:PersistentLevel.FirstPersonCharacter_C_1
	Function /Game/FirstPersonBP/Blueprints/FirstPersonCharacter.FirstPersonCharacter_C:UserConstructionScript:0017
[2017.03.29-21.05.39:212][247]LogScript:Warning: Accessed None trying to read property FP_Gun
	FirstPersonCharacter_C /Engine/Transient.World_2:PersistentLevel.FirstPersonCharacter_C_1
	Function /Game/FirstPersonBP/Blueprints/FirstPersonCharacter.FirstPersonCharacter_C:UserConstructionScript:0017
[2017.03.29-21.05.39:213][247]LogScript:Warning: Accessed None trying to read property FP_Gun
	FirstPersonCharacter_C /Engine/Transient.World_1:PersistentLevel.FirstPersonCharacter_C_0
	Function /Game/FirstPersonBP/Blueprints/FirstPersonCharacter.FirstPersonCharacter_C:UserConstructionScript:0017
[2017.03.29-21.05.39:214][247]LogScript:Warning: Accessed None trying to read property FP_Gun
	FirstPersonCharacter_C /Game/FirstPersonBP/Maps/VRMap.VRMap:PersistentLevel.FirstPersonCharacter_C_1
	Function /Game/FirstPersonBP/Blueprints/FirstPersonCharacter.FirstPersonCharacter_C:UserConstructionScript:0017
[2017.03.29-21.05.44:985][927]LogScript:Warning: Accessed None trying to read property FP_Gun
	FirstPersonCharacter_C /Engine/Transient.World_2:PersistentLevel.FirstPersonCharacter_C_1
	Function /Game/FirstPersonBP/Blueprints/FirstPersonCharacter.FirstPersonCharacter_C:UserConstructionScript:0017
[2017.03.29-21.05.44:986][927]LogScript:Warning: Accessed None trying to read property FP_Gun
	FirstPersonCharacter_C /Engine/Transient.World_1:PersistentLevel.FirstPersonCharacter_C_0
	Function /Game/FirstPersonBP/Blueprints/FirstPersonCharacter.FirstPersonCharacter_C:UserConstructionScript:0017
[2017.03.29-21.05.44:987][927]LogScript:Warning: Accessed None trying to read property FP_Gun
	FirstPersonCharacter_C /Game/FirstPersonBP/Maps/VRMap.VRMap:PersistentLevel.FirstPersonCharacter_C_1
	Function /Game/FirstPersonBP/Blueprints/FirstPersonCharacter.FirstPersonCharacter_C:UserConstructionScript:0017
[2017.03.29-21.05.47:462][212]LogScript:Warning: Accessed None trying to read property FP_Gun
	FirstPersonCharacter_C /Engine/Transient.World_2:PersistentLevel.FirstPersonCharacter_C_1
	Function /Game/FirstPersonBP/Blueprints/FirstPersonCharacter.FirstPersonCharacter_C:UserConstructionScript:0017
[2017.03.29-21.05.47:463][212]LogScript:Warning: Accessed None trying to read property FP_Gun
	FirstPersonCharacter_C /Engine/Transient.World_1:PersistentLevel.FirstPersonCharacter_C_0
	Function /Game/FirstPersonBP/Blueprints/FirstPersonCharacter.FirstPersonCharacter_C:UserConstructionScript:0017
[2017.03.29-21.05.48:665][351]LogScript:Warning: Accessed None trying to read property FP_Gun
	FirstPersonCharacter_C /Engine/Transient.World_1:PersistentLevel.FirstPersonCharacter_C_0
	Function /Game/FirstPersonBP/Blueprints/FirstPersonCharacter.FirstPersonCharacter_C:UserConstructionScript:0017
[2017.03.29-21.06.23:581][424]LogSavePackage: Save=152.07ms
[2017.03.29-21.06.23:581][424]LogSavePackage: Moving 'C:/Users/jerry/Documents/GitHub/senior-design/DicomVisual/Saved/VRMap_Auto153F1CB974FEEFC1900283BB002C1DFB4.tmp' to 'C:/Users/jerry/Documents/GitHub/senior-design/DicomVisual/Saved/Autosaves/Game/FirstPersonBP/Maps/VRMap_Auto1.umap'
[2017.03.29-21.06.23:581][424]LogSavePackage:Display: Finished SavePackage C:/Users/jerry/Documents/GitHub/senior-design/DicomVisual/Saved/Autosaves/Game/FirstPersonBP/Maps/VRMap_Auto1.umap
[2017.03.29-21.06.23:592][424]LogFileHelpers: Editor autosave (incl. sublevels) for '/Game/FirstPersonBP/Maps/VRMap' took 0.488
[2017.03.29-21.06.23:592][424]LogFileHelpers: Editor autosave (incl. sublevels) for all levels took 0.488
[2017.03.29-21.06.23:594][424]OBJ SavePackage: Generating thumbnails for [1] asset(s) in package [/Game/FirstPersonBP/Blueprints/FirstPersonCharacter] ([1] browsable assets)...
[2017.03.29-21.06.23:605][424]OBJ SavePackage:     Rendered thumbnail for [Blueprint /Game/FirstPersonBP/Blueprints/FirstPersonCharacter.FirstPersonCharacter]
[2017.03.29-21.06.23:605][424]OBJ SavePackage: Finished generating thumbnails for package [/Game/FirstPersonBP/Blueprints/FirstPersonCharacter]
[2017.03.29-21.06.23:657][424]LogSavePackage: Save=46.01ms
[2017.03.29-21.06.23:657][424]LogSavePackage: Moving 'C:/Users/jerry/Documents/GitHub/senior-design/DicomVisual/Saved/FirstPersonCharacter_Auto1FC30C2154167279DCE61E2AB71A5936C.tmp' to 'C:/Users/jerry/Documents/GitHub/senior-design/DicomVisual/Saved/Autosaves/Game/FirstPersonBP/Blueprints/FirstPersonCharacter_Auto1.uasset'
[2017.03.29-21.06.23:658][424]LogSavePackage:Display: Finished SavePackage C:/Users/jerry/Documents/GitHub/senior-design/DicomVisual/Saved/Autosaves/Game/FirstPersonBP/Blueprints/FirstPersonCharacter_Auto1.uasset
[2017.03.29-21.06.23:658][424]LogFileHelpers: Auto-saving content packages took 0.066
[2017.03.29-21.12.18:122][955]BlueprintLog: New page: Compile FirstPersonCharacter
[2017.03.29-21.12.18:145][955]LogBlueprint:Error: [Compiler FirstPersonCharacter] Error This blueprint (self) is not a SceneComponent, therefore ' self ' must have a connection.
[2017.03.29-21.12.18:145][955]LogBlueprint:Error: [Compiler FirstPersonCharacter] Error This blueprint (self) is not a SceneComponent, therefore ' self ' must have a connection.
[2017.03.29-21.12.18:146][955]LogBlueprint:Error: [Compiler FirstPersonCharacter] Error This blueprint (self) is not a SceneComponent, therefore ' self ' must have a connection.
[2017.03.29-21.12.18:721][955]BlueprintEditorCompileResults:Error: Error This blueprint (self) is not a SceneComponent, therefore ' self ' must have a connection.
[2017.03.29-21.12.18:721][955]BlueprintEditorCompileResults:Error: Error This blueprint (self) is not a SceneComponent, therefore ' self ' must have a connection.
[2017.03.29-21.12.18:721][955]BlueprintEditorCompileResults:Error: Error This blueprint (self) is not a SceneComponent, therefore ' self ' must have a connection.
[2017.03.29-21.12.18:722][955]LogBlueprint:Warning: [Compiler FirstPersonCharacter] Warning [1447.39] Compile of FirstPersonCharacter failed. 3 Fatal Issue(s) 0 Warning(s) [in 599 ms] (/Game/FirstPersonBP/Blueprints/FirstPersonCharacter.FirstPersonCharacter)
[2017.03.29-21.12.48:589][527]BlueprintLog: New page: Compile FirstPersonCharacter
[2017.03.29-21.12.48:611][527]LogBlueprint:Error: [Compiler FirstPersonCharacter] Error This blueprint (self) is not a SceneComponent, therefore ' self ' must have a connection.
[2017.03.29-21.12.48:613][527]LogBlueprint:Error: [Compiler FirstPersonCharacter] Error This blueprint (self) is not a SceneComponent, therefore ' self ' must have a connection.
[2017.03.29-21.12.48:733][527]BlueprintEditorCompileResults:Error: Error This blueprint (self) is not a SceneComponent, therefore ' self ' must have a connection.
[2017.03.29-21.12.48:733][527]BlueprintEditorCompileResults:Error: Error This blueprint (self) is not a SceneComponent, therefore ' self ' must have a connection.
[2017.03.29-21.12.48:733][527]LogBlueprint:Warning: [Compiler FirstPersonCharacter] Warning [1477.40] Compile of FirstPersonCharacter failed. 2 Fatal Issue(s) 0 Warning(s) [in 144 ms] (/Game/FirstPersonBP/Blueprints/FirstPersonCharacter.FirstPersonCharacter)
[2017.03.29-21.18.17:263][890]LogEditorTransaction: Undo Move Node
[2017.03.29-21.18.17:655][898]LogEditorTransaction: Undo Create Pin Link
[2017.03.29-21.18.18:116][950]LogEditorTransaction: Undo Add Component Nodes
[2017.03.29-21.18.18:547][999]LogEditorTransaction: Undo Delete current selection
[2017.03.29-21.18.18:964][ 46]LogEditorTransaction: Undo Move Node
[2017.03.29-21.18.19:361][ 91]LogEditorTransaction: Undo Move Node
[2017.03.29-21.18.19:832][145]LogEditorTransaction: Undo Create Pin Link
[2017.03.29-21.18.21:203][307]LogEditorTransaction: Undo Add Component Nodes
[2017.03.29-21.18.23:075][529]LogEditorTransaction: Redo Add Component Nodes
[2017.03.29-21.18.23:430][569]LogEditorTransaction: Redo Create Pin Link
[2017.03.29-21.18.23:751][605]LogEditorTransaction: Redo Move Node
[2017.03.29-21.18.24:040][637]LogEditorTransaction: Redo Move Node
[2017.03.29-21.18.24:236][658]LogEditorTransaction: Redo Delete current selection
[2017.03.29-21.18.24:440][680]LogEditorTransaction: Redo Add Component Nodes
[2017.03.29-21.18.24:645][702]LogEditorTransaction: Redo Create Pin Link
[2017.03.29-21.18.24:891][729]LogEditorTransaction: Redo Move Node
[2017.03.29-21.18.28:677][176]LogEditorTransaction: Undo Move Node
[2017.03.29-21.18.29:098][224]LogEditorTransaction: Undo Create Pin Link
[2017.03.29-21.18.29:389][256]LogEditorTransaction: Undo Add Component Nodes
[2017.03.29-21.18.30:085][335]LogEditorTransaction: Undo Delete current selection
[2017.03.29-21.18.30:437][374]LogEditorTransaction: Undo Move Node
[2017.03.29-21.18.30:729][406]LogEditorTransaction: Undo Move Node
[2017.03.29-21.18.31:003][436]LogEditorTransaction: Undo Create Pin Link
[2017.03.29-21.18.31:228][460]LogEditorTransaction: Undo Add Component Nodes
[2017.03.29-21.18.31:463][485]LogEditorTransaction: Undo Rename Component Variable
[2017.03.29-21.18.31:663][509]LogEditorTransaction: Undo Attach Component
[2017.03.29-21.18.31:951][509]LogEditorTransaction: Undo Attach Component
[2017.03.29-21.18.32:650][591]LogEditorTransaction: Undo Add Component
[2017.03.29-21.18.33:381][675]LogEditorTransaction: Undo Add Component
[2017.03.29-21.18.33:751][716]LogEditorTransaction: Undo Remove Components
[2017.03.29-21.18.34:046][748]LogEditorTransaction: Undo Remove Components
[2017.03.29-21.18.34:401][787]LogEditorTransaction: Undo Remove Components
[2017.03.29-21.18.34:650][813]LogEditorTransaction: Undo Remove Components
[2017.03.29-21.18.40:024][441]BlueprintLog: New page: Compile FirstPersonCharacter
[2017.03.29-21.19.08:713][825]LogSavePackage: Save=76.83ms
[2017.03.29-21.19.08:713][825]LogSavePackage: Moving 'C:/Users/jerry/Documents/GitHub/senior-design/DicomVisual/Saved/VRMap_Auto2B9CBF38E430F8EC752FED284A75A5698.tmp' to 'C:/Users/jerry/Documents/GitHub/senior-design/DicomVisual/Saved/Autosaves/Game/FirstPersonBP/Maps/VRMap_Auto2.umap'
[2017.03.29-21.19.08:714][825]LogSavePackage:Display: Finished SavePackage C:/Users/jerry/Documents/GitHub/senior-design/DicomVisual/Saved/Autosaves/Game/FirstPersonBP/Maps/VRMap_Auto2.umap
[2017.03.29-21.19.08:716][825]LogFileHelpers: Editor autosave (incl. sublevels) for '/Game/FirstPersonBP/Maps/VRMap' took 0.102
[2017.03.29-21.19.08:716][825]LogFileHelpers: Editor autosave (incl. sublevels) for all levels took 0.102
[2017.03.29-21.19.08:717][825]OBJ SavePackage: Generating thumbnails for [1] asset(s) in package [/Game/FirstPersonBP/Blueprints/FirstPersonCharacter] ([1] browsable assets)...
[2017.03.29-21.19.08:726][825]OBJ SavePackage:     Rendered thumbnail for [Blueprint /Game/FirstPersonBP/Blueprints/FirstPersonCharacter.FirstPersonCharacter]
[2017.03.29-21.19.08:726][825]OBJ SavePackage: Finished generating thumbnails for package [/Game/FirstPersonBP/Blueprints/FirstPersonCharacter]
[2017.03.29-21.19.08:776][825]LogSavePackage: Save=45.69ms
[2017.03.29-21.19.08:776][825]LogSavePackage: Moving 'C:/Users/jerry/Documents/GitHub/senior-design/DicomVisual/Saved/FirstPersonCharacter_Auto252FBE52B461709E9A9BFC88D4A0F8F91.tmp' to 'C:/Users/jerry/Documents/GitHub/senior-design/DicomVisual/Saved/Autosaves/Game/FirstPersonBP/Blueprints/FirstPersonCharacter_Auto2.uasset'
[2017.03.29-21.19.08:777][825]LogSavePackage:Display: Finished SavePackage C:/Users/jerry/Documents/GitHub/senior-design/DicomVisual/Saved/Autosaves/Game/FirstPersonBP/Blueprints/FirstPersonCharacter_Auto2.uasset
[2017.03.29-21.19.08:777][825]LogFileHelpers: Auto-saving content packages took 0.061
[2017.03.29-21.19.36:120][416]LogSavePackage: Save=73.17ms
[2017.03.29-21.19.36:120][416]LogSavePackage: Moving 'C:/Users/jerry/Documents/GitHub/senior-design/DicomVisual/Saved/VRMapEE3F08384C58C0143C62009314647373.tmp' to 'C:/Users/jerry/Documents/GitHub/senior-design/DicomVisual/Content/FirstPersonBP/Maps/VRMap.umap'
[2017.03.29-21.19.36:130][416]LogSavePackage:Display: Finished SavePackage C:/Users/jerry/Documents/GitHub/senior-design/DicomVisual/Content/FirstPersonBP/Maps/VRMap.umap
[2017.03.29-21.19.36:145][416]LogFileHelpers: Saving map 'VRMap' took 0.139
[2017.03.29-21.19.36:188][416]LogSavePackage: Save=38.04ms
[2017.03.29-21.19.36:188][416]LogSavePackage: Moving 'C:/Users/jerry/Documents/GitHub/senior-design/DicomVisual/Saved/FirstPersonCharacter6BA97BB14010617EECEF55B44A082520.tmp' to 'C:/Users/jerry/Documents/GitHub/senior-design/DicomVisual/Content/FirstPersonBP/Blueprints/FirstPersonCharacter.uasset'
[2017.03.29-21.19.36:191][416]LogSavePackage:Display: Finished SavePackage C:/Users/jerry/Documents/GitHub/senior-design/DicomVisual/Content/FirstPersonBP/Blueprints/FirstPersonCharacter.uasset
[2017.03.29-21.25.56:771][459]BlueprintLog: New page: Compile FirstPersonCharacter
[2017.03.29-21.25.58:132][565]LogSavePackage: Save=47.31ms
[2017.03.29-21.25.58:132][565]LogSavePackage: Moving 'C:/Users/jerry/Documents/GitHub/senior-design/DicomVisual/Saved/FirstPersonCharacterF28C5D4945409E635A8C838829016F8A.tmp' to 'C:/Users/jerry/Documents/GitHub/senior-design/DicomVisual/Content/FirstPersonBP/Blueprints/FirstPersonCharacter.uasset'
[2017.03.29-21.25.58:133][565]LogSavePackage:Display: Finished SavePackage C:/Users/jerry/Documents/GitHub/senior-design/DicomVisual/Content/FirstPersonBP/Blueprints/FirstPersonCharacter.uasset
[2017.03.29-21.26.00:640][847]LogSavePackage: Save=75.86ms
[2017.03.29-21.26.00:640][847]LogSavePackage: Moving 'C:/Users/jerry/Documents/GitHub/senior-design/DicomVisual/Saved/VRMap2C352E8B4DFC4E5ABD08BA9B96C81232.tmp' to 'C:/Users/jerry/Documents/GitHub/senior-design/DicomVisual/Content/FirstPersonBP/Maps/VRMap.umap'
[2017.03.29-21.26.00:643][847]LogSavePackage:Display: Finished SavePackage C:/Users/jerry/Documents/GitHub/senior-design/DicomVisual/Content/FirstPersonBP/Maps/VRMap.umap
[2017.03.29-21.26.00:665][847]LogFileHelpers: Saving map 'VRMap' took 0.150
[2017.03.29-21.26.35:295][  1]BlueprintLog: New page: Compile FirstPersonCharacter
[2017.03.29-21.26.36:009][ 66]LogSavePackage: Save=47.38ms
[2017.03.29-21.26.36:009][ 66]LogSavePackage: Moving 'C:/Users/jerry/Documents/GitHub/senior-design/DicomVisual/Saved/FirstPersonCharacter88C0883C4A00F591055383995FC69112.tmp' to 'C:/Users/jerry/Documents/GitHub/senior-design/DicomVisual/Content/FirstPersonBP/Blueprints/FirstPersonCharacter.uasset'
[2017.03.29-21.26.36:011][ 66]LogSavePackage:Display: Finished SavePackage C:/Users/jerry/Documents/GitHub/senior-design/DicomVisual/Content/FirstPersonBP/Blueprints/FirstPersonCharacter.uasset
[2017.03.29-21.35.32:339][462]LogRenderer: Reallocating scene render targets to support 760x668 NumSamples 1 (Frame:5355).
[2017.03.29-21.36.34:554][748]BlueprintLog: New page: Compile FirstPersonCharacter
[2017.03.29-21.36.34:576][748]LogBlueprint:Error: [Compiler FirstPersonCharacter] Error This blueprint (self) is not a SceneComponent, therefore ' self ' must have a connection.
[2017.03.29-21.36.34:576][748]LogBlueprint:Error: [Compiler FirstPersonCharacter] Error This blueprint (self) is not a SceneComponent, therefore ' self ' must have a connection.
[2017.03.29-21.36.34:866][748]BlueprintEditorCompileResults:Error: Error This blueprint (self) is not a SceneComponent, therefore ' self ' must have a connection.
[2017.03.29-21.36.34:867][748]BlueprintEditorCompileResults:Error: Error This blueprint (self) is not a SceneComponent, therefore ' self ' must have a connection.
[2017.03.29-21.36.34:867][748]LogBlueprint:Warning: [Compiler FirstPersonCharacter] Warning [2903.53] Compile of FirstPersonCharacter failed. 2 Fatal Issue(s) 0 Warning(s) [in 312 ms] (/Game/FirstPersonBP/Blueprints/FirstPersonCharacter.FirstPersonCharacter)
[2017.03.29-21.36.56:730][336]BlueprintLog: New page: Compile FirstPersonCharacter
[2017.03.29-21.36.57:631][423]LogSavePackage: Save=45.67ms
[2017.03.29-21.36.57:631][423]LogSavePackage: Moving 'C:/Users/jerry/Documents/GitHub/senior-design/DicomVisual/Saved/FirstPersonCharacterD80281F647C0E58C2769A98F4ADC7097.tmp' to 'C:/Users/jerry/Documents/GitHub/senior-design/DicomVisual/Content/FirstPersonBP/Blueprints/FirstPersonCharacter.uasset'
[2017.03.29-21.36.57:633][423]LogSavePackage:Display: Finished SavePackage C:/Users/jerry/Documents/GitHub/senior-design/DicomVisual/Content/FirstPersonBP/Blueprints/FirstPersonCharacter.uasset
[2017.03.29-21.37.01:318][812]LogSavePackage: Save=77.01ms
[2017.03.29-21.37.01:318][812]LogSavePackage: Moving 'C:/Users/jerry/Documents/GitHub/senior-design/DicomVisual/Saved/VRMap891B00BF4A47FE3B9C7DB8B341999F11.tmp' to 'C:/Users/jerry/Documents/GitHub/senior-design/DicomVisual/Content/FirstPersonBP/Maps/VRMap.umap'
[2017.03.29-21.37.01:320][812]LogSavePackage:Display: Finished SavePackage C:/Users/jerry/Documents/GitHub/senior-design/DicomVisual/Content/FirstPersonBP/Maps/VRMap.umap
[2017.03.29-21.37.01:343][812]LogFileHelpers: Saving map 'VRMap' took 0.151
[2017.03.29-21.38.21:718][295]LogFactory: FactoryCreateFile: StaticMesh with FbxFactory (0 0 C:/Program Files (x86)/Steam/steamapps/common/SteamVR/resources/rendermodels/vr_controller_vive_1_5/vr_controller_vive_1_5.obj)
[2017.03.29-21.38.21:799][295]LogFbx: Loading FBX Scene from C:/Program Files (x86)/Steam/steamapps/common/SteamVR/resources/rendermodels/vr_controller_vive_1_5/vr_controller_vive_1_5.obj
[2017.03.29-21.38.21:929][295]LogFbx: FBX Scene Loaded Succesfully
[2017.03.29-21.38.26:859][295]LogFbx: Loading FBX Scene from C:/Program Files (x86)/Steam/steamapps/common/SteamVR/resources/rendermodels/vr_controller_vive_1_5/vr_controller_vive_1_5.obj
[2017.03.29-21.38.26:972][295]LogFbx: FBX Scene Loaded Succesfully
[2017.03.29-21.38.27:268][295]LogLinker: Can't find file '/Game/FirstPerson/Meshes/whole_model_group1Mat'
[2017.03.29-21.38.27:268][295]LogLinker: Can't find file '/Game/FirstPerson/Meshes/whole_model_group1Mat'
[2017.03.29-21.38.27:272][295]LogMaterial: Missing cached shader map for material whole_model_group1Mat, compiling. 
[2017.03.29-21.38.27:292][295]LogFbx:Warning: Triangulating static mesh whole_model_group1
[2017.03.29-21.38.28:417][295]LogStaticMesh: Building static mesh vr_controller_vive_1_5...
[2017.03.29-21.38.28:784][295]LogStaticMesh: Built static mesh [0.37s] /Game/FirstPerson/Meshes/vr_controller_vive_1_5.vr_controller_vive_1_5
[2017.03.29-21.38.34:683][734]LogSavePackage: Save=10.31ms
[2017.03.29-21.38.34:683][734]LogSavePackage: Moving 'C:/Users/jerry/Documents/GitHub/senior-design/DicomVisual/Saved/vr_controller_vive_1_5945CC2C349D1526D13E95887B0C168B1.tmp' to 'C:/Users/jerry/Documents/GitHub/senior-design/DicomVisual/Content/FirstPerson/Meshes/vr_controller_vive_1_5.uasset'
[2017.03.29-21.38.34:684][734]LogSavePackage:Display: Finished SavePackage C:/Users/jerry/Documents/GitHub/senior-design/DicomVisual/Content/FirstPerson/Meshes/vr_controller_vive_1_5.uasset
[2017.03.29-21.38.34:708][734]LogSavePackage: Save=9.72ms
[2017.03.29-21.38.34:708][734]LogSavePackage: Moving 'C:/Users/jerry/Documents/GitHub/senior-design/DicomVisual/Saved/whole_model_group1MatB0FD065C4FD09E5B3B10078A4E5234B0.tmp' to 'C:/Users/jerry/Documents/GitHub/senior-design/DicomVisual/Content/FirstPerson/Meshes/whole_model_group1Mat.uasset'
[2017.03.29-21.38.34:709][734]LogSavePackage:Display: Finished SavePackage C:/Users/jerry/Documents/GitHub/senior-design/DicomVisual/Content/FirstPerson/Meshes/whole_model_group1Mat.uasset
[2017.03.29-21.38.35:883][836]LogMaterial: Missing cached shader map for material whole_model_group1Mat, compiling. 
[2017.03.29-21.38.35:991][836]LogMaterial: Missing cached shader map for material whole_model_group1Mat, compiling. 
[2017.03.29-21.38.35:998][836]LogMaterial: 0.00 seconds spent updating 1 materials, 1 interfaces, 0 instances, 0 with static permutations.
[2017.03.29-21.38.36:023][836]LogMaterial: Missing cached shader map for material FMatExpressionPreview MaterialExpressionVectorParameter_0, compiling. 
[2017.03.29-21.38.36:719][899]MaterialEditorStats: Info Base pass shader with only dynamic lighting: 22 instructions
[2017.03.29-21.38.36:719][899]MaterialEditorStats: Info Vertex shader: 29 instructions
[2017.03.29-21.38.36:719][899]MaterialEditorStats: Info Texture samplers: 0/16
[2017.03.29-21.38.56:704][243]LogMaterial: Missing cached shader map for material whole_model_group1Mat, compiling. 
[2017.03.29-21.38.56:712][243]LogMaterial: 0.00 seconds spent updating 1 materials, 1 interfaces, 0 instances, 0 with static permutations.
[2017.03.29-21.38.56:740][243]LogMaterial: Missing cached shader map for material FMatExpressionPreview MaterialExpressionVectorParameter_0, compiling. 
[2017.03.29-21.38.57:443][315]MaterialEditorStats: Info Base pass shader with only dynamic lighting: 22 instructions
[2017.03.29-21.38.57:443][315]MaterialEditorStats: Info Vertex shader: 29 instructions
[2017.03.29-21.38.57:443][315]MaterialEditorStats: Info Texture samplers: 0/16
[2017.03.29-21.39.00:161][641]LogMaterialEditor: Saving and Compiling material whole_model_group1Mat
[2017.03.29-21.39.00:468][641]LogMaterial: Missing cached shader map for material whole_model_group1Mat, compiling. 
[2017.03.29-21.39.00:483][641]LogMaterial: 0.00 seconds spent updating 1 materials, 1 interfaces, 0 instances, 0 with static permutations.
[2017.03.29-21.39.00:777][641]LogMaterial: Missing cached shader map for material whole_model_group1Mat, compiling. 
[2017.03.29-21.39.00:799][641]LogMaterial: Missing cached shader map for material whole_model_group1Mat, compiling. 
[2017.03.29-21.39.00:814][641]LogMaterial: 0.00 seconds spent updating 1 materials, 1 interfaces, 0 instances, 0 with static permutations.
[2017.03.29-21.39.01:919][641]LogSavePackage: Save=11.01ms
[2017.03.29-21.39.01:919][641]LogSavePackage: Moving 'C:/Users/jerry/Documents/GitHub/senior-design/DicomVisual/Saved/whole_model_group1Mat15404CAE4D111C385AAB2690C40AD00B.tmp' to 'C:/Users/jerry/Documents/GitHub/senior-design/DicomVisual/Content/FirstPerson/Meshes/whole_model_group1Mat.uasset'
[2017.03.29-21.39.01:921][641]LogSavePackage:Display: Finished SavePackage C:/Users/jerry/Documents/GitHub/senior-design/DicomVisual/Content/FirstPerson/Meshes/whole_model_group1Mat.uasset
[2017.03.29-21.39.01:924][641]MaterialEditorStats: Info Base pass shader with only dynamic lighting: 58 instructions
[2017.03.29-21.39.01:924][641]MaterialEditorStats: Info Vertex shader: 29 instructions
[2017.03.29-21.39.01:924][641]MaterialEditorStats: Info Texture samplers: 3/16
[2017.03.29-21.39.13:085][926]BlueprintLog: New page: Compile FirstPersonCharacter
[2017.03.29-21.39.14:132][ 29]LogSavePackage: Save=43.60ms
[2017.03.29-21.39.14:132][ 29]LogSavePackage: Moving 'C:/Users/jerry/Documents/GitHub/senior-design/DicomVisual/Saved/FirstPersonCharacterAFB426AF4819E8E66743DD97DA1394B9.tmp' to 'C:/Users/jerry/Documents/GitHub/senior-design/DicomVisual/Content/FirstPersonBP/Blueprints/FirstPersonCharacter.uasset'
[2017.03.29-21.39.14:134][ 29]LogSavePackage:Display: Finished SavePackage C:/Users/jerry/Documents/GitHub/senior-design/DicomVisual/Content/FirstPersonBP/Blueprints/FirstPersonCharacter.uasset
[2017.03.29-21.39.30:355][973]BlueprintLog: New page: Compile FirstPersonCharacter
[2017.03.29-21.39.31:117][ 42]LogSavePackage: Save=44.00ms
[2017.03.29-21.39.31:117][ 42]LogSavePackage: Moving 'C:/Users/jerry/Documents/GitHub/senior-design/DicomVisual/Saved/FirstPersonCharacterD50F744F4F3F30FBEB04CA8F57694CC5.tmp' to 'C:/Users/jerry/Documents/GitHub/senior-design/DicomVisual/Content/FirstPersonBP/Blueprints/FirstPersonCharacter.uasset'
[2017.03.29-21.39.31:119][ 42]LogSavePackage:Display: Finished SavePackage C:/Users/jerry/Documents/GitHub/senior-design/DicomVisual/Content/FirstPersonBP/Blueprints/FirstPersonCharacter.uasset
[2017.03.29-21.39.36:206][633]LogSavePackage: Save=76.97ms
[2017.03.29-21.39.36:206][633]LogSavePackage: Moving 'C:/Users/jerry/Documents/GitHub/senior-design/DicomVisual/Saved/VRMapDB5F130340FD048F83F2F194C78A7AD5.tmp' to 'C:/Users/jerry/Documents/GitHub/senior-design/DicomVisual/Content/FirstPersonBP/Maps/VRMap.umap'
[2017.03.29-21.39.36:208][633]LogSavePackage:Display: Finished SavePackage C:/Users/jerry/Documents/GitHub/senior-design/DicomVisual/Content/FirstPersonBP/Maps/VRMap.umap
[2017.03.29-21.39.36:224][633]LogFileHelpers: Saving map 'VRMap' took 0.136
[2017.03.29-21.39.39:963][ 82]BlueprintLog: New page: Compile FirstPersonCharacter
[2017.03.29-21.39.43:157][433]LogSavePackage: Save=73.32ms
[2017.03.29-21.39.43:157][433]LogSavePackage: Moving 'C:/Users/jerry/Documents/GitHub/senior-design/DicomVisual/Saved/VRMap787AC9B14D2A584E964CD2BB6F623E85.tmp' to 'C:/Users/jerry/Documents/GitHub/senior-design/DicomVisual/Content/FirstPersonBP/Maps/VRMap.umap'
[2017.03.29-21.39.43:159][433]LogSavePackage:Display: Finished SavePackage C:/Users/jerry/Documents/GitHub/senior-design/DicomVisual/Content/FirstPersonBP/Maps/VRMap.umap
[2017.03.29-21.39.43:176][433]LogFileHelpers: Saving map 'VRMap' took 0.134
[2017.03.29-21.46.36:823][543]LogTemp: Repeting last play command: VR Preview
[2017.03.29-21.46.36:834][543]LogBlueprintUserMessages: Early PlayInEditor Detection: Level '/Game/FirstPersonBP/Maps/VRMap.VRMap:PersistentLevel' has LevelScriptBlueprint '/Game/FirstPersonBP/Maps/VRMap.VRMap:PersistentLevel.VRMap' with GeneratedClass '/Game/FirstPersonBP/Maps/VRMap.VRMap_C' with ClassGeneratedBy '/Game/FirstPersonBP/Maps/VRMap.VRMap:PersistentLevel.VRMap'
[2017.03.29-21.46.37:111][543]LogPlayLevel: PlayLevel: No blueprints needed recompiling
[2017.03.29-21.46.37:141][543]PIE: New page: PIE session: VRMap (Mar 29, 2017, 5:46:37 AM)
[2017.03.29-21.46.37:152][543]LogPlayLevel: Creating play world package: /Game/FirstPersonBP/Maps/UEDPIE_0_VRMap
[2017.03.29-21.46.37:168][543]LogPlayLevel: PIE: StaticDuplicateObject took: (0.016095s)
[2017.03.29-21.46.37:169][543]LogAIModule: Creating AISystem for world VRMap
[2017.03.29-21.46.37:169][543]LogPlayLevel: PIE: World Init took: (0.000792s)
[2017.03.29-21.46.37:169][543]LogPlayLevel: PIE: Created PIE world by copying editor world from /Game/FirstPersonBP/Maps/VRMap.VRMap to /Game/FirstPersonBP/Maps/UEDPIE_0_VRMap.VRMap (0.027757s)
[2017.03.29-21.46.37:220][543]LogInit: XAudio2 using 'Speakers (2- USB Audio Device)' : 2 channels at 44.1 kHz using 16 bits per sample (channel mask 0x3)
[2017.03.29-21.46.37:228][543]LogInit: FAudioDevice initialized.
[2017.03.29-21.46.37:322][543]LogLoad: Game class is 'FirstPersonGameMode_C'
[2017.03.29-21.46.37:344][543]LogWorld: Bringing World /Game/FirstPersonBP/Maps/UEDPIE_0_VRMap.VRMap up for play (max tick rate 0) at 2017.03.29-13.46.37
[2017.03.29-21.46.37:344][543]LogWorld: Bringing up level for play took: 0.011719
[2017.03.29-21.46.37:443][543]LogContentBrowser: Native class hierarchy updated for 'MovieSceneCapture' in 0.0005 seconds. Added 11 classes and 0 folders.
[2017.03.29-21.46.37:446][543]PIE: Info Play in editor start time for /Game/FirstPersonBP/Maps/UEDPIE_0_VRMap 1.315
[2017.03.29-21.46.37:447][543]LogBlueprintUserMessages: Late PlayInEditor Detection: Level '/Game/FirstPersonBP/Maps/VRMap.VRMap:PersistentLevel' has LevelScriptBlueprint '/Game/FirstPersonBP/Maps/VRMap.VRMap:PersistentLevel.VRMap' with GeneratedClass '/Game/FirstPersonBP/Maps/VRMap.VRMap_C' with ClassGeneratedBy '/Game/FirstPersonBP/Maps/VRMap.VRMap:PersistentLevel.VRMap'
[2017.03.29-21.46.37:500][544]LogRenderer: Reallocating scene render targets to support 3024x1680 NumSamples 1 (Frame:27073).
[2017.03.29-21.47.09:699][396]LogBlueprintUserMessages: Early EndPlayMap Detection: Level '/Game/FirstPersonBP/Maps/VRMap.VRMap:PersistentLevel' has LevelScriptBlueprint '/Game/FirstPersonBP/Maps/VRMap.VRMap:PersistentLevel.VRMap' with GeneratedClass '/Game/FirstPersonBP/Maps/VRMap.VRMap_C' with ClassGeneratedBy '/Game/FirstPersonBP/Maps/VRMap.VRMap:PersistentLevel.VRMap'
[2017.03.29-21.47.09:745][396]LogBlueprintUserMessages: Late EndPlayMap Detection: Level '/Game/FirstPersonBP/Maps/VRMap.VRMap:PersistentLevel' has LevelScriptBlueprint '/Game/FirstPersonBP/Maps/VRMap.VRMap:PersistentLevel.VRMap' with GeneratedClass '/Game/FirstPersonBP/Maps/VRMap.VRMap_C' with ClassGeneratedBy '/Game/FirstPersonBP/Maps/VRMap.VRMap:PersistentLevel.VRMap'
[2017.03.29-21.47.40:798][175]Cmd: QUIT_EDITOR
[2017.03.29-21.47.41:747][175]LogWindowsTextInputMethodSystem:Display: IME system now deactivated.
[2017.03.29-21.47.41:764][175]LogExit: Preparing to exit.
[2017.03.29-21.47.42:645][175]LogExit: Editor shut down
[2017.03.29-21.47.42:645][175]LogExit: Transaction tracking system shut down
[2017.03.29-21.47.42:705][175]LogObj: Freed 0b from 0 cluster array pools.
[2017.03.29-21.47.42:706][175]LogExit: Object subsystem successfully closed.
[2017.03.29-21.47.42:723][175]LogD3D11RHI: Shutdown
[2017.03.29-21.47.42:723][175]LogD3D11RHI: CleanupD3DDevice
[2017.03.29-21.47.42:724][175]LogD3D11RHI: ~FD3D11DynamicRHI
[2017.03.29-21.47.42:729][175]LogHttp:Display: Http module shutting down, but needs to wait on 1 outstanding Http requests:
[2017.03.29-21.47.42:729][175]LogHttp:Display: 	verb=[POST] url=[https://datarouter.ol.epicgames.com/datarouter/api/v1/public/data?SessionID=%7B1FFADAC2-4D91-69FC-E54F-F595107972BE%7D&AppID=UEEditor.Rocket.Release&AppVersion=4.14.1-3224400%2B%2B%2BUE4%2BRelease-4.14&UserID=0f989e0444fadd651925079f0f42c72a%7C0a34f74345724195b9ac8b33fa1ec343%7Cb13f9ae6-cbd3-4741-a19b-77a273714184&AppEnvironment=datacollector-binary&UploadType=eteventstream] status=Processing
[2017.03.29-21.47.42:751][175]LogModuleManager: Shutting down and abandoning module MovieSceneCapture (246)
[2017.03.29-21.47.42:751][175]LogModuleManager: Shutting down and abandoning module HierarchicalLODUtilities (245)
[2017.03.29-21.47.43:097][175]LogModuleManager: Shutting down and abandoning module MaterialEditor (244)
[2017.03.29-21.47.43:097][175]LogModuleManager: Shutting down and abandoning module BlueprintGraph (243)
[2017.03.29-21.47.43:097][175]LogModuleManager: Shutting down and abandoning module BlueprintProfiler (242)
[2017.03.29-21.47.43:097][175]LogModuleManager: Shutting down and abandoning module HierarchicalLODOutliner (241)
[2017.03.29-21.47.43:097][175]LogModuleManager: Shutting down and abandoning module CrashTracker (240)
[2017.03.29-21.47.43:097][175]LogModuleManager: Shutting down and abandoning module SceneOutliner (239)
[2017.03.29-21.47.43:097][175]LogModuleManager: Shutting down and abandoning module WidgetCarousel (238)
[2017.03.29-21.47.43:097][175]LogModuleManager: Shutting down and abandoning module AddContentDialog (237)
[2017.03.29-21.47.43:097][175]LogDirectoryWatcher: A directory notification for 'D:/Epic Games/4.14/FeaturePacks/' was aborted.
[2017.03.29-21.47.43:098][175]LogModuleManager: Shutting down and abandoning module GameplayTags (236)
[2017.03.29-21.47.43:098][175]LogModuleManager: Shutting down and abandoning module EditorWidgets (235)
[2017.03.29-21.47.43:098][175]LogModuleManager: Shutting down and abandoning module CollectionManager (234)
[2017.03.29-21.47.43:098][175]LogDirectoryWatcher: A directory notification for 'C:/Users/jerry/Documents/GitHub/senior-design/DicomVisual/Content/Collections/' was aborted.
[2017.03.29-21.47.43:098][175]LogDirectoryWatcher: A directory notification for 'C:/Users/jerry/Documents/GitHub/senior-design/DicomVisual/Content/Developers/jerry/Collections/' was aborted.
[2017.03.29-21.47.43:098][175]LogDirectoryWatcher: A directory notification for 'C:/Users/jerry/Documents/GitHub/senior-design/DicomVisual/Saved/Collections/' was aborted.
[2017.03.29-21.47.43:098][175]LogModuleManager: Shutting down and abandoning module StatsViewer (233)
[2017.03.29-21.47.43:098][175]LogModuleManager: Shutting down and abandoning module FoliageEdit (232)
[2017.03.29-21.47.43:098][175]LogModuleManager: Shutting down and abandoning module LandscapeEditor (231)
[2017.03.29-21.47.43:098][175]LogModuleManager: Shutting down and abandoning module SceneDepthPickerMode (230)
[2017.03.29-21.47.43:098][175]LogModuleManager: Shutting down and abandoning module ActorPickerMode (229)
[2017.03.29-21.47.43:098][175]LogModuleManager: Shutting down and abandoning module GeometryMode (228)
[2017.03.29-21.47.43:098][175]LogModuleManager: Shutting down and abandoning module TextureAlignMode (227)
[2017.03.29-21.47.43:098][175]LogModuleManager: Shutting down and abandoning module BspMode (226)
[2017.03.29-21.47.43:098][175]LogModuleManager: Shutting down and abandoning module HardwareSurvey (225)
[2017.03.29-21.47.43:098][175]LogModuleManager: Shutting down and abandoning module SequenceRecorderSections (224)
[2017.03.29-21.47.43:098][175]LogModuleManager: Shutting down and abandoning module AutomationWorker (223)
[2017.03.29-21.47.43:098][175]LogModuleManager: Shutting down and abandoning module MatineeToLevelSequence (222)
[2017.03.29-21.47.43:098][175]LogModuleManager: Shutting down and abandoning module PlacementMode (221)
[2017.03.29-21.47.43:098][175]LogModuleManager: Shutting down and abandoning module LevelSequenceEditor (220)
[2017.03.29-21.47.43:098][175]LogModuleManager: Shutting down and abandoning module WmfMediaFactory (219)
[2017.03.29-21.47.43:098][175]LogModuleManager: Shutting down and abandoning module WmfMediaEditor (218)
[2017.03.29-21.47.43:099][175]LogModuleManager: Shutting down and abandoning module AvfMediaFactory (217)
[2017.03.29-21.47.43:099][175]LogModuleManager: Shutting down and abandoning module AvfMediaEditor (216)
[2017.03.29-21.47.43:099][175]LogModuleManager: Shutting down and abandoning module Media (215)
[2017.03.29-21.47.43:099][175]LogModuleManager: Shutting down and abandoning module AndroidMediaFactory (214)
[2017.03.29-21.47.43:099][175]LogModuleManager: Shutting down and abandoning module AndroidMediaEditor (213)
[2017.03.29-21.47.43:099][175]LogModuleManager: Shutting down and abandoning module CharacterAI (212)
[2017.03.29-21.47.43:099][175]LogModuleManager: Shutting down and abandoning module SequenceRecorder (211)
[2017.03.29-21.47.43:099][175]LogModuleManager: Shutting down and abandoning module AudioCapture (210)
[2017.03.29-21.47.43:099][175]LogModuleManager: Shutting down and abandoning module SmartSnapping (209)
[2017.03.29-21.47.43:099][175]LogModuleManager: Shutting down and abandoning module SessionServices (208)
[2017.03.29-21.47.43:099][175]LogModuleManager: Shutting down and abandoning module ViewportSnapping (207)
[2017.03.29-21.47.43:099][175]LogModuleManager: Shutting down and abandoning module ViewportInteraction (206)
[2017.03.29-21.47.43:099][175]LogModuleManager: Shutting down and abandoning module LogVisualizer (205)
[2017.03.29-21.47.43:099][175]LogModuleManager: Shutting down and abandoning module GameProjectGeneration (204)
[2017.03.29-21.47.43:099][175]LogModuleManager: Shutting down and abandoning module IntroTutorials (203)
[2017.03.29-21.47.43:099][175]LogModuleManager: Shutting down and abandoning module EditorLiveStreaming (202)
[2017.03.29-21.47.43:099][175]LogModuleManager: Shutting down and abandoning module IOSPlatformEditor (201)
[2017.03.29-21.47.43:099][175]LogModuleManager: Shutting down and abandoning module HTML5PlatformEditor (200)
[2017.03.29-21.47.43:099][175]LogModuleManager: Shutting down and abandoning module AndroidDeviceDetection (199)
[2017.03.29-21.47.43:859][175]LogModuleManager: Shutting down and abandoning module AndroidPlatformEditor (198)
[2017.03.29-21.47.43:859][175]LogModuleManager: Shutting down and abandoning module IOSRuntimeSettings (197)
[2017.03.29-21.47.43:859][175]LogModuleManager: Shutting down and abandoning module AndroidRuntimeSettings (196)
[2017.03.29-21.47.43:859][175]LogModuleManager: Shutting down and abandoning module InputBindingEditor (195)
[2017.03.29-21.47.43:860][175]LogModuleManager: Shutting down and abandoning module NiagaraEditor (194)
[2017.03.29-21.47.43:860][175]LogModuleManager: Shutting down and abandoning module MergeActors (193)
[2017.03.29-21.47.43:860][175]LogModuleManager: Shutting down and abandoning module SizeMap (192)
[2017.03.29-21.47.43:860][175]LogModuleManager: Shutting down and abandoning module TreeMap (191)
[2017.03.29-21.47.43:860][175]LogModuleManager: Shutting down and abandoning module ReferenceViewer (190)
[2017.03.29-21.47.43:860][175]LogModuleManager: Shutting down and abandoning module LocalizationService (189)
[2017.03.29-21.47.43:860][175]LogModuleManager: Shutting down and abandoning module LocalizationDashboard (188)
[2017.03.29-21.47.43:860][175]LogModuleManager: Shutting down and abandoning module HardwareTargeting (187)
[2017.03.29-21.47.43:860][175]LogModuleManager: Shutting down and abandoning module DeviceProfileEditor (186)
[2017.03.29-21.47.43:860][175]LogModuleManager: Shutting down and abandoning module UndoHistory (185)
[2017.03.29-21.47.43:860][175]LogModuleManager: Shutting down and abandoning module UserFeedback (184)
[2017.03.29-21.47.43:860][175]LogModuleManager: Shutting down and abandoning module XmlParser (183)
[2017.03.29-21.47.43:860][175]LogModuleManager: Shutting down and abandoning module Blutility (182)
[2017.03.29-21.47.43:860][175]LogModuleManager: Shutting down and abandoning module ProjectTargetPlatformEditor (181)
[2017.03.29-21.47.43:860][175]LogModuleManager: Shutting down and abandoning module ProjectSettingsViewer (180)
[2017.03.29-21.47.43:860][175]LogModuleManager: Shutting down and abandoning module EditorSettingsViewer (179)
[2017.03.29-21.47.43:860][175]LogModuleManager: Shutting down and abandoning module SettingsEditor (178)
[2017.03.29-21.47.43:860][175]LogModuleManager: Shutting down and abandoning module ProjectLauncher (177)
[2017.03.29-21.47.43:860][175]LogModuleManager: Shutting down and abandoning module SessionFrontend (176)
[2017.03.29-21.47.43:860][175]LogModuleManager: Shutting down and abandoning module ProfilerClient (175)
[2017.03.29-21.47.43:860][175]LogModuleManager: Shutting down and abandoning module TargetDeviceServices (174)
[2017.03.29-21.47.43:860][175]LogModuleManager: Shutting down and abandoning module DeviceManager (173)
[2017.03.29-21.47.43:902][175]LogModuleManager: Shutting down and abandoning module AutomationController (172)
[2017.03.29-21.47.43:902][175]LogModuleManager: Shutting down and abandoning module AutomationWindow (171)
[2017.03.29-21.47.43:902][175]LogModuleManager: Shutting down and abandoning module Layers (170)
[2017.03.29-21.47.43:902][175]LogModuleManager: Shutting down and abandoning module ComponentVisualizers (169)
[2017.03.29-21.47.43:902][175]LogModuleManager: Shutting down and abandoning module DetailCustomizations (168)
[2017.03.29-21.47.43:902][175]LogModuleManager: Shutting down and abandoning module PackagesDialog (167)
[2017.03.29-21.47.43:902][175]LogModuleManager: Shutting down and abandoning module AnimGraph (166)
[2017.03.29-21.47.43:902][175]LogModuleManager: Shutting down and abandoning module Persona (165)
[2017.03.29-21.47.43:902][175]LogModuleManager: Shutting down and abandoning module Kismet (164)
[2017.03.29-21.47.43:906][175]LogModuleManager: Shutting down and abandoning module GraphEditor (163)
[2017.03.29-21.47.43:906][175]LogModuleManager: Shutting down and abandoning module ClassViewer (162)
[2017.03.29-21.47.43:906][175]LogModuleManager: Shutting down and abandoning module Toolbox (161)
[2017.03.29-21.47.43:906][175]LogModuleManager: Shutting down and abandoning module ModuleUI (160)
[2017.03.29-21.47.43:906][175]LogModuleManager: Shutting down and abandoning module MovieSceneTools (159)
[2017.03.29-21.47.43:907][175]LogModuleManager: Shutting down and abandoning module OutputLog (158)
[2017.03.29-21.47.43:907][175]LogModuleManager: Shutting down and abandoning module GammaUI (157)
[2017.03.29-21.47.43:907][175]LogModuleManager: Shutting down and abandoning module Documentation (156)
[2017.03.29-21.47.43:907][175]LogModuleManager: Shutting down and abandoning module Niagara (155)
[2017.03.29-21.47.43:907][175]LogModuleManager: Shutting down and abandoning module StreamingPauseRendering (154)
[2017.03.29-21.47.43:907][175]LogModuleManager: Shutting down and abandoning module AnalyticsET (153)
[2017.03.29-21.47.43:907][175]LogModuleManager: Shutting down and abandoning module PortalServices (152)
[2017.03.29-21.47.43:907][175]LogModuleManager: Shutting down and abandoning module PortalRpc (151)
[2017.03.29-21.47.43:907][175]LogModuleManager: Shutting down and abandoning module MessagingRpc (150)
[2017.03.29-21.47.43:907][175]LogModuleManager: Shutting down and abandoning module GameplayDebugger (149)
[2017.03.29-21.47.43:907][175]LogModuleManager: Shutting down and abandoning module AITestSuite (148)
[2017.03.29-21.47.43:907][175]LogModuleManager: Shutting down and abandoning module AIModule (147)
[2017.03.29-21.47.43:907][175]LogModuleManager: Shutting down and abandoning module ProfilerService (146)
[2017.03.29-21.47.43:929][175]LogModuleManager: Shutting down and abandoning module TaskGraph (145)
[2017.03.29-21.47.43:929][175]LogModuleManager: Shutting down and abandoning module SlateRemote (144)
[2017.03.29-21.47.43:929][175]LogModuleManager: Shutting down and abandoning module SteamVRController (143)
[2017.03.29-21.47.43:929][175]LogModuleManager: Shutting down and abandoning module SteamVR (142)
[2017.03.29-21.47.43:929][175]LogModuleManager: Shutting down and abandoning module ProceduralMeshComponentEditor (141)
[2017.03.29-21.47.43:929][175]LogModuleManager: Shutting down and abandoning module ProceduralMeshComponent (140)
[2017.03.29-21.47.43:929][175]LogModuleManager: Shutting down and abandoning module OculusLibrary (139)
[2017.03.29-21.47.43:929][175]LogModuleManager: Shutting down and abandoning module OculusInput (138)
[2017.03.29-21.47.43:929][175]LogModuleManager: Shutting down and abandoning module MobilePatchingUtils (137)
[2017.03.29-21.47.43:929][175]LogModuleManager: Shutting down and abandoning module CustomMeshComponent (136)
[2017.03.29-21.47.43:929][175]LogModuleManager: Shutting down and abandoning module CableComponent (135)
[2017.03.29-21.47.43:929][175]LogModuleManager: Shutting down and abandoning module ArchVisCharacter (134)
[2017.03.29-21.47.43:929][175]LogModuleManager: Shutting down and abandoning module MediaPlayerEditor (132)
[2017.03.29-21.47.43:929][175]LogModuleManager: Shutting down and abandoning module HTML5Networking (131)
[2017.03.29-21.47.43:929][175]LogModuleManager: Shutting down and abandoning module GeometryCacheEd (130)
[2017.03.29-21.47.43:929][175]LogModuleManager: Shutting down and abandoning module GeometryCache (129)
[2017.03.29-21.47.43:929][175]LogModuleManager: Shutting down and abandoning module AlembicLibrary (128)
[2017.03.29-21.47.43:929][175]LogModuleManager: Shutting down and abandoning module AlembicImporter (127)
[2017.03.29-21.47.43:929][175]LogModuleManager: Shutting down and abandoning module SuperSearch (126)
[2017.03.29-21.47.43:929][175]LogModuleManager: Shutting down and abandoning module SuperSearchEditor (125)
[2017.03.29-21.47.43:929][175]LogModuleManager: Shutting down and abandoning module SpeedTreeImporter (124)
[2017.03.29-21.47.43:929][175]LogModuleManager: Shutting down and abandoning module PluginBrowser (123)
[2017.03.29-21.47.43:929][175]LogModuleManager: Shutting down and abandoning module MobileLauncherProfileWizard (122)
[2017.03.29-21.47.43:929][175]LogModuleManager: Shutting down and abandoning module EpicSurvey (121)
[2017.03.29-21.47.43:929][175]LogModuleManager: Shutting down and abandoning module DesktopPlatform (120)
[2017.03.29-21.47.43:929][175]LogModuleManager: Shutting down and abandoning module VisualStudioSourceCodeAccess (119)
[2017.03.29-21.47.43:929][175]LogModuleManager: Shutting down and abandoning module UObjectPlugin (118)
[2017.03.29-21.47.43:929][175]LogModuleManager: Shutting down and abandoning module SubversionSourceControl (117)
[2017.03.29-21.47.43:929][175]LogModuleManager: Shutting down and abandoning module PerforceSourceControl (116)
[2017.03.29-21.47.43:929][175]LogModuleManager: Shutting down and abandoning module SourceControl (115)
[2017.03.29-21.47.43:929][175]LogModuleManager: Shutting down and abandoning module GitSourceControl (114)
[2017.03.29-21.47.43:929][175]LogModuleManager: Shutting down and abandoning module LightPropagationVolumeEditor (113)
[2017.03.29-21.47.43:929][175]LogModuleManager: Shutting down and abandoning module PaperTiledImporter (112)
[2017.03.29-21.47.43:929][175]LogModuleManager: Shutting down and abandoning module PaperSpriteSheetImporter (111)
[2017.03.29-21.47.43:929][175]LogModuleManager: Shutting down and abandoning module MeshPaint (110)
[2017.03.29-21.47.43:929][175]LogModuleManager: Shutting down and abandoning module PixelInspectorModule (109)
[2017.03.29-21.47.43:929][175]LogModuleManager: Shutting down and abandoning module HotReload (108)
[2017.03.29-21.47.43:930][175]LogModuleManager: Shutting down and abandoning module MainFrame (107)
[2017.03.29-21.47.43:930][175]LogModuleManager: Shutting down and abandoning module LevelEditor (106)
[2017.03.29-21.47.43:930][175]LogModuleManager: Shutting down and abandoning module ContentBrowser (105)
[2017.03.29-21.47.43:931][175]LogModuleManager: Shutting down and abandoning module Paper2DEditor (104)
[2017.03.29-21.47.43:931][175]LogModuleManager: Shutting down and abandoning module UdpMessaging (103)
[2017.03.29-21.47.44:031][175]LogModuleManager: Shutting down and abandoning module TcpMessaging (102)
[2017.03.29-21.47.44:132][175]LogModuleManager: Shutting down and abandoning module LightPropagationVolumeRuntime (101)
[2017.03.29-21.47.44:132][175]LogModuleManager: Shutting down and abandoning module Paper2D (100)
[2017.03.29-21.47.44:132][175]LogModuleManager: Shutting down and abandoning module WindowsMoviePlayer (99)
[2017.03.29-21.47.44:132][175]LogModuleManager: Shutting down and abandoning module WmfMedia (98)
[2017.03.29-21.47.44:132][175]LogModuleManager: Shutting down and abandoning module MediaAssets (97)
[2017.03.29-21.47.44:132][175]LogModuleManager: Shutting down and abandoning module GameLiveStreaming (96)
[2017.03.29-21.47.44:132][175]LogModuleManager: Shutting down and abandoning module GameplayTagsEditor (95)
[2017.03.29-21.47.44:132][175]LogModuleManager: Shutting down and abandoning module VREditor (94)
[2017.03.29-21.47.44:132][175]LogModuleManager: Shutting down and abandoning module GameplayTasksEditor (93)
[2017.03.29-21.47.44:132][175]LogModuleManager: Shutting down and abandoning module BehaviorTreeEditor (92)
[2017.03.29-21.47.44:132][175]LogModuleManager: Shutting down and abandoning module FunctionalTesting (91)
[2017.03.29-21.47.44:132][175]LogModuleManager: Shutting down and abandoning module CollisionAnalyzer (90)
[2017.03.29-21.47.44:132][175]LogModuleManager: Shutting down and abandoning module Sequencer (89)
[2017.03.29-21.47.44:132][175]LogModuleManager: Shutting down and abandoning module WorkspaceMenuStructure (88)
[2017.03.29-21.47.44:132][175]LogModuleManager: Shutting down and abandoning module MessageLog (87)
[2017.03.29-21.47.44:132][175]LogModuleManager: Shutting down and abandoning module AssetTools (86)
[2017.03.29-21.47.44:132][175]LogModuleManager: Shutting down and abandoning module UMGEditor (85)
[2017.03.29-21.47.44:132][175]LogModuleManager: Shutting down and abandoning module UMG (84)
[2017.03.29-21.47.44:132][175]LogModuleManager: Shutting down and abandoning module SlateReflector (83)
[2017.03.29-21.47.44:132][175]LogModuleManager: Shutting down and abandoning module Slate (82)
[2017.03.29-21.47.44:132][175]LogModuleManager: Shutting down and abandoning module EditorStyle (81)
[2017.03.29-21.47.44:133][175]LogModuleManager: Shutting down and abandoning module SourceCodeAccess (80)
[2017.03.29-21.47.44:133][175]LogModuleManager: Shutting down and abandoning module HeadMountedDisplay (79)
[2017.03.29-21.47.44:133][175]LogModuleManager: Shutting down and abandoning module XAudio2 (78)
[2017.03.29-21.47.44:133][175]LogModuleManager: Shutting down and abandoning module Networking (76)
[2017.03.29-21.47.44:133][175]LogModuleManager: Shutting down and abandoning module Core (75)
[2017.03.29-21.47.44:133][175]LogModuleManager: Shutting down and abandoning module DirectoryWatcher (74)
[2017.03.29-21.47.44:133][175]LogDirectoryWatcher: A directory notification for '../../../Engine/Content/' was aborted.
[2017.03.29-21.47.44:134][175]LogDirectoryWatcher: A directory notification for 'C:/Users/jerry/Documents/GitHub/senior-design/DicomVisual/Content/' was aborted.
[2017.03.29-21.47.44:134][175]LogDirectoryWatcher: A directory notification for '../../../Engine/Plugins/2D/Paper2D/Content/' was aborted.
[2017.03.29-21.47.44:134][175]LogModuleManager: Shutting down and abandoning module AssetRegistry (73)
[2017.03.29-21.47.44:330][175]LogModuleManager: Shutting down and abandoning module KismetCompiler (72)
[2017.03.29-21.47.44:330][175]LogModuleManager: Shutting down and abandoning module PhysXFormats (71)
[2017.03.29-21.47.44:330][175]LogModuleManager: Shutting down and abandoning module SimplygonSwarm (70)
[2017.03.29-21.47.44:330][175]LogModuleManager: Shutting down and abandoning module SimplygonMeshReduction (69)
[2017.03.29-21.47.44:330][175]LogModuleManager: Shutting down and abandoning module QuadricMeshReduction (68)
[2017.03.29-21.47.44:330][175]LogModuleManager: Shutting down and abandoning module PropertyEditor (67)
[2017.03.29-21.47.44:331][175]LogModuleManager: Shutting down and abandoning module MeshUtilities (66)
[2017.03.29-21.47.44:331][175]LogModuleManager: Shutting down and abandoning module DerivedDataCache (65)
[2017.03.29-21.47.44:381][175]LogDerivedDataCache: Shutdown
[2017.03.29-21.47.44:381][175]LogModuleManager: Shutting down and abandoning module VulkanShaderFormat (64)
[2017.03.29-21.47.44:382][175]LogModuleManager: Shutting down and abandoning module ShaderFormatOpenGL (63)
[2017.03.29-21.47.44:382][175]LogModuleManager: Shutting down and abandoning module ShaderFormatD3D (62)
[2017.03.29-21.47.44:382][175]LogModuleManager: Shutting down and abandoning module MetalShaderFormat (61)
[2017.03.29-21.47.44:382][175]LogModuleManager: Shutting down and abandoning module TextureFormatUncompressed (60)
[2017.03.29-21.47.44:382][175]LogModuleManager: Shutting down and abandoning module TextureFormatPVR (59)
[2017.03.29-21.47.44:382][175]LogModuleManager: Shutting down and abandoning module TextureFormatDXT (58)
[2017.03.29-21.47.44:382][175]LogModuleManager: Shutting down and abandoning module TextureFormatIntelISPCTexComp (57)
[2017.03.29-21.47.44:382][175]LogModuleManager: Shutting down and abandoning module ImageWrapper (56)
[2017.03.29-21.47.44:382][175]LogModuleManager: Shutting down and abandoning module TextureFormatASTC (55)
[2017.03.29-21.47.44:382][175]LogModuleManager: Shutting down and abandoning module TextureFormatAndroid (54)
[2017.03.29-21.47.44:382][175]LogModuleManager: Shutting down and abandoning module AudioFormatOpus (53)
[2017.03.29-21.47.44:382][175]LogModuleManager: Shutting down and abandoning module AudioFormatOgg (52)
[2017.03.29-21.47.44:382][175]LogModuleManager: Shutting down and abandoning module AudioFormatADPCM (51)
[2017.03.29-21.47.44:382][175]LogModuleManager: Shutting down and abandoning module LinuxTargetPlatform (50)
[2017.03.29-21.47.44:382][175]LogModuleManager: Shutting down and abandoning module LinuxServerTargetPlatform (49)
[2017.03.29-21.47.44:382][175]LogModuleManager: Shutting down and abandoning module LinuxNoEditorTargetPlatform (48)
[2017.03.29-21.47.44:382][175]LogModuleManager: Shutting down and abandoning module LinuxClientTargetPlatform (47)
[2017.03.29-21.47.44:382][175]LogModuleManager: Shutting down and abandoning module TVOSTargetPlatform (46)
[2017.03.29-21.47.44:382][175]LogModuleManager: Shutting down and abandoning module Messaging (45)
[2017.03.29-21.47.44:382][175]LogModuleManager: Shutting down and abandoning module IOSTargetPlatform (44)
[2017.03.29-21.47.44:382][175]LogModuleManager: Shutting down and abandoning module HTML5TargetPlatform (43)
[2017.03.29-21.47.44:382][175]LogModuleManager: Shutting down and abandoning module Android_PVRTCTargetPlatform (42)
[2017.03.29-21.47.44:382][175]LogModuleManager: Shutting down and abandoning module Android_MultiTargetPlatform (41)
[2017.03.29-21.47.44:382][175]LogModuleManager: Shutting down and abandoning module Android_ETC2TargetPlatform (40)
[2017.03.29-21.47.44:382][175]LogModuleManager: Shutting down and abandoning module Android_ETC1TargetPlatform (39)
[2017.03.29-21.47.44:382][175]LogModuleManager: Shutting down and abandoning module Android_DXTTargetPlatform (38)
[2017.03.29-21.47.44:382][175]LogModuleManager: Shutting down and abandoning module Android_ATCTargetPlatform (37)
[2017.03.29-21.47.44:382][175]LogModuleManager: Shutting down and abandoning module Android_ASTCTargetPlatform (36)
[2017.03.29-21.47.44:382][175]LogModuleManager: Shutting down and abandoning module AndroidTargetPlatform (35)
[2017.03.29-21.47.44:382][175]LogModuleManager: Shutting down and abandoning module WindowsTargetPlatform (34)
[2017.03.29-21.47.44:382][175]LogModuleManager: Shutting down and abandoning module WindowsServerTargetPlatform (33)
[2017.03.29-21.47.44:382][175]LogModuleManager: Shutting down and abandoning module WindowsNoEditorTargetPlatform (32)
[2017.03.29-21.47.44:382][175]LogModuleManager: Shutting down and abandoning module WindowsClientTargetPlatform (31)
[2017.03.29-21.47.44:382][175]LogModuleManager: Shutting down and abandoning module MacTargetPlatform (30)
[2017.03.29-21.47.44:382][175]LogModuleManager: Shutting down and abandoning module MacServerTargetPlatform (29)
[2017.03.29-21.47.44:382][175]LogModuleManager: Shutting down and abandoning module MacNoEditorTargetPlatform (28)
[2017.03.29-21.47.44:382][175]LogModuleManager: Shutting down and abandoning module MacClientTargetPlatform (27)
[2017.03.29-21.47.44:382][175]LogModuleManager: Shutting down and abandoning module AllDesktopTargetPlatform (26)
[2017.03.29-21.47.44:382][175]LogModuleManager: Shutting down and abandoning module TargetPlatform (25)
[2017.03.29-21.47.44:382][175]LogModuleManager: Shutting down and abandoning module InputCore (24)
[2017.03.29-21.47.44:382][175]LogModuleManager: Shutting down and abandoning module Settings (23)
[2017.03.29-21.47.44:382][175]LogModuleManager: Shutting down and abandoning module OculusRift (22)
[2017.03.29-21.47.44:382][175]LogModuleManager: Shutting down and abandoning module ExampleDeviceProfileSelector (21)
[2017.03.29-21.47.44:382][175]LogModuleManager: Shutting down and abandoning module OnlineBlueprintSupport (20)
[2017.03.29-21.47.44:382][175]LogModuleManager: Shutting down and abandoning module OnlineSubsystem (18)
[2017.03.29-21.47.44:382][175]LogOnline:Display: Unloading online subsystem: NULL
[2017.03.29-21.47.44:382][175]LogModuleManager: Shutting down and abandoning module SSL (17)
[2017.03.29-21.47.44:383][175]LogModuleManager: Shutting down and abandoning module HTTP (16)
[2017.03.29-21.47.44:383][175]LogModuleManager: Shutting down and abandoning module XMPP (15)
[2017.03.29-21.47.44:383][175]LogModuleManager: Shutting down and abandoning module TextureCompressor (14)
[2017.03.29-21.47.44:383][175]LogModuleManager: Shutting down and abandoning module ShaderCore (13)
[2017.03.29-21.47.44:383][175]LogModuleManager: Shutting down and abandoning module Landscape (12)
[2017.03.29-21.47.44:383][175]LogModuleManager: Shutting down and abandoning module SlateRHIRenderer (11)
[2017.03.29-21.47.44:384][175]LogModuleManager: Shutting down and abandoning module OpenGLDrv (10)
[2017.03.29-21.47.44:384][175]LogModuleManager: Shutting down and abandoning module D3D11RHI (9)
[2017.03.29-21.47.44:384][175]LogModuleManager: Shutting down and abandoning module AnimGraphRuntime (8)
[2017.03.29-21.47.44:384][175]LogModuleManager: Shutting down and abandoning module Renderer (7)
[2017.03.29-21.47.44:384][175]LogModuleManager: Shutting down and abandoning module Engine (6)
[2017.03.29-21.47.44:384][175]LogModuleManager: Shutting down and abandoning module CoreUObject (5)
[2017.03.29-21.47.44:384][175]LogModuleManager: Shutting down and abandoning module NetworkFile (4)
[2017.03.29-21.47.44:384][175]LogModuleManager: Shutting down and abandoning module StreamingFile (3)
[2017.03.29-21.47.44:384][175]LogModuleManager: Shutting down and abandoning module SandboxFile (2)
[2017.03.29-21.47.44:384][175]LogModuleManager: Shutting down and abandoning module PakFile (1)
[2017.03.29-21.47.44:386][175]LogExit: Exiting.
[2017.03.29-21.47.44:394][175]Log file closed, 03/29/17 13:47:44
